Skipping Action/007 - Licence to Kill already exists ./games/Action/007-Licence-to-Kill.zip
Skipping Action/A Nightmare On Elm Street already exists ./games/Action/A-Nightmare-On-Elm-Street.zip
Skipping Action/Aaargh! already exists ./games/Action/Aaargh-.zip
Skipping Action/Abuse already exists ./games/Action/Abuse.zip
Skipping Action/Action Fighter already exists ./games/Action/Action-Fighter.zip
Skipping Action/Airborne Ranger already exists ./games/Action/Airborne-Ranger.zip
Skipping Action/Airlift Rescue already exists ./games/Action/Airlift-Rescue.zip
Skipping Action/Alcatraz already exists ./games/Action/Alcatraz.zip
Skipping Action/Alien Carnage - Halloween Harry already exists ./games/Action/Alien-Carnage-Halloween-Harry.zip
Skipping Action/Alien Rampage already exists ./games/Action/Alien-Rampage.zip
Skipping Action/Alien Syndrome already exists ./games/Action/Alien-Syndrome.zip
Skipping Action/Alien Trilogy already exists ./games/Action/Alien-Trilogy.zip
Skipping Action/Alley Cat already exists ./games/Action/Alley-Cat.zip
Skipping Action/Altered Beast already exists ./games/Action/Altered-Beast.zip
Skipping Action/Aquaphobia already exists ./games/Action/Aquaphobia.zip
Skipping Action/Armor Alley already exists ./games/Action/Armor-Alley.zip
Skipping Action/Ashes of Empire already exists ./games/Action/Ashes-of-Empire.zip
Skipping Action/Assault Trooper already exists ./games/Action/Assault-Trooper.zip
Skipping Action/Asterix - Operation Getafix already exists ./games/Action/Asterix-Operation-Getafix.zip
Skipping Action/Baal already exists ./games/Action/Baal.zip
Skipping Action/Baby Jo in Going Home already exists ./games/Action/Baby-Jo-in-Going-Home.zip
Skipping Action/Back to the Future Part II already exists ./games/Action/Back-to-the-Future-Part-II.zip
Skipping Action/Back to the Future Part III already exists ./games/Action/Back-to-the-Future-Part-III.zip
Skipping Action/Bad Street Brawler already exists ./games/Action/Bad-Street-Brawler.zip
Skipping Action/Barbarian already exists ./games/Action/Barbarian.zip
Skipping Action/Barbarian II - Dungeons of Drax already exists ./games/Action/Barbarian-II-Dungeons-of-Drax.zip
Skipping Action/Batman Forever already exists ./games/Action/Batman-Forever.zip
Skipping Action/Battle Wrath already exists ./games/Action/Battle-Wrath.zip
Skipping Action/Battlezone already exists ./games/Action/Battlezone.zip
Skipping Action/Bermuda Syndrome already exists ./games/Action/Bermuda-Syndrome.zip
Skipping Action/Beverly Hills Cop already exists ./games/Action/Beverly-Hills-Cop.zip
Skipping Action/Blackthorne already exists ./games/Action/Blackthorne.zip
Skipping Action/Bram Stokers Dracula already exists ./games/Action/Bram-Stokers-Dracula.zip
Skipping Action/Bruce Lee already exists ./games/Action/Bruce-Lee.zip
Skipping Action/Cabal already exists ./games/Action/Cabal.zip
Skipping Action/Cannon Fodder 2 already exists ./games/Action/Cannon-Fodder-2.zip
Skipping Action/Captain Bible in the Dome of Darkness already exists ./games/Action/Captain-Bible-in-the-Dome-of-Darkness.zip
Skipping Action/Chaos Engine, The already exists ./games/Action/Chaos-Engine-The.zip
Skipping Action/Chasm - The Rift already exists ./games/Action/Chasm-The-Rift.zip
Skipping Action/Cold Dreams already exists ./games/Action/Cold-Dreams.zip
Skipping Action/Commander Keen 6 - Aliens Ate My Baby Sitter already exists ./games/Action/Commander-Keen-6-Aliens-Ate-My-Baby-Sitter.zip
Skipping Action/Corridor 7: Alien Invasion already exists ./games/Action/Corridor-7-Alien-Invasion.zip
Skipping Action/Crime Wave already exists ./games/Action/Crime-Wave.zip
Skipping Action/Crusader - No Remorse already exists ./games/Action/Crusader-No-Remorse.zip
Downloading Action/Cyberlaw to ./games/Action/Cyberlaw.zip
Waiting 2 seconds...
Downloading Action/CyberRace to ./games/Action/CyberRace.zip
Waiting 1 seconds...
Downloading Action/CyClones to ./games/Action/CyClones.zip
Waiting 5 seconds...
Downloading Action/D-Generation to ./games/Action/D-Generation.zip
Waiting 4 seconds...
Downloading Action/Dalek Attack to ./games/Action/Dalek-Attack.zip
Waiting 4 seconds...
Downloading Action/Dark Ages - Prince of Destiny to ./games/Action/Dark-Ages-Prince-of-Destiny.zip
Waiting 1 seconds...
Downloading Action/Death Sword to ./games/Action/Death-Sword.zip
Waiting 3 seconds...
Downloading Action/Deer Avenger to ./games/Action/Deer-Avenger.zip
Waiting 5 seconds...
Downloading Action/Demon Blue to ./games/Action/Demon-Blue.zip
Waiting 4 seconds...
Downloading Action/Desert Strike - Return to the Gulf to ./games/Action/Desert-Strike-Return-to-the-Gulf.zip
Waiting 2 seconds...
Downloading Action/Die Hard to ./games/Action/Die-Hard.zip
Waiting 2 seconds...
Downloading Action/Double Dragon to ./games/Action/Double-Dragon.zip
Waiting 3 seconds...
Downloading Action/Double Dragon II - The Revenge to ./games/Action/Double-Dragon-II-The-Revenge.zip
Waiting 3 seconds...
Downloading Action/Double Dragon III - The Rosetta Stone to ./games/Action/Double-Dragon-III-The-Rosetta-Stone.zip
Waiting 2 seconds...
Downloading Action/Dragon Force - The Day 3 to ./games/Action/Dragon-Force-The-Day-3.zip
Waiting 1 seconds...
Downloading Action/Dragon's Lair - Escape from Singe's Castle to ./games/Action/Dragon-s-Lair-Escape-from-Singe-s-Castle.zip
Waiting 1 seconds...
Downloading Action/Dylan Dog - The Murderers to ./games/Action/Dylan-Dog-The-Murderers.zip
Waiting 3 seconds...
Downloading Action/Eojjeonji Joheun Il-i Saenggil Geot Gateun Jeonyeok to ./games/Action/Eojjeonji-Joheun-Il-i-Saenggil-Geot-Gateun-Jeonyeok.zip
Waiting 5 seconds...
Downloading Action/Epic to ./games/Action/Epic.zip
Interruption registered!
Waiting 3 seconds...
Interrupting...
