Skipping Action/007 - Licence to Kill already exists ./games/Action/007-Licence-to-Kill.zip
Skipping Action/A Nightmare On Elm Street already exists ./games/Action/A-Nightmare-On-Elm-Street.zip
Skipping Action/Aaargh! already exists ./games/Action/Aaargh-.zip
Skipping Action/Abuse already exists ./games/Action/Abuse.zip
Downloading Action/Action Fighter to ./games/Action/Action-Fighter.zip
Waiting 2 seconds...
Downloading Action/Airborne Ranger to ./games/Action/Airborne-Ranger.zip
Waiting 2 seconds...
Downloading Action/Airlift Rescue to ./games/Action/Airlift-Rescue.zip
Waiting 2 seconds...
Downloading Action/Alcatraz to ./games/Action/Alcatraz.zip
Waiting 2 seconds...
Downloading Action/Alien Carnage - Halloween Harry to ./games/Action/Alien-Carnage-Halloween-Harry.zip
Waiting 3 seconds...
Downloading Action/Alien Rampage to ./games/Action/Alien-Rampage.zip
Waiting 1 seconds...
Downloading Action/Alien Syndrome to ./games/Action/Alien-Syndrome.zip
Waiting 5 seconds...
Downloading Action/Alien Trilogy to ./games/Action/Alien-Trilogy.zip
Waiting 5 seconds...
Downloading Action/Alley Cat to ./games/Action/Alley-Cat.zip
Waiting 3 seconds...
Downloading Action/Altered Beast to ./games/Action/Altered-Beast.zip
Waiting 2 seconds...
Downloading Action/Aquaphobia to ./games/Action/Aquaphobia.zip
Waiting 4 seconds...
Downloading Action/Armor Alley to ./games/Action/Armor-Alley.zip
Waiting 5 seconds...
Downloading Action/Ashes of Empire to ./games/Action/Ashes-of-Empire.zip
Waiting 4 seconds...
Downloading Action/Assault Trooper to ./games/Action/Assault-Trooper.zip
Waiting 4 seconds...
Downloading Action/Asterix - Operation Getafix to ./games/Action/Asterix-Operation-Getafix.zip
Waiting 5 seconds...
Downloading Action/Baal to ./games/Action/Baal.zip
Waiting 2 seconds...
Downloading Action/Baby Jo in Going Home to ./games/Action/Baby-Jo-in-Going-Home.zip
Waiting 1 seconds...
Downloading Action/Back to the Future Part II to ./games/Action/Back-to-the-Future-Part-II.zip
Waiting 3 seconds...
Downloading Action/Back to the Future Part III to ./games/Action/Back-to-the-Future-Part-III.zip
Waiting 5 seconds...
Downloading Action/Bad Street Brawler to ./games/Action/Bad-Street-Brawler.zip
Waiting 4 seconds...
Downloading Action/Barbarian to ./games/Action/Barbarian.zip
Waiting 1 seconds...
Downloading Action/Barbarian II - Dungeons of Drax to ./games/Action/Barbarian-II-Dungeons-of-Drax.zip
Waiting 5 seconds...
Downloading Action/Batman Forever to ./games/Action/Batman-Forever.zip
Waiting 3 seconds...
Downloading Action/Battle Wrath to ./games/Action/Battle-Wrath.zip
Waiting 4 seconds...
Downloading Action/Battlezone to ./games/Action/Battlezone.zip
Waiting 2 seconds...
Downloading Action/Bermuda Syndrome to ./games/Action/Bermuda-Syndrome.zip
Interruption registered!
Waiting 5 seconds...
Interrupting...
