Skipping Action/007 - Licence to Kill already exists ./games/Action/007-Licence-to-Kill.zip
Skipping Action/A Nightmare On Elm Street already exists ./games/Action/A-Nightmare-On-Elm-Street.zip
Skipping Action/Aaargh! already exists ./games/Action/Aaargh-.zip
Skipping Action/Abuse already exists ./games/Action/Abuse.zip
Skipping Action/Action Fighter already exists ./games/Action/Action-Fighter.zip
Skipping Action/Airborne Ranger already exists ./games/Action/Airborne-Ranger.zip
Skipping Action/Airlift Rescue already exists ./games/Action/Airlift-Rescue.zip
Skipping Action/Alcatraz already exists ./games/Action/Alcatraz.zip
Skipping Action/Alien Carnage - Halloween Harry already exists ./games/Action/Alien-Carnage-Halloween-Harry.zip
Skipping Action/Alien Rampage already exists ./games/Action/Alien-Rampage.zip
Skipping Action/Alien Syndrome already exists ./games/Action/Alien-Syndrome.zip
Skipping Action/Alien Trilogy already exists ./games/Action/Alien-Trilogy.zip
Skipping Action/Alley Cat already exists ./games/Action/Alley-Cat.zip
Skipping Action/Altered Beast already exists ./games/Action/Altered-Beast.zip
Skipping Action/Aquaphobia already exists ./games/Action/Aquaphobia.zip
Skipping Action/Armor Alley already exists ./games/Action/Armor-Alley.zip
Skipping Action/Ashes of Empire already exists ./games/Action/Ashes-of-Empire.zip
Skipping Action/Assault Trooper already exists ./games/Action/Assault-Trooper.zip
Skipping Action/Asterix - Operation Getafix already exists ./games/Action/Asterix-Operation-Getafix.zip
Skipping Action/Baal already exists ./games/Action/Baal.zip
Skipping Action/Baby Jo in Going Home already exists ./games/Action/Baby-Jo-in-Going-Home.zip
Skipping Action/Back to the Future Part II already exists ./games/Action/Back-to-the-Future-Part-II.zip
Skipping Action/Back to the Future Part III already exists ./games/Action/Back-to-the-Future-Part-III.zip
Skipping Action/Bad Street Brawler already exists ./games/Action/Bad-Street-Brawler.zip
Skipping Action/Barbarian already exists ./games/Action/Barbarian.zip
Skipping Action/Barbarian II - Dungeons of Drax already exists ./games/Action/Barbarian-II-Dungeons-of-Drax.zip
Skipping Action/Batman Forever already exists ./games/Action/Batman-Forever.zip
Skipping Action/Battle Wrath already exists ./games/Action/Battle-Wrath.zip
Skipping Action/Battlezone already exists ./games/Action/Battlezone.zip
Skipping Action/Bermuda Syndrome already exists ./games/Action/Bermuda-Syndrome.zip
Skipping Action/Beverly Hills Cop already exists ./games/Action/Beverly-Hills-Cop.zip
Skipping Action/Blackthorne already exists ./games/Action/Blackthorne.zip
Skipping Action/Bram Stokers Dracula already exists ./games/Action/Bram-Stokers-Dracula.zip
Skipping Action/Bruce Lee already exists ./games/Action/Bruce-Lee.zip
Skipping Action/Cabal already exists ./games/Action/Cabal.zip
Skipping Action/Cannon Fodder 2 already exists ./games/Action/Cannon-Fodder-2.zip
Skipping Action/Captain Bible in the Dome of Darkness already exists ./games/Action/Captain-Bible-in-the-Dome-of-Darkness.zip
Skipping Action/Chaos Engine, The already exists ./games/Action/Chaos-Engine-The.zip
Skipping Action/Chasm - The Rift already exists ./games/Action/Chasm-The-Rift.zip
Skipping Action/Cold Dreams already exists ./games/Action/Cold-Dreams.zip
Skipping Action/Commander Keen 6 - Aliens Ate My Baby Sitter already exists ./games/Action/Commander-Keen-6-Aliens-Ate-My-Baby-Sitter.zip
Skipping Action/Corridor 7: Alien Invasion already exists ./games/Action/Corridor-7-Alien-Invasion.zip
Skipping Action/Crime Wave already exists ./games/Action/Crime-Wave.zip
Skipping Action/Crusader - No Remorse already exists ./games/Action/Crusader-No-Remorse.zip
Skipping Action/Cyberlaw already exists ./games/Action/Cyberlaw.zip
Skipping Action/CyberRace already exists ./games/Action/CyberRace.zip
Skipping Action/CyClones already exists ./games/Action/CyClones.zip
Skipping Action/D-Generation already exists ./games/Action/D-Generation.zip
Skipping Action/Dalek Attack already exists ./games/Action/Dalek-Attack.zip
Skipping Action/Dark Ages - Prince of Destiny already exists ./games/Action/Dark-Ages-Prince-of-Destiny.zip
Skipping Action/Death Sword already exists ./games/Action/Death-Sword.zip
Skipping Action/Deer Avenger already exists ./games/Action/Deer-Avenger.zip
Skipping Action/Demon Blue already exists ./games/Action/Demon-Blue.zip
Skipping Action/Desert Strike - Return to the Gulf already exists ./games/Action/Desert-Strike-Return-to-the-Gulf.zip
Skipping Action/Die Hard already exists ./games/Action/Die-Hard.zip
Skipping Action/Double Dragon already exists ./games/Action/Double-Dragon.zip
Skipping Action/Double Dragon II - The Revenge already exists ./games/Action/Double-Dragon-II-The-Revenge.zip
Skipping Action/Double Dragon III - The Rosetta Stone already exists ./games/Action/Double-Dragon-III-The-Rosetta-Stone.zip
Skipping Action/Dragon Force - The Day 3 already exists ./games/Action/Dragon-Force-The-Day-3.zip
Skipping Action/Dragon's Lair - Escape from Singe's Castle already exists ./games/Action/Dragon-s-Lair-Escape-from-Singe-s-Castle.zip
Skipping Action/Dylan Dog - The Murderers already exists ./games/Action/Dylan-Dog-The-Murderers.zip
Skipping Action/Eojjeonji Joheun Il-i Saenggil Geot Gateun Jeonyeok already exists ./games/Action/Eojjeonji-Joheun-Il-i-Saenggil-Geot-Gateun-Jeonyeok.zip
Skipping Action/Epic already exists ./games/Action/Epic.zip
Downloading Action/Eracha to ./games/Action/Eracha.zip
Waiting 2 seconds...
Downloading Action/Eye of Horus to ./games/Action/Eye-of-Horus.zip
Waiting 5 seconds...
Downloading Action/Feud to ./games/Action/Feud.zip
Waiting 1 seconds...
Downloading Action/Fiendish Freddys Big Top O Fun to ./games/Action/Fiendish-Freddys-Big-Top-O-Fun.zip
Waiting 2 seconds...
Downloading Action/Flashback (CD) to ./games/Action/Flashback-CD-.zip
Waiting 4 seconds...
Downloading Action/Flashback (DOS) to ./games/Action/Flashback-DOS-.zip
Waiting 2 seconds...
Downloading Action/Fox Ranger to ./games/Action/Fox-Ranger.zip
Waiting 2 seconds...
Downloading Action/Franko - The Crazy Revenge to ./games/Action/Franko-The-Crazy-Revenge.zip
Waiting 1 seconds...
Downloading Action/Ghostbusters II to ./games/Action/Ghostbusters-II.zip
Waiting 2 seconds...
Downloading Action/Ghosts N Goblins to ./games/Action/Ghosts-N-Goblins.zip
Waiting 2 seconds...
Downloading Action/Gladiator to ./games/Action/Gladiator.zip
Waiting 5 seconds...
Downloading Action/Godfather, The to ./games/Action/Godfather-The.zip
Waiting 4 seconds...
Downloading Action/Goonies, The to ./games/Action/Goonies-The.zip
Waiting 4 seconds...
Downloading Action/Guy Spy and the Crystals of Armageddon to ./games/Action/Guy-Spy-and-the-Crystals-of-Armageddon.zip
Waiting 5 seconds...
Downloading Action/Highway Hunter to ./games/Action/Highway-Hunter.zip
Waiting 4 seconds...
Downloading Action/Horror Zombies from the Crypt to ./games/Action/Horror-Zombies-from-the-Crypt.zip
Waiting 1 seconds...
Downloading Action/Hostage - Rescue Mission to ./games/Action/Hostage-Rescue-Mission.zip
Waiting 1 seconds...
Downloading Action/I.M. Meen to ./games/Action/I-M-Meen.zip
Waiting 1 seconds...
Downloading Action/Impossible Mission II to ./games/Action/Impossible-Mission-II.zip
Waiting 4 seconds...
Downloading Action/In Search of Dr. Riptide to ./games/Action/In-Search-of-Dr-Riptide.zip
Waiting 3 seconds...
Downloading Action/Inca to ./games/Action/Inca.zip
Waiting 5 seconds...
Downloading Action/Indiana Jones and the Temple of Doom to ./games/Action/Indiana-Jones-and-the-Temple-of-Doom.zip
Waiting 1 seconds...
Downloading Action/Infiltrator to ./games/Action/Infiltrator.zip
Waiting 2 seconds...
Downloading Action/International Karate to ./games/Action/International-Karate.zip
Waiting 5 seconds...
Downloading Action/International Ninja Rabbits to ./games/Action/International-Ninja-Rabbits.zip
Waiting 2 seconds...
Downloading Action/Into The Eagles Nest to ./games/Action/Into-The-Eagles-Nest.zip
Waiting 5 seconds...
Downloading Action/Isle Of The Dead to ./games/Action/Isle-Of-The-Dead.zip
Waiting 2 seconds...
Downloading Action/James Pond 2 - Codename RoboCod to ./games/Action/James-Pond-2-Codename-RoboCod.zip
Waiting 4 seconds...
Downloading Action/Jazz Jackrabbit 2 to ./games/Action/Jazz-Jackrabbit-2.zip
Waiting 3 seconds...
Downloading Action/Jazz Jackrabbit 2 - The Secret Files to ./games/Action/Jazz-Jackrabbit-2-The-Secret-Files.zip
Waiting 2 seconds...
Downloading Action/Jazz Jackrabbit Holiday Hare 1995 to ./games/Action/Jazz-Jackrabbit-Holiday-Hare-1995.zip
Waiting 3 seconds...
Downloading Action/Jill of the Jungle to ./games/Action/Jill-of-the-Jungle.zip
Waiting 2 seconds...
Downloading Action/Jill of the Jungle - Jill Goes Underground to ./games/Action/Jill-of-the-Jungle-Jill-Goes-Underground.zip
Waiting 1 seconds...
Downloading Action/Jill of the Jungle - Jill Saves the Prince to ./games/Action/Jill-of-the-Jungle-Jill-Saves-the-Prince.zip
Waiting 4 seconds...
Downloading Action/Jim Power in Mutant Planet to ./games/Action/Jim-Power-in-Mutant-Planet.zip
Waiting 3 seconds...
Downloading Action/Jonny Quest - Curse of the Mayan Warriors to ./games/Action/Jonny-Quest-Curse-of-the-Mayan-Warriors.zip
Waiting 4 seconds...
Downloading Action/Jungle Strike to ./games/Action/Jungle-Strike.zip
Waiting 2 seconds...
Downloading Action/Jurassic Park to ./games/Action/Jurassic-Park.zip
Waiting 4 seconds...
Downloading Action/Karateka to ./games/Action/Karateka.zip
Waiting 2 seconds...
Downloading Action/Krazy Ivan to ./games/Action/Krazy-Ivan.zip
Waiting 5 seconds...
Downloading Action/Kwik Snax to ./games/Action/Kwik-Snax.zip
Waiting 5 seconds...
Downloading Action/Last Ninja 2: Back with a Vengeance to ./games/Action/Last-Ninja-2-Back-with-a-Vengeance.zip
Waiting 1 seconds...
Downloading Action/Last Ninja, The to ./games/Action/Last-Ninja-The.zip
Waiting 5 seconds...
Downloading Action/Lion King, The to ./games/Action/Lion-King-The.zip
Waiting 2 seconds...
Downloading Action/Lost City of Atlantis, The to ./games/Action/Lost-City-of-Atlantis-The.zip
Waiting 5 seconds...
Downloading Action/Lost Vikings, The to ./games/Action/Lost-Vikings-The.zip
Waiting 5 seconds...
Downloading Action/Magic Carpet to ./games/Action/Magic-Carpet.zip
Waiting 5 seconds...
Downloading Action/Marathon 2 - Durandal to ./games/Action/Marathon-2-Durandal.zip
Waiting 1 seconds...
Downloading Action/McDonald Land to ./games/Action/McDonald-Land.zip
Waiting 3 seconds...
Downloading Action/Mechwarrior to ./games/Action/Mechwarrior.zip
Waiting 2 seconds...
Downloading Action/Metal Gear to ./games/Action/Metal-Gear.zip
Waiting 2 seconds...
Downloading Action/Montezuma's Return to ./games/Action/Montezuma-s-Return.zip
Waiting 4 seconds...
Downloading Action/Moonwalker to ./games/Action/Moonwalker.zip
Waiting 3 seconds...
Downloading Action/Mortal Kombat Trilogy to ./games/Action/Mortal-Kombat-Trilogy.zip
Waiting 4 seconds...
Downloading Action/Mouser to ./games/Action/Mouser.zip
Waiting 1 seconds...
Downloading Action/Narco Police to ./games/Action/Narco-Police.zip
Waiting 4 seconds...
Downloading Action/Nebulus to ./games/Action/Nebulus.zip
Waiting 2 seconds...
Downloading Action/Nightmare Creatures to ./games/Action/Nightmare-Creatures.zip
Waiting 3 seconds...
Downloading Action/Ninja Rabbits to ./games/Action/Ninja-Rabbits.zip
Waiting 3 seconds...
Downloading Action/No Respect to ./games/Action/No-Respect.zip
Waiting 4 seconds...
Downloading Action/North & South to ./games/Action/North-South.zip
Waiting 4 seconds...
Downloading Action/Operation Body Count to ./games/Action/Operation-Body-Count.zip
Waiting 3 seconds...
Downloading Action/Overkill to ./games/Action/Overkill.zip
Waiting 3 seconds...
Downloading Action/Paperboy 2 to ./games/Action/Paperboy-2.zip
Waiting 1 seconds...
Downloading Action/Platoon to ./games/Action/Platoon.zip
Waiting 3 seconds...
Downloading Action/Pocahontas to ./games/Action/Pocahontas.zip
Waiting 5 seconds...
Downloading Action/Popeye 2 to ./games/Action/Popeye-2.zip
Waiting 4 seconds...
Downloading Action/Powerslave (aka Exhumed) to ./games/Action/Powerslave-aka-Exhumed-.zip
Waiting 2 seconds...
Downloading Action/Prince of Persia to ./games/Action/Prince-of-Persia.zip
Waiting 3 seconds...
Downloading Action/Prince of Persia 2 - The Shadow & The Flame to ./games/Action/Prince-of-Persia-2-The-Shadow-The-Flame.zip
Waiting 4 seconds...
Downloading Action/Prophecy 1 - The Viking Child to ./games/Action/Prophecy-1-The-Viking-Child.zip
Waiting 2 seconds...
Downloading Action/Punisher, The to ./games/Action/Punisher-The.zip
Waiting 2 seconds...
Downloading Action/Pyrotechnica to ./games/Action/Pyrotechnica.zip
Waiting 5 seconds...
Downloading Action/Quatra Command to ./games/Action/Quatra-Command.zip
Waiting 5 seconds...
Downloading Action/Radix: Beyond the Void to ./games/Action/Radix-Beyond-the-Void.zip
Waiting 2 seconds...
Downloading Action/Raiden to ./games/Action/Raiden.zip
Waiting 2 seconds...
Downloading Action/Rambo III to ./games/Action/Rambo-III.zip
Waiting 4 seconds...
Downloading Action/Rampart to ./games/Action/Rampart.zip
Waiting 4 seconds...
Downloading Action/Sand Storm to ./games/Action/Sand-Storm.zip
Waiting 2 seconds...
Downloading Action/Shadow Knights to ./games/Action/Shadow-Knights.zip
Waiting 5 seconds...
Downloading Action/Shadow Man to ./games/Action/Shadow-Man.zip
Waiting 2 seconds...
Downloading Action/Silpheed to ./games/Action/Silpheed.zip
Waiting 3 seconds...
Downloading Action/Sinbad and the Throne of the Falcon to ./games/Action/Sinbad-and-the-Throne-of-the-Falcon.zip
Waiting 1 seconds...
Downloading Action/Sky Shark to ./games/Action/Sky-Shark.zip
Waiting 1 seconds...
Downloading Action/Sleepwalker to ./games/Action/Sleepwalker.zip
Waiting 2 seconds...
Downloading Action/Sonic CD to ./games/Action/Sonic-CD.zip
Waiting 1 seconds...
Downloading Action/Special Forces to ./games/Action/Special-Forces.zip
Waiting 1 seconds...
Downloading Action/Star Lord to ./games/Action/Star-Lord.zip
Waiting 4 seconds...
Downloading Action/Star Trek V - The Final Frontier to ./games/Action/Star-Trek-V-The-Final-Frontier.zip
Waiting 1 seconds...
Downloading Action/Star Wars - The Arcade Game to ./games/Action/Star-Wars-The-Arcade-Game.zip
Waiting 4 seconds...
Downloading Action/Starquake to ./games/Action/Starquake.zip
Waiting 4 seconds...
Downloading Action/Still Hunt to ./games/Action/Still-Hunt.zip
Waiting 1 seconds...
Downloading Action/Stormlord to ./games/Action/Stormlord.zip
Waiting 5 seconds...
Downloading Action/Strife to ./games/Action/Strife.zip
Waiting 1 seconds...
Downloading Action/Striker to ./games/Action/Striker.zip
Waiting 3 seconds...
Downloading Action/Suburban Commando to ./games/Action/Suburban-Commando.zip
Waiting 4 seconds...
Downloading Action/Super Street Fighter II Turbo to ./games/Action/Super-Street-Fighter-II-Turbo.zip
Waiting 4 seconds...
Downloading Action/Super Trio to ./games/Action/Super-Trio.zip
Waiting 1 seconds...
Downloading Action/System Shock to ./games/Action/System-Shock.zip
Waiting 3 seconds...
Downloading Action/Teenage Mutant Ninja Turtles to ./games/Action/Teenage-Mutant-Ninja-Turtles.zip
Waiting 5 seconds...
Downloading Action/Teenage Mutant Ninja Turtles - Manhattan Missions to ./games/Action/Teenage-Mutant-Ninja-Turtles-Manhattan-Missions.zip
Waiting 3 seconds...
Downloading Action/Terminal Terror to ./games/Action/Terminal-Terror.zip
Waiting 1 seconds...
Downloading Action/Terminator 2 - Judgment Day to ./games/Action/Terminator-2-Judgment-Day.zip
Waiting 5 seconds...
Downloading Action/Theatre of Death to ./games/Action/Theatre-of-Death.zip
Waiting 5 seconds...
Downloading Action/Theatre of Pain to ./games/Action/Theatre-of-Pain.zip
Waiting 2 seconds...
Downloading Action/Thexder to ./games/Action/Thexder.zip
Waiting 3 seconds...
Downloading Action/Titanic to ./games/Action/Titanic.zip
Waiting 3 seconds...
Downloading Action/Tom & Jerry Cat-astrophe to ./games/Action/Tom-Jerry-Cat-astrophe.zip
Waiting 2 seconds...
Downloading Action/Tom and Jerry to ./games/Action/Tom-and-Jerry.zip
Waiting 5 seconds...
Downloading Action/Tough Guy to ./games/Action/Tough-Guy.zip
Waiting 4 seconds...
Downloading Action/Traffic Department 2192 to ./games/Action/Traffic-Department-2192.zip
Waiting 4 seconds...
Downloading Action/Troddlers to ./games/Action/Troddlers.zip
Waiting 4 seconds...
Downloading Action/Tubular Worlds to ./games/Action/Tubular-Worlds.zip
Waiting 4 seconds...
Downloading Action/Turok - Dinosaur Hunter to ./games/Action/Turok-Dinosaur-Hunter.zip
Waiting 4 seconds...
Downloading Action/Turrican II - The Final Fight to ./games/Action/Turrican-II-The-Final-Fight.zip
Waiting 4 seconds...
Downloading Action/Tyrian 2000 to ./games/Action/Tyrian-2000.zip
Waiting 4 seconds...
Downloading Action/Ulises to ./games/Action/Ulises.zip
Waiting 3 seconds...
Downloading Action/Untouchables, The to ./games/Action/Untouchables-The.zip
Waiting 4 seconds...
Downloading Action/Vigilance on Talos V to ./games/Action/Vigilance-on-Talos-V.zip
Waiting 2 seconds...
Downloading Action/Weird Dreams to ./games/Action/Weird-Dreams.zip
Waiting 5 seconds...
Downloading Action/West Adventure to ./games/Action/West-Adventure.zip
Waiting 1 seconds...
Downloading Action/Whizz to ./games/Action/Whizz.zip
Waiting 4 seconds...
Downloading Action/Wing Commander Academy to ./games/Action/Wing-Commander-Academy.zip
Waiting 4 seconds...
Downloading Action/Wings of Fury to ./games/Action/Wings-of-Fury.zip
Waiting 4 seconds...
Downloading Action/Wrath of Earth to ./games/Action/Wrath-of-Earth.zip
Waiting 2 seconds...
Downloading Action/X-Men - Madness in Murderworld to ./games/Action/X-Men-Madness-in-Murderworld.zip
Waiting 2 seconds...
Downloading Action/X-Men 2 - The Fall of the Mutants to ./games/Action/X-Men-2-The-Fall-of-the-Mutants.zip
Waiting 2 seconds...
Downloading Action/Xatax to ./games/Action/Xatax.zip
Waiting 1 seconds...
Downloading Action/Xenocide to ./games/Action/Xenocide.zip
Waiting 2 seconds...
Downloading Action/Xenon to ./games/Action/Xenon.zip
Waiting 3 seconds...
Downloading Action/Xenophage - Alien BloodSport to ./games/Action/Xenophage-Alien-BloodSport.zip
Waiting 2 seconds...
Downloading Action/XQuest to ./games/Action/XQuest.zip
Waiting 2 seconds...
Downloading Action/Yogho Yogho spel to ./games/Action/Yogho-Yogho-spel.zip
Waiting 1 seconds...
Downloading Action/Zona 0 to ./games/Action/Zona-0.zip
Waiting 1 seconds...
Downloading Action/Zone 66 to ./games/Action/Zone-66.zip
Waiting 1 seconds...
Downloading Action/Zorro to ./games/Action/Zorro.zip
Waiting 2 seconds...
Downloading Adventure/A Mind Forever Voyaging to ./games/Adventure/A-Mind-Forever-Voyaging.zip
Waiting 1 seconds...
Downloading Adventure/Abbey of Montglane, The to ./games/Adventure/Abbey-of-Montglane-The.zip
Waiting 4 seconds...
Downloading Adventure/Acheton to ./games/Adventure/Acheton.zip
Waiting 1 seconds...
Downloading Adventure/Adventure to ./games/Adventure/Adventure.zip
Waiting 3 seconds...
Downloading Adventure/Adventure in Serenia to ./games/Adventure/Adventure-in-Serenia.zip
Waiting 1 seconds...
Downloading Adventure/Adventures of Robin Hood, The to ./games/Adventure/Adventures-of-Robin-Hood-The.zip
Waiting 2 seconds...
Downloading Adventure/Adventures of Willy Beamish, The to ./games/Adventure/Adventures-of-Willy-Beamish-The.zip
Waiting 1 seconds...
Downloading Adventure/African Adventure to ./games/Adventure/African-Adventure.zip
Waiting 2 seconds...
Downloading Adventure/Alice in Wonderland to ./games/Adventure/Alice-in-Wonderland.zip
Waiting 1 seconds...
Downloading Adventure/Alien Incident to ./games/Adventure/Alien-Incident.zip
Waiting 5 seconds...
Downloading Adventure/Alien Virus to ./games/Adventure/Alien-Virus.zip
Waiting 2 seconds...
Downloading Adventure/Alone in the Dark to ./games/Adventure/Alone-in-the-Dark.zip
Waiting 3 seconds...
Downloading Adventure/Alone in the Dark 2 to ./games/Adventure/Alone-in-the-Dark-2.zip
Waiting 3 seconds...
Downloading Adventure/Altered Destiny to ./games/Adventure/Altered-Destiny.zip
Waiting 5 seconds...
Downloading Adventure/Amazon to ./games/Adventure/Amazon.zip
Waiting 5 seconds...
Downloading Adventure/Amazon - Guardians of Eden to ./games/Adventure/Amazon-Guardians-of-Eden.zip
Waiting 2 seconds...
Downloading Adventure/Amnesia to ./games/Adventure/Amnesia.zip
Waiting 1 seconds...
Downloading Adventure/An American Tail - Fievel Goes West to ./games/Adventure/An-American-Tail-Fievel-Goes-West.zip
Waiting 3 seconds...
Downloading Adventure/Armaeth - The Lost Kingdom to ./games/Adventure/Armaeth-The-Lost-Kingdom.zip
Waiting 3 seconds...
Downloading Adventure/Arthur - The Quest for Excalibur to ./games/Adventure/Arthur-The-Quest-for-Excalibur.zip
Waiting 5 seconds...
Downloading Adventure/B.A.T. to ./games/Adventure/B-A-T-.zip
Waiting 5 seconds...
Downloading Adventure/B.A.T. II - The Koshan Conspiracy to ./games/Adventure/B-A-T-II-The-Koshan-Conspiracy.zip
Waiting 2 seconds...
Downloading Adventure/Bargon Attack to ./games/Adventure/Bargon-Attack.zip
Waiting 5 seconds...
Downloading Adventure/Batman - The Caped Crusader to ./games/Adventure/Batman-The-Caped-Crusader.zip
Waiting 5 seconds...
Downloading Adventure/Beverly Hillbillies, The to ./games/Adventure/Beverly-Hillbillies-The.zip
Waiting 3 seconds...
Downloading Adventure/Big Red Adventure, The to ./games/Adventure/Big-Red-Adventure-The.zip
Waiting 4 seconds...
Downloading Adventure/Bill and Teds Excellent Adventure to ./games/Adventure/Bill-and-Teds-Excellent-Adventure.zip
Waiting 1 seconds...
Downloading Adventure/Bioforge to ./games/Adventure/Bioforge.zip
Waiting 3 seconds...
Downloading Adventure/Black Sect to ./games/Adventure/Black-Sect.zip
Waiting 4 seconds...
Downloading Adventure/Blackstar - Agent of Justice to ./games/Adventure/Blackstar-Agent-of-Justice.zip
Waiting 2 seconds...
Downloading Adventure/Blue Force to ./games/Adventure/Blue-Force.zip
Waiting 1 seconds...
Downloading Adventure/Cadaver to ./games/Adventure/Cadaver.zip
Waiting 2 seconds...
Downloading Adventure/Call of Cthulhu - Shadow of the Comet to ./games/Adventure/Call-of-Cthulhu-Shadow-of-the-Comet.zip
Waiting 2 seconds...
Downloading Adventure/Castle Adventure to ./games/Adventure/Castle-Adventure.zip
Waiting 5 seconds...
Downloading Adventure/Castle Ralf to ./games/Adventure/Castle-Ralf.zip
Waiting 5 seconds...
Downloading Adventure/Codename - ICEMAN to ./games/Adventure/Codename-ICEMAN.zip
Waiting 1 seconds...
Downloading Adventure/Companions of Xanth to ./games/Adventure/Companions-of-Xanth.zip
Waiting 4 seconds...
Downloading Adventure/Conquests of Camelot - The Search for the Grail to ./games/Adventure/Conquests-of-Camelot-The-Search-for-the-Grail.zip
Waiting 5 seconds...
Downloading Adventure/Conquests of the Longbow - The Legend of Robin Hood to ./games/Adventure/Conquests-of-the-Longbow-The-Legend-of-Robin-Hood.zip
Waiting 4 seconds...
Downloading Adventure/Countdown to ./games/Adventure/Countdown.zip
Waiting 4 seconds...
Downloading Adventure/Crime City to ./games/Adventure/Crime-City.zip
Waiting 3 seconds...
Downloading Adventure/Crime Time to ./games/Adventure/Crime-Time.zip
Waiting 5 seconds...
Downloading Adventure/Cruise for a Corpse to ./games/Adventure/Cruise-for-a-Corpse.zip
Waiting 2 seconds...
Downloading Adventure/Curse of Enchantia to ./games/Adventure/Curse-of-Enchantia.zip
Waiting 1 seconds...
Downloading Adventure/Dark Half, The to ./games/Adventure/Dark-Half-The.zip
Waiting 3 seconds...
Downloading Adventure/Dark Seed to ./games/Adventure/Dark-Seed.zip
Waiting 5 seconds...
Downloading Adventure/Dark Seed II to ./games/Adventure/Dark-Seed-II.zip
Waiting 2 seconds...
Downloading Adventure/Daughter of Serpents (a.k.a. The Scroll) to ./games/Adventure/Daughter-of-Serpents-a-k-a-The-Scroll-.zip
Waiting 4 seconds...
Downloading Adventure/Death Gate to ./games/Adventure/Death-Gate.zip
Waiting 3 seconds...
Interruption registered!
Interrupting...
