Skipping Action/007 - Licence to Kill already exists ./games/Action/007-Licence-to-Kill.zip
Skipping Action/A Nightmare On Elm Street already exists ./games/Action/A-Nightmare-On-Elm-Street.zip
Skipping Action/Aaargh! already exists ./games/Action/Aaargh-.zip
Skipping Action/Abuse already exists ./games/Action/Abuse.zip
Skipping Action/Action Fighter already exists ./games/Action/Action-Fighter.zip
Skipping Action/Airborne Ranger already exists ./games/Action/Airborne-Ranger.zip
Skipping Action/Airlift Rescue already exists ./games/Action/Airlift-Rescue.zip
Skipping Action/Alcatraz already exists ./games/Action/Alcatraz.zip
Skipping Action/Alien Carnage - Halloween Harry already exists ./games/Action/Alien-Carnage-Halloween-Harry.zip
Skipping Action/Alien Rampage already exists ./games/Action/Alien-Rampage.zip
Skipping Action/Alien Syndrome already exists ./games/Action/Alien-Syndrome.zip
Skipping Action/Alien Trilogy already exists ./games/Action/Alien-Trilogy.zip
Skipping Action/Alley Cat already exists ./games/Action/Alley-Cat.zip
Skipping Action/Altered Beast already exists ./games/Action/Altered-Beast.zip
Skipping Action/Aquaphobia already exists ./games/Action/Aquaphobia.zip
Skipping Action/Armor Alley already exists ./games/Action/Armor-Alley.zip
Skipping Action/Ashes of Empire already exists ./games/Action/Ashes-of-Empire.zip
Skipping Action/Assault Trooper already exists ./games/Action/Assault-Trooper.zip
Skipping Action/Asterix - Operation Getafix already exists ./games/Action/Asterix-Operation-Getafix.zip
Skipping Action/Baal already exists ./games/Action/Baal.zip
Skipping Action/Baby Jo in Going Home already exists ./games/Action/Baby-Jo-in-Going-Home.zip
Skipping Action/Back to the Future Part II already exists ./games/Action/Back-to-the-Future-Part-II.zip
Skipping Action/Back to the Future Part III already exists ./games/Action/Back-to-the-Future-Part-III.zip
Skipping Action/Bad Street Brawler already exists ./games/Action/Bad-Street-Brawler.zip
Skipping Action/Barbarian already exists ./games/Action/Barbarian.zip
Skipping Action/Barbarian II - Dungeons of Drax already exists ./games/Action/Barbarian-II-Dungeons-of-Drax.zip
Skipping Action/Batman Forever already exists ./games/Action/Batman-Forever.zip
Skipping Action/Battle Wrath already exists ./games/Action/Battle-Wrath.zip
Skipping Action/Battlezone already exists ./games/Action/Battlezone.zip
Skipping Action/Bermuda Syndrome already exists ./games/Action/Bermuda-Syndrome.zip
Skipping Action/Beverly Hills Cop already exists ./games/Action/Beverly-Hills-Cop.zip
Skipping Action/Blackthorne already exists ./games/Action/Blackthorne.zip
Skipping Action/Bram Stokers Dracula already exists ./games/Action/Bram-Stokers-Dracula.zip
Skipping Action/Bruce Lee already exists ./games/Action/Bruce-Lee.zip
Skipping Action/Cabal already exists ./games/Action/Cabal.zip
Skipping Action/Cannon Fodder 2 already exists ./games/Action/Cannon-Fodder-2.zip
Skipping Action/Captain Bible in the Dome of Darkness already exists ./games/Action/Captain-Bible-in-the-Dome-of-Darkness.zip
Skipping Action/Chaos Engine, The already exists ./games/Action/Chaos-Engine-The.zip
Skipping Action/Chasm - The Rift already exists ./games/Action/Chasm-The-Rift.zip
Skipping Action/Cold Dreams already exists ./games/Action/Cold-Dreams.zip
Skipping Action/Commander Keen 6 - Aliens Ate My Baby Sitter already exists ./games/Action/Commander-Keen-6-Aliens-Ate-My-Baby-Sitter.zip
Skipping Action/Corridor 7: Alien Invasion already exists ./games/Action/Corridor-7-Alien-Invasion.zip
Skipping Action/Crime Wave already exists ./games/Action/Crime-Wave.zip
Skipping Action/Crusader - No Remorse already exists ./games/Action/Crusader-No-Remorse.zip
Skipping Action/Cyberlaw already exists ./games/Action/Cyberlaw.zip
Skipping Action/CyberRace already exists ./games/Action/CyberRace.zip
Skipping Action/CyClones already exists ./games/Action/CyClones.zip
Skipping Action/D-Generation already exists ./games/Action/D-Generation.zip
Skipping Action/Dalek Attack already exists ./games/Action/Dalek-Attack.zip
Skipping Action/Dark Ages - Prince of Destiny already exists ./games/Action/Dark-Ages-Prince-of-Destiny.zip
Skipping Action/Death Sword already exists ./games/Action/Death-Sword.zip
Skipping Action/Deer Avenger already exists ./games/Action/Deer-Avenger.zip
Skipping Action/Demon Blue already exists ./games/Action/Demon-Blue.zip
Skipping Action/Desert Strike - Return to the Gulf already exists ./games/Action/Desert-Strike-Return-to-the-Gulf.zip
Skipping Action/Die Hard already exists ./games/Action/Die-Hard.zip
Skipping Action/Double Dragon already exists ./games/Action/Double-Dragon.zip
Skipping Action/Double Dragon II - The Revenge already exists ./games/Action/Double-Dragon-II-The-Revenge.zip
Skipping Action/Double Dragon III - The Rosetta Stone already exists ./games/Action/Double-Dragon-III-The-Rosetta-Stone.zip
Skipping Action/Dragon Force - The Day 3 already exists ./games/Action/Dragon-Force-The-Day-3.zip
Skipping Action/Dragon's Lair - Escape from Singe's Castle already exists ./games/Action/Dragon-s-Lair-Escape-from-Singe-s-Castle.zip
Skipping Action/Dylan Dog - The Murderers already exists ./games/Action/Dylan-Dog-The-Murderers.zip
Skipping Action/Eojjeonji Joheun Il-i Saenggil Geot Gateun Jeonyeok already exists ./games/Action/Eojjeonji-Joheun-Il-i-Saenggil-Geot-Gateun-Jeonyeok.zip
Skipping Action/Epic already exists ./games/Action/Epic.zip
Skipping Action/Eracha already exists ./games/Action/Eracha.zip
Skipping Action/Eye of Horus already exists ./games/Action/Eye-of-Horus.zip
Skipping Action/Feud already exists ./games/Action/Feud.zip
Skipping Action/Fiendish Freddys Big Top O Fun already exists ./games/Action/Fiendish-Freddys-Big-Top-O-Fun.zip
Skipping Action/Flashback (CD) already exists ./games/Action/Flashback-CD-.zip
Skipping Action/Flashback (DOS) already exists ./games/Action/Flashback-DOS-.zip
Skipping Action/Fox Ranger already exists ./games/Action/Fox-Ranger.zip
Skipping Action/Franko - The Crazy Revenge already exists ./games/Action/Franko-The-Crazy-Revenge.zip
Skipping Action/Ghostbusters II already exists ./games/Action/Ghostbusters-II.zip
Skipping Action/Ghosts N Goblins already exists ./games/Action/Ghosts-N-Goblins.zip
Skipping Action/Gladiator already exists ./games/Action/Gladiator.zip
Skipping Action/Godfather, The already exists ./games/Action/Godfather-The.zip
Skipping Action/Goonies, The already exists ./games/Action/Goonies-The.zip
Skipping Action/Guy Spy and the Crystals of Armageddon already exists ./games/Action/Guy-Spy-and-the-Crystals-of-Armageddon.zip
Skipping Action/Highway Hunter already exists ./games/Action/Highway-Hunter.zip
Skipping Action/Horror Zombies from the Crypt already exists ./games/Action/Horror-Zombies-from-the-Crypt.zip
Skipping Action/Hostage - Rescue Mission already exists ./games/Action/Hostage-Rescue-Mission.zip
Skipping Action/I.M. Meen already exists ./games/Action/I-M-Meen.zip
Skipping Action/Impossible Mission II already exists ./games/Action/Impossible-Mission-II.zip
Skipping Action/In Search of Dr. Riptide already exists ./games/Action/In-Search-of-Dr-Riptide.zip
Skipping Action/Inca already exists ./games/Action/Inca.zip
Skipping Action/Indiana Jones and the Temple of Doom already exists ./games/Action/Indiana-Jones-and-the-Temple-of-Doom.zip
Skipping Action/Infiltrator already exists ./games/Action/Infiltrator.zip
Skipping Action/International Karate already exists ./games/Action/International-Karate.zip
Skipping Action/International Ninja Rabbits already exists ./games/Action/International-Ninja-Rabbits.zip
Skipping Action/Into The Eagles Nest already exists ./games/Action/Into-The-Eagles-Nest.zip
Skipping Action/Isle Of The Dead already exists ./games/Action/Isle-Of-The-Dead.zip
Skipping Action/James Pond 2 - Codename RoboCod already exists ./games/Action/James-Pond-2-Codename-RoboCod.zip
Skipping Action/Jazz Jackrabbit 2 already exists ./games/Action/Jazz-Jackrabbit-2.zip
Skipping Action/Jazz Jackrabbit 2 - The Secret Files already exists ./games/Action/Jazz-Jackrabbit-2-The-Secret-Files.zip
Skipping Action/Jazz Jackrabbit Holiday Hare 1995 already exists ./games/Action/Jazz-Jackrabbit-Holiday-Hare-1995.zip
Skipping Action/Jill of the Jungle already exists ./games/Action/Jill-of-the-Jungle.zip
Skipping Action/Jill of the Jungle - Jill Goes Underground already exists ./games/Action/Jill-of-the-Jungle-Jill-Goes-Underground.zip
Skipping Action/Jill of the Jungle - Jill Saves the Prince already exists ./games/Action/Jill-of-the-Jungle-Jill-Saves-the-Prince.zip
Skipping Action/Jim Power in Mutant Planet already exists ./games/Action/Jim-Power-in-Mutant-Planet.zip
Skipping Action/Jonny Quest - Curse of the Mayan Warriors already exists ./games/Action/Jonny-Quest-Curse-of-the-Mayan-Warriors.zip
Skipping Action/Jungle Strike already exists ./games/Action/Jungle-Strike.zip
Skipping Action/Jurassic Park already exists ./games/Action/Jurassic-Park.zip
Skipping Action/Karateka already exists ./games/Action/Karateka.zip
Skipping Action/Krazy Ivan already exists ./games/Action/Krazy-Ivan.zip
Skipping Action/Kwik Snax already exists ./games/Action/Kwik-Snax.zip
Skipping Action/Last Ninja 2: Back with a Vengeance already exists ./games/Action/Last-Ninja-2-Back-with-a-Vengeance.zip
Skipping Action/Last Ninja, The already exists ./games/Action/Last-Ninja-The.zip
Skipping Action/Lion King, The already exists ./games/Action/Lion-King-The.zip
Skipping Action/Lost City of Atlantis, The already exists ./games/Action/Lost-City-of-Atlantis-The.zip
Skipping Action/Lost Vikings, The already exists ./games/Action/Lost-Vikings-The.zip
Skipping Action/Magic Carpet already exists ./games/Action/Magic-Carpet.zip
Skipping Action/Marathon 2 - Durandal already exists ./games/Action/Marathon-2-Durandal.zip
Skipping Action/McDonald Land already exists ./games/Action/McDonald-Land.zip
Skipping Action/Mechwarrior already exists ./games/Action/Mechwarrior.zip
Skipping Action/Metal Gear already exists ./games/Action/Metal-Gear.zip
Skipping Action/Montezuma's Return already exists ./games/Action/Montezuma-s-Return.zip
Skipping Action/Moonwalker already exists ./games/Action/Moonwalker.zip
Skipping Action/Mortal Kombat Trilogy already exists ./games/Action/Mortal-Kombat-Trilogy.zip
Skipping Action/Mouser already exists ./games/Action/Mouser.zip
Skipping Action/Narco Police already exists ./games/Action/Narco-Police.zip
Skipping Action/Nebulus already exists ./games/Action/Nebulus.zip
Skipping Action/Nightmare Creatures already exists ./games/Action/Nightmare-Creatures.zip
Skipping Action/Ninja Rabbits already exists ./games/Action/Ninja-Rabbits.zip
Skipping Action/No Respect already exists ./games/Action/No-Respect.zip
Skipping Action/North & South already exists ./games/Action/North-South.zip
Skipping Action/Operation Body Count already exists ./games/Action/Operation-Body-Count.zip
Skipping Action/Overkill already exists ./games/Action/Overkill.zip
Skipping Action/Paperboy 2 already exists ./games/Action/Paperboy-2.zip
Skipping Action/Platoon already exists ./games/Action/Platoon.zip
Skipping Action/Pocahontas already exists ./games/Action/Pocahontas.zip
Skipping Action/Popeye 2 already exists ./games/Action/Popeye-2.zip
Skipping Action/Powerslave (aka Exhumed) already exists ./games/Action/Powerslave-aka-Exhumed-.zip
Skipping Action/Prince of Persia already exists ./games/Action/Prince-of-Persia.zip
Skipping Action/Prince of Persia 2 - The Shadow & The Flame already exists ./games/Action/Prince-of-Persia-2-The-Shadow-The-Flame.zip
Skipping Action/Prophecy 1 - The Viking Child already exists ./games/Action/Prophecy-1-The-Viking-Child.zip
Skipping Action/Punisher, The already exists ./games/Action/Punisher-The.zip
Skipping Action/Pyrotechnica already exists ./games/Action/Pyrotechnica.zip
Skipping Action/Quatra Command already exists ./games/Action/Quatra-Command.zip
Skipping Action/Radix: Beyond the Void already exists ./games/Action/Radix-Beyond-the-Void.zip
Skipping Action/Raiden already exists ./games/Action/Raiden.zip
Skipping Action/Rambo III already exists ./games/Action/Rambo-III.zip
Skipping Action/Rampart already exists ./games/Action/Rampart.zip
Skipping Action/Sand Storm already exists ./games/Action/Sand-Storm.zip
Skipping Action/Shadow Knights already exists ./games/Action/Shadow-Knights.zip
Skipping Action/Shadow Man already exists ./games/Action/Shadow-Man.zip
Skipping Action/Silpheed already exists ./games/Action/Silpheed.zip
Skipping Action/Sinbad and the Throne of the Falcon already exists ./games/Action/Sinbad-and-the-Throne-of-the-Falcon.zip
Skipping Action/Sky Shark already exists ./games/Action/Sky-Shark.zip
Skipping Action/Sleepwalker already exists ./games/Action/Sleepwalker.zip
Skipping Action/Sonic CD already exists ./games/Action/Sonic-CD.zip
Skipping Action/Special Forces already exists ./games/Action/Special-Forces.zip
Skipping Action/Star Lord already exists ./games/Action/Star-Lord.zip
Skipping Action/Star Trek V - The Final Frontier already exists ./games/Action/Star-Trek-V-The-Final-Frontier.zip
Skipping Action/Star Wars - The Arcade Game already exists ./games/Action/Star-Wars-The-Arcade-Game.zip
Skipping Action/Starquake already exists ./games/Action/Starquake.zip
Skipping Action/Still Hunt already exists ./games/Action/Still-Hunt.zip
Skipping Action/Stormlord already exists ./games/Action/Stormlord.zip
Skipping Action/Strife already exists ./games/Action/Strife.zip
Skipping Action/Striker already exists ./games/Action/Striker.zip
Skipping Action/Suburban Commando already exists ./games/Action/Suburban-Commando.zip
Skipping Action/Super Street Fighter II Turbo already exists ./games/Action/Super-Street-Fighter-II-Turbo.zip
Skipping Action/Super Trio already exists ./games/Action/Super-Trio.zip
Skipping Action/System Shock already exists ./games/Action/System-Shock.zip
Skipping Action/Teenage Mutant Ninja Turtles already exists ./games/Action/Teenage-Mutant-Ninja-Turtles.zip
Skipping Action/Teenage Mutant Ninja Turtles - Manhattan Missions already exists ./games/Action/Teenage-Mutant-Ninja-Turtles-Manhattan-Missions.zip
Skipping Action/Terminal Terror already exists ./games/Action/Terminal-Terror.zip
Skipping Action/Terminator 2 - Judgment Day already exists ./games/Action/Terminator-2-Judgment-Day.zip
Skipping Action/Theatre of Death already exists ./games/Action/Theatre-of-Death.zip
Skipping Action/Theatre of Pain already exists ./games/Action/Theatre-of-Pain.zip
Skipping Action/Thexder already exists ./games/Action/Thexder.zip
Skipping Action/Titanic already exists ./games/Action/Titanic.zip
Skipping Action/Tom & Jerry Cat-astrophe already exists ./games/Action/Tom-Jerry-Cat-astrophe.zip
Skipping Action/Tom and Jerry already exists ./games/Action/Tom-and-Jerry.zip
Skipping Action/Tough Guy already exists ./games/Action/Tough-Guy.zip
Skipping Action/Traffic Department 2192 already exists ./games/Action/Traffic-Department-2192.zip
Skipping Action/Troddlers already exists ./games/Action/Troddlers.zip
Skipping Action/Tubular Worlds already exists ./games/Action/Tubular-Worlds.zip
Skipping Action/Turok - Dinosaur Hunter already exists ./games/Action/Turok-Dinosaur-Hunter.zip
Skipping Action/Turrican II - The Final Fight already exists ./games/Action/Turrican-II-The-Final-Fight.zip
Skipping Action/Tyrian 2000 already exists ./games/Action/Tyrian-2000.zip
Skipping Action/Ulises already exists ./games/Action/Ulises.zip
Skipping Action/Untouchables, The already exists ./games/Action/Untouchables-The.zip
Skipping Action/Vigilance on Talos V already exists ./games/Action/Vigilance-on-Talos-V.zip
Skipping Action/Weird Dreams already exists ./games/Action/Weird-Dreams.zip
Skipping Action/West Adventure already exists ./games/Action/West-Adventure.zip
Skipping Action/Whizz already exists ./games/Action/Whizz.zip
Skipping Action/Wing Commander Academy already exists ./games/Action/Wing-Commander-Academy.zip
Skipping Action/Wings of Fury already exists ./games/Action/Wings-of-Fury.zip
Skipping Action/Wrath of Earth already exists ./games/Action/Wrath-of-Earth.zip
Skipping Action/X-Men - Madness in Murderworld already exists ./games/Action/X-Men-Madness-in-Murderworld.zip
Skipping Action/X-Men 2 - The Fall of the Mutants already exists ./games/Action/X-Men-2-The-Fall-of-the-Mutants.zip
Skipping Action/Xatax already exists ./games/Action/Xatax.zip
Skipping Action/Xenocide already exists ./games/Action/Xenocide.zip
Skipping Action/Xenon already exists ./games/Action/Xenon.zip
Skipping Action/Xenophage - Alien BloodSport already exists ./games/Action/Xenophage-Alien-BloodSport.zip
Skipping Action/XQuest already exists ./games/Action/XQuest.zip
Skipping Action/Yogho Yogho spel already exists ./games/Action/Yogho-Yogho-spel.zip
Skipping Action/Zona 0 already exists ./games/Action/Zona-0.zip
Skipping Action/Zone 66 already exists ./games/Action/Zone-66.zip
Skipping Action/Zorro already exists ./games/Action/Zorro.zip
Skipping Adventure/A Mind Forever Voyaging already exists ./games/Adventure/A-Mind-Forever-Voyaging.zip
Skipping Adventure/Abbey of Montglane, The already exists ./games/Adventure/Abbey-of-Montglane-The.zip
Skipping Adventure/Acheton already exists ./games/Adventure/Acheton.zip
Skipping Adventure/Adventure already exists ./games/Adventure/Adventure.zip
Skipping Adventure/Adventure in Serenia already exists ./games/Adventure/Adventure-in-Serenia.zip
Skipping Adventure/Adventures of Robin Hood, The already exists ./games/Adventure/Adventures-of-Robin-Hood-The.zip
Skipping Adventure/Adventures of Willy Beamish, The already exists ./games/Adventure/Adventures-of-Willy-Beamish-The.zip
Skipping Adventure/African Adventure already exists ./games/Adventure/African-Adventure.zip
Skipping Adventure/Alice in Wonderland already exists ./games/Adventure/Alice-in-Wonderland.zip
Skipping Adventure/Alien Incident already exists ./games/Adventure/Alien-Incident.zip
Skipping Adventure/Alien Virus already exists ./games/Adventure/Alien-Virus.zip
Skipping Adventure/Alone in the Dark already exists ./games/Adventure/Alone-in-the-Dark.zip
Skipping Adventure/Alone in the Dark 2 already exists ./games/Adventure/Alone-in-the-Dark-2.zip
Skipping Adventure/Altered Destiny already exists ./games/Adventure/Altered-Destiny.zip
Skipping Adventure/Amazon already exists ./games/Adventure/Amazon.zip
Skipping Adventure/Amazon - Guardians of Eden already exists ./games/Adventure/Amazon-Guardians-of-Eden.zip
Skipping Adventure/Amnesia already exists ./games/Adventure/Amnesia.zip
Skipping Adventure/An American Tail - Fievel Goes West already exists ./games/Adventure/An-American-Tail-Fievel-Goes-West.zip
Skipping Adventure/Armaeth - The Lost Kingdom already exists ./games/Adventure/Armaeth-The-Lost-Kingdom.zip
Skipping Adventure/Arthur - The Quest for Excalibur already exists ./games/Adventure/Arthur-The-Quest-for-Excalibur.zip
Skipping Adventure/B.A.T. already exists ./games/Adventure/B-A-T-.zip
Skipping Adventure/B.A.T. II - The Koshan Conspiracy already exists ./games/Adventure/B-A-T-II-The-Koshan-Conspiracy.zip
Skipping Adventure/Bargon Attack already exists ./games/Adventure/Bargon-Attack.zip
Skipping Adventure/Batman - The Caped Crusader already exists ./games/Adventure/Batman-The-Caped-Crusader.zip
Skipping Adventure/Beverly Hillbillies, The already exists ./games/Adventure/Beverly-Hillbillies-The.zip
Skipping Adventure/Big Red Adventure, The already exists ./games/Adventure/Big-Red-Adventure-The.zip
Skipping Adventure/Bill and Teds Excellent Adventure already exists ./games/Adventure/Bill-and-Teds-Excellent-Adventure.zip
Skipping Adventure/Bioforge already exists ./games/Adventure/Bioforge.zip
Skipping Adventure/Black Sect already exists ./games/Adventure/Black-Sect.zip
Skipping Adventure/Blackstar - Agent of Justice already exists ./games/Adventure/Blackstar-Agent-of-Justice.zip
Skipping Adventure/Blue Force already exists ./games/Adventure/Blue-Force.zip
Skipping Adventure/Cadaver already exists ./games/Adventure/Cadaver.zip
Skipping Adventure/Call of Cthulhu - Shadow of the Comet already exists ./games/Adventure/Call-of-Cthulhu-Shadow-of-the-Comet.zip
Skipping Adventure/Castle Adventure already exists ./games/Adventure/Castle-Adventure.zip
Skipping Adventure/Castle Ralf already exists ./games/Adventure/Castle-Ralf.zip
Skipping Adventure/Codename - ICEMAN already exists ./games/Adventure/Codename-ICEMAN.zip
Skipping Adventure/Companions of Xanth already exists ./games/Adventure/Companions-of-Xanth.zip
Skipping Adventure/Conquests of Camelot - The Search for the Grail already exists ./games/Adventure/Conquests-of-Camelot-The-Search-for-the-Grail.zip
Skipping Adventure/Conquests of the Longbow - The Legend of Robin Hood already exists ./games/Adventure/Conquests-of-the-Longbow-The-Legend-of-Robin-Hood.zip
Skipping Adventure/Countdown already exists ./games/Adventure/Countdown.zip
Skipping Adventure/Crime City already exists ./games/Adventure/Crime-City.zip
Skipping Adventure/Crime Time already exists ./games/Adventure/Crime-Time.zip
Skipping Adventure/Cruise for a Corpse already exists ./games/Adventure/Cruise-for-a-Corpse.zip
Skipping Adventure/Curse of Enchantia already exists ./games/Adventure/Curse-of-Enchantia.zip
Skipping Adventure/Dark Half, The already exists ./games/Adventure/Dark-Half-The.zip
Skipping Adventure/Dark Seed already exists ./games/Adventure/Dark-Seed.zip
Skipping Adventure/Dark Seed II already exists ./games/Adventure/Dark-Seed-II.zip
Skipping Adventure/Daughter of Serpents (a.k.a. The Scroll) already exists ./games/Adventure/Daughter-of-Serpents-a-k-a-The-Scroll-.zip
Skipping Adventure/Death Gate already exists ./games/Adventure/Death-Gate.zip
Skipping Adventure/Deep Space Drifter already exists ./games/Adventure/Deep-Space-Drifter.zip
Skipping Adventure/Defender of Boston - The Rock Island Mystery already exists ./games/Adventure/Defender-of-Boston-The-Rock-Island-Mystery.zip
Skipping Adventure/Deja Vu - A Nightmare Comes True already exists ./games/Adventure/Deja-Vu-A-Nightmare-Comes-True.zip
Skipping Adventure/Denarius Avaricius Sextus already exists ./games/Adventure/Denarius-Avaricius-Sextus.zip
Skipping Adventure/Discworld already exists ./games/Adventure/Discworld.zip
Skipping Adventure/Dragonsphere already exists ./games/Adventure/Dragonsphere.zip
Skipping Adventure/DreamWeb already exists ./games/Adventure/DreamWeb.zip
Skipping Adventure/Dune already exists ./games/Adventure/Dune.zip
Skipping Adventure/Dylan Dog - Through the Looking Glass already exists ./games/Adventure/Dylan-Dog-Through-the-Looking-Glass.zip
Skipping Adventure/Eagle Eye Mysteries already exists ./games/Adventure/Eagle-Eye-Mysteries.zip
Skipping Adventure/EcoQuest - The Search for Cetus already exists ./games/Adventure/EcoQuest-The-Search-for-Cetus.zip
Skipping Adventure/EcoQuest 2 - Lost Secret of the Rainforest already exists ./games/Adventure/EcoQuest-2-Lost-Secret-of-the-Rainforest.zip
Skipping Adventure/Ecstatica already exists ./games/Adventure/Ecstatica.zip
Skipping Adventure/Enchanter already exists ./games/Adventure/Enchanter.zip
Skipping Adventure/Eric the Unready already exists ./games/Adventure/Eric-the-Unready.zip
Skipping Adventure/Escape from Delirium already exists ./games/Adventure/Escape-from-Delirium.zip
Skipping Adventure/Eternam already exists ./games/Adventure/Eternam.zip
Skipping Adventure/Fable already exists ./games/Adventure/Fable.zip
Skipping Adventure/Fatty Bears Birthday Surprise already exists ./games/Adventure/Fatty-Bears-Birthday-Surprise.zip
Skipping Adventure/Fish! already exists ./games/Adventure/Fish-.zip
Skipping Adventure/Freddy Pharkas - Frontier Pharmacist already exists ./games/Adventure/Freddy-Pharkas-Frontier-Pharmacist.zip
Skipping Adventure/Future Wars - Time Travellers already exists ./games/Adventure/Future-Wars-Time-Travellers.zip
Skipping Adventure/Gateway 2 - Homeworld already exists ./games/Adventure/Gateway-2-Homeworld.zip
Skipping Adventure/Gene Machine, The already exists ./games/Adventure/Gene-Machine-The.zip
Skipping Adventure/Gold Rush already exists ./games/Adventure/Gold-Rush.zip
Skipping Adventure/Great Escape, The already exists ./games/Adventure/Great-Escape-The.zip
Skipping Adventure/Guild of Thieves, The already exists ./games/Adventure/Guild-of-Thieves-The.zip
Skipping Adventure/Guilty already exists ./games/Adventure/Guilty.zip
Skipping Adventure/Heart of China already exists ./games/Adventure/Heart-of-China.zip
Skipping Adventure/Hitchhikers Guide to the Galaxy, The already exists ./games/Adventure/Hitchhikers-Guide-to-the-Galaxy-The.zip
Skipping Adventure/Hook already exists ./games/Adventure/Hook.zip
Skipping Adventure/Igor - Objective Uikokahonia already exists ./games/Adventure/Igor-Objective-Uikokahonia.zip
Skipping Adventure/Innocent Until Caught already exists ./games/Adventure/Innocent-Until-Caught.zip
Skipping Adventure/Inspector Gadget - Global Terror! already exists ./games/Adventure/Inspector-Gadget-Global-Terror-.zip
Skipping Adventure/Iron Lord already exists ./games/Adventure/Iron-Lord.zip
Skipping Adventure/Jack in the Dark already exists ./games/Adventure/Jack-in-the-Dark.zip
Skipping Adventure/Jack The Ripper already exists ./games/Adventure/Jack-The-Ripper.zip
Skipping Adventure/James Clavells Shogun already exists ./games/Adventure/James-Clavells-Shogun.zip
Skipping Adventure/KGB aka Conspiracy already exists ./games/Adventure/KGB-aka-Conspiracy.zip
Skipping Adventure/King of Chicago, The already exists ./games/Adventure/King-of-Chicago-The.zip
Skipping Adventure/Kronolog - The Nazi Paradox already exists ./games/Adventure/Kronolog-The-Nazi-Paradox.zip
Skipping Adventure/Last Half of Darkness already exists ./games/Adventure/Last-Half-of-Darkness.zip
Skipping Adventure/Last Half of Darkness VGA already exists ./games/Adventure/Last-Half-of-Darkness-VGA.zip
Skipping Adventure/Laura Bow 1 - The Colonels Bequest already exists ./games/Adventure/Laura-Bow-1-The-Colonels-Bequest.zip
Skipping Adventure/Laura Bow 2 - The Dagger of Amon-Ra already exists ./games/Adventure/Laura-Bow-2-The-Dagger-of-Amon-Ra.zip
Skipping Adventure/Leather Goddesses of Phobos already exists ./games/Adventure/Leather-Goddesses-of-Phobos.zip
Skipping Adventure/Leather Goddesses of Phobos 2 already exists ./games/Adventure/Leather-Goddesses-of-Phobos-2.zip
Skipping Adventure/Legend of Kyrandia 1, The already exists ./games/Adventure/Legend-of-Kyrandia-1-The.zip
Skipping Adventure/Legend of Kyrandia 2 - Hand of Fate, The already exists ./games/Adventure/Legend-of-Kyrandia-2-Hand-of-Fate-The.zip
Skipping Adventure/Legend of Kyrandia 3 - Malcolms Revenge, The already exists ./games/Adventure/Legend-of-Kyrandia-3-Malcolms-Revenge-The.zip
Skipping Adventure/Leisure Suit Larry 1 - in the Land of the Lounge Lizards already exists ./games/Adventure/Leisure-Suit-Larry-1-in-the-Land-of-the-Lounge-Lizards.zip
Skipping Adventure/Les Manley in - Lost in L.A. already exists ./games/Adventure/Les-Manley-in-Lost-in-L-A-.zip
Skipping Adventure/Les Manley in - Search for The King already exists ./games/Adventure/Les-Manley-in-Search-for-The-King.zip
Skipping Adventure/Litil Divil already exists ./games/Adventure/Litil-Divil.zip
Skipping Adventure/Little Big Adventure - Twinsens Adventure already exists ./games/Adventure/Little-Big-Adventure-Twinsens-Adventure.zip
Skipping Adventure/Lord Avalot already exists ./games/Adventure/Lord-Avalot.zip
Skipping Adventure/Lost Files of Sherlock Holmes - The Case of Serrated Scalpel, The already exists ./games/Adventure/Lost-Files-of-Sherlock-Holmes-The-Case-of-Serrated-Scalpel-The.zip
Skipping Adventure/Lost in Time already exists ./games/Adventure/Lost-in-Time.zip
Skipping Adventure/Lurking Horror, The already exists ./games/Adventure/Lurking-Horror-The.zip
Skipping Adventure/Manhunter - New York already exists ./games/Adventure/Manhunter-New-York.zip
Skipping Adventure/Manhunter 2 - San Francisco already exists ./games/Adventure/Manhunter-2-San-Francisco.zip
Skipping Adventure/Maupiti Island already exists ./games/Adventure/Maupiti-Island.zip
Skipping Adventure/Mixed Up Fairy Tales already exists ./games/Adventure/Mixed-Up-Fairy-Tales.zip
Skipping Adventure/Mixed-Up Mother Goose already exists ./games/Adventure/Mixed-Up-Mother-Goose.zip
Skipping Adventure/Mixed-Up Mother Goose VGA already exists ./games/Adventure/Mixed-Up-Mother-Goose-VGA.zip
Skipping Adventure/Murders in Space already exists ./games/Adventure/Murders-in-Space.zip
Skipping Adventure/Murders in Venice already exists ./games/Adventure/Murders-in-Venice.zip
Skipping Adventure/Neuromancer already exists ./games/Adventure/Neuromancer.zip
Skipping Adventure/Nippon Safes, Inc. already exists ./games/Adventure/Nippon-Safes-Inc-.zip
Skipping Adventure/Peppers Adventures in Time already exists ./games/Adventure/Peppers-Adventures-in-Time.zip
Skipping Adventure/Plan 9 from Outer Space already exists ./games/Adventure/Plan-9-from-Outer-Space.zip
Skipping Adventure/Planets Edge already exists ./games/Adventure/Planets-Edge.zip
Skipping Adventure/Police Quest - In Pursuit of the Death Angel already exists ./games/Adventure/Police-Quest-In-Pursuit-of-the-Death-Angel.zip
Skipping Adventure/Project Nomad already exists ./games/Adventure/Project-Nomad.zip
Skipping Adventure/Protostar - War on the Frontier already exists ./games/Adventure/Protostar-War-on-the-Frontier.zip
Skipping Adventure/Quest for Glory - So you want to be a Hero already exists ./games/Adventure/Quest-for-Glory-So-you-want-to-be-a-Hero.zip
Skipping Adventure/Quest for Glory - So You Want To Be A Hero VGA already exists ./games/Adventure/Quest-for-Glory-So-You-Want-To-Be-A-Hero-VGA.zip
Skipping Adventure/Quest for Glory II - Trial by Fire already exists ./games/Adventure/Quest-for-Glory-II-Trial-by-Fire.zip
Skipping Adventure/Quest for Glory III - Wages of War already exists ./games/Adventure/Quest-for-Glory-III-Wages-of-War.zip
Skipping Adventure/Quest for Glory IV - Shadows of Darkness already exists ./games/Adventure/Quest-for-Glory-IV-Shadows-of-Darkness.zip
Skipping Adventure/Questprobe Featuring Human Torch And The Thing (Fantastic Four) already exists ./games/Adventure/Questprobe-Featuring-Human-Torch-And-The-Thing-Fantastic-Four-.zip
Skipping Adventure/Questprobe Featuring Spider-Man already exists ./games/Adventure/Questprobe-Featuring-Spider-Man.zip
Skipping Adventure/Questprobe Featuring The Hulk already exists ./games/Adventure/Questprobe-Featuring-The-Hulk.zip
Skipping Adventure/Return Of The Phantom already exists ./games/Adventure/Return-Of-The-Phantom.zip
Skipping Adventure/Return to Ringworld already exists ./games/Adventure/Return-to-Ringworld.zip
Skipping Adventure/Rex Nebular and the Cosmic Gender-Bender already exists ./games/Adventure/Rex-Nebular-and-the-Cosmic-Gender-Bender.zip
Skipping Adventure/Ringworld - Revenge of the Patriarch already exists ./games/Adventure/Ringworld-Revenge-of-the-Patriarch.zip
Skipping Adventure/Rise of the Dragon already exists ./games/Adventure/Rise-of-the-Dragon.zip
Skipping Adventure/ShadowCaster already exists ./games/Adventure/ShadowCaster.zip
Skipping Adventure/Shadowgate already exists ./games/Adventure/Shadowgate.zip
Skipping Adventure/Shadows of Mordor, The already exists ./games/Adventure/Shadows-of-Mordor-The.zip
Skipping Adventure/Shannara already exists ./games/Adventure/Shannara.zip
Skipping Adventure/Shogun already exists ./games/Adventure/Shogun.zip
Skipping Adventure/Snoopy and Peanuts already exists ./games/Adventure/Snoopy-and-Peanuts.zip
Skipping Adventure/Softporn Adventure already exists ./games/Adventure/Softporn-Adventure.zip
Skipping Adventure/Space Quest - The Sarien Encounter already exists ./games/Adventure/Space-Quest-The-Sarien-Encounter.zip
Skipping Adventure/Spellcasting 101 - Sorcerers get all the Girls already exists ./games/Adventure/Spellcasting-101-Sorcerers-get-all-the-Girls.zip
Skipping Adventure/Spellcasting 201 - The Sorcerers Appliance already exists ./games/Adventure/Spellcasting-201-The-Sorcerers-Appliance.zip
Skipping Adventure/Spellcasting 301 - Spring Break already exists ./games/Adventure/Spellcasting-301-Spring-Break.zip
Skipping Adventure/Star Control II already exists ./games/Adventure/Star-Control-II.zip
Skipping Adventure/Star Trek - 25th Anniversary already exists ./games/Adventure/Star-Trek-25th-Anniversary.zip
Skipping Adventure/Star Trek - Judgment Rites already exists ./games/Adventure/Star-Trek-Judgment-Rites.zip
Skipping Adventure/Star Trek - The Kobayashi Alternative already exists ./games/Adventure/Star-Trek-The-Kobayashi-Alternative.zip
Skipping Adventure/Star Trek - The Next Generation - The Transinium Challenge already exists ./games/Adventure/Star-Trek-The-Next-Generation-The-Transinium-Challenge.zip
Skipping Adventure/Star Trek - The Promethean Prophecy already exists ./games/Adventure/Star-Trek-The-Promethean-Prophecy.zip
Skipping Adventure/Star Trek - The Rebel Universe already exists ./games/Adventure/Star-Trek-The-Rebel-Universe.zip
Skipping Adventure/Superhero League of Hoboken already exists ./games/Adventure/Superhero-League-of-Hoboken.zip
Skipping Adventure/Time Paradox already exists ./games/Adventure/Time-Paradox.zip
Skipping Adventure/Total Eclipse already exists ./games/Adventure/Total-Eclipse.zip
Skipping Adventure/Touche - The Adventures of the 5th Musketeer already exists ./games/Adventure/Touche-The-Adventures-of-the-5th-Musketeer.zip
Skipping Adventure/Uninvited (DOS) already exists ./games/Adventure/Uninvited-DOS-.zip
Skipping Adventure/Uninvited (Windows) already exists ./games/Adventure/Uninvited-Windows-.zip
Skipping Adventure/Universe already exists ./games/Adventure/Universe.zip
Skipping Adventure/Veil of Darkness already exists ./games/Adventure/Veil-of-Darkness.zip
Skipping Adventure/Waynes World already exists ./games/Adventure/Waynes-World.zip
Skipping Adventure/Ween - The Prophecy already exists ./games/Adventure/Ween-The-Prophecy.zip
Skipping Adventure/Where in Europe is Carmen Sandiego already exists ./games/Adventure/Where-in-Europe-is-Carmen-Sandiego.zip
Skipping Adventure/Where in Time is Carmen Sandiego already exists ./games/Adventure/Where-in-Time-is-Carmen-Sandiego.zip
Skipping Adventure/Where Time Stood Still already exists ./games/Adventure/Where-Time-Stood-Still.zip
Skipping Adventure/Wishbringer already exists ./games/Adventure/Wishbringer.zip
Skipping Arcade/Adventures of Tintin - Prisoners of the Sun, The already exists ./games/Arcade/Adventures-of-Tintin-Prisoners-of-the-Sun-The.zip
Skipping Arcade/All Dogs Go To Heaven already exists ./games/Arcade/All-Dogs-Go-To-Heaven.zip
Skipping Arcade/Amazing Spider-Man, The already exists ./games/Arcade/Amazing-Spider-Man-The.zip
Skipping Arcade/Antarctic Adventure already exists ./games/Arcade/Antarctic-Adventure.zip
Skipping Arcade/Apple Panic already exists ./games/Arcade/Apple-Panic.zip
Skipping Arcade/Arkanoid already exists ./games/Arcade/Arkanoid.zip
Skipping Arcade/Arkanoid II - Revenge of Doh already exists ./games/Arcade/Arkanoid-II-Revenge-of-Doh.zip
Skipping Arcade/Asterix & Obelix already exists ./games/Arcade/Asterix-Obelix.zip
Skipping Arcade/Attack already exists ./games/Arcade/Attack.zip
Skipping Arcade/Barbie - A Fun-filled Adventure already exists ./games/Arcade/Barbie-A-Fun-filled-Adventure.zip
Skipping Arcade/Barbie - Super Model already exists ./games/Arcade/Barbie-Super-Model.zip
Skipping Arcade/BCs Quest for Tires already exists ./games/Arcade/BCs-Quest-for-Tires.zip
Skipping Arcade/Beethovens 2nd already exists ./games/Arcade/Beethovens-2nd.zip
Skipping Arcade/Beetlejuice in - Skeletons in the Closet already exists ./games/Arcade/Beetlejuice-in-Skeletons-in-the-Closet.zip
Skipping Arcade/Bio Menace already exists ./games/Arcade/Bio-Menace.zip
Skipping Arcade/Bionic Commando already exists ./games/Arcade/Bionic-Commando.zip
Skipping Arcade/Blues Brothers - Jukebox Adventure, The already exists ./games/Arcade/Blues-Brothers-Jukebox-Adventure-The.zip
Skipping Arcade/Blues Brothers, The already exists ./games/Arcade/Blues-Brothers-The.zip
Skipping Arcade/Boulder Dash already exists ./games/Arcade/Boulder-Dash.zip
Skipping Arcade/Bouncing Babies already exists ./games/Arcade/Bouncing-Babies.zip
Skipping Arcade/Brutal - Paws of Fury already exists ./games/Arcade/Brutal-Paws-of-Fury.zip
Skipping Arcade/Brutal - Paws of Fury Remix already exists ./games/Arcade/Brutal-Paws-of-Fury-Remix.zip
Skipping Arcade/Bubble Bobble already exists ./games/Arcade/Bubble-Bobble.zip
Skipping Arcade/Buck Rogers - Planet of Zoom already exists ./games/Arcade/Buck-Rogers-Planet-of-Zoom.zip
Skipping Arcade/Buggy Ranger already exists ./games/Arcade/Buggy-Ranger.zip
Skipping Arcade/Bugs Bunny Hare-Brained Adventure, The already exists ./games/Arcade/Bugs-Bunny-Hare-Brained-Adventure-The.zip
Skipping Arcade/Bumpys Arcade Fantasy already exists ./games/Arcade/Bumpys-Arcade-Fantasy.zip
Skipping Arcade/BurgerTime already exists ./games/Arcade/BurgerTime.zip
Skipping Arcade/Bust-A-Move already exists ./games/Arcade/Bust-A-Move.zip
Skipping Arcade/Captain Dynamo already exists ./games/Arcade/Captain-Dynamo.zip
Skipping Arcade/Castlevania already exists ./games/Arcade/Castlevania.zip
Skipping Arcade/CD-Man already exists ./games/Arcade/CD-Man.zip
Skipping Arcade/Centipede already exists ./games/Arcade/Centipede.zip
Skipping Arcade/Congo Bongo already exists ./games/Arcade/Congo-Bongo.zip
Skipping Arcade/Cool Croc Twins already exists ./games/Arcade/Cool-Croc-Twins.zip
Skipping Arcade/Cool Spot already exists ./games/Arcade/Cool-Spot.zip
Skipping Arcade/Crossbow - The Legend of William Tell already exists ./games/Arcade/Crossbow-The-Legend-of-William-Tell.zip
Skipping Arcade/Dangerous Dave already exists ./games/Arcade/Dangerous-Dave.zip
Skipping Arcade/Deathbringer already exists ./games/Arcade/Deathbringer.zip
Skipping Arcade/Dig Dug already exists ./games/Arcade/Dig-Dug.zip
Skipping Arcade/Dig It already exists ./games/Arcade/Dig-It.zip
Skipping Arcade/Digger (1983) already exists ./games/Arcade/Digger-1983-.zip
Skipping Arcade/Digger Remastered already exists ./games/Arcade/Digger-Remastered.zip
Skipping Arcade/Dino - Lost in Bedrock already exists ./games/Arcade/Dino-Lost-in-Bedrock.zip
Skipping Arcade/Dizzy - Bubble already exists ./games/Arcade/Dizzy-Bubble.zip
Skipping Arcade/Dizzy - Fantasy World already exists ./games/Arcade/Dizzy-Fantasy-World.zip
Skipping Arcade/Dizzy - Fast Food already exists ./games/Arcade/Dizzy-Fast-Food.zip
Skipping Arcade/Dizzy - Magicland already exists ./games/Arcade/Dizzy-Magicland.zip
Skipping Arcade/Dizzy - Prince of the Yolkfolk already exists ./games/Arcade/Dizzy-Prince-of-the-Yolkfolk.zip
Skipping Arcade/Dizzy - The Fantastic Adventures of Dizzy already exists ./games/Arcade/Dizzy-The-Fantastic-Adventures-of-Dizzy.zip
Skipping Arcade/DJ Puffs Volcanic Capers already exists ./games/Arcade/DJ-Puffs-Volcanic-Capers.zip
Skipping Arcade/Donkey already exists ./games/Arcade/Donkey.zip
Skipping Arcade/Donkey Kong already exists ./games/Arcade/Donkey-Kong.zip
Skipping Arcade/Dragons - A Challenge in Chivalry already exists ./games/Arcade/Dragons-A-Challenge-in-Chivalry.zip
Skipping Arcade/DStroy already exists ./games/Arcade/DStroy.zip
Skipping Arcade/Dyna Blaster already exists ./games/Arcade/Dyna-Blaster.zip
Skipping Arcade/Electranoid already exists ./games/Arcade/Electranoid.zip
Skipping Arcade/Elf already exists ./games/Arcade/Elf.zip
Skipping Arcade/First Samurai, The already exists ./games/Arcade/First-Samurai-The.zip
Skipping Arcade/Frogger already exists ./games/Arcade/Frogger.zip
Skipping Arcade/Frogger II - Three Deep already exists ./games/Arcade/Frogger-II-Three-Deep.zip
Skipping Arcade/Fury of the Furries already exists ./games/Arcade/Fury-of-the-Furries.zip
Skipping Arcade/Galaxian already exists ./games/Arcade/Galaxian.zip
Skipping Arcade/Gargoyle Medieval Pack already exists ./games/Arcade/Gargoyle-Medieval-Pack.zip
Skipping Arcade/Gauntlet already exists ./games/Arcade/Gauntlet.zip
Skipping Arcade/Gauntlet II already exists ./games/Arcade/Gauntlet-II.zip
Skipping Arcade/Geekwad - Games of the Galaxy, The already exists ./games/Arcade/Geekwad-Games-of-the-Galaxy-The.zip
Skipping Arcade/Ghostbusters already exists ./games/Arcade/Ghostbusters.zip
Skipping Arcade/Gods already exists ./games/Arcade/Gods.zip
Skipping Arcade/Golden Axe already exists ./games/Arcade/Golden-Axe.zip
Skipping Arcade/Hammer Boy already exists ./games/Arcade/Hammer-Boy.zip
Skipping Arcade/Home Alone already exists ./games/Arcade/Home-Alone.zip
Skipping Arcade/Home Alone 2 - Lost In New York already exists ./games/Arcade/Home-Alone-2-Lost-In-New-York.zip
Skipping Arcade/J-Bird already exists ./games/Arcade/J-Bird.zip
Skipping Arcade/Joe and Mac - Caveman Ninja already exists ./games/Arcade/Joe-and-Mac-Caveman-Ninja.zip
Skipping Arcade/Joust CGA already exists ./games/Arcade/Joust-CGA.zip
Skipping Arcade/Joust VGA already exists ./games/Arcade/Joust-VGA.zip
Skipping Arcade/Jungle Jack already exists ./games/Arcade/Jungle-Jack.zip
Skipping Arcade/Knight Games already exists ./games/Arcade/Knight-Games.zip
Skipping Arcade/Krustys Fun House already exists ./games/Arcade/Krustys-Fun-House.zip
Skipping Arcade/Legends already exists ./games/Arcade/Legends.zip
Skipping Arcade/Livingstone, I Presume already exists ./games/Arcade/Livingstone-I-Presume.zip
Skipping Arcade/Lode Runner already exists ./games/Arcade/Lode-Runner.zip
Skipping Arcade/Lollypop already exists ./games/Arcade/Lollypop.zip
Skipping Arcade/Magic Pockets already exists ./games/Arcade/Magic-Pockets.zip
Skipping Arcade/Manhole already exists ./games/Arcade/Manhole.zip
Skipping Arcade/Mario Brothers VGA already exists ./games/Arcade/Mario-Brothers-VGA.zip
Skipping Arcade/Mine Bombers already exists ./games/Arcade/Mine-Bombers.zip
Skipping Arcade/Miner 2049er already exists ./games/Arcade/Miner-2049er.zip
Skipping Arcade/Montezuma's Revenge already exists ./games/Arcade/Montezuma-s-Revenge.zip
Skipping Arcade/Monty Pythons Flying Circus already exists ./games/Arcade/Monty-Pythons-Flying-Circus.zip
Skipping Arcade/Monuments of Mars already exists ./games/Arcade/Monuments-of-Mars.zip
Skipping Arcade/Mortal Kombat already exists ./games/Arcade/Mortal-Kombat.zip
Skipping Arcade/Mortal Kombat II already exists ./games/Arcade/Mortal-Kombat-II.zip
Skipping Arcade/Ms. Pac-Man already exists ./games/Arcade/Ms-Pac-Man.zip
Skipping Arcade/Mushroom Mania already exists ./games/Arcade/Mushroom-Mania.zip
Skipping Arcade/Ninja already exists ./games/Arcade/Ninja.zip
Skipping Arcade/Ninja Gaiden II - The Dark Sword of Chaos already exists ./games/Arcade/Ninja-Gaiden-II-The-Dark-Sword-of-Chaos.zip
Skipping Arcade/Oliver and Company already exists ./games/Arcade/Oliver-and-Company.zip
Skipping Arcade/Operation Wolf already exists ./games/Arcade/Operation-Wolf.zip
Skipping Arcade/Oscar already exists ./games/Arcade/Oscar.zip
Skipping Arcade/Outer Ridge already exists ./games/Arcade/Outer-Ridge.zip
Skipping Arcade/OverKill - The Six Planet Mega-Blast already exists ./games/Arcade/OverKill-The-Six-Planet-Mega-Blast.zip
Skipping Arcade/Pac In Time already exists ./games/Arcade/Pac-In-Time.zip
Skipping Arcade/Pac-Man already exists ./games/Arcade/Pac-Man.zip
Skipping Arcade/Pacmania already exists ./games/Arcade/Pacmania.zip
Skipping Arcade/Pandemonium already exists ./games/Arcade/Pandemonium.zip
Skipping Arcade/Pang already exists ./games/Arcade/Pang.zip
Skipping Arcade/Paperboy already exists ./games/Arcade/Paperboy.zip
Skipping Arcade/Paratrooper already exists ./games/Arcade/Paratrooper.zip
Skipping Arcade/PC-Man already exists ./games/Arcade/PC-Man.zip
Skipping Arcade/Perestroika already exists ./games/Arcade/Perestroika.zip
Skipping Arcade/Pharaoh's Tomb already exists ./games/Arcade/Pharaoh-s-Tomb.zip
Skipping Arcade/Pit-Fighter already exists ./games/Arcade/Pit-Fighter.zip
Skipping Arcade/Popcorn already exists ./games/Arcade/Popcorn.zip
Skipping Arcade/Prehistorik already exists ./games/Arcade/Prehistorik.zip
Skipping Arcade/Prehistorik 2 already exists ./games/Arcade/Prehistorik-2.zip
Skipping Arcade/Pyramids of Egypt already exists ./games/Arcade/Pyramids-of-Egypt.zip
Skipping Arcade/Qix already exists ./games/Arcade/Qix.zip
Skipping Arcade/Quik The Thunder Rabbit already exists ./games/Arcade/Quik-The-Thunder-Rabbit.zip
Skipping Arcade/Rad Warrior already exists ./games/Arcade/Rad-Warrior.zip
Skipping Arcade/Rampage already exists ./games/Arcade/Rampage.zip
Skipping Arcade/Rick Dangerous Pack already exists ./games/Arcade/Rick-Dangerous-Pack.zip
Skipping Arcade/Risky Woods already exists ./games/Arcade/Risky-Woods.zip
Skipping Arcade/Robocop already exists ./games/Arcade/Robocop.zip
Skipping Arcade/Secret Agent already exists ./games/Arcade/Secret-Agent.zip
Skipping Arcade/Seymour Goes To Hollywood already exists ./games/Arcade/Seymour-Goes-To-Hollywood.zip
Skipping Arcade/Silverball already exists ./games/Arcade/Silverball.zip
Skipping Arcade/Simpsons - Bart vs the Space Mutants, The already exists ./games/Arcade/Simpsons-Bart-vs-the-Space-Mutants-The.zip
Skipping Arcade/Simpsons - Barts House of Weirdness, The already exists ./games/Arcade/Simpsons-Barts-House-of-Weirdness-The.zip
Skipping Arcade/Skull & Crossbones already exists ./games/Arcade/Skull-Crossbones.zip
Skipping Arcade/Smurfs, The already exists ./games/Arcade/Smurfs-The.zip
Skipping Arcade/Snipes already exists ./games/Arcade/Snipes.zip
Skipping Arcade/Soccer Kid already exists ./games/Arcade/Soccer-Kid.zip
Skipping Arcade/Sopwith already exists ./games/Arcade/Sopwith.zip
Skipping Arcade/Space Invaders already exists ./games/Arcade/Space-Invaders.zip
Skipping Arcade/Spy vs Spy III - Arctic Antics already exists ./games/Arcade/Spy-vs-Spy-III-Arctic-Antics.zip
Skipping Arcade/Star Goose already exists ./games/Arcade/Star-Goose.zip
Skipping Arcade/Steg the Slug already exists ./games/Arcade/Steg-the-Slug.zip
Skipping Arcade/Street Ball already exists ./games/Arcade/Street-Ball.zip
Skipping Arcade/Street Fighter already exists ./games/Arcade/Street-Fighter.zip
Skipping Arcade/Street Fighter II already exists ./games/Arcade/Street-Fighter-II.zip
Skipping Arcade/Styx already exists ./games/Arcade/Styx.zip
Skipping Arcade/Super Stardust already exists ./games/Arcade/Super-Stardust.zip
Skipping Arcade/Tapper already exists ./games/Arcade/Tapper.zip
Skipping Arcade/Terminator 2 - The Arcade Game already exists ./games/Arcade/Terminator-2-The-Arcade-Game.zip
Skipping Arcade/Tintin on the Moon already exists ./games/Arcade/Tintin-on-the-Moon.zip
Skipping Arcade/Titus the Fox - To Marrakech and Back already exists ./games/Arcade/Titus-the-Fox-To-Marrakech-and-Back.zip
Skipping Arcade/Trog already exists ./games/Arcade/Trog.zip
Skipping Arcade/Trolls already exists ./games/Arcade/Trolls.zip
Skipping Arcade/Turoid already exists ./games/Arcade/Turoid.zip
Skipping Arcade/Ugh already exists ./games/Arcade/Ugh.zip
Skipping Arcade/Vlak already exists ./games/Arcade/Vlak.zip
Skipping Arcade/Volfied already exists ./games/Arcade/Volfied.zip
Skipping Arcade/Willy the Worm already exists ./games/Arcade/Willy-the-Worm.zip
Skipping Arcade/Wrath of the Demon already exists ./games/Arcade/Wrath-of-the-Demon.zip
Skipping Arcade/WWF European Rampage Tour already exists ./games/Arcade/WWF-European-Rampage-Tour.zip
Skipping Arcade/WWF In Your House already exists ./games/Arcade/WWF-In-Your-House.zip
Skipping Arcade/WWF Wrestlemania - The Arcade Game already exists ./games/Arcade/WWF-Wrestlemania-The-Arcade-Game.zip
Skipping Arcade/Xenon 2 Megablast already exists ./games/Arcade/Xenon-2-Megablast.zip
Skipping Arcade/Zaxxon already exists ./games/Arcade/Zaxxon.zip
Skipping Arcade/Zeliard already exists ./games/Arcade/Zeliard.zip
Skipping Arcade/Zool already exists ./games/Arcade/Zool.zip
Skipping Arcade/Zool 2 already exists ./games/Arcade/Zool-2.zip
Skipping Board/221 B Baker St. already exists ./games/Board/221-B-Baker-St-.zip
Skipping Board/5th Fleet, The already exists ./games/Board/5th-Fleet-The.zip
Skipping Board/8088 Othello already exists ./games/Board/8088-Othello.zip
Skipping Board/Advanced Civilization already exists ./games/Board/Advanced-Civilization.zip
Skipping Board/Archon - The Light and the Dark already exists ./games/Board/Archon-The-Light-and-the-Dark.zip
Skipping Board/Archon Ultra already exists ./games/Board/Archon-Ultra.zip
Skipping Board/Backgammon already exists ./games/Board/Backgammon.zip
Skipping Board/Battle Chess already exists ./games/Board/Battle-Chess.zip
Skipping Board/Bicycle Holiday already exists ./games/Board/Bicycle-Holiday.zip
Skipping Board/Blood Bowl already exists ./games/Board/Blood-Bowl.zip
Skipping Board/Bobby Fischer Teaches Chess already exists ./games/Board/Bobby-Fischer-Teaches-Chess.zip
Skipping Board/Bush Buck - Global Treasure Hunter already exists ./games/Board/Bush-Buck-Global-Treasure-Hunter.zip
Skipping Board/Christmas Matchup! already exists ./games/Board/Christmas-Matchup-.zip
Skipping Board/Clue - Master Detective already exists ./games/Board/Clue-Master-Detective.zip
Skipping Board/Davidic Matchup already exists ./games/Board/Davidic-Matchup.zip
Skipping Board/Dracula in London already exists ./games/Board/Dracula-in-London.zip
Skipping Board/Grandmaster Chess already exists ./games/Board/Grandmaster-Chess.zip
Skipping Board/Hero Quest already exists ./games/Board/Hero-Quest.zip
Skipping Board/Hexxagon already exists ./games/Board/Hexxagon.zip
Skipping Board/Hexxagon 2 already exists ./games/Board/Hexxagon-2.zip
Skipping Board/Hoyle Official Book of Games - Volume 1 already exists ./games/Board/Hoyle-Official-Book-of-Games-Volume-1.zip
Skipping Board/Jesus Matchup already exists ./games/Board/Jesus-Matchup.zip
Skipping Board/Jones in the Fast Lane already exists ./games/Board/Jones-in-the-Fast-Lane.zip
Skipping Board/Kings Table - The Legend of Ragnarok already exists ./games/Board/Kings-Table-The-Legend-of-Ragnarok.zip
Skipping Board/Mah Jongg VGA already exists ./games/Board/Mah-Jongg-VGA.zip
Skipping Board/Maker's Matchup already exists ./games/Board/Maker-s-Matchup.zip
Skipping Board/Mario's Game Gallery already exists ./games/Board/Mario-s-Game-Gallery.zip
Skipping Board/Monopoly Deluxe already exists ./games/Board/Monopoly-Deluxe.zip
Skipping Board/Moses Matchup already exists ./games/Board/Moses-Matchup.zip
Skipping Board/National Lampoons Chess Maniac Five Billion and One already exists ./games/Board/National-Lampoons-Chess-Maniac-Five-Billion-and-One.zip
Skipping Board/Ogre already exists ./games/Board/Ogre.zip
Skipping Board/Risk - The World Conquest Game already exists ./games/Board/Risk-The-World-Conquest-Game.zip
Skipping Board/Ruckus Poker already exists ./games/Board/Ruckus-Poker.zip
Skipping Board/Scrabble - Deluxe Edition already exists ./games/Board/Scrabble-Deluxe-Edition.zip
Skipping Board/Spot already exists ./games/Board/Spot.zip
Skipping Board/Star Wars Chess already exists ./games/Board/Star-Wars-Chess.zip
Skipping Board/Stratego already exists ./games/Board/Stratego.zip
Skipping Board/Three Fold already exists ./games/Board/Three-Fold.zip
Skipping Board/Trivial Pursuit Deluxe already exists ./games/Board/Trivial-Pursuit-Deluxe.zip
Skipping Board/Ultimate Cards already exists ./games/Board/Ultimate-Cards.zip
Skipping Puzzle/7 Colors already exists ./games/Puzzle/7-Colors.zip
Skipping Puzzle/Agent USA already exists ./games/Puzzle/Agent-USA.zip
Skipping Puzzle/Alpha Waves already exists ./games/Puzzle/Alpha-Waves.zip
Skipping Puzzle/Amazing Maze already exists ./games/Puzzle/Amazing-Maze.zip
Skipping Puzzle/Atomix already exists ./games/Puzzle/Atomix.zip
Skipping Puzzle/Avish already exists ./games/Puzzle/Avish.zip
Skipping Puzzle/Black Hole already exists ./games/Puzzle/Black-Hole.zip
Skipping Puzzle/Blockout already exists ./games/Puzzle/Blockout.zip
Skipping Puzzle/Bombuzal already exists ./games/Puzzle/Bombuzal.zip
Skipping Puzzle/Boppin' already exists ./games/Puzzle/Boppin-.zip
Skipping Puzzle/Brix already exists ./games/Puzzle/Brix.zip
Skipping Puzzle/Bubble Ghost already exists ./games/Puzzle/Bubble-Ghost.zip
Skipping Puzzle/Castle of Dr. Brain already exists ./games/Puzzle/Castle-of-Dr-Brain.zip
Skipping Puzzle/Chip's Challenge already exists ./games/Puzzle/Chip-s-Challenge.zip
Skipping Puzzle/Classic Concentration already exists ./games/Puzzle/Classic-Concentration.zip
Skipping Puzzle/Clockwiser already exists ./games/Puzzle/Clockwiser.zip
Skipping Puzzle/Columbus Discovery already exists ./games/Puzzle/Columbus-Discovery.zip
Skipping Puzzle/Contraption Zack already exists ./games/Puzzle/Contraption-Zack.zip
Skipping Puzzle/Creepers already exists ./games/Puzzle/Creepers.zip
Skipping Puzzle/Crystal Maze, The already exists ./games/Puzzle/Crystal-Maze-The.zip
Skipping Puzzle/Daffy Duck, PI - The Case Of Missing Letters already exists ./games/Puzzle/Daffy-Duck-PI-The-Case-Of-Missing-Letters.zip
Skipping Puzzle/Dedale already exists ./games/Puzzle/Dedale.zip
Skipping Puzzle/Diamond Ball 3 already exists ./games/Puzzle/Diamond-Ball-3.zip
Skipping Puzzle/Discovering America already exists ./games/Puzzle/Discovering-America.zip
Skipping Puzzle/Elements already exists ./games/Puzzle/Elements.zip
Skipping Puzzle/Entombed already exists ./games/Puzzle/Entombed.zip
Skipping Puzzle/Family Feud already exists ./games/Puzzle/Family-Feud.zip
Skipping Puzzle/Flagger already exists ./games/Puzzle/Flagger.zip
Skipping Puzzle/Gear Works already exists ./games/Puzzle/Gear-Works.zip
Skipping Puzzle/Gertrudes Secrets already exists ./games/Puzzle/Gertrudes-Secrets.zip
Skipping Puzzle/Holiday Lemmings Pack already exists ./games/Puzzle/Holiday-Lemmings-Pack.zip
Skipping Puzzle/Humans, The already exists ./games/Puzzle/Humans-The.zip
Skipping Puzzle/Incredible Machine 2, The already exists ./games/Puzzle/Incredible-Machine-2-The.zip
Skipping Puzzle/Incredible Machine, The already exists ./games/Puzzle/Incredible-Machine-The.zip
Skipping Puzzle/Ishido - The Way of Stones already exists ./games/Puzzle/Ishido-The-Way-of-Stones.zip
Skipping Puzzle/Island of Dr. Brain, The already exists ./games/Puzzle/Island-of-Dr-Brain-The.zip
Skipping Puzzle/Klax already exists ./games/Puzzle/Klax.zip
Skipping Puzzle/Laser Light already exists ./games/Puzzle/Laser-Light.zip
Skipping Puzzle/Lemmings already exists ./games/Puzzle/Lemmings.zip
Skipping Puzzle/Lemmings 2 - The Tribes already exists ./games/Puzzle/Lemmings-2-The-Tribes.zip
Skipping Puzzle/Lemmings Chronicles, The already exists ./games/Puzzle/Lemmings-Chronicles-The.zip
Skipping Puzzle/Locomotion already exists ./games/Puzzle/Locomotion.zip
Skipping Puzzle/Lost Mind of Dr. Brain, The already exists ./games/Puzzle/Lost-Mind-of-Dr-Brain-The.zip
Skipping Puzzle/Mission UFO - A Solar System Odyssey already exists ./games/Puzzle/Mission-UFO-A-Solar-System-Odyssey.zip
Skipping Puzzle/Museum Madness already exists ./games/Puzzle/Museum-Madness.zip
Skipping Puzzle/Mystery at the Museums already exists ./games/Puzzle/Mystery-at-the-Museums.zip
Skipping Puzzle/Oh no - More Lemmings already exists ./games/Puzzle/Oh-no-More-Lemmings.zip
Skipping Puzzle/Oils Well already exists ./games/Puzzle/Oils-Well.zip
Skipping Puzzle/One Step Beyond already exists ./games/Puzzle/One-Step-Beyond.zip
Skipping Puzzle/Origamo already exists ./games/Puzzle/Origamo.zip
Skipping Puzzle/Pipe Mania already exists ./games/Puzzle/Pipe-Mania.zip
Skipping Puzzle/Pushover already exists ./games/Puzzle/Pushover.zip
Skipping Puzzle/Quadrel already exists ./games/Puzzle/Quadrel.zip
Skipping Puzzle/Quarky & Quaysoo's Turbo Science already exists ./games/Puzzle/Quarky-Quaysoo-s-Turbo-Science.zip
Skipping Puzzle/Robot Odyssey already exists ./games/Puzzle/Robot-Odyssey.zip
Skipping Puzzle/Rockys Boots already exists ./games/Puzzle/Rockys-Boots.zip
Skipping Puzzle/S.C.Out already exists ./games/Puzzle/S-C-Out.zip
Skipping Puzzle/Scooter's Magic Castle already exists ./games/Puzzle/Scooter-s-Magic-Castle.zip
Skipping Puzzle/Secret Island of Dr. Quandary, The already exists ./games/Puzzle/Secret-Island-of-Dr-Quandary-The.zip
Skipping Puzzle/Sesame Street - Letter-Go-Round already exists ./games/Puzzle/Sesame-Street-Letter-Go-Round.zip
Skipping Puzzle/Sink or Swim already exists ./games/Puzzle/Sink-or-Swim.zip
Skipping Puzzle/Sixx already exists ./games/Puzzle/Sixx.zip
Skipping Puzzle/Snoopy's Game Club already exists ./games/Puzzle/Snoopy-s-Game-Club.zip
Skipping Puzzle/Sokoban already exists ./games/Puzzle/Sokoban.zip
Skipping Puzzle/Star Trek - The Next Generation - Trivia already exists ./games/Puzzle/Star-Trek-The-Next-Generation-Trivia.zip
Skipping Puzzle/Stone Age already exists ./games/Puzzle/Stone-Age.zip
Skipping Puzzle/Supaplex already exists ./games/Puzzle/Supaplex.zip
Skipping Puzzle/Super Solvers - Challenge of the Ancient Empires! already exists ./games/Puzzle/Super-Solvers-Challenge-of-the-Ancient-Empires-.zip
Skipping Puzzle/Super Tetris already exists ./games/Puzzle/Super-Tetris.zip
Skipping Puzzle/Tetris already exists ./games/Puzzle/Tetris.zip
Skipping Puzzle/Tetris Classic already exists ./games/Puzzle/Tetris-Classic.zip
Skipping Puzzle/Tetris Gold already exists ./games/Puzzle/Tetris-Gold.zip
Skipping Puzzle/Thomas The Tank Engine and Friends already exists ./games/Puzzle/Thomas-The-Tank-Engine-and-Friends.zip
Skipping Puzzle/Time Riders in American History already exists ./games/Puzzle/Time-Riders-in-American-History.zip
Skipping Puzzle/Tiny Skweeks already exists ./games/Puzzle/Tiny-Skweeks.zip
Skipping Puzzle/Treasure Trap already exists ./games/Puzzle/Treasure-Trap.zip
Skipping Puzzle/Trugg already exists ./games/Puzzle/Trugg.zip
Skipping Puzzle/Where in Americas Past is Carmen Sandiego already exists ./games/Puzzle/Where-in-Americas-Past-is-Carmen-Sandiego.zip
Skipping Puzzle/Where in Space is Carmen Sandiego already exists ./games/Puzzle/Where-in-Space-is-Carmen-Sandiego.zip
Skipping Puzzle/Where in the USA is Carmen Sandiego already exists ./games/Puzzle/Where-in-the-USA-is-Carmen-Sandiego.zip
Skipping Puzzle/Where in the World is Carmen Sandiego already exists ./games/Puzzle/Where-in-the-World-is-Carmen-Sandiego.zip
Skipping Racing/1000 Miglia already exists ./games/Racing/1000-Miglia.zip
Skipping Racing/4x4 Off-Road Racing already exists ./games/Racing/4x4-Off-Road-Racing.zip
Skipping Racing/BC Racers already exists ./games/Racing/BC-Racers.zip
Skipping Racing/Carnage already exists ./games/Racing/Carnage.zip
Skipping Racing/Cisco Heat - All American Police Car Race already exists ./games/Racing/Cisco-Heat-All-American-Police-Car-Race.zip
Skipping Racing/Crazy Cars already exists ./games/Racing/Crazy-Cars.zip
Skipping Racing/Crazy Cars 2 already exists ./games/Racing/Crazy-Cars-2.zip
Skipping Racing/Crazy Cars 3 already exists ./games/Racing/Crazy-Cars-3.zip
Skipping Racing/Deadly Racer already exists ./games/Racing/Deadly-Racer.zip
Skipping Racing/Deathtrack already exists ./games/Racing/Deathtrack.zip
Skipping Racing/F1 World Championship Edition already exists ./games/Racing/F1-World-Championship-Edition.zip
Skipping Racing/Fire and Forget II - The Death Convoy already exists ./games/Racing/Fire-and-Forget-II-The-Death-Convoy.zip
Skipping Racing/Ford Simulator 5 already exists ./games/Racing/Ford-Simulator-5.zip
Skipping Racing/Formula 1 Grand Prix already exists ./games/Racing/Formula-1-Grand-Prix.zip
Skipping Racing/Grand Prix 500 2 already exists ./games/Racing/Grand-Prix-500-2.zip
Skipping Racing/Grand Prix Circuit already exists ./games/Racing/Grand-Prix-Circuit.zip
Skipping Racing/Ignition already exists ./games/Racing/Ignition.zip
Skipping Racing/Indianapolis 500 - The Simulation already exists ./games/Racing/Indianapolis-500-The-Simulation.zip
Skipping Racing/IndyCar Racing already exists ./games/Racing/IndyCar-Racing.zip
Skipping Racing/Ivan Iron Man Stewarts Super Off Road already exists ./games/Racing/Ivan-Iron-Man-Stewarts-Super-Off-Road.zip
Skipping Racing/Lamborghini American Challenge already exists ./games/Racing/Lamborghini-American-Challenge.zip
Skipping Racing/Lombard RAC Rally already exists ./games/Racing/Lombard-RAC-Rally.zip
Skipping Racing/Lotus - The Ultimate Challenge already exists ./games/Racing/Lotus-The-Ultimate-Challenge.zip
Skipping Racing/Micro Machines already exists ./games/Racing/Micro-Machines.zip
Skipping Racing/Micro Machines 2 - Turbo Tournament already exists ./games/Racing/Micro-Machines-2-Turbo-Tournament.zip
Skipping Racing/Nascar Racing already exists ./games/Racing/Nascar-Racing.zip
Skipping Racing/Need for Speed, The already exists ./games/Racing/Need-for-Speed-The.zip
Skipping Racing/Network Q RAC Rally already exists ./games/Racing/Network-Q-RAC-Rally.zip
Skipping Racing/OutRun already exists ./games/Racing/OutRun.zip
Skipping Racing/PC Rally already exists ./games/Racing/PC-Rally.zip
Skipping Racing/Pitstop II already exists ./games/Racing/Pitstop-II.zip
Skipping Racing/Pole Position already exists ./games/Racing/Pole-Position.zip
Skipping Racing/Power Drift already exists ./games/Racing/Power-Drift.zip
Skipping Racing/Power Drive already exists ./games/Racing/Power-Drive.zip
Skipping Racing/Quarantine already exists ./games/Racing/Quarantine.zip
Skipping Racing/Quarantine II - Road Warrior already exists ./games/Racing/Quarantine-II-Road-Warrior.zip
Skipping Racing/Re-Volt already exists ./games/Racing/Re-Volt.zip
Skipping Racing/Road Hog already exists ./games/Racing/Road-Hog.zip
Skipping Racing/Skyroads already exists ./games/Racing/Skyroads.zip
Skipping Racing/SkyRoads Xmas Special already exists ./games/Racing/SkyRoads-Xmas-Special.zip
Skipping Racing/Space Racer already exists ./games/Racing/Space-Racer.zip
Skipping Racing/Street Rod already exists ./games/Racing/Street-Rod.zip
Skipping Racing/Street Rod 2 - The Next Generation already exists ./games/Racing/Street-Rod-2-The-Next-Generation.zip
Skipping Racing/Stunt Car Racer already exists ./games/Racing/Stunt-Car-Racer.zip
Skipping Racing/Stunt Driver already exists ./games/Racing/Stunt-Driver.zip
Skipping Racing/Stunts already exists ./games/Racing/Stunts.zip
Skipping Racing/SuperKarts already exists ./games/Racing/SuperKarts.zip
Skipping Racing/Superspeed Deluxe already exists ./games/Racing/Superspeed-Deluxe.zip
Skipping Racing/Test Drive - Triple Pack already exists ./games/Racing/Test-Drive-Triple-Pack.zip
Skipping Racing/Turbo Cup already exists ./games/Racing/Turbo-Cup.zip
Skipping Racing/Vette already exists ./games/Racing/Vette.zip
Skipping RPG/Abandoned Places - A Time for Heroes already exists ./games/RPG/Abandoned-Places-A-Time-for-Heroes.zip
Skipping RPG/Al Qadim - The Genies Curse already exists ./games/RPG/Al-Qadim-The-Genies-Curse.zip
Skipping RPG/Albion already exists ./games/RPG/Albion.zip
Skipping RPG/Aleshar - World of Ice already exists ./games/RPG/Aleshar-World-of-Ice.zip
Skipping RPG/Amberstar already exists ./games/RPG/Amberstar.zip
Skipping RPG/Amulet Of Yendor already exists ./games/RPG/Amulet-Of-Yendor.zip
Skipping RPG/Amulets and Armor already exists ./games/RPG/Amulets-and-Armor.zip
Skipping RPG/Ancient Land of Ys already exists ./games/RPG/Ancient-Land-of-Ys.zip
Skipping RPG/Anvil of Dawn already exists ./games/RPG/Anvil-of-Dawn.zip
Skipping RPG/Autoduel already exists ./games/RPG/Autoduel.zip
Skipping RPG/Bad Blood already exists ./games/RPG/Bad-Blood.zip
Skipping RPG/Bards Tale - Tales of the Unknown, The already exists ./games/RPG/Bards-Tale-Tales-of-the-Unknown-The.zip
Skipping RPG/Bards Tale II - The Destiny Knight, The already exists ./games/RPG/Bards-Tale-II-The-Destiny-Knight-The.zip
Skipping RPG/Bards Tale III - Thief of Fate, The already exists ./games/RPG/Bards-Tale-III-Thief-of-Fate-The.zip
Skipping RPG/BattleTech - The Crescent Hawks Inception already exists ./games/RPG/BattleTech-The-Crescent-Hawks-Inception.zip
Skipping RPG/Blood Omen - Legacy Of Kain already exists ./games/RPG/Blood-Omen-Legacy-Of-Kain.zip
Skipping RPG/BloodNet already exists ./games/RPG/BloodNet.zip
Skipping RPG/Buck Rogers - Countdown to Doomsday already exists ./games/RPG/Buck-Rogers-Countdown-to-Doomsday.zip
Skipping RPG/Buck Rogers - Matrix Cubed already exists ./games/RPG/Buck-Rogers-Matrix-Cubed.zip
Skipping RPG/Champions of Krynn already exists ./games/RPG/Champions-of-Krynn.zip
Skipping RPG/Conan - The Cimmerian already exists ./games/RPG/Conan-The-Cimmerian.zip
Skipping RPG/Daemonsgate already exists ./games/RPG/Daemonsgate.zip
Skipping RPG/Dark Designs I - Grelminars Staff already exists ./games/RPG/Dark-Designs-I-Grelminars-Staff.zip
Skipping RPG/Dark Heart Of Uukrul, The already exists ./games/RPG/Dark-Heart-Of-Uukrul-The.zip
Skipping RPG/Dark Queen of Krynn, The already exists ./games/RPG/Dark-Queen-of-Krynn-The.zip
Skipping RPG/Darklands already exists ./games/RPG/Darklands.zip
Skipping RPG/DarkSpyre already exists ./games/RPG/DarkSpyre.zip
Skipping RPG/Death Knights of Krynn already exists ./games/RPG/Death-Knights-of-Krynn.zip
Skipping RPG/Disciples of Steel already exists ./games/RPG/Disciples-of-Steel.zip
Skipping RPG/Dragon Wars already exists ./games/RPG/Dragon-Wars.zip
Skipping RPG/Drakkhen already exists ./games/RPG/Drakkhen.zip
Skipping RPG/Dungeon Hack already exists ./games/RPG/Dungeon-Hack.zip
Skipping RPG/Dungeon Master already exists ./games/RPG/Dungeon-Master.zip
Skipping RPG/Dungeon Master II - The Legend of Skullkeep already exists ./games/RPG/Dungeon-Master-II-The-Legend-of-Skullkeep.zip
Skipping RPG/Dusk of the Gods already exists ./games/RPG/Dusk-of-the-Gods.zip
Skipping RPG/Elder Scrolls - Daggerfall, The already exists ./games/RPG/Elder-Scrolls-Daggerfall-The.zip
Skipping RPG/Eye of the Beholder already exists ./games/RPG/Eye-of-the-Beholder.zip
Downloading RPG/Eye of the Beholder II - The Legend of Darkmoon to ./games/RPG/Eye-of-the-Beholder-II-The-Legend-of-Darkmoon.zip
Waiting 2 seconds...
Downloading RPG/Eye of the Beholder III - Assault on Myth Drannor to ./games/RPG/Eye-of-the-Beholder-III-Assault-on-Myth-Drannor.zip
Waiting 1 seconds...
Downloading RPG/Faery Tale Adventure II - Halls of the Dead to ./games/RPG/Faery-Tale-Adventure-II-Halls-of-the-Dead.zip
Waiting 5 seconds...
Downloading RPG/Faery Tale Adventure, The to ./games/RPG/Faery-Tale-Adventure-The.zip
Waiting 5 seconds...
Downloading RPG/Forgotten Realms - Unlimited Adventures to ./games/RPG/Forgotten-Realms-Unlimited-Adventures.zip
Waiting 2 seconds...
Downloading RPG/Four Crystals Of Trazere, The to ./games/RPG/Four-Crystals-Of-Trazere-The.zip
Waiting 3 seconds...
Downloading RPG/Heimdall to ./games/RPG/Heimdall.zip
Waiting 4 seconds...
Downloading RPG/Heimdall 2 - Into the Hall of Worlds to ./games/RPG/Heimdall-2-Into-the-Hall-of-Worlds.zip
Waiting 5 seconds...
Downloading RPG/Hexx - Heresy of The Wizard to ./games/RPG/Hexx-Heresy-of-The-Wizard.zip
Waiting 5 seconds...
Downloading RPG/Immortal, The to ./games/RPG/Immortal-The.zip
Waiting 3 seconds...
Downloading RPG/Keef the Thief - A Boy and His Lockpick to ./games/RPG/Keef-the-Thief-A-Boy-and-His-Lockpick.zip
Waiting 5 seconds...
Downloading RPG/Keys to Maramon, The to ./games/RPG/Keys-to-Maramon-The.zip
Waiting 2 seconds...
Downloading RPG/Lands of Lore - The Throne of Chaos to ./games/RPG/Lands-of-Lore-The-Throne-of-Chaos.zip
Waiting 5 seconds...
Downloading RPG/Legacy - Realm of Terror, The to ./games/RPG/Legacy-Realm-of-Terror-The.zip
Waiting 2 seconds...
Downloading RPG/Legacy of the Ancients to ./games/RPG/Legacy-of-the-Ancients.zip
Waiting 1 seconds...
Downloading RPG/Legends of Valour to ./games/RPG/Legends-of-Valour.zip
Waiting 3 seconds...
Downloading RPG/Lord of the Rings Vol. I, The to ./games/RPG/Lord-of-the-Rings-Vol-I-The.zip
Waiting 1 seconds...
Downloading RPG/Lord of the Rings Vol. II - The Two Towers, The to ./games/RPG/Lord-of-the-Rings-Vol-II-The-Two-Towers-The.zip
Waiting 4 seconds...
Downloading RPG/Magic Candle, The to ./games/RPG/Magic-Candle-The.zip
Waiting 3 seconds...
Downloading RPG/MegaTraveller 1 - The Zhodani Conspiracy to ./games/RPG/MegaTraveller-1-The-Zhodani-Conspiracy.zip
Waiting 2 seconds...
Downloading RPG/MegaTraveller 2 - Quest for the Ancients to ./games/RPG/MegaTraveller-2-Quest-for-the-Ancients.zip
Waiting 2 seconds...
Downloading RPG/Menzoberranzan to ./games/RPG/Menzoberranzan.zip
Waiting 4 seconds...
Downloading RPG/Mines of Titan to ./games/RPG/Mines-of-Titan.zip
Waiting 3 seconds...
Downloading RPG/Moebius - The Orb of Celestial Harmony to ./games/RPG/Moebius-The-Orb-of-Celestial-Harmony.zip
Waiting 3 seconds...
Downloading RPG/Moonstone - A Hard Days Knight to ./games/RPG/Moonstone-A-Hard-Days-Knight.zip
Waiting 3 seconds...
Downloading RPG/Obitus to ./games/RPG/Obitus.zip
Waiting 2 seconds...
Downloading RPG/Phantasie III - The Wrath of Nikademus to ./games/RPG/Phantasie-III-The-Wrath-of-Nikademus.zip
Waiting 2 seconds...
Downloading RPG/Roadwar 2000 to ./games/RPG/Roadwar-2000.zip
Waiting 2 seconds...
Downloading RPG/Rogue - The Adventure Game to ./games/RPG/Rogue-The-Adventure-Game.zip
Waiting 1 seconds...
Downloading RPG/Spirit of Excalibur to ./games/RPG/Spirit-of-Excalibur.zip
Waiting 1 seconds...
Downloading RPG/Starflight to ./games/RPG/Starflight.zip
Waiting 3 seconds...
Downloading RPG/Starflight 2 - Trade Routes of the Cloud Nebula to ./games/RPG/Starflight-2-Trade-Routes-of-the-Cloud-Nebula.zip
Waiting 1 seconds...
Downloading RPG/Summoning, The to ./games/RPG/Summoning-The.zip
Waiting 1 seconds...
Downloading RPG/Times of Lore to ./games/RPG/Times-of-Lore.zip
Waiting 1 seconds...
Downloading RPG/Twilight - 2000 to ./games/RPG/Twilight-2000.zip
Waiting 2 seconds...
Downloading RPG/Ultima - Worlds of Adventure 2 - Martian Dreams to ./games/RPG/Ultima-Worlds-of-Adventure-2-Martian-Dreams.zip
Waiting 2 seconds...
Downloading RPG/Ultima IV - Quest of the Avatar to ./games/RPG/Ultima-IV-Quest-of-the-Avatar.zip
Waiting 2 seconds...
Downloading RPG/Ultima Underworld - The Stygian Abyss to ./games/RPG/Ultima-Underworld-The-Stygian-Abyss.zip
Waiting 3 seconds...
Downloading RPG/Ultima Underworld II - Labyrinth of Worlds to ./games/RPG/Ultima-Underworld-II-Labyrinth-of-Worlds.zip
Waiting 4 seconds...
Downloading RPG/Ultima V - Warriors of Destiny to ./games/RPG/Ultima-V-Warriors-of-Destiny.zip
Waiting 1 seconds...
Downloading RPG/Ultima VI - The False Prophet to ./games/RPG/Ultima-VI-The-False-Prophet.zip
Waiting 5 seconds...
Downloading RPG/Ultima VII - Part 1 - The Black Gate to ./games/RPG/Ultima-VII-Part-1-The-Black-Gate.zip
Waiting 5 seconds...
Downloading RPG/Ultima VII - Part 2 - Serpent Isle to ./games/RPG/Ultima-VII-Part-2-Serpent-Isle.zip
Waiting 1 seconds...
Downloading RPG/Ultima VIII - Pagan to ./games/RPG/Ultima-VIII-Pagan.zip
Waiting 1 seconds...
Downloading RPG/Vengeance of Excalibur to ./games/RPG/Vengeance-of-Excalibur.zip
Waiting 3 seconds...
Downloading RPG/Visions of Aftermath - The Boomtown to ./games/RPG/Visions-of-Aftermath-The-Boomtown.zip
Waiting 1 seconds...
Downloading RPG/WarWizard to ./games/RPG/WarWizard.zip
Waiting 1 seconds...
Downloading RPG/Wasteland to ./games/RPG/Wasteland.zip
Waiting 4 seconds...
Downloading RPG/Whales Voyage to ./games/RPG/Whales-Voyage.zip
Waiting 1 seconds...
Downloading RPG/Windwalker - A Tale From Moebius to ./games/RPG/Windwalker-A-Tale-From-Moebius.zip
Waiting 5 seconds...
Downloading RPG/Wizardry I - Proving Grounds of the Mad Overlord to ./games/RPG/Wizardry-I-Proving-Grounds-of-the-Mad-Overlord.zip
Waiting 5 seconds...
Downloading RPG/Wizardry VI - Bane of the Cosmic Forge to ./games/RPG/Wizardry-VI-Bane-of-the-Cosmic-Forge.zip
Waiting 2 seconds...
Downloading RPG/Wizardry VII - Crusaders of the Dark Savant to ./games/RPG/Wizardry-VII-Crusaders-of-the-Dark-Savant.zip
Waiting 5 seconds...
Downloading RPG/Wizards Castle, The to ./games/RPG/Wizards-Castle-The.zip
Waiting 1 seconds...
Downloading RPG/Worlds of Legend - Son of the Empire to ./games/RPG/Worlds-of-Legend-Son-of-the-Empire.zip
Waiting 3 seconds...
Downloading RPG/Worlds of Ultima - The Savage Empire to ./games/RPG/Worlds-of-Ultima-The-Savage-Empire.zip
Waiting 1 seconds...
Downloading Simulation/1-0 Soccer Manager to ./games/Simulation/1-0-Soccer-Manager.zip
Waiting 5 seconds...
Downloading Simulation/1869 to ./games/Simulation/1869.zip
Waiting 4 seconds...
Downloading Simulation/A-Train to ./games/Simulation/A-Train.zip
Waiting 1 seconds...
Downloading Simulation/A320 Airbus to ./games/Simulation/A320-Airbus.zip
Waiting 5 seconds...
Downloading Simulation/Aces of the Pacific to ./games/Simulation/Aces-of-the-Pacific.zip
Waiting 3 seconds...
Downloading Simulation/Aces Over Europe to ./games/Simulation/Aces-Over-Europe.zip
Waiting 5 seconds...
Downloading Simulation/Alter Ego to ./games/Simulation/Alter-Ego.zip
Waiting 4 seconds...
Downloading Simulation/Apollo 18 - Mission to the Moon to ./games/Simulation/Apollo-18-Mission-to-the-Moon.zip
Waiting 3 seconds...
Downloading Simulation/Archimedean Dynasty to ./games/Simulation/Archimedean-Dynasty.zip
Waiting 2 seconds...
Downloading Simulation/Armored Fist to ./games/Simulation/Armored-Fist.zip
Waiting 5 seconds...
Downloading Simulation/B-17 Flying Fortress to ./games/Simulation/B-17-Flying-Fortress.zip
Waiting 3 seconds...
Downloading Simulation/Begin 2 - A Tactical Starship Simulation to ./games/Simulation/Begin-2-A-Tactical-Starship-Simulation.zip
Waiting 2 seconds...
Downloading Simulation/Big Game Fishing to ./games/Simulation/Big-Game-Fishing.zip
Waiting 4 seconds...
Downloading Simulation/Black Monday to ./games/Simulation/Black-Monday.zip
Waiting 4 seconds...
Downloading Simulation/Blue Max - Aces of the Great War to ./games/Simulation/Blue-Max-Aces-of-the-Great-War.zip
Waiting 1 seconds...
Downloading Simulation/Buzz Aldrins Race into Space to ./games/Simulation/Buzz-Aldrins-Race-into-Space.zip
Waiting 5 seconds...
Downloading Simulation/Caesar II to ./games/Simulation/Caesar-II.zip
Waiting 3 seconds...
Downloading Simulation/Championship Manager to ./games/Simulation/Championship-Manager.zip
Waiting 1 seconds...
Downloading Simulation/Charlie Chaplin to ./games/Simulation/Charlie-Chaplin.zip
Waiting 1 seconds...
Downloading Simulation/Das Boot - German U-Boat Simulation to ./games/Simulation/Das-Boot-German-U-Boat-Simulation.zip
Waiting 5 seconds...
Downloading Simulation/Dawn Patrol to ./games/Simulation/Dawn-Patrol.zip
Waiting 3 seconds...
Downloading Simulation/Day of the Pharaoh to ./games/Simulation/Day-of-the-Pharaoh.zip
Waiting 3 seconds...
Downloading Simulation/Detroit to ./games/Simulation/Detroit.zip
Waiting 3 seconds...
Downloading Simulation/Dinopark Tycoon to ./games/Simulation/Dinopark-Tycoon.zip
Waiting 1 seconds...
Downloading Simulation/Dive Bomber to ./games/Simulation/Dive-Bomber.zip
Waiting 1 seconds...
Downloading Simulation/Elite to ./games/Simulation/Elite.zip
Waiting 5 seconds...
Downloading Simulation/Elite Plus to ./games/Simulation/Elite-Plus.zip
Waiting 1 seconds...
Downloading Simulation/F-117A Stealth Fighter 2.0 to ./games/Simulation/F-117A-Stealth-Fighter-2-0.zip
Waiting 3 seconds...
Downloading Simulation/F-19 Stealth Fighter to ./games/Simulation/F-19-Stealth-Fighter.zip
Waiting 2 seconds...
Downloading Simulation/F29 Retaliator to ./games/Simulation/F29-Retaliator.zip
Waiting 5 seconds...
Downloading Simulation/Football Manager 3 to ./games/Simulation/Football-Manager-3.zip
Waiting 4 seconds...
Downloading Simulation/Free Enterprise to ./games/Simulation/Free-Enterprise.zip
Waiting 3 seconds...
Downloading Simulation/Frontier - First Encounters to ./games/Simulation/Frontier-First-Encounters.zip
Waiting 3 seconds...
Downloading Simulation/Grand Prix Manager 2 to ./games/Simulation/Grand-Prix-Manager-2.zip
Waiting 3 seconds...
Downloading Simulation/Great Naval Battles - North Atlantic 1939-1943 to ./games/Simulation/Great-Naval-Battles-North-Atlantic-1939-1943.zip
Waiting 5 seconds...
Downloading Simulation/Halls of Montezuma to ./games/Simulation/Halls-of-Montezuma.zip
Waiting 5 seconds...
Downloading Simulation/Harrier Jump Jet to ./games/Simulation/Harrier-Jump-Jet.zip
Waiting 2 seconds...
Downloading Simulation/HIND - The Russian Combat Helicopter Simulation to ./games/Simulation/HIND-The-Russian-Combat-Helicopter-Simulation.zip
Waiting 4 seconds...
Downloading Simulation/Holiday Island to ./games/Simulation/Holiday-Island.zip
Waiting 4 seconds...
Downloading Simulation/Life and Death to ./games/Simulation/Life-and-Death.zip
Waiting 5 seconds...
Downloading Simulation/Life and Death 2 - The Brain to ./games/Simulation/Life-and-Death-2-The-Brain.zip
Waiting 2 seconds...
Downloading Simulation/Lion to ./games/Simulation/Lion.zip
Waiting 3 seconds...
Downloading Simulation/Lost Dutchman Mine to ./games/Simulation/Lost-Dutchman-Mine.zip
Waiting 3 seconds...
Downloading Simulation/Lost Patrol, The to ./games/Simulation/Lost-Patrol-The.zip
Waiting 3 seconds...
Downloading Simulation/Lost Tribe, The to ./games/Simulation/Lost-Tribe-The.zip
Waiting 1 seconds...
Downloading Simulation/Lunar Command to ./games/Simulation/Lunar-Command.zip
Interruption registered!
Waiting 4 seconds...
Interrupting...
