Skipping Action/007 - Licence to Kill already exists ./games/Action/007-Licence-to-Kill.zip
Skipping Action/A Nightmare On Elm Street already exists ./games/Action/A-Nightmare-On-Elm-Street.zip
Skipping Action/Aaargh! already exists ./games/Action/Aaargh-.zip
Skipping Action/Abuse already exists ./games/Action/Abuse.zip
Skipping Action/Action Fighter already exists ./games/Action/Action-Fighter.zip
Skipping Action/Airborne Ranger already exists ./games/Action/Airborne-Ranger.zip
Skipping Action/Airlift Rescue already exists ./games/Action/Airlift-Rescue.zip
Skipping Action/Alcatraz already exists ./games/Action/Alcatraz.zip
Skipping Action/Alien Carnage - Halloween Harry already exists ./games/Action/Alien-Carnage-Halloween-Harry.zip
Skipping Action/Alien Rampage already exists ./games/Action/Alien-Rampage.zip
Skipping Action/Alien Syndrome already exists ./games/Action/Alien-Syndrome.zip
Skipping Action/Alien Trilogy already exists ./games/Action/Alien-Trilogy.zip
Skipping Action/Alley Cat already exists ./games/Action/Alley-Cat.zip
Skipping Action/Altered Beast already exists ./games/Action/Altered-Beast.zip
Skipping Action/Aquaphobia already exists ./games/Action/Aquaphobia.zip
Skipping Action/Armor Alley already exists ./games/Action/Armor-Alley.zip
Skipping Action/Ashes of Empire already exists ./games/Action/Ashes-of-Empire.zip
Skipping Action/Assault Trooper already exists ./games/Action/Assault-Trooper.zip
Skipping Action/Asterix - Operation Getafix already exists ./games/Action/Asterix-Operation-Getafix.zip
Skipping Action/Baal already exists ./games/Action/Baal.zip
Skipping Action/Baby Jo in Going Home already exists ./games/Action/Baby-Jo-in-Going-Home.zip
Skipping Action/Back to the Future Part II already exists ./games/Action/Back-to-the-Future-Part-II.zip
Skipping Action/Back to the Future Part III already exists ./games/Action/Back-to-the-Future-Part-III.zip
Skipping Action/Bad Street Brawler already exists ./games/Action/Bad-Street-Brawler.zip
Skipping Action/Barbarian already exists ./games/Action/Barbarian.zip
Skipping Action/Barbarian II - Dungeons of Drax already exists ./games/Action/Barbarian-II-Dungeons-of-Drax.zip
Skipping Action/Batman Forever already exists ./games/Action/Batman-Forever.zip
Skipping Action/Battle Wrath already exists ./games/Action/Battle-Wrath.zip
Skipping Action/Battlezone already exists ./games/Action/Battlezone.zip
Skipping Action/Bermuda Syndrome already exists ./games/Action/Bermuda-Syndrome.zip
Skipping Action/Beverly Hills Cop already exists ./games/Action/Beverly-Hills-Cop.zip
Skipping Action/Blackthorne already exists ./games/Action/Blackthorne.zip
Skipping Action/Bram Stokers Dracula already exists ./games/Action/Bram-Stokers-Dracula.zip
Skipping Action/Bruce Lee already exists ./games/Action/Bruce-Lee.zip
Skipping Action/Cabal already exists ./games/Action/Cabal.zip
Skipping Action/Cannon Fodder 2 already exists ./games/Action/Cannon-Fodder-2.zip
Skipping Action/Captain Bible in the Dome of Darkness already exists ./games/Action/Captain-Bible-in-the-Dome-of-Darkness.zip
Skipping Action/Chaos Engine, The already exists ./games/Action/Chaos-Engine-The.zip
Skipping Action/Chasm - The Rift already exists ./games/Action/Chasm-The-Rift.zip
Skipping Action/Cold Dreams already exists ./games/Action/Cold-Dreams.zip
Skipping Action/Commander Keen 6 - Aliens Ate My Baby Sitter already exists ./games/Action/Commander-Keen-6-Aliens-Ate-My-Baby-Sitter.zip
Skipping Action/Corridor 7: Alien Invasion already exists ./games/Action/Corridor-7-Alien-Invasion.zip
Skipping Action/Crime Wave already exists ./games/Action/Crime-Wave.zip
Skipping Action/Crusader - No Remorse already exists ./games/Action/Crusader-No-Remorse.zip
Skipping Action/Cyberlaw already exists ./games/Action/Cyberlaw.zip
Skipping Action/CyberRace already exists ./games/Action/CyberRace.zip
Skipping Action/CyClones already exists ./games/Action/CyClones.zip
Skipping Action/D-Generation already exists ./games/Action/D-Generation.zip
Skipping Action/Dalek Attack already exists ./games/Action/Dalek-Attack.zip
Skipping Action/Dark Ages - Prince of Destiny already exists ./games/Action/Dark-Ages-Prince-of-Destiny.zip
Skipping Action/Death Sword already exists ./games/Action/Death-Sword.zip
Skipping Action/Deer Avenger already exists ./games/Action/Deer-Avenger.zip
Skipping Action/Demon Blue already exists ./games/Action/Demon-Blue.zip
Skipping Action/Desert Strike - Return to the Gulf already exists ./games/Action/Desert-Strike-Return-to-the-Gulf.zip
Skipping Action/Die Hard already exists ./games/Action/Die-Hard.zip
Skipping Action/Double Dragon already exists ./games/Action/Double-Dragon.zip
Skipping Action/Double Dragon II - The Revenge already exists ./games/Action/Double-Dragon-II-The-Revenge.zip
Skipping Action/Double Dragon III - The Rosetta Stone already exists ./games/Action/Double-Dragon-III-The-Rosetta-Stone.zip
Skipping Action/Dragon Force - The Day 3 already exists ./games/Action/Dragon-Force-The-Day-3.zip
Skipping Action/Dragon's Lair - Escape from Singe's Castle already exists ./games/Action/Dragon-s-Lair-Escape-from-Singe-s-Castle.zip
Skipping Action/Dylan Dog - The Murderers already exists ./games/Action/Dylan-Dog-The-Murderers.zip
Skipping Action/Eojjeonji Joheun Il-i Saenggil Geot Gateun Jeonyeok already exists ./games/Action/Eojjeonji-Joheun-Il-i-Saenggil-Geot-Gateun-Jeonyeok.zip
Skipping Action/Epic already exists ./games/Action/Epic.zip
Skipping Action/Eracha already exists ./games/Action/Eracha.zip
Skipping Action/Eye of Horus already exists ./games/Action/Eye-of-Horus.zip
Skipping Action/Feud already exists ./games/Action/Feud.zip
Skipping Action/Fiendish Freddys Big Top O Fun already exists ./games/Action/Fiendish-Freddys-Big-Top-O-Fun.zip
Skipping Action/Flashback (CD) already exists ./games/Action/Flashback-CD-.zip
Skipping Action/Flashback (DOS) already exists ./games/Action/Flashback-DOS-.zip
Skipping Action/Fox Ranger already exists ./games/Action/Fox-Ranger.zip
Skipping Action/Franko - The Crazy Revenge already exists ./games/Action/Franko-The-Crazy-Revenge.zip
Skipping Action/Ghostbusters II already exists ./games/Action/Ghostbusters-II.zip
Skipping Action/Ghosts N Goblins already exists ./games/Action/Ghosts-N-Goblins.zip
Skipping Action/Gladiator already exists ./games/Action/Gladiator.zip
Skipping Action/Godfather, The already exists ./games/Action/Godfather-The.zip
Skipping Action/Goonies, The already exists ./games/Action/Goonies-The.zip
Skipping Action/Guy Spy and the Crystals of Armageddon already exists ./games/Action/Guy-Spy-and-the-Crystals-of-Armageddon.zip
Skipping Action/Highway Hunter already exists ./games/Action/Highway-Hunter.zip
Skipping Action/Horror Zombies from the Crypt already exists ./games/Action/Horror-Zombies-from-the-Crypt.zip
Skipping Action/Hostage - Rescue Mission already exists ./games/Action/Hostage-Rescue-Mission.zip
Skipping Action/I.M. Meen already exists ./games/Action/I-M-Meen.zip
Skipping Action/Impossible Mission II already exists ./games/Action/Impossible-Mission-II.zip
Skipping Action/In Search of Dr. Riptide already exists ./games/Action/In-Search-of-Dr-Riptide.zip
Skipping Action/Inca already exists ./games/Action/Inca.zip
Skipping Action/Indiana Jones and the Temple of Doom already exists ./games/Action/Indiana-Jones-and-the-Temple-of-Doom.zip
Skipping Action/Infiltrator already exists ./games/Action/Infiltrator.zip
Skipping Action/International Karate already exists ./games/Action/International-Karate.zip
Skipping Action/International Ninja Rabbits already exists ./games/Action/International-Ninja-Rabbits.zip
Skipping Action/Into The Eagles Nest already exists ./games/Action/Into-The-Eagles-Nest.zip
Skipping Action/Isle Of The Dead already exists ./games/Action/Isle-Of-The-Dead.zip
Skipping Action/James Pond 2 - Codename RoboCod already exists ./games/Action/James-Pond-2-Codename-RoboCod.zip
Skipping Action/Jazz Jackrabbit 2 already exists ./games/Action/Jazz-Jackrabbit-2.zip
Skipping Action/Jazz Jackrabbit 2 - The Secret Files already exists ./games/Action/Jazz-Jackrabbit-2-The-Secret-Files.zip
Skipping Action/Jazz Jackrabbit Holiday Hare 1995 already exists ./games/Action/Jazz-Jackrabbit-Holiday-Hare-1995.zip
Skipping Action/Jill of the Jungle already exists ./games/Action/Jill-of-the-Jungle.zip
Skipping Action/Jill of the Jungle - Jill Goes Underground already exists ./games/Action/Jill-of-the-Jungle-Jill-Goes-Underground.zip
Skipping Action/Jill of the Jungle - Jill Saves the Prince already exists ./games/Action/Jill-of-the-Jungle-Jill-Saves-the-Prince.zip
Skipping Action/Jim Power in Mutant Planet already exists ./games/Action/Jim-Power-in-Mutant-Planet.zip
Skipping Action/Jonny Quest - Curse of the Mayan Warriors already exists ./games/Action/Jonny-Quest-Curse-of-the-Mayan-Warriors.zip
Skipping Action/Jungle Strike already exists ./games/Action/Jungle-Strike.zip
Skipping Action/Jurassic Park already exists ./games/Action/Jurassic-Park.zip
Skipping Action/Karateka already exists ./games/Action/Karateka.zip
Skipping Action/Krazy Ivan already exists ./games/Action/Krazy-Ivan.zip
Skipping Action/Kwik Snax already exists ./games/Action/Kwik-Snax.zip
Skipping Action/Last Ninja 2: Back with a Vengeance already exists ./games/Action/Last-Ninja-2-Back-with-a-Vengeance.zip
Skipping Action/Last Ninja, The already exists ./games/Action/Last-Ninja-The.zip
Skipping Action/Lion King, The already exists ./games/Action/Lion-King-The.zip
Skipping Action/Lost City of Atlantis, The already exists ./games/Action/Lost-City-of-Atlantis-The.zip
Skipping Action/Lost Vikings, The already exists ./games/Action/Lost-Vikings-The.zip
Skipping Action/Magic Carpet already exists ./games/Action/Magic-Carpet.zip
Skipping Action/Marathon 2 - Durandal already exists ./games/Action/Marathon-2-Durandal.zip
Skipping Action/McDonald Land already exists ./games/Action/McDonald-Land.zip
Skipping Action/Mechwarrior already exists ./games/Action/Mechwarrior.zip
Skipping Action/Metal Gear already exists ./games/Action/Metal-Gear.zip
Skipping Action/Montezuma's Return already exists ./games/Action/Montezuma-s-Return.zip
Skipping Action/Moonwalker already exists ./games/Action/Moonwalker.zip
Skipping Action/Mortal Kombat Trilogy already exists ./games/Action/Mortal-Kombat-Trilogy.zip
Skipping Action/Mouser already exists ./games/Action/Mouser.zip
Skipping Action/Narco Police already exists ./games/Action/Narco-Police.zip
Skipping Action/Nebulus already exists ./games/Action/Nebulus.zip
Skipping Action/Nightmare Creatures already exists ./games/Action/Nightmare-Creatures.zip
Skipping Action/Ninja Rabbits already exists ./games/Action/Ninja-Rabbits.zip
Skipping Action/No Respect already exists ./games/Action/No-Respect.zip
Skipping Action/North & South already exists ./games/Action/North-South.zip
Skipping Action/Operation Body Count already exists ./games/Action/Operation-Body-Count.zip
Skipping Action/Overkill already exists ./games/Action/Overkill.zip
Skipping Action/Paperboy 2 already exists ./games/Action/Paperboy-2.zip
Skipping Action/Platoon already exists ./games/Action/Platoon.zip
Skipping Action/Pocahontas already exists ./games/Action/Pocahontas.zip
Skipping Action/Popeye 2 already exists ./games/Action/Popeye-2.zip
Skipping Action/Powerslave (aka Exhumed) already exists ./games/Action/Powerslave-aka-Exhumed-.zip
Skipping Action/Prince of Persia already exists ./games/Action/Prince-of-Persia.zip
Skipping Action/Prince of Persia 2 - The Shadow & The Flame already exists ./games/Action/Prince-of-Persia-2-The-Shadow-The-Flame.zip
Skipping Action/Prophecy 1 - The Viking Child already exists ./games/Action/Prophecy-1-The-Viking-Child.zip
Skipping Action/Punisher, The already exists ./games/Action/Punisher-The.zip
Skipping Action/Pyrotechnica already exists ./games/Action/Pyrotechnica.zip
Skipping Action/Quatra Command already exists ./games/Action/Quatra-Command.zip
Skipping Action/Radix: Beyond the Void already exists ./games/Action/Radix-Beyond-the-Void.zip
Skipping Action/Raiden already exists ./games/Action/Raiden.zip
Skipping Action/Rambo III already exists ./games/Action/Rambo-III.zip
Skipping Action/Rampart already exists ./games/Action/Rampart.zip
Skipping Action/Sand Storm already exists ./games/Action/Sand-Storm.zip
Skipping Action/Shadow Knights already exists ./games/Action/Shadow-Knights.zip
Skipping Action/Shadow Man already exists ./games/Action/Shadow-Man.zip
Skipping Action/Silpheed already exists ./games/Action/Silpheed.zip
Skipping Action/Sinbad and the Throne of the Falcon already exists ./games/Action/Sinbad-and-the-Throne-of-the-Falcon.zip
Skipping Action/Sky Shark already exists ./games/Action/Sky-Shark.zip
Skipping Action/Sleepwalker already exists ./games/Action/Sleepwalker.zip
Skipping Action/Sonic CD already exists ./games/Action/Sonic-CD.zip
Skipping Action/Special Forces already exists ./games/Action/Special-Forces.zip
Skipping Action/Star Lord already exists ./games/Action/Star-Lord.zip
Skipping Action/Star Trek V - The Final Frontier already exists ./games/Action/Star-Trek-V-The-Final-Frontier.zip
Skipping Action/Star Wars - The Arcade Game already exists ./games/Action/Star-Wars-The-Arcade-Game.zip
Skipping Action/Starquake already exists ./games/Action/Starquake.zip
Skipping Action/Still Hunt already exists ./games/Action/Still-Hunt.zip
Skipping Action/Stormlord already exists ./games/Action/Stormlord.zip
Skipping Action/Strife already exists ./games/Action/Strife.zip
Skipping Action/Striker already exists ./games/Action/Striker.zip
Skipping Action/Suburban Commando already exists ./games/Action/Suburban-Commando.zip
Skipping Action/Super Street Fighter II Turbo already exists ./games/Action/Super-Street-Fighter-II-Turbo.zip
Skipping Action/Super Trio already exists ./games/Action/Super-Trio.zip
Skipping Action/System Shock already exists ./games/Action/System-Shock.zip
Skipping Action/Teenage Mutant Ninja Turtles already exists ./games/Action/Teenage-Mutant-Ninja-Turtles.zip
Skipping Action/Teenage Mutant Ninja Turtles - Manhattan Missions already exists ./games/Action/Teenage-Mutant-Ninja-Turtles-Manhattan-Missions.zip
Skipping Action/Terminal Terror already exists ./games/Action/Terminal-Terror.zip
Skipping Action/Terminator 2 - Judgment Day already exists ./games/Action/Terminator-2-Judgment-Day.zip
Skipping Action/Theatre of Death already exists ./games/Action/Theatre-of-Death.zip
Skipping Action/Theatre of Pain already exists ./games/Action/Theatre-of-Pain.zip
Skipping Action/Thexder already exists ./games/Action/Thexder.zip
Skipping Action/Titanic already exists ./games/Action/Titanic.zip
Skipping Action/Tom & Jerry Cat-astrophe already exists ./games/Action/Tom-Jerry-Cat-astrophe.zip
Skipping Action/Tom and Jerry already exists ./games/Action/Tom-and-Jerry.zip
Skipping Action/Tough Guy already exists ./games/Action/Tough-Guy.zip
Skipping Action/Traffic Department 2192 already exists ./games/Action/Traffic-Department-2192.zip
Skipping Action/Troddlers already exists ./games/Action/Troddlers.zip
Skipping Action/Tubular Worlds already exists ./games/Action/Tubular-Worlds.zip
Skipping Action/Turok - Dinosaur Hunter already exists ./games/Action/Turok-Dinosaur-Hunter.zip
Skipping Action/Turrican II - The Final Fight already exists ./games/Action/Turrican-II-The-Final-Fight.zip
Skipping Action/Tyrian 2000 already exists ./games/Action/Tyrian-2000.zip
Skipping Action/Ulises already exists ./games/Action/Ulises.zip
Skipping Action/Untouchables, The already exists ./games/Action/Untouchables-The.zip
Skipping Action/Vigilance on Talos V already exists ./games/Action/Vigilance-on-Talos-V.zip
Skipping Action/Weird Dreams already exists ./games/Action/Weird-Dreams.zip
Skipping Action/West Adventure already exists ./games/Action/West-Adventure.zip
Skipping Action/Whizz already exists ./games/Action/Whizz.zip
Skipping Action/Wing Commander Academy already exists ./games/Action/Wing-Commander-Academy.zip
Skipping Action/Wings of Fury already exists ./games/Action/Wings-of-Fury.zip
Skipping Action/Wrath of Earth already exists ./games/Action/Wrath-of-Earth.zip
Skipping Action/X-Men - Madness in Murderworld already exists ./games/Action/X-Men-Madness-in-Murderworld.zip
Skipping Action/X-Men 2 - The Fall of the Mutants already exists ./games/Action/X-Men-2-The-Fall-of-the-Mutants.zip
Skipping Action/Xatax already exists ./games/Action/Xatax.zip
Skipping Action/Xenocide already exists ./games/Action/Xenocide.zip
Skipping Action/Xenon already exists ./games/Action/Xenon.zip
Skipping Action/Xenophage - Alien BloodSport already exists ./games/Action/Xenophage-Alien-BloodSport.zip
Skipping Action/XQuest already exists ./games/Action/XQuest.zip
Skipping Action/Yogho Yogho spel already exists ./games/Action/Yogho-Yogho-spel.zip
Skipping Action/Zona 0 already exists ./games/Action/Zona-0.zip
Skipping Action/Zone 66 already exists ./games/Action/Zone-66.zip
Skipping Action/Zorro already exists ./games/Action/Zorro.zip
Skipping Adventure/A Mind Forever Voyaging already exists ./games/Adventure/A-Mind-Forever-Voyaging.zip
Skipping Adventure/Abbey of Montglane, The already exists ./games/Adventure/Abbey-of-Montglane-The.zip
Skipping Adventure/Acheton already exists ./games/Adventure/Acheton.zip
Skipping Adventure/Adventure already exists ./games/Adventure/Adventure.zip
Skipping Adventure/Adventure in Serenia already exists ./games/Adventure/Adventure-in-Serenia.zip
Skipping Adventure/Adventures of Robin Hood, The already exists ./games/Adventure/Adventures-of-Robin-Hood-The.zip
Skipping Adventure/Adventures of Willy Beamish, The already exists ./games/Adventure/Adventures-of-Willy-Beamish-The.zip
Skipping Adventure/African Adventure already exists ./games/Adventure/African-Adventure.zip
Skipping Adventure/Alice in Wonderland already exists ./games/Adventure/Alice-in-Wonderland.zip
Skipping Adventure/Alien Incident already exists ./games/Adventure/Alien-Incident.zip
Skipping Adventure/Alien Virus already exists ./games/Adventure/Alien-Virus.zip
Skipping Adventure/Alone in the Dark already exists ./games/Adventure/Alone-in-the-Dark.zip
Skipping Adventure/Alone in the Dark 2 already exists ./games/Adventure/Alone-in-the-Dark-2.zip
Skipping Adventure/Altered Destiny already exists ./games/Adventure/Altered-Destiny.zip
Skipping Adventure/Amazon already exists ./games/Adventure/Amazon.zip
Skipping Adventure/Amazon - Guardians of Eden already exists ./games/Adventure/Amazon-Guardians-of-Eden.zip
Skipping Adventure/Amnesia already exists ./games/Adventure/Amnesia.zip
Skipping Adventure/An American Tail - Fievel Goes West already exists ./games/Adventure/An-American-Tail-Fievel-Goes-West.zip
Skipping Adventure/Armaeth - The Lost Kingdom already exists ./games/Adventure/Armaeth-The-Lost-Kingdom.zip
Skipping Adventure/Arthur - The Quest for Excalibur already exists ./games/Adventure/Arthur-The-Quest-for-Excalibur.zip
Skipping Adventure/B.A.T. already exists ./games/Adventure/B-A-T-.zip
Skipping Adventure/B.A.T. II - The Koshan Conspiracy already exists ./games/Adventure/B-A-T-II-The-Koshan-Conspiracy.zip
Skipping Adventure/Bargon Attack already exists ./games/Adventure/Bargon-Attack.zip
Skipping Adventure/Batman - The Caped Crusader already exists ./games/Adventure/Batman-The-Caped-Crusader.zip
Skipping Adventure/Beverly Hillbillies, The already exists ./games/Adventure/Beverly-Hillbillies-The.zip
Skipping Adventure/Big Red Adventure, The already exists ./games/Adventure/Big-Red-Adventure-The.zip
Skipping Adventure/Bill and Teds Excellent Adventure already exists ./games/Adventure/Bill-and-Teds-Excellent-Adventure.zip
Skipping Adventure/Bioforge already exists ./games/Adventure/Bioforge.zip
Skipping Adventure/Black Sect already exists ./games/Adventure/Black-Sect.zip
Skipping Adventure/Blackstar - Agent of Justice already exists ./games/Adventure/Blackstar-Agent-of-Justice.zip
Skipping Adventure/Blue Force already exists ./games/Adventure/Blue-Force.zip
Skipping Adventure/Cadaver already exists ./games/Adventure/Cadaver.zip
Skipping Adventure/Call of Cthulhu - Shadow of the Comet already exists ./games/Adventure/Call-of-Cthulhu-Shadow-of-the-Comet.zip
Skipping Adventure/Castle Adventure already exists ./games/Adventure/Castle-Adventure.zip
Skipping Adventure/Castle Ralf already exists ./games/Adventure/Castle-Ralf.zip
Skipping Adventure/Codename - ICEMAN already exists ./games/Adventure/Codename-ICEMAN.zip
Skipping Adventure/Companions of Xanth already exists ./games/Adventure/Companions-of-Xanth.zip
Skipping Adventure/Conquests of Camelot - The Search for the Grail already exists ./games/Adventure/Conquests-of-Camelot-The-Search-for-the-Grail.zip
Skipping Adventure/Conquests of the Longbow - The Legend of Robin Hood already exists ./games/Adventure/Conquests-of-the-Longbow-The-Legend-of-Robin-Hood.zip
Skipping Adventure/Countdown already exists ./games/Adventure/Countdown.zip
Skipping Adventure/Crime City already exists ./games/Adventure/Crime-City.zip
Skipping Adventure/Crime Time already exists ./games/Adventure/Crime-Time.zip
Skipping Adventure/Cruise for a Corpse already exists ./games/Adventure/Cruise-for-a-Corpse.zip
Skipping Adventure/Curse of Enchantia already exists ./games/Adventure/Curse-of-Enchantia.zip
Skipping Adventure/Dark Half, The already exists ./games/Adventure/Dark-Half-The.zip
Skipping Adventure/Dark Seed already exists ./games/Adventure/Dark-Seed.zip
Skipping Adventure/Dark Seed II already exists ./games/Adventure/Dark-Seed-II.zip
Skipping Adventure/Daughter of Serpents (a.k.a. The Scroll) already exists ./games/Adventure/Daughter-of-Serpents-a-k-a-The-Scroll-.zip
Skipping Adventure/Death Gate already exists ./games/Adventure/Death-Gate.zip
Skipping Adventure/Deep Space Drifter already exists ./games/Adventure/Deep-Space-Drifter.zip
Skipping Adventure/Defender of Boston - The Rock Island Mystery already exists ./games/Adventure/Defender-of-Boston-The-Rock-Island-Mystery.zip
Skipping Adventure/Deja Vu - A Nightmare Comes True already exists ./games/Adventure/Deja-Vu-A-Nightmare-Comes-True.zip
Skipping Adventure/Denarius Avaricius Sextus already exists ./games/Adventure/Denarius-Avaricius-Sextus.zip
Skipping Adventure/Discworld already exists ./games/Adventure/Discworld.zip
Skipping Adventure/Dragonsphere already exists ./games/Adventure/Dragonsphere.zip
Skipping Adventure/DreamWeb already exists ./games/Adventure/DreamWeb.zip
Skipping Adventure/Dune already exists ./games/Adventure/Dune.zip
Skipping Adventure/Dylan Dog - Through the Looking Glass already exists ./games/Adventure/Dylan-Dog-Through-the-Looking-Glass.zip
Skipping Adventure/Eagle Eye Mysteries already exists ./games/Adventure/Eagle-Eye-Mysteries.zip
Skipping Adventure/EcoQuest - The Search for Cetus already exists ./games/Adventure/EcoQuest-The-Search-for-Cetus.zip
Skipping Adventure/EcoQuest 2 - Lost Secret of the Rainforest already exists ./games/Adventure/EcoQuest-2-Lost-Secret-of-the-Rainforest.zip
Skipping Adventure/Ecstatica already exists ./games/Adventure/Ecstatica.zip
Skipping Adventure/Enchanter already exists ./games/Adventure/Enchanter.zip
Skipping Adventure/Eric the Unready already exists ./games/Adventure/Eric-the-Unready.zip
Skipping Adventure/Escape from Delirium already exists ./games/Adventure/Escape-from-Delirium.zip
Skipping Adventure/Eternam already exists ./games/Adventure/Eternam.zip
Skipping Adventure/Fable already exists ./games/Adventure/Fable.zip
Skipping Adventure/Fatty Bears Birthday Surprise already exists ./games/Adventure/Fatty-Bears-Birthday-Surprise.zip
Skipping Adventure/Fish! already exists ./games/Adventure/Fish-.zip
Skipping Adventure/Freddy Pharkas - Frontier Pharmacist already exists ./games/Adventure/Freddy-Pharkas-Frontier-Pharmacist.zip
Skipping Adventure/Future Wars - Time Travellers already exists ./games/Adventure/Future-Wars-Time-Travellers.zip
Skipping Adventure/Gateway 2 - Homeworld already exists ./games/Adventure/Gateway-2-Homeworld.zip
Skipping Adventure/Gene Machine, The already exists ./games/Adventure/Gene-Machine-The.zip
Skipping Adventure/Gold Rush already exists ./games/Adventure/Gold-Rush.zip
Skipping Adventure/Great Escape, The already exists ./games/Adventure/Great-Escape-The.zip
Skipping Adventure/Guild of Thieves, The already exists ./games/Adventure/Guild-of-Thieves-The.zip
Skipping Adventure/Guilty already exists ./games/Adventure/Guilty.zip
Skipping Adventure/Heart of China already exists ./games/Adventure/Heart-of-China.zip
Skipping Adventure/Hitchhikers Guide to the Galaxy, The already exists ./games/Adventure/Hitchhikers-Guide-to-the-Galaxy-The.zip
Skipping Adventure/Hook already exists ./games/Adventure/Hook.zip
Skipping Adventure/Igor - Objective Uikokahonia already exists ./games/Adventure/Igor-Objective-Uikokahonia.zip
Skipping Adventure/Innocent Until Caught already exists ./games/Adventure/Innocent-Until-Caught.zip
Skipping Adventure/Inspector Gadget - Global Terror! already exists ./games/Adventure/Inspector-Gadget-Global-Terror-.zip
Skipping Adventure/Iron Lord already exists ./games/Adventure/Iron-Lord.zip
Skipping Adventure/Jack in the Dark already exists ./games/Adventure/Jack-in-the-Dark.zip
Skipping Adventure/Jack The Ripper already exists ./games/Adventure/Jack-The-Ripper.zip
Skipping Adventure/James Clavells Shogun already exists ./games/Adventure/James-Clavells-Shogun.zip
Skipping Adventure/KGB aka Conspiracy already exists ./games/Adventure/KGB-aka-Conspiracy.zip
Skipping Adventure/King of Chicago, The already exists ./games/Adventure/King-of-Chicago-The.zip
Skipping Adventure/Kronolog - The Nazi Paradox already exists ./games/Adventure/Kronolog-The-Nazi-Paradox.zip
Skipping Adventure/Last Half of Darkness already exists ./games/Adventure/Last-Half-of-Darkness.zip
Skipping Adventure/Last Half of Darkness VGA already exists ./games/Adventure/Last-Half-of-Darkness-VGA.zip
Skipping Adventure/Laura Bow 1 - The Colonels Bequest already exists ./games/Adventure/Laura-Bow-1-The-Colonels-Bequest.zip
Skipping Adventure/Laura Bow 2 - The Dagger of Amon-Ra already exists ./games/Adventure/Laura-Bow-2-The-Dagger-of-Amon-Ra.zip
Skipping Adventure/Leather Goddesses of Phobos already exists ./games/Adventure/Leather-Goddesses-of-Phobos.zip
Skipping Adventure/Leather Goddesses of Phobos 2 already exists ./games/Adventure/Leather-Goddesses-of-Phobos-2.zip
Skipping Adventure/Legend of Kyrandia 1, The already exists ./games/Adventure/Legend-of-Kyrandia-1-The.zip
Skipping Adventure/Legend of Kyrandia 2 - Hand of Fate, The already exists ./games/Adventure/Legend-of-Kyrandia-2-Hand-of-Fate-The.zip
Skipping Adventure/Legend of Kyrandia 3 - Malcolms Revenge, The already exists ./games/Adventure/Legend-of-Kyrandia-3-Malcolms-Revenge-The.zip
Skipping Adventure/Leisure Suit Larry 1 - in the Land of the Lounge Lizards already exists ./games/Adventure/Leisure-Suit-Larry-1-in-the-Land-of-the-Lounge-Lizards.zip
Skipping Adventure/Les Manley in - Lost in L.A. already exists ./games/Adventure/Les-Manley-in-Lost-in-L-A-.zip
Skipping Adventure/Les Manley in - Search for The King already exists ./games/Adventure/Les-Manley-in-Search-for-The-King.zip
Skipping Adventure/Litil Divil already exists ./games/Adventure/Litil-Divil.zip
Skipping Adventure/Little Big Adventure - Twinsens Adventure already exists ./games/Adventure/Little-Big-Adventure-Twinsens-Adventure.zip
Skipping Adventure/Lord Avalot already exists ./games/Adventure/Lord-Avalot.zip
Skipping Adventure/Lost Files of Sherlock Holmes - The Case of Serrated Scalpel, The already exists ./games/Adventure/Lost-Files-of-Sherlock-Holmes-The-Case-of-Serrated-Scalpel-The.zip
Skipping Adventure/Lost in Time already exists ./games/Adventure/Lost-in-Time.zip
Skipping Adventure/Lurking Horror, The already exists ./games/Adventure/Lurking-Horror-The.zip
Skipping Adventure/Manhunter - New York already exists ./games/Adventure/Manhunter-New-York.zip
Skipping Adventure/Manhunter 2 - San Francisco already exists ./games/Adventure/Manhunter-2-San-Francisco.zip
Skipping Adventure/Maupiti Island already exists ./games/Adventure/Maupiti-Island.zip
Skipping Adventure/Mixed Up Fairy Tales already exists ./games/Adventure/Mixed-Up-Fairy-Tales.zip
Skipping Adventure/Mixed-Up Mother Goose already exists ./games/Adventure/Mixed-Up-Mother-Goose.zip
Skipping Adventure/Mixed-Up Mother Goose VGA already exists ./games/Adventure/Mixed-Up-Mother-Goose-VGA.zip
Skipping Adventure/Murders in Space already exists ./games/Adventure/Murders-in-Space.zip
Skipping Adventure/Murders in Venice already exists ./games/Adventure/Murders-in-Venice.zip
Skipping Adventure/Neuromancer already exists ./games/Adventure/Neuromancer.zip
Skipping Adventure/Nippon Safes, Inc. already exists ./games/Adventure/Nippon-Safes-Inc-.zip
Skipping Adventure/Peppers Adventures in Time already exists ./games/Adventure/Peppers-Adventures-in-Time.zip
Skipping Adventure/Plan 9 from Outer Space already exists ./games/Adventure/Plan-9-from-Outer-Space.zip
Skipping Adventure/Planets Edge already exists ./games/Adventure/Planets-Edge.zip
Skipping Adventure/Police Quest - In Pursuit of the Death Angel already exists ./games/Adventure/Police-Quest-In-Pursuit-of-the-Death-Angel.zip
Skipping Adventure/Project Nomad already exists ./games/Adventure/Project-Nomad.zip
Skipping Adventure/Protostar - War on the Frontier already exists ./games/Adventure/Protostar-War-on-the-Frontier.zip
Skipping Adventure/Quest for Glory - So you want to be a Hero already exists ./games/Adventure/Quest-for-Glory-So-you-want-to-be-a-Hero.zip
Skipping Adventure/Quest for Glory - So You Want To Be A Hero VGA already exists ./games/Adventure/Quest-for-Glory-So-You-Want-To-Be-A-Hero-VGA.zip
Skipping Adventure/Quest for Glory II - Trial by Fire already exists ./games/Adventure/Quest-for-Glory-II-Trial-by-Fire.zip
Skipping Adventure/Quest for Glory III - Wages of War already exists ./games/Adventure/Quest-for-Glory-III-Wages-of-War.zip
Skipping Adventure/Quest for Glory IV - Shadows of Darkness already exists ./games/Adventure/Quest-for-Glory-IV-Shadows-of-Darkness.zip
Skipping Adventure/Questprobe Featuring Human Torch And The Thing (Fantastic Four) already exists ./games/Adventure/Questprobe-Featuring-Human-Torch-And-The-Thing-Fantastic-Four-.zip
Skipping Adventure/Questprobe Featuring Spider-Man already exists ./games/Adventure/Questprobe-Featuring-Spider-Man.zip
Skipping Adventure/Questprobe Featuring The Hulk already exists ./games/Adventure/Questprobe-Featuring-The-Hulk.zip
Skipping Adventure/Return Of The Phantom already exists ./games/Adventure/Return-Of-The-Phantom.zip
Skipping Adventure/Return to Ringworld already exists ./games/Adventure/Return-to-Ringworld.zip
Skipping Adventure/Rex Nebular and the Cosmic Gender-Bender already exists ./games/Adventure/Rex-Nebular-and-the-Cosmic-Gender-Bender.zip
Skipping Adventure/Ringworld - Revenge of the Patriarch already exists ./games/Adventure/Ringworld-Revenge-of-the-Patriarch.zip
Skipping Adventure/Rise of the Dragon already exists ./games/Adventure/Rise-of-the-Dragon.zip
Skipping Adventure/ShadowCaster already exists ./games/Adventure/ShadowCaster.zip
Skipping Adventure/Shadowgate already exists ./games/Adventure/Shadowgate.zip
Skipping Adventure/Shadows of Mordor, The already exists ./games/Adventure/Shadows-of-Mordor-The.zip
Skipping Adventure/Shannara already exists ./games/Adventure/Shannara.zip
Skipping Adventure/Shogun already exists ./games/Adventure/Shogun.zip
Skipping Adventure/Snoopy and Peanuts already exists ./games/Adventure/Snoopy-and-Peanuts.zip
Skipping Adventure/Softporn Adventure already exists ./games/Adventure/Softporn-Adventure.zip
Skipping Adventure/Space Quest - The Sarien Encounter already exists ./games/Adventure/Space-Quest-The-Sarien-Encounter.zip
Skipping Adventure/Spellcasting 101 - Sorcerers get all the Girls already exists ./games/Adventure/Spellcasting-101-Sorcerers-get-all-the-Girls.zip
Skipping Adventure/Spellcasting 201 - The Sorcerers Appliance already exists ./games/Adventure/Spellcasting-201-The-Sorcerers-Appliance.zip
Skipping Adventure/Spellcasting 301 - Spring Break already exists ./games/Adventure/Spellcasting-301-Spring-Break.zip
Skipping Adventure/Star Control II already exists ./games/Adventure/Star-Control-II.zip
Skipping Adventure/Star Trek - 25th Anniversary already exists ./games/Adventure/Star-Trek-25th-Anniversary.zip
Skipping Adventure/Star Trek - Judgment Rites already exists ./games/Adventure/Star-Trek-Judgment-Rites.zip
Skipping Adventure/Star Trek - The Kobayashi Alternative already exists ./games/Adventure/Star-Trek-The-Kobayashi-Alternative.zip
Skipping Adventure/Star Trek - The Next Generation - The Transinium Challenge already exists ./games/Adventure/Star-Trek-The-Next-Generation-The-Transinium-Challenge.zip
Skipping Adventure/Star Trek - The Promethean Prophecy already exists ./games/Adventure/Star-Trek-The-Promethean-Prophecy.zip
Skipping Adventure/Star Trek - The Rebel Universe already exists ./games/Adventure/Star-Trek-The-Rebel-Universe.zip
Skipping Adventure/Superhero League of Hoboken already exists ./games/Adventure/Superhero-League-of-Hoboken.zip
Skipping Adventure/Time Paradox already exists ./games/Adventure/Time-Paradox.zip
Skipping Adventure/Total Eclipse already exists ./games/Adventure/Total-Eclipse.zip
Skipping Adventure/Touche - The Adventures of the 5th Musketeer already exists ./games/Adventure/Touche-The-Adventures-of-the-5th-Musketeer.zip
Skipping Adventure/Uninvited (DOS) already exists ./games/Adventure/Uninvited-DOS-.zip
Skipping Adventure/Uninvited (Windows) already exists ./games/Adventure/Uninvited-Windows-.zip
Skipping Adventure/Universe already exists ./games/Adventure/Universe.zip
Skipping Adventure/Veil of Darkness already exists ./games/Adventure/Veil-of-Darkness.zip
Skipping Adventure/Waynes World already exists ./games/Adventure/Waynes-World.zip
Skipping Adventure/Ween - The Prophecy already exists ./games/Adventure/Ween-The-Prophecy.zip
Skipping Adventure/Where in Europe is Carmen Sandiego already exists ./games/Adventure/Where-in-Europe-is-Carmen-Sandiego.zip
Skipping Adventure/Where in Time is Carmen Sandiego already exists ./games/Adventure/Where-in-Time-is-Carmen-Sandiego.zip
Skipping Adventure/Where Time Stood Still already exists ./games/Adventure/Where-Time-Stood-Still.zip
Skipping Adventure/Wishbringer already exists ./games/Adventure/Wishbringer.zip
Skipping Arcade/Adventures of Tintin - Prisoners of the Sun, The already exists ./games/Arcade/Adventures-of-Tintin-Prisoners-of-the-Sun-The.zip
Skipping Arcade/All Dogs Go To Heaven already exists ./games/Arcade/All-Dogs-Go-To-Heaven.zip
Skipping Arcade/Amazing Spider-Man, The already exists ./games/Arcade/Amazing-Spider-Man-The.zip
Skipping Arcade/Antarctic Adventure already exists ./games/Arcade/Antarctic-Adventure.zip
Skipping Arcade/Apple Panic already exists ./games/Arcade/Apple-Panic.zip
Skipping Arcade/Arkanoid already exists ./games/Arcade/Arkanoid.zip
Skipping Arcade/Arkanoid II - Revenge of Doh already exists ./games/Arcade/Arkanoid-II-Revenge-of-Doh.zip
Skipping Arcade/Asterix & Obelix already exists ./games/Arcade/Asterix-Obelix.zip
Skipping Arcade/Attack already exists ./games/Arcade/Attack.zip
Skipping Arcade/Barbie - A Fun-filled Adventure already exists ./games/Arcade/Barbie-A-Fun-filled-Adventure.zip
Skipping Arcade/Barbie - Super Model already exists ./games/Arcade/Barbie-Super-Model.zip
Skipping Arcade/BCs Quest for Tires already exists ./games/Arcade/BCs-Quest-for-Tires.zip
Skipping Arcade/Beethovens 2nd already exists ./games/Arcade/Beethovens-2nd.zip
Skipping Arcade/Beetlejuice in - Skeletons in the Closet already exists ./games/Arcade/Beetlejuice-in-Skeletons-in-the-Closet.zip
Skipping Arcade/Bio Menace already exists ./games/Arcade/Bio-Menace.zip
Skipping Arcade/Bionic Commando already exists ./games/Arcade/Bionic-Commando.zip
Skipping Arcade/Blues Brothers - Jukebox Adventure, The already exists ./games/Arcade/Blues-Brothers-Jukebox-Adventure-The.zip
Skipping Arcade/Blues Brothers, The already exists ./games/Arcade/Blues-Brothers-The.zip
Skipping Arcade/Boulder Dash already exists ./games/Arcade/Boulder-Dash.zip
Skipping Arcade/Bouncing Babies already exists ./games/Arcade/Bouncing-Babies.zip
Skipping Arcade/Brutal - Paws of Fury already exists ./games/Arcade/Brutal-Paws-of-Fury.zip
Skipping Arcade/Brutal - Paws of Fury Remix already exists ./games/Arcade/Brutal-Paws-of-Fury-Remix.zip
Skipping Arcade/Bubble Bobble already exists ./games/Arcade/Bubble-Bobble.zip
Skipping Arcade/Buck Rogers - Planet of Zoom already exists ./games/Arcade/Buck-Rogers-Planet-of-Zoom.zip
Skipping Arcade/Buggy Ranger already exists ./games/Arcade/Buggy-Ranger.zip
Skipping Arcade/Bugs Bunny Hare-Brained Adventure, The already exists ./games/Arcade/Bugs-Bunny-Hare-Brained-Adventure-The.zip
Skipping Arcade/Bumpys Arcade Fantasy already exists ./games/Arcade/Bumpys-Arcade-Fantasy.zip
Skipping Arcade/BurgerTime already exists ./games/Arcade/BurgerTime.zip
Skipping Arcade/Bust-A-Move already exists ./games/Arcade/Bust-A-Move.zip
Skipping Arcade/Captain Dynamo already exists ./games/Arcade/Captain-Dynamo.zip
Skipping Arcade/Castlevania already exists ./games/Arcade/Castlevania.zip
Skipping Arcade/CD-Man already exists ./games/Arcade/CD-Man.zip
Skipping Arcade/Centipede already exists ./games/Arcade/Centipede.zip
Skipping Arcade/Congo Bongo already exists ./games/Arcade/Congo-Bongo.zip
Skipping Arcade/Cool Croc Twins already exists ./games/Arcade/Cool-Croc-Twins.zip
Skipping Arcade/Cool Spot already exists ./games/Arcade/Cool-Spot.zip
Skipping Arcade/Crossbow - The Legend of William Tell already exists ./games/Arcade/Crossbow-The-Legend-of-William-Tell.zip
Skipping Arcade/Dangerous Dave already exists ./games/Arcade/Dangerous-Dave.zip
Skipping Arcade/Deathbringer already exists ./games/Arcade/Deathbringer.zip
Skipping Arcade/Dig Dug already exists ./games/Arcade/Dig-Dug.zip
Skipping Arcade/Dig It already exists ./games/Arcade/Dig-It.zip
Skipping Arcade/Digger (1983) already exists ./games/Arcade/Digger-1983-.zip
Skipping Arcade/Digger Remastered already exists ./games/Arcade/Digger-Remastered.zip
Skipping Arcade/Dino - Lost in Bedrock already exists ./games/Arcade/Dino-Lost-in-Bedrock.zip
Skipping Arcade/Dizzy - Bubble already exists ./games/Arcade/Dizzy-Bubble.zip
Skipping Arcade/Dizzy - Fantasy World already exists ./games/Arcade/Dizzy-Fantasy-World.zip
Skipping Arcade/Dizzy - Fast Food already exists ./games/Arcade/Dizzy-Fast-Food.zip
Skipping Arcade/Dizzy - Magicland already exists ./games/Arcade/Dizzy-Magicland.zip
Skipping Arcade/Dizzy - Prince of the Yolkfolk already exists ./games/Arcade/Dizzy-Prince-of-the-Yolkfolk.zip
Skipping Arcade/Dizzy - The Fantastic Adventures of Dizzy already exists ./games/Arcade/Dizzy-The-Fantastic-Adventures-of-Dizzy.zip
Skipping Arcade/DJ Puffs Volcanic Capers already exists ./games/Arcade/DJ-Puffs-Volcanic-Capers.zip
Skipping Arcade/Donkey already exists ./games/Arcade/Donkey.zip
Skipping Arcade/Donkey Kong already exists ./games/Arcade/Donkey-Kong.zip
Skipping Arcade/Dragons - A Challenge in Chivalry already exists ./games/Arcade/Dragons-A-Challenge-in-Chivalry.zip
Skipping Arcade/DStroy already exists ./games/Arcade/DStroy.zip
Skipping Arcade/Dyna Blaster already exists ./games/Arcade/Dyna-Blaster.zip
Skipping Arcade/Electranoid already exists ./games/Arcade/Electranoid.zip
Skipping Arcade/Elf already exists ./games/Arcade/Elf.zip
Skipping Arcade/First Samurai, The already exists ./games/Arcade/First-Samurai-The.zip
Skipping Arcade/Frogger already exists ./games/Arcade/Frogger.zip
Skipping Arcade/Frogger II - Three Deep already exists ./games/Arcade/Frogger-II-Three-Deep.zip
Skipping Arcade/Fury of the Furries already exists ./games/Arcade/Fury-of-the-Furries.zip
Skipping Arcade/Galaxian already exists ./games/Arcade/Galaxian.zip
Skipping Arcade/Gargoyle Medieval Pack already exists ./games/Arcade/Gargoyle-Medieval-Pack.zip
Skipping Arcade/Gauntlet already exists ./games/Arcade/Gauntlet.zip
Skipping Arcade/Gauntlet II already exists ./games/Arcade/Gauntlet-II.zip
Skipping Arcade/Geekwad - Games of the Galaxy, The already exists ./games/Arcade/Geekwad-Games-of-the-Galaxy-The.zip
Skipping Arcade/Ghostbusters already exists ./games/Arcade/Ghostbusters.zip
Skipping Arcade/Gods already exists ./games/Arcade/Gods.zip
Skipping Arcade/Golden Axe already exists ./games/Arcade/Golden-Axe.zip
Skipping Arcade/Hammer Boy already exists ./games/Arcade/Hammer-Boy.zip
Skipping Arcade/Home Alone already exists ./games/Arcade/Home-Alone.zip
Skipping Arcade/Home Alone 2 - Lost In New York already exists ./games/Arcade/Home-Alone-2-Lost-In-New-York.zip
Skipping Arcade/J-Bird already exists ./games/Arcade/J-Bird.zip
Skipping Arcade/Joe and Mac - Caveman Ninja already exists ./games/Arcade/Joe-and-Mac-Caveman-Ninja.zip
Skipping Arcade/Joust CGA already exists ./games/Arcade/Joust-CGA.zip
Skipping Arcade/Joust VGA already exists ./games/Arcade/Joust-VGA.zip
Skipping Arcade/Jungle Jack already exists ./games/Arcade/Jungle-Jack.zip
Skipping Arcade/Knight Games already exists ./games/Arcade/Knight-Games.zip
Skipping Arcade/Krustys Fun House already exists ./games/Arcade/Krustys-Fun-House.zip
Skipping Arcade/Legends already exists ./games/Arcade/Legends.zip
Skipping Arcade/Livingstone, I Presume already exists ./games/Arcade/Livingstone-I-Presume.zip
Skipping Arcade/Lode Runner already exists ./games/Arcade/Lode-Runner.zip
Skipping Arcade/Lollypop already exists ./games/Arcade/Lollypop.zip
Skipping Arcade/Magic Pockets already exists ./games/Arcade/Magic-Pockets.zip
Skipping Arcade/Manhole already exists ./games/Arcade/Manhole.zip
Skipping Arcade/Mario Brothers VGA already exists ./games/Arcade/Mario-Brothers-VGA.zip
Skipping Arcade/Mine Bombers already exists ./games/Arcade/Mine-Bombers.zip
Skipping Arcade/Miner 2049er already exists ./games/Arcade/Miner-2049er.zip
Skipping Arcade/Montezuma's Revenge already exists ./games/Arcade/Montezuma-s-Revenge.zip
Skipping Arcade/Monty Pythons Flying Circus already exists ./games/Arcade/Monty-Pythons-Flying-Circus.zip
Skipping Arcade/Monuments of Mars already exists ./games/Arcade/Monuments-of-Mars.zip
Skipping Arcade/Mortal Kombat already exists ./games/Arcade/Mortal-Kombat.zip
Skipping Arcade/Mortal Kombat II already exists ./games/Arcade/Mortal-Kombat-II.zip
Skipping Arcade/Ms. Pac-Man already exists ./games/Arcade/Ms-Pac-Man.zip
Skipping Arcade/Mushroom Mania already exists ./games/Arcade/Mushroom-Mania.zip
Skipping Arcade/Ninja already exists ./games/Arcade/Ninja.zip
Skipping Arcade/Ninja Gaiden II - The Dark Sword of Chaos already exists ./games/Arcade/Ninja-Gaiden-II-The-Dark-Sword-of-Chaos.zip
Skipping Arcade/Oliver and Company already exists ./games/Arcade/Oliver-and-Company.zip
Skipping Arcade/Operation Wolf already exists ./games/Arcade/Operation-Wolf.zip
Skipping Arcade/Oscar already exists ./games/Arcade/Oscar.zip
Skipping Arcade/Outer Ridge already exists ./games/Arcade/Outer-Ridge.zip
Skipping Arcade/OverKill - The Six Planet Mega-Blast already exists ./games/Arcade/OverKill-The-Six-Planet-Mega-Blast.zip
Skipping Arcade/Pac In Time already exists ./games/Arcade/Pac-In-Time.zip
Skipping Arcade/Pac-Man already exists ./games/Arcade/Pac-Man.zip
Skipping Arcade/Pacmania already exists ./games/Arcade/Pacmania.zip
Skipping Arcade/Pandemonium already exists ./games/Arcade/Pandemonium.zip
Skipping Arcade/Pang already exists ./games/Arcade/Pang.zip
Skipping Arcade/Paperboy already exists ./games/Arcade/Paperboy.zip
Skipping Arcade/Paratrooper already exists ./games/Arcade/Paratrooper.zip
Skipping Arcade/PC-Man already exists ./games/Arcade/PC-Man.zip
Skipping Arcade/Perestroika already exists ./games/Arcade/Perestroika.zip
Skipping Arcade/Pharaoh's Tomb already exists ./games/Arcade/Pharaoh-s-Tomb.zip
Skipping Arcade/Pit-Fighter already exists ./games/Arcade/Pit-Fighter.zip
Skipping Arcade/Popcorn already exists ./games/Arcade/Popcorn.zip
Skipping Arcade/Prehistorik already exists ./games/Arcade/Prehistorik.zip
Skipping Arcade/Prehistorik 2 already exists ./games/Arcade/Prehistorik-2.zip
Skipping Arcade/Pyramids of Egypt already exists ./games/Arcade/Pyramids-of-Egypt.zip
Skipping Arcade/Qix already exists ./games/Arcade/Qix.zip
Skipping Arcade/Quik The Thunder Rabbit already exists ./games/Arcade/Quik-The-Thunder-Rabbit.zip
Skipping Arcade/Rad Warrior already exists ./games/Arcade/Rad-Warrior.zip
Skipping Arcade/Rampage already exists ./games/Arcade/Rampage.zip
Skipping Arcade/Rick Dangerous Pack already exists ./games/Arcade/Rick-Dangerous-Pack.zip
Skipping Arcade/Risky Woods already exists ./games/Arcade/Risky-Woods.zip
Skipping Arcade/Robocop already exists ./games/Arcade/Robocop.zip
Skipping Arcade/Secret Agent already exists ./games/Arcade/Secret-Agent.zip
Skipping Arcade/Seymour Goes To Hollywood already exists ./games/Arcade/Seymour-Goes-To-Hollywood.zip
Skipping Arcade/Silverball already exists ./games/Arcade/Silverball.zip
Skipping Arcade/Simpsons - Bart vs the Space Mutants, The already exists ./games/Arcade/Simpsons-Bart-vs-the-Space-Mutants-The.zip
Skipping Arcade/Simpsons - Barts House of Weirdness, The already exists ./games/Arcade/Simpsons-Barts-House-of-Weirdness-The.zip
Skipping Arcade/Skull & Crossbones already exists ./games/Arcade/Skull-Crossbones.zip
Skipping Arcade/Smurfs, The already exists ./games/Arcade/Smurfs-The.zip
Skipping Arcade/Snipes already exists ./games/Arcade/Snipes.zip
Skipping Arcade/Soccer Kid already exists ./games/Arcade/Soccer-Kid.zip
Skipping Arcade/Sopwith already exists ./games/Arcade/Sopwith.zip
Skipping Arcade/Space Invaders already exists ./games/Arcade/Space-Invaders.zip
Skipping Arcade/Spy vs Spy III - Arctic Antics already exists ./games/Arcade/Spy-vs-Spy-III-Arctic-Antics.zip
Skipping Arcade/Star Goose already exists ./games/Arcade/Star-Goose.zip
Skipping Arcade/Steg the Slug already exists ./games/Arcade/Steg-the-Slug.zip
Skipping Arcade/Street Ball already exists ./games/Arcade/Street-Ball.zip
Skipping Arcade/Street Fighter already exists ./games/Arcade/Street-Fighter.zip
Skipping Arcade/Street Fighter II already exists ./games/Arcade/Street-Fighter-II.zip
Skipping Arcade/Styx already exists ./games/Arcade/Styx.zip
Skipping Arcade/Super Stardust already exists ./games/Arcade/Super-Stardust.zip
Skipping Arcade/Tapper already exists ./games/Arcade/Tapper.zip
Skipping Arcade/Terminator 2 - The Arcade Game already exists ./games/Arcade/Terminator-2-The-Arcade-Game.zip
Skipping Arcade/Tintin on the Moon already exists ./games/Arcade/Tintin-on-the-Moon.zip
Skipping Arcade/Titus the Fox - To Marrakech and Back already exists ./games/Arcade/Titus-the-Fox-To-Marrakech-and-Back.zip
Skipping Arcade/Trog already exists ./games/Arcade/Trog.zip
Skipping Arcade/Trolls already exists ./games/Arcade/Trolls.zip
Skipping Arcade/Turoid already exists ./games/Arcade/Turoid.zip
Skipping Arcade/Ugh already exists ./games/Arcade/Ugh.zip
Skipping Arcade/Vlak already exists ./games/Arcade/Vlak.zip
Skipping Arcade/Volfied already exists ./games/Arcade/Volfied.zip
Skipping Arcade/Willy the Worm already exists ./games/Arcade/Willy-the-Worm.zip
Skipping Arcade/Wrath of the Demon already exists ./games/Arcade/Wrath-of-the-Demon.zip
Skipping Arcade/WWF European Rampage Tour already exists ./games/Arcade/WWF-European-Rampage-Tour.zip
Skipping Arcade/WWF In Your House already exists ./games/Arcade/WWF-In-Your-House.zip
Skipping Arcade/WWF Wrestlemania - The Arcade Game already exists ./games/Arcade/WWF-Wrestlemania-The-Arcade-Game.zip
Skipping Arcade/Xenon 2 Megablast already exists ./games/Arcade/Xenon-2-Megablast.zip
Skipping Arcade/Zaxxon already exists ./games/Arcade/Zaxxon.zip
Skipping Arcade/Zeliard already exists ./games/Arcade/Zeliard.zip
Skipping Arcade/Zool already exists ./games/Arcade/Zool.zip
Skipping Arcade/Zool 2 already exists ./games/Arcade/Zool-2.zip
Skipping Board/221 B Baker St. already exists ./games/Board/221-B-Baker-St-.zip
Skipping Board/5th Fleet, The already exists ./games/Board/5th-Fleet-The.zip
Skipping Board/8088 Othello already exists ./games/Board/8088-Othello.zip
Skipping Board/Advanced Civilization already exists ./games/Board/Advanced-Civilization.zip
Skipping Board/Archon - The Light and the Dark already exists ./games/Board/Archon-The-Light-and-the-Dark.zip
Skipping Board/Archon Ultra already exists ./games/Board/Archon-Ultra.zip
Skipping Board/Backgammon already exists ./games/Board/Backgammon.zip
Skipping Board/Battle Chess already exists ./games/Board/Battle-Chess.zip
Skipping Board/Bicycle Holiday already exists ./games/Board/Bicycle-Holiday.zip
Skipping Board/Blood Bowl already exists ./games/Board/Blood-Bowl.zip
Downloading Board/Bobby Fischer Teaches Chess to ./games/Board/Bobby-Fischer-Teaches-Chess.zip
Waiting 5 seconds...
Downloading Board/Bush Buck - Global Treasure Hunter to ./games/Board/Bush-Buck-Global-Treasure-Hunter.zip
Waiting 4 seconds...
Downloading Board/Christmas Matchup! to ./games/Board/Christmas-Matchup-.zip
Waiting 4 seconds...
Downloading Board/Clue - Master Detective to ./games/Board/Clue-Master-Detective.zip
Waiting 5 seconds...
Downloading Board/Davidic Matchup to ./games/Board/Davidic-Matchup.zip
Waiting 5 seconds...
Downloading Board/Dracula in London to ./games/Board/Dracula-in-London.zip
Waiting 4 seconds...
Downloading Board/Grandmaster Chess to ./games/Board/Grandmaster-Chess.zip
Waiting 3 seconds...
Downloading Board/Hero Quest to ./games/Board/Hero-Quest.zip
Waiting 2 seconds...
Downloading Board/Hexxagon to ./games/Board/Hexxagon.zip
Waiting 1 seconds...
Downloading Board/Hexxagon 2 to ./games/Board/Hexxagon-2.zip
Waiting 1 seconds...
Downloading Board/Hoyle Official Book of Games - Volume 1 to ./games/Board/Hoyle-Official-Book-of-Games-Volume-1.zip
Waiting 4 seconds...
Downloading Board/Jesus Matchup to ./games/Board/Jesus-Matchup.zip
Waiting 4 seconds...
Downloading Board/Jones in the Fast Lane to ./games/Board/Jones-in-the-Fast-Lane.zip
Waiting 1 seconds...
Downloading Board/Kings Table - The Legend of Ragnarok to ./games/Board/Kings-Table-The-Legend-of-Ragnarok.zip
Waiting 4 seconds...
Downloading Board/Mah Jongg VGA to ./games/Board/Mah-Jongg-VGA.zip
Waiting 3 seconds...
Downloading Board/Maker's Matchup to ./games/Board/Maker-s-Matchup.zip
Waiting 2 seconds...
Downloading Board/Mario's Game Gallery to ./games/Board/Mario-s-Game-Gallery.zip
Waiting 1 seconds...
Downloading Board/Monopoly Deluxe to ./games/Board/Monopoly-Deluxe.zip
Waiting 2 seconds...
Downloading Board/Moses Matchup to ./games/Board/Moses-Matchup.zip
Waiting 2 seconds...
Downloading Board/National Lampoons Chess Maniac Five Billion and One to ./games/Board/National-Lampoons-Chess-Maniac-Five-Billion-and-One.zip
Waiting 2 seconds...
Downloading Board/Ogre to ./games/Board/Ogre.zip
Waiting 1 seconds...
Downloading Board/Risk - The World Conquest Game to ./games/Board/Risk-The-World-Conquest-Game.zip
Waiting 4 seconds...
Downloading Board/Ruckus Poker to ./games/Board/Ruckus-Poker.zip
Waiting 3 seconds...
Downloading Board/Scrabble - Deluxe Edition to ./games/Board/Scrabble-Deluxe-Edition.zip
Waiting 3 seconds...
Downloading Board/Spot to ./games/Board/Spot.zip
Waiting 2 seconds...
Downloading Board/Star Wars Chess to ./games/Board/Star-Wars-Chess.zip
Waiting 5 seconds...
Downloading Board/Stratego to ./games/Board/Stratego.zip
Waiting 4 seconds...
Downloading Board/Three Fold to ./games/Board/Three-Fold.zip
Waiting 5 seconds...
Downloading Board/Trivial Pursuit Deluxe to ./games/Board/Trivial-Pursuit-Deluxe.zip
Waiting 5 seconds...
Downloading Board/Ultimate Cards to ./games/Board/Ultimate-Cards.zip
Waiting 1 seconds...
Downloading Puzzle/7 Colors to ./games/Puzzle/7-Colors.zip
Waiting 4 seconds...
Downloading Puzzle/Agent USA to ./games/Puzzle/Agent-USA.zip
Waiting 5 seconds...
Downloading Puzzle/Alpha Waves to ./games/Puzzle/Alpha-Waves.zip
Waiting 5 seconds...
Downloading Puzzle/Amazing Maze to ./games/Puzzle/Amazing-Maze.zip
Waiting 2 seconds...
Downloading Puzzle/Atomix to ./games/Puzzle/Atomix.zip
Waiting 5 seconds...
Downloading Puzzle/Avish to ./games/Puzzle/Avish.zip
Waiting 5 seconds...
Downloading Puzzle/Black Hole to ./games/Puzzle/Black-Hole.zip
Waiting 3 seconds...
Downloading Puzzle/Blockout to ./games/Puzzle/Blockout.zip
Waiting 4 seconds...
Downloading Puzzle/Bombuzal to ./games/Puzzle/Bombuzal.zip
Waiting 5 seconds...
Downloading Puzzle/Boppin' to ./games/Puzzle/Boppin-.zip
Waiting 5 seconds...
Downloading Puzzle/Brix to ./games/Puzzle/Brix.zip
Waiting 4 seconds...
Downloading Puzzle/Bubble Ghost to ./games/Puzzle/Bubble-Ghost.zip
Waiting 1 seconds...
Downloading Puzzle/Castle of Dr. Brain to ./games/Puzzle/Castle-of-Dr-Brain.zip
Waiting 2 seconds...
Downloading Puzzle/Chip's Challenge to ./games/Puzzle/Chip-s-Challenge.zip
Waiting 2 seconds...
Downloading Puzzle/Classic Concentration to ./games/Puzzle/Classic-Concentration.zip
Waiting 5 seconds...
Downloading Puzzle/Clockwiser to ./games/Puzzle/Clockwiser.zip
Waiting 1 seconds...
Downloading Puzzle/Columbus Discovery to ./games/Puzzle/Columbus-Discovery.zip
Waiting 1 seconds...
Downloading Puzzle/Contraption Zack to ./games/Puzzle/Contraption-Zack.zip
Waiting 2 seconds...
Downloading Puzzle/Creepers to ./games/Puzzle/Creepers.zip
Waiting 2 seconds...
Downloading Puzzle/Crystal Maze, The to ./games/Puzzle/Crystal-Maze-The.zip
Waiting 3 seconds...
Downloading Puzzle/Daffy Duck, PI - The Case Of Missing Letters to ./games/Puzzle/Daffy-Duck-PI-The-Case-Of-Missing-Letters.zip
Waiting 1 seconds...
Downloading Puzzle/Dedale to ./games/Puzzle/Dedale.zip
Waiting 3 seconds...
Downloading Puzzle/Diamond Ball 3 to ./games/Puzzle/Diamond-Ball-3.zip
Waiting 2 seconds...
Downloading Puzzle/Discovering America to ./games/Puzzle/Discovering-America.zip
Waiting 2 seconds...
Downloading Puzzle/Elements to ./games/Puzzle/Elements.zip
Waiting 3 seconds...
Downloading Puzzle/Entombed to ./games/Puzzle/Entombed.zip
Waiting 4 seconds...
Downloading Puzzle/Family Feud to ./games/Puzzle/Family-Feud.zip
Waiting 3 seconds...
Downloading Puzzle/Flagger to ./games/Puzzle/Flagger.zip
Waiting 5 seconds...
Downloading Puzzle/Gear Works to ./games/Puzzle/Gear-Works.zip
Waiting 4 seconds...
Downloading Puzzle/Gertrudes Secrets to ./games/Puzzle/Gertrudes-Secrets.zip
Waiting 5 seconds...
Downloading Puzzle/Holiday Lemmings Pack to ./games/Puzzle/Holiday-Lemmings-Pack.zip
Waiting 4 seconds...
Downloading Puzzle/Humans, The to ./games/Puzzle/Humans-The.zip
Waiting 2 seconds...
Downloading Puzzle/Incredible Machine 2, The to ./games/Puzzle/Incredible-Machine-2-The.zip
Waiting 3 seconds...
Downloading Puzzle/Incredible Machine, The to ./games/Puzzle/Incredible-Machine-The.zip
Waiting 2 seconds...
Downloading Puzzle/Ishido - The Way of Stones to ./games/Puzzle/Ishido-The-Way-of-Stones.zip
Waiting 1 seconds...
Downloading Puzzle/Island of Dr. Brain, The to ./games/Puzzle/Island-of-Dr-Brain-The.zip
Waiting 4 seconds...
Downloading Puzzle/Klax to ./games/Puzzle/Klax.zip
Waiting 4 seconds...
Downloading Puzzle/Laser Light to ./games/Puzzle/Laser-Light.zip
Waiting 5 seconds...
Downloading Puzzle/Lemmings to ./games/Puzzle/Lemmings.zip
Waiting 2 seconds...
Downloading Puzzle/Lemmings 2 - The Tribes to ./games/Puzzle/Lemmings-2-The-Tribes.zip
Waiting 5 seconds...
Downloading Puzzle/Lemmings Chronicles, The to ./games/Puzzle/Lemmings-Chronicles-The.zip
Waiting 5 seconds...
Downloading Puzzle/Locomotion to ./games/Puzzle/Locomotion.zip
Waiting 3 seconds...
Downloading Puzzle/Lost Mind of Dr. Brain, The to ./games/Puzzle/Lost-Mind-of-Dr-Brain-The.zip
Waiting 1 seconds...
Downloading Puzzle/Mission UFO - A Solar System Odyssey to ./games/Puzzle/Mission-UFO-A-Solar-System-Odyssey.zip
Waiting 4 seconds...
Downloading Puzzle/Museum Madness to ./games/Puzzle/Museum-Madness.zip
Waiting 2 seconds...
Downloading Puzzle/Mystery at the Museums to ./games/Puzzle/Mystery-at-the-Museums.zip
Waiting 4 seconds...
Downloading Puzzle/Oh no - More Lemmings to ./games/Puzzle/Oh-no-More-Lemmings.zip
Waiting 2 seconds...
Downloading Puzzle/Oils Well to ./games/Puzzle/Oils-Well.zip
Waiting 1 seconds...
Downloading Puzzle/One Step Beyond to ./games/Puzzle/One-Step-Beyond.zip
Waiting 1 seconds...
Downloading Puzzle/Origamo to ./games/Puzzle/Origamo.zip
Waiting 4 seconds...
Downloading Puzzle/Pipe Mania to ./games/Puzzle/Pipe-Mania.zip
Waiting 1 seconds...
Downloading Puzzle/Pushover to ./games/Puzzle/Pushover.zip
Waiting 1 seconds...
Downloading Puzzle/Quadrel to ./games/Puzzle/Quadrel.zip
Waiting 4 seconds...
Downloading Puzzle/Quarky & Quaysoo's Turbo Science to ./games/Puzzle/Quarky-Quaysoo-s-Turbo-Science.zip
Waiting 2 seconds...
Downloading Puzzle/Robot Odyssey to ./games/Puzzle/Robot-Odyssey.zip
Waiting 3 seconds...
Downloading Puzzle/Rockys Boots to ./games/Puzzle/Rockys-Boots.zip
Waiting 2 seconds...
Downloading Puzzle/S.C.Out to ./games/Puzzle/S-C-Out.zip
Waiting 4 seconds...
Downloading Puzzle/Scooter's Magic Castle to ./games/Puzzle/Scooter-s-Magic-Castle.zip
Waiting 5 seconds...
Downloading Puzzle/Secret Island of Dr. Quandary, The to ./games/Puzzle/Secret-Island-of-Dr-Quandary-The.zip
Waiting 5 seconds...
Downloading Puzzle/Sesame Street - Letter-Go-Round to ./games/Puzzle/Sesame-Street-Letter-Go-Round.zip
Waiting 2 seconds...
Downloading Puzzle/Sink or Swim to ./games/Puzzle/Sink-or-Swim.zip
Waiting 5 seconds...
Downloading Puzzle/Sixx to ./games/Puzzle/Sixx.zip
Waiting 1 seconds...
Downloading Puzzle/Snoopy's Game Club to ./games/Puzzle/Snoopy-s-Game-Club.zip
Waiting 2 seconds...
Downloading Puzzle/Sokoban to ./games/Puzzle/Sokoban.zip
Waiting 4 seconds...
Downloading Puzzle/Star Trek - The Next Generation - Trivia to ./games/Puzzle/Star-Trek-The-Next-Generation-Trivia.zip
Waiting 3 seconds...
Downloading Puzzle/Stone Age to ./games/Puzzle/Stone-Age.zip
Waiting 3 seconds...
Downloading Puzzle/Supaplex to ./games/Puzzle/Supaplex.zip
Waiting 4 seconds...
Downloading Puzzle/Super Solvers - Challenge of the Ancient Empires! to ./games/Puzzle/Super-Solvers-Challenge-of-the-Ancient-Empires-.zip
Waiting 5 seconds...
Downloading Puzzle/Super Tetris to ./games/Puzzle/Super-Tetris.zip
Waiting 5 seconds...
Downloading Puzzle/Tetris to ./games/Puzzle/Tetris.zip
Waiting 4 seconds...
Downloading Puzzle/Tetris Classic to ./games/Puzzle/Tetris-Classic.zip
Waiting 1 seconds...
Downloading Puzzle/Tetris Gold to ./games/Puzzle/Tetris-Gold.zip
Waiting 5 seconds...
Downloading Puzzle/Thomas The Tank Engine and Friends to ./games/Puzzle/Thomas-The-Tank-Engine-and-Friends.zip
Waiting 1 seconds...
Downloading Puzzle/Time Riders in American History to ./games/Puzzle/Time-Riders-in-American-History.zip
Waiting 1 seconds...
Downloading Puzzle/Tiny Skweeks to ./games/Puzzle/Tiny-Skweeks.zip
Waiting 4 seconds...
Downloading Puzzle/Treasure Trap to ./games/Puzzle/Treasure-Trap.zip
Waiting 1 seconds...
Downloading Puzzle/Trugg to ./games/Puzzle/Trugg.zip
Waiting 2 seconds...
Downloading Puzzle/Where in Americas Past is Carmen Sandiego to ./games/Puzzle/Where-in-Americas-Past-is-Carmen-Sandiego.zip
Waiting 2 seconds...
Downloading Puzzle/Where in Space is Carmen Sandiego to ./games/Puzzle/Where-in-Space-is-Carmen-Sandiego.zip
Waiting 1 seconds...
Downloading Puzzle/Where in the USA is Carmen Sandiego to ./games/Puzzle/Where-in-the-USA-is-Carmen-Sandiego.zip
Waiting 3 seconds...
Downloading Puzzle/Where in the World is Carmen Sandiego to ./games/Puzzle/Where-in-the-World-is-Carmen-Sandiego.zip
Waiting 1 seconds...
Downloading Racing/1000 Miglia to ./games/Racing/1000-Miglia.zip
Waiting 4 seconds...
Downloading Racing/4x4 Off-Road Racing to ./games/Racing/4x4-Off-Road-Racing.zip
Waiting 3 seconds...
Downloading Racing/BC Racers to ./games/Racing/BC-Racers.zip
Waiting 2 seconds...
Downloading Racing/Carnage to ./games/Racing/Carnage.zip
Waiting 5 seconds...
Downloading Racing/Cisco Heat - All American Police Car Race to ./games/Racing/Cisco-Heat-All-American-Police-Car-Race.zip
Waiting 5 seconds...
Downloading Racing/Crazy Cars to ./games/Racing/Crazy-Cars.zip
Waiting 3 seconds...
Downloading Racing/Crazy Cars 2 to ./games/Racing/Crazy-Cars-2.zip
Waiting 2 seconds...
Downloading Racing/Crazy Cars 3 to ./games/Racing/Crazy-Cars-3.zip
Waiting 2 seconds...
Downloading Racing/Deadly Racer to ./games/Racing/Deadly-Racer.zip
Waiting 1 seconds...
Downloading Racing/Deathtrack to ./games/Racing/Deathtrack.zip
Waiting 2 seconds...
Downloading Racing/F1 World Championship Edition to ./games/Racing/F1-World-Championship-Edition.zip
Waiting 3 seconds...
Downloading Racing/Fire and Forget II - The Death Convoy to ./games/Racing/Fire-and-Forget-II-The-Death-Convoy.zip
Waiting 3 seconds...
Downloading Racing/Ford Simulator 5 to ./games/Racing/Ford-Simulator-5.zip
Waiting 3 seconds...
Downloading Racing/Formula 1 Grand Prix to ./games/Racing/Formula-1-Grand-Prix.zip
Waiting 3 seconds...
Downloading Racing/Grand Prix 500 2 to ./games/Racing/Grand-Prix-500-2.zip
Waiting 4 seconds...
Downloading Racing/Grand Prix Circuit to ./games/Racing/Grand-Prix-Circuit.zip
Waiting 5 seconds...
Downloading Racing/Ignition to ./games/Racing/Ignition.zip
Waiting 3 seconds...
Downloading Racing/Indianapolis 500 - The Simulation to ./games/Racing/Indianapolis-500-The-Simulation.zip
Waiting 3 seconds...
Downloading Racing/IndyCar Racing to ./games/Racing/IndyCar-Racing.zip
Waiting 3 seconds...
Downloading Racing/Ivan Iron Man Stewarts Super Off Road to ./games/Racing/Ivan-Iron-Man-Stewarts-Super-Off-Road.zip
Waiting 3 seconds...
Downloading Racing/Lamborghini American Challenge to ./games/Racing/Lamborghini-American-Challenge.zip
Waiting 4 seconds...
Downloading Racing/Lombard RAC Rally to ./games/Racing/Lombard-RAC-Rally.zip
Waiting 3 seconds...
Downloading Racing/Lotus - The Ultimate Challenge to ./games/Racing/Lotus-The-Ultimate-Challenge.zip
Waiting 5 seconds...
Downloading Racing/Micro Machines to ./games/Racing/Micro-Machines.zip
Waiting 4 seconds...
Downloading Racing/Micro Machines 2 - Turbo Tournament to ./games/Racing/Micro-Machines-2-Turbo-Tournament.zip
Waiting 4 seconds...
Downloading Racing/Nascar Racing to ./games/Racing/Nascar-Racing.zip
Waiting 1 seconds...
Downloading Racing/Need for Speed, The to ./games/Racing/Need-for-Speed-The.zip
Waiting 5 seconds...
Downloading Racing/Network Q RAC Rally to ./games/Racing/Network-Q-RAC-Rally.zip
Waiting 1 seconds...
Downloading Racing/OutRun to ./games/Racing/OutRun.zip
Waiting 1 seconds...
Downloading Racing/PC Rally to ./games/Racing/PC-Rally.zip
Waiting 5 seconds...
Downloading Racing/Pitstop II to ./games/Racing/Pitstop-II.zip
Waiting 4 seconds...
Downloading Racing/Pole Position to ./games/Racing/Pole-Position.zip
Waiting 1 seconds...
Downloading Racing/Power Drift to ./games/Racing/Power-Drift.zip
Waiting 4 seconds...
Downloading Racing/Power Drive to ./games/Racing/Power-Drive.zip
Waiting 5 seconds...
Downloading Racing/Quarantine to ./games/Racing/Quarantine.zip
Waiting 5 seconds...
Downloading Racing/Quarantine II - Road Warrior to ./games/Racing/Quarantine-II-Road-Warrior.zip
Waiting 5 seconds...
Downloading Racing/Re-Volt to ./games/Racing/Re-Volt.zip
Waiting 4 seconds...
Downloading Racing/Road Hog to ./games/Racing/Road-Hog.zip
Waiting 2 seconds...
Downloading Racing/Skyroads to ./games/Racing/Skyroads.zip
Waiting 4 seconds...
Downloading Racing/SkyRoads Xmas Special to ./games/Racing/SkyRoads-Xmas-Special.zip
Waiting 2 seconds...
Downloading Racing/Space Racer to ./games/Racing/Space-Racer.zip
Waiting 4 seconds...
Downloading Racing/Street Rod to ./games/Racing/Street-Rod.zip
Waiting 2 seconds...
Downloading Racing/Street Rod 2 - The Next Generation to ./games/Racing/Street-Rod-2-The-Next-Generation.zip
Waiting 1 seconds...
Downloading Racing/Stunt Car Racer to ./games/Racing/Stunt-Car-Racer.zip
Waiting 5 seconds...
Downloading Racing/Stunt Driver to ./games/Racing/Stunt-Driver.zip
Waiting 4 seconds...
Downloading Racing/Stunts to ./games/Racing/Stunts.zip
Waiting 3 seconds...
Downloading Racing/SuperKarts to ./games/Racing/SuperKarts.zip
Waiting 5 seconds...
Downloading Racing/Superspeed Deluxe to ./games/Racing/Superspeed-Deluxe.zip
Waiting 1 seconds...
Downloading Racing/Test Drive - Triple Pack to ./games/Racing/Test-Drive-Triple-Pack.zip
Waiting 2 seconds...
Downloading Racing/Turbo Cup to ./games/Racing/Turbo-Cup.zip
Waiting 3 seconds...
Downloading Racing/Vette to ./games/Racing/Vette.zip
Waiting 2 seconds...
Downloading RPG/Abandoned Places - A Time for Heroes to ./games/RPG/Abandoned-Places-A-Time-for-Heroes.zip
Waiting 5 seconds...
Downloading RPG/Al Qadim - The Genies Curse to ./games/RPG/Al-Qadim-The-Genies-Curse.zip
Waiting 4 seconds...
Downloading RPG/Albion to ./games/RPG/Albion.zip
Waiting 3 seconds...
Downloading RPG/Aleshar - World of Ice to ./games/RPG/Aleshar-World-of-Ice.zip
Waiting 2 seconds...
Downloading RPG/Amberstar to ./games/RPG/Amberstar.zip
Waiting 5 seconds...
Downloading RPG/Amulet Of Yendor to ./games/RPG/Amulet-Of-Yendor.zip
Waiting 2 seconds...
Downloading RPG/Amulets and Armor to ./games/RPG/Amulets-and-Armor.zip
Waiting 5 seconds...
Downloading RPG/Ancient Land of Ys to ./games/RPG/Ancient-Land-of-Ys.zip
Waiting 4 seconds...
Downloading RPG/Anvil of Dawn to ./games/RPG/Anvil-of-Dawn.zip
Interruption registered!
Waiting 1 seconds...
Interrupting...
