Skipping Action/007 - Licence to Kill already exists ./games/Action/007-Licence-to-Kill.zip
Skipping Action/A Nightmare On Elm Street already exists ./games/Action/A-Nightmare-On-Elm-Street.zip
Skipping Action/Aaargh! already exists ./games/Action/Aaargh-.zip
Skipping Action/Abuse already exists ./games/Action/Abuse.zip
Skipping Action/Action Fighter already exists ./games/Action/Action-Fighter.zip
Skipping Action/Airborne Ranger already exists ./games/Action/Airborne-Ranger.zip
Skipping Action/Airlift Rescue already exists ./games/Action/Airlift-Rescue.zip
Skipping Action/Alcatraz already exists ./games/Action/Alcatraz.zip
Skipping Action/Alien Carnage - Halloween Harry already exists ./games/Action/Alien-Carnage-Halloween-Harry.zip
Skipping Action/Alien Rampage already exists ./games/Action/Alien-Rampage.zip
Skipping Action/Alien Syndrome already exists ./games/Action/Alien-Syndrome.zip
Skipping Action/Alien Trilogy already exists ./games/Action/Alien-Trilogy.zip
Skipping Action/Alley Cat already exists ./games/Action/Alley-Cat.zip
Skipping Action/Altered Beast already exists ./games/Action/Altered-Beast.zip
Skipping Action/Aquaphobia already exists ./games/Action/Aquaphobia.zip
Skipping Action/Armor Alley already exists ./games/Action/Armor-Alley.zip
Skipping Action/Ashes of Empire already exists ./games/Action/Ashes-of-Empire.zip
Skipping Action/Assault Trooper already exists ./games/Action/Assault-Trooper.zip
Skipping Action/Asterix - Operation Getafix already exists ./games/Action/Asterix-Operation-Getafix.zip
Skipping Action/Baal already exists ./games/Action/Baal.zip
Skipping Action/Baby Jo in Going Home already exists ./games/Action/Baby-Jo-in-Going-Home.zip
Skipping Action/Back to the Future Part II already exists ./games/Action/Back-to-the-Future-Part-II.zip
Skipping Action/Back to the Future Part III already exists ./games/Action/Back-to-the-Future-Part-III.zip
Skipping Action/Bad Street Brawler already exists ./games/Action/Bad-Street-Brawler.zip
Skipping Action/Barbarian already exists ./games/Action/Barbarian.zip
Skipping Action/Barbarian II - Dungeons of Drax already exists ./games/Action/Barbarian-II-Dungeons-of-Drax.zip
Skipping Action/Batman Forever already exists ./games/Action/Batman-Forever.zip
Skipping Action/Battle Wrath already exists ./games/Action/Battle-Wrath.zip
Skipping Action/Battlezone already exists ./games/Action/Battlezone.zip
Skipping Action/Bermuda Syndrome already exists ./games/Action/Bermuda-Syndrome.zip
Skipping Action/Beverly Hills Cop already exists ./games/Action/Beverly-Hills-Cop.zip
Skipping Action/Blackthorne already exists ./games/Action/Blackthorne.zip
Skipping Action/Bram Stokers Dracula already exists ./games/Action/Bram-Stokers-Dracula.zip
Skipping Action/Bruce Lee already exists ./games/Action/Bruce-Lee.zip
Skipping Action/Cabal already exists ./games/Action/Cabal.zip
Skipping Action/Cannon Fodder 2 already exists ./games/Action/Cannon-Fodder-2.zip
Skipping Action/Captain Bible in the Dome of Darkness already exists ./games/Action/Captain-Bible-in-the-Dome-of-Darkness.zip
Skipping Action/Chaos Engine, The already exists ./games/Action/Chaos-Engine-The.zip
Skipping Action/Chasm - The Rift already exists ./games/Action/Chasm-The-Rift.zip
Skipping Action/Cold Dreams already exists ./games/Action/Cold-Dreams.zip
Skipping Action/Commander Keen 6 - Aliens Ate My Baby Sitter already exists ./games/Action/Commander-Keen-6-Aliens-Ate-My-Baby-Sitter.zip
Skipping Action/Corridor 7: Alien Invasion already exists ./games/Action/Corridor-7-Alien-Invasion.zip
Skipping Action/Crime Wave already exists ./games/Action/Crime-Wave.zip
Skipping Action/Crusader - No Remorse already exists ./games/Action/Crusader-No-Remorse.zip
Skipping Action/Cyberlaw already exists ./games/Action/Cyberlaw.zip
Skipping Action/CyberRace already exists ./games/Action/CyberRace.zip
Skipping Action/CyClones already exists ./games/Action/CyClones.zip
Skipping Action/D-Generation already exists ./games/Action/D-Generation.zip
Skipping Action/Dalek Attack already exists ./games/Action/Dalek-Attack.zip
Skipping Action/Dark Ages - Prince of Destiny already exists ./games/Action/Dark-Ages-Prince-of-Destiny.zip
Skipping Action/Death Sword already exists ./games/Action/Death-Sword.zip
Skipping Action/Deer Avenger already exists ./games/Action/Deer-Avenger.zip
Skipping Action/Demon Blue already exists ./games/Action/Demon-Blue.zip
Skipping Action/Desert Strike - Return to the Gulf already exists ./games/Action/Desert-Strike-Return-to-the-Gulf.zip
Skipping Action/Die Hard already exists ./games/Action/Die-Hard.zip
Skipping Action/Double Dragon already exists ./games/Action/Double-Dragon.zip
Skipping Action/Double Dragon II - The Revenge already exists ./games/Action/Double-Dragon-II-The-Revenge.zip
Skipping Action/Double Dragon III - The Rosetta Stone already exists ./games/Action/Double-Dragon-III-The-Rosetta-Stone.zip
Skipping Action/Dragon Force - The Day 3 already exists ./games/Action/Dragon-Force-The-Day-3.zip
Skipping Action/Dragon's Lair - Escape from Singe's Castle already exists ./games/Action/Dragon-s-Lair-Escape-from-Singe-s-Castle.zip
Skipping Action/Dylan Dog - The Murderers already exists ./games/Action/Dylan-Dog-The-Murderers.zip
Skipping Action/Eojjeonji Joheun Il-i Saenggil Geot Gateun Jeonyeok already exists ./games/Action/Eojjeonji-Joheun-Il-i-Saenggil-Geot-Gateun-Jeonyeok.zip
Skipping Action/Epic already exists ./games/Action/Epic.zip
Skipping Action/Eracha already exists ./games/Action/Eracha.zip
Skipping Action/Eye of Horus already exists ./games/Action/Eye-of-Horus.zip
Skipping Action/Feud already exists ./games/Action/Feud.zip
Skipping Action/Fiendish Freddys Big Top O Fun already exists ./games/Action/Fiendish-Freddys-Big-Top-O-Fun.zip
Skipping Action/Flashback (CD) already exists ./games/Action/Flashback-CD-.zip
Skipping Action/Flashback (DOS) already exists ./games/Action/Flashback-DOS-.zip
Skipping Action/Fox Ranger already exists ./games/Action/Fox-Ranger.zip
Skipping Action/Franko - The Crazy Revenge already exists ./games/Action/Franko-The-Crazy-Revenge.zip
Skipping Action/Ghostbusters II already exists ./games/Action/Ghostbusters-II.zip
Skipping Action/Ghosts N Goblins already exists ./games/Action/Ghosts-N-Goblins.zip
Skipping Action/Gladiator already exists ./games/Action/Gladiator.zip
Skipping Action/Godfather, The already exists ./games/Action/Godfather-The.zip
Skipping Action/Goonies, The already exists ./games/Action/Goonies-The.zip
Skipping Action/Guy Spy and the Crystals of Armageddon already exists ./games/Action/Guy-Spy-and-the-Crystals-of-Armageddon.zip
Skipping Action/Highway Hunter already exists ./games/Action/Highway-Hunter.zip
Skipping Action/Horror Zombies from the Crypt already exists ./games/Action/Horror-Zombies-from-the-Crypt.zip
Skipping Action/Hostage - Rescue Mission already exists ./games/Action/Hostage-Rescue-Mission.zip
Skipping Action/I.M. Meen already exists ./games/Action/I-M-Meen.zip
Skipping Action/Impossible Mission II already exists ./games/Action/Impossible-Mission-II.zip
Skipping Action/In Search of Dr. Riptide already exists ./games/Action/In-Search-of-Dr-Riptide.zip
Skipping Action/Inca already exists ./games/Action/Inca.zip
Skipping Action/Indiana Jones and the Temple of Doom already exists ./games/Action/Indiana-Jones-and-the-Temple-of-Doom.zip
Skipping Action/Infiltrator already exists ./games/Action/Infiltrator.zip
Skipping Action/International Karate already exists ./games/Action/International-Karate.zip
Skipping Action/International Ninja Rabbits already exists ./games/Action/International-Ninja-Rabbits.zip
Skipping Action/Into The Eagles Nest already exists ./games/Action/Into-The-Eagles-Nest.zip
Skipping Action/Isle Of The Dead already exists ./games/Action/Isle-Of-The-Dead.zip
Skipping Action/James Pond 2 - Codename RoboCod already exists ./games/Action/James-Pond-2-Codename-RoboCod.zip
Skipping Action/Jazz Jackrabbit 2 already exists ./games/Action/Jazz-Jackrabbit-2.zip
Skipping Action/Jazz Jackrabbit 2 - The Secret Files already exists ./games/Action/Jazz-Jackrabbit-2-The-Secret-Files.zip
Skipping Action/Jazz Jackrabbit Holiday Hare 1995 already exists ./games/Action/Jazz-Jackrabbit-Holiday-Hare-1995.zip
Skipping Action/Jill of the Jungle already exists ./games/Action/Jill-of-the-Jungle.zip
Skipping Action/Jill of the Jungle - Jill Goes Underground already exists ./games/Action/Jill-of-the-Jungle-Jill-Goes-Underground.zip
Skipping Action/Jill of the Jungle - Jill Saves the Prince already exists ./games/Action/Jill-of-the-Jungle-Jill-Saves-the-Prince.zip
Skipping Action/Jim Power in Mutant Planet already exists ./games/Action/Jim-Power-in-Mutant-Planet.zip
Skipping Action/Jonny Quest - Curse of the Mayan Warriors already exists ./games/Action/Jonny-Quest-Curse-of-the-Mayan-Warriors.zip
Skipping Action/Jungle Strike already exists ./games/Action/Jungle-Strike.zip
Skipping Action/Jurassic Park already exists ./games/Action/Jurassic-Park.zip
Skipping Action/Karateka already exists ./games/Action/Karateka.zip
Skipping Action/Krazy Ivan already exists ./games/Action/Krazy-Ivan.zip
Skipping Action/Kwik Snax already exists ./games/Action/Kwik-Snax.zip
Skipping Action/Last Ninja 2: Back with a Vengeance already exists ./games/Action/Last-Ninja-2-Back-with-a-Vengeance.zip
Skipping Action/Last Ninja, The already exists ./games/Action/Last-Ninja-The.zip
Skipping Action/Lion King, The already exists ./games/Action/Lion-King-The.zip
Skipping Action/Lost City of Atlantis, The already exists ./games/Action/Lost-City-of-Atlantis-The.zip
Skipping Action/Lost Vikings, The already exists ./games/Action/Lost-Vikings-The.zip
Skipping Action/Magic Carpet already exists ./games/Action/Magic-Carpet.zip
Skipping Action/Marathon 2 - Durandal already exists ./games/Action/Marathon-2-Durandal.zip
Skipping Action/McDonald Land already exists ./games/Action/McDonald-Land.zip
Skipping Action/Mechwarrior already exists ./games/Action/Mechwarrior.zip
Skipping Action/Metal Gear already exists ./games/Action/Metal-Gear.zip
Skipping Action/Montezuma's Return already exists ./games/Action/Montezuma-s-Return.zip
Skipping Action/Moonwalker already exists ./games/Action/Moonwalker.zip
Skipping Action/Mortal Kombat Trilogy already exists ./games/Action/Mortal-Kombat-Trilogy.zip
Skipping Action/Mouser already exists ./games/Action/Mouser.zip
Skipping Action/Narco Police already exists ./games/Action/Narco-Police.zip
Skipping Action/Nebulus already exists ./games/Action/Nebulus.zip
Skipping Action/Nightmare Creatures already exists ./games/Action/Nightmare-Creatures.zip
Skipping Action/Ninja Rabbits already exists ./games/Action/Ninja-Rabbits.zip
Skipping Action/No Respect already exists ./games/Action/No-Respect.zip
Skipping Action/North & South already exists ./games/Action/North-South.zip
Skipping Action/Operation Body Count already exists ./games/Action/Operation-Body-Count.zip
Skipping Action/Overkill already exists ./games/Action/Overkill.zip
Skipping Action/Paperboy 2 already exists ./games/Action/Paperboy-2.zip
Skipping Action/Platoon already exists ./games/Action/Platoon.zip
Skipping Action/Pocahontas already exists ./games/Action/Pocahontas.zip
Skipping Action/Popeye 2 already exists ./games/Action/Popeye-2.zip
Skipping Action/Powerslave (aka Exhumed) already exists ./games/Action/Powerslave-aka-Exhumed-.zip
Skipping Action/Prince of Persia already exists ./games/Action/Prince-of-Persia.zip
Skipping Action/Prince of Persia 2 - The Shadow & The Flame already exists ./games/Action/Prince-of-Persia-2-The-Shadow-The-Flame.zip
Skipping Action/Prophecy 1 - The Viking Child already exists ./games/Action/Prophecy-1-The-Viking-Child.zip
Skipping Action/Punisher, The already exists ./games/Action/Punisher-The.zip
Skipping Action/Pyrotechnica already exists ./games/Action/Pyrotechnica.zip
Skipping Action/Quatra Command already exists ./games/Action/Quatra-Command.zip
Skipping Action/Radix: Beyond the Void already exists ./games/Action/Radix-Beyond-the-Void.zip
Skipping Action/Raiden already exists ./games/Action/Raiden.zip
Skipping Action/Rambo III already exists ./games/Action/Rambo-III.zip
Skipping Action/Rampart already exists ./games/Action/Rampart.zip
Skipping Action/Sand Storm already exists ./games/Action/Sand-Storm.zip
Skipping Action/Shadow Knights already exists ./games/Action/Shadow-Knights.zip
Skipping Action/Shadow Man already exists ./games/Action/Shadow-Man.zip
Skipping Action/Silpheed already exists ./games/Action/Silpheed.zip
Skipping Action/Sinbad and the Throne of the Falcon already exists ./games/Action/Sinbad-and-the-Throne-of-the-Falcon.zip
Skipping Action/Sky Shark already exists ./games/Action/Sky-Shark.zip
Skipping Action/Sleepwalker already exists ./games/Action/Sleepwalker.zip
Skipping Action/Sonic CD already exists ./games/Action/Sonic-CD.zip
Skipping Action/Special Forces already exists ./games/Action/Special-Forces.zip
Skipping Action/Star Lord already exists ./games/Action/Star-Lord.zip
Skipping Action/Star Trek V - The Final Frontier already exists ./games/Action/Star-Trek-V-The-Final-Frontier.zip
Skipping Action/Star Wars - The Arcade Game already exists ./games/Action/Star-Wars-The-Arcade-Game.zip
Skipping Action/Starquake already exists ./games/Action/Starquake.zip
Skipping Action/Still Hunt already exists ./games/Action/Still-Hunt.zip
Skipping Action/Stormlord already exists ./games/Action/Stormlord.zip
Skipping Action/Strife already exists ./games/Action/Strife.zip
Skipping Action/Striker already exists ./games/Action/Striker.zip
Skipping Action/Suburban Commando already exists ./games/Action/Suburban-Commando.zip
Skipping Action/Super Street Fighter II Turbo already exists ./games/Action/Super-Street-Fighter-II-Turbo.zip
Skipping Action/Super Trio already exists ./games/Action/Super-Trio.zip
Skipping Action/System Shock already exists ./games/Action/System-Shock.zip
Skipping Action/Teenage Mutant Ninja Turtles already exists ./games/Action/Teenage-Mutant-Ninja-Turtles.zip
Skipping Action/Teenage Mutant Ninja Turtles - Manhattan Missions already exists ./games/Action/Teenage-Mutant-Ninja-Turtles-Manhattan-Missions.zip
Skipping Action/Terminal Terror already exists ./games/Action/Terminal-Terror.zip
Skipping Action/Terminator 2 - Judgment Day already exists ./games/Action/Terminator-2-Judgment-Day.zip
Skipping Action/Theatre of Death already exists ./games/Action/Theatre-of-Death.zip
Skipping Action/Theatre of Pain already exists ./games/Action/Theatre-of-Pain.zip
Skipping Action/Thexder already exists ./games/Action/Thexder.zip
Skipping Action/Titanic already exists ./games/Action/Titanic.zip
Skipping Action/Tom & Jerry Cat-astrophe already exists ./games/Action/Tom-Jerry-Cat-astrophe.zip
Skipping Action/Tom and Jerry already exists ./games/Action/Tom-and-Jerry.zip
Skipping Action/Tough Guy already exists ./games/Action/Tough-Guy.zip
Skipping Action/Traffic Department 2192 already exists ./games/Action/Traffic-Department-2192.zip
Skipping Action/Troddlers already exists ./games/Action/Troddlers.zip
Skipping Action/Tubular Worlds already exists ./games/Action/Tubular-Worlds.zip
Skipping Action/Turok - Dinosaur Hunter already exists ./games/Action/Turok-Dinosaur-Hunter.zip
Skipping Action/Turrican II - The Final Fight already exists ./games/Action/Turrican-II-The-Final-Fight.zip
Skipping Action/Tyrian 2000 already exists ./games/Action/Tyrian-2000.zip
Skipping Action/Ulises already exists ./games/Action/Ulises.zip
Skipping Action/Untouchables, The already exists ./games/Action/Untouchables-The.zip
Skipping Action/Vigilance on Talos V already exists ./games/Action/Vigilance-on-Talos-V.zip
Skipping Action/Weird Dreams already exists ./games/Action/Weird-Dreams.zip
Skipping Action/West Adventure already exists ./games/Action/West-Adventure.zip
Skipping Action/Whizz already exists ./games/Action/Whizz.zip
Skipping Action/Wing Commander Academy already exists ./games/Action/Wing-Commander-Academy.zip
Skipping Action/Wings of Fury already exists ./games/Action/Wings-of-Fury.zip
Skipping Action/Wrath of Earth already exists ./games/Action/Wrath-of-Earth.zip
Skipping Action/X-Men - Madness in Murderworld already exists ./games/Action/X-Men-Madness-in-Murderworld.zip
Skipping Action/X-Men 2 - The Fall of the Mutants already exists ./games/Action/X-Men-2-The-Fall-of-the-Mutants.zip
Skipping Action/Xatax already exists ./games/Action/Xatax.zip
Skipping Action/Xenocide already exists ./games/Action/Xenocide.zip
Skipping Action/Xenon already exists ./games/Action/Xenon.zip
Skipping Action/Xenophage - Alien BloodSport already exists ./games/Action/Xenophage-Alien-BloodSport.zip
Skipping Action/XQuest already exists ./games/Action/XQuest.zip
Skipping Action/Yogho Yogho spel already exists ./games/Action/Yogho-Yogho-spel.zip
Skipping Action/Zona 0 already exists ./games/Action/Zona-0.zip
Skipping Action/Zone 66 already exists ./games/Action/Zone-66.zip
Skipping Action/Zorro already exists ./games/Action/Zorro.zip
Skipping Adventure/A Mind Forever Voyaging already exists ./games/Adventure/A-Mind-Forever-Voyaging.zip
Skipping Adventure/Abbey of Montglane, The already exists ./games/Adventure/Abbey-of-Montglane-The.zip
Skipping Adventure/Acheton already exists ./games/Adventure/Acheton.zip
Skipping Adventure/Adventure already exists ./games/Adventure/Adventure.zip
Skipping Adventure/Adventure in Serenia already exists ./games/Adventure/Adventure-in-Serenia.zip
Skipping Adventure/Adventures of Robin Hood, The already exists ./games/Adventure/Adventures-of-Robin-Hood-The.zip
Skipping Adventure/Adventures of Willy Beamish, The already exists ./games/Adventure/Adventures-of-Willy-Beamish-The.zip
Skipping Adventure/African Adventure already exists ./games/Adventure/African-Adventure.zip
Skipping Adventure/Alice in Wonderland already exists ./games/Adventure/Alice-in-Wonderland.zip
Skipping Adventure/Alien Incident already exists ./games/Adventure/Alien-Incident.zip
Skipping Adventure/Alien Virus already exists ./games/Adventure/Alien-Virus.zip
Skipping Adventure/Alone in the Dark already exists ./games/Adventure/Alone-in-the-Dark.zip
Skipping Adventure/Alone in the Dark 2 already exists ./games/Adventure/Alone-in-the-Dark-2.zip
Skipping Adventure/Altered Destiny already exists ./games/Adventure/Altered-Destiny.zip
Skipping Adventure/Amazon already exists ./games/Adventure/Amazon.zip
Skipping Adventure/Amazon - Guardians of Eden already exists ./games/Adventure/Amazon-Guardians-of-Eden.zip
Skipping Adventure/Amnesia already exists ./games/Adventure/Amnesia.zip
Skipping Adventure/An American Tail - Fievel Goes West already exists ./games/Adventure/An-American-Tail-Fievel-Goes-West.zip
Skipping Adventure/Armaeth - The Lost Kingdom already exists ./games/Adventure/Armaeth-The-Lost-Kingdom.zip
Skipping Adventure/Arthur - The Quest for Excalibur already exists ./games/Adventure/Arthur-The-Quest-for-Excalibur.zip
Skipping Adventure/B.A.T. already exists ./games/Adventure/B-A-T-.zip
Skipping Adventure/B.A.T. II - The Koshan Conspiracy already exists ./games/Adventure/B-A-T-II-The-Koshan-Conspiracy.zip
Skipping Adventure/Bargon Attack already exists ./games/Adventure/Bargon-Attack.zip
Skipping Adventure/Batman - The Caped Crusader already exists ./games/Adventure/Batman-The-Caped-Crusader.zip
Skipping Adventure/Beverly Hillbillies, The already exists ./games/Adventure/Beverly-Hillbillies-The.zip
Skipping Adventure/Big Red Adventure, The already exists ./games/Adventure/Big-Red-Adventure-The.zip
Skipping Adventure/Bill and Teds Excellent Adventure already exists ./games/Adventure/Bill-and-Teds-Excellent-Adventure.zip
Skipping Adventure/Bioforge already exists ./games/Adventure/Bioforge.zip
Skipping Adventure/Black Sect already exists ./games/Adventure/Black-Sect.zip
Skipping Adventure/Blackstar - Agent of Justice already exists ./games/Adventure/Blackstar-Agent-of-Justice.zip
Skipping Adventure/Blue Force already exists ./games/Adventure/Blue-Force.zip
Skipping Adventure/Cadaver already exists ./games/Adventure/Cadaver.zip
Skipping Adventure/Call of Cthulhu - Shadow of the Comet already exists ./games/Adventure/Call-of-Cthulhu-Shadow-of-the-Comet.zip
Skipping Adventure/Castle Adventure already exists ./games/Adventure/Castle-Adventure.zip
Skipping Adventure/Castle Ralf already exists ./games/Adventure/Castle-Ralf.zip
Skipping Adventure/Codename - ICEMAN already exists ./games/Adventure/Codename-ICEMAN.zip
Skipping Adventure/Companions of Xanth already exists ./games/Adventure/Companions-of-Xanth.zip
Skipping Adventure/Conquests of Camelot - The Search for the Grail already exists ./games/Adventure/Conquests-of-Camelot-The-Search-for-the-Grail.zip
Skipping Adventure/Conquests of the Longbow - The Legend of Robin Hood already exists ./games/Adventure/Conquests-of-the-Longbow-The-Legend-of-Robin-Hood.zip
Skipping Adventure/Countdown already exists ./games/Adventure/Countdown.zip
Skipping Adventure/Crime City already exists ./games/Adventure/Crime-City.zip
Skipping Adventure/Crime Time already exists ./games/Adventure/Crime-Time.zip
Skipping Adventure/Cruise for a Corpse already exists ./games/Adventure/Cruise-for-a-Corpse.zip
Skipping Adventure/Curse of Enchantia already exists ./games/Adventure/Curse-of-Enchantia.zip
Skipping Adventure/Dark Half, The already exists ./games/Adventure/Dark-Half-The.zip
Skipping Adventure/Dark Seed already exists ./games/Adventure/Dark-Seed.zip
Skipping Adventure/Dark Seed II already exists ./games/Adventure/Dark-Seed-II.zip
Skipping Adventure/Daughter of Serpents (a.k.a. The Scroll) already exists ./games/Adventure/Daughter-of-Serpents-a-k-a-The-Scroll-.zip
Skipping Adventure/Death Gate already exists ./games/Adventure/Death-Gate.zip
Downloading Adventure/Deep Space Drifter to ./games/Adventure/Deep-Space-Drifter.zip
Waiting 4 seconds...
Downloading Adventure/Defender of Boston - The Rock Island Mystery to ./games/Adventure/Defender-of-Boston-The-Rock-Island-Mystery.zip
Waiting 1 seconds...
Downloading Adventure/Deja Vu - A Nightmare Comes True to ./games/Adventure/Deja-Vu-A-Nightmare-Comes-True.zip
Waiting 1 seconds...
Downloading Adventure/Denarius Avaricius Sextus to ./games/Adventure/Denarius-Avaricius-Sextus.zip
Waiting 3 seconds...
Downloading Adventure/Discworld to ./games/Adventure/Discworld.zip
Waiting 2 seconds...
Downloading Adventure/Dragonsphere to ./games/Adventure/Dragonsphere.zip
Waiting 1 seconds...
Downloading Adventure/DreamWeb to ./games/Adventure/DreamWeb.zip
Waiting 5 seconds...
Downloading Adventure/Dune to ./games/Adventure/Dune.zip
Waiting 3 seconds...
Downloading Adventure/Dylan Dog - Through the Looking Glass to ./games/Adventure/Dylan-Dog-Through-the-Looking-Glass.zip
Waiting 3 seconds...
Downloading Adventure/Eagle Eye Mysteries to ./games/Adventure/Eagle-Eye-Mysteries.zip
Waiting 5 seconds...
Downloading Adventure/EcoQuest - The Search for Cetus to ./games/Adventure/EcoQuest-The-Search-for-Cetus.zip
Waiting 4 seconds...
Downloading Adventure/EcoQuest 2 - Lost Secret of the Rainforest to ./games/Adventure/EcoQuest-2-Lost-Secret-of-the-Rainforest.zip
Waiting 2 seconds...
Downloading Adventure/Ecstatica to ./games/Adventure/Ecstatica.zip
Waiting 1 seconds...
Downloading Adventure/Enchanter to ./games/Adventure/Enchanter.zip
Waiting 5 seconds...
Downloading Adventure/Eric the Unready to ./games/Adventure/Eric-the-Unready.zip
Waiting 2 seconds...
Downloading Adventure/Escape from Delirium to ./games/Adventure/Escape-from-Delirium.zip
Waiting 3 seconds...
Downloading Adventure/Eternam to ./games/Adventure/Eternam.zip
Waiting 1 seconds...
Downloading Adventure/Fable to ./games/Adventure/Fable.zip
Waiting 2 seconds...
Downloading Adventure/Fatty Bears Birthday Surprise to ./games/Adventure/Fatty-Bears-Birthday-Surprise.zip
Waiting 1 seconds...
Downloading Adventure/Fish! to ./games/Adventure/Fish-.zip
Waiting 5 seconds...
Downloading Adventure/Freddy Pharkas - Frontier Pharmacist to ./games/Adventure/Freddy-Pharkas-Frontier-Pharmacist.zip
Waiting 3 seconds...
Downloading Adventure/Future Wars - Time Travellers to ./games/Adventure/Future-Wars-Time-Travellers.zip
Waiting 1 seconds...
Downloading Adventure/Gateway 2 - Homeworld to ./games/Adventure/Gateway-2-Homeworld.zip
Waiting 2 seconds...
Downloading Adventure/Gene Machine, The to ./games/Adventure/Gene-Machine-The.zip
Waiting 2 seconds...
Downloading Adventure/Gold Rush to ./games/Adventure/Gold-Rush.zip
Waiting 4 seconds...
Downloading Adventure/Great Escape, The to ./games/Adventure/Great-Escape-The.zip
Waiting 4 seconds...
Downloading Adventure/Guild of Thieves, The to ./games/Adventure/Guild-of-Thieves-The.zip
Waiting 1 seconds...
Downloading Adventure/Guilty to ./games/Adventure/Guilty.zip
Waiting 3 seconds...
Downloading Adventure/Heart of China to ./games/Adventure/Heart-of-China.zip
Waiting 3 seconds...
Downloading Adventure/Hitchhikers Guide to the Galaxy, The to ./games/Adventure/Hitchhikers-Guide-to-the-Galaxy-The.zip
Waiting 5 seconds...
Downloading Adventure/Hook to ./games/Adventure/Hook.zip
Waiting 5 seconds...
Downloading Adventure/Igor - Objective Uikokahonia to ./games/Adventure/Igor-Objective-Uikokahonia.zip
Waiting 1 seconds...
Downloading Adventure/Innocent Until Caught to ./games/Adventure/Innocent-Until-Caught.zip
Waiting 2 seconds...
Downloading Adventure/Inspector Gadget - Global Terror! to ./games/Adventure/Inspector-Gadget-Global-Terror-.zip
Waiting 1 seconds...
Downloading Adventure/Iron Lord to ./games/Adventure/Iron-Lord.zip
Waiting 2 seconds...
Downloading Adventure/Jack in the Dark to ./games/Adventure/Jack-in-the-Dark.zip
Waiting 5 seconds...
Downloading Adventure/Jack The Ripper to ./games/Adventure/Jack-The-Ripper.zip
Waiting 2 seconds...
Downloading Adventure/James Clavells Shogun to ./games/Adventure/James-Clavells-Shogun.zip
Waiting 4 seconds...
Downloading Adventure/KGB aka Conspiracy to ./games/Adventure/KGB-aka-Conspiracy.zip
Waiting 3 seconds...
Downloading Adventure/King of Chicago, The to ./games/Adventure/King-of-Chicago-The.zip
Waiting 1 seconds...
Downloading Adventure/Kronolog - The Nazi Paradox to ./games/Adventure/Kronolog-The-Nazi-Paradox.zip
Waiting 2 seconds...
Downloading Adventure/Last Half of Darkness to ./games/Adventure/Last-Half-of-Darkness.zip
Waiting 4 seconds...
Downloading Adventure/Last Half of Darkness VGA to ./games/Adventure/Last-Half-of-Darkness-VGA.zip
Waiting 3 seconds...
Downloading Adventure/Laura Bow 1 - The Colonels Bequest to ./games/Adventure/Laura-Bow-1-The-Colonels-Bequest.zip
Waiting 2 seconds...
Downloading Adventure/Laura Bow 2 - The Dagger of Amon-Ra to ./games/Adventure/Laura-Bow-2-The-Dagger-of-Amon-Ra.zip
Waiting 1 seconds...
Downloading Adventure/Leather Goddesses of Phobos to ./games/Adventure/Leather-Goddesses-of-Phobos.zip
Waiting 1 seconds...
Downloading Adventure/Leather Goddesses of Phobos 2 to ./games/Adventure/Leather-Goddesses-of-Phobos-2.zip
Waiting 5 seconds...
Downloading Adventure/Legend of Kyrandia 1, The to ./games/Adventure/Legend-of-Kyrandia-1-The.zip
Waiting 2 seconds...
Downloading Adventure/Legend of Kyrandia 2 - Hand of Fate, The to ./games/Adventure/Legend-of-Kyrandia-2-Hand-of-Fate-The.zip
Waiting 2 seconds...
Downloading Adventure/Legend of Kyrandia 3 - Malcolms Revenge, The to ./games/Adventure/Legend-of-Kyrandia-3-Malcolms-Revenge-The.zip
Waiting 4 seconds...
Downloading Adventure/Leisure Suit Larry 1 - in the Land of the Lounge Lizards to ./games/Adventure/Leisure-Suit-Larry-1-in-the-Land-of-the-Lounge-Lizards.zip
Waiting 2 seconds...
Downloading Adventure/Les Manley in - Lost in L.A. to ./games/Adventure/Les-Manley-in-Lost-in-L-A-.zip
Waiting 1 seconds...
Downloading Adventure/Les Manley in - Search for The King to ./games/Adventure/Les-Manley-in-Search-for-The-King.zip
Waiting 3 seconds...
Downloading Adventure/Litil Divil to ./games/Adventure/Litil-Divil.zip
Waiting 1 seconds...
Downloading Adventure/Little Big Adventure - Twinsens Adventure to ./games/Adventure/Little-Big-Adventure-Twinsens-Adventure.zip
Waiting 2 seconds...
Downloading Adventure/Lord Avalot to ./games/Adventure/Lord-Avalot.zip
Waiting 4 seconds...
Downloading Adventure/Lost Files of Sherlock Holmes - The Case of Serrated Scalpel, The to ./games/Adventure/Lost-Files-of-Sherlock-Holmes-The-Case-of-Serrated-Scalpel-The.zip
Waiting 2 seconds...
Downloading Adventure/Lost in Time to ./games/Adventure/Lost-in-Time.zip
Waiting 5 seconds...
Downloading Adventure/Lurking Horror, The to ./games/Adventure/Lurking-Horror-The.zip
Waiting 1 seconds...
Downloading Adventure/Manhunter - New York to ./games/Adventure/Manhunter-New-York.zip
Waiting 5 seconds...
Downloading Adventure/Manhunter 2 - San Francisco to ./games/Adventure/Manhunter-2-San-Francisco.zip
Waiting 2 seconds...
Downloading Adventure/Maupiti Island to ./games/Adventure/Maupiti-Island.zip
Waiting 1 seconds...
Downloading Adventure/Mixed Up Fairy Tales to ./games/Adventure/Mixed-Up-Fairy-Tales.zip
Waiting 2 seconds...
Downloading Adventure/Mixed-Up Mother Goose to ./games/Adventure/Mixed-Up-Mother-Goose.zip
Waiting 4 seconds...
Downloading Adventure/Mixed-Up Mother Goose VGA to ./games/Adventure/Mixed-Up-Mother-Goose-VGA.zip
Waiting 5 seconds...
Downloading Adventure/Murders in Space to ./games/Adventure/Murders-in-Space.zip
Waiting 2 seconds...
Downloading Adventure/Murders in Venice to ./games/Adventure/Murders-in-Venice.zip
Waiting 3 seconds...
Downloading Adventure/Neuromancer to ./games/Adventure/Neuromancer.zip
Waiting 5 seconds...
Downloading Adventure/Nippon Safes, Inc. to ./games/Adventure/Nippon-Safes-Inc-.zip
Waiting 2 seconds...
Downloading Adventure/Peppers Adventures in Time to ./games/Adventure/Peppers-Adventures-in-Time.zip
Waiting 2 seconds...
Downloading Adventure/Plan 9 from Outer Space to ./games/Adventure/Plan-9-from-Outer-Space.zip
Waiting 1 seconds...
Downloading Adventure/Planets Edge to ./games/Adventure/Planets-Edge.zip
Waiting 3 seconds...
Downloading Adventure/Police Quest - In Pursuit of the Death Angel to ./games/Adventure/Police-Quest-In-Pursuit-of-the-Death-Angel.zip
Waiting 4 seconds...
Downloading Adventure/Project Nomad to ./games/Adventure/Project-Nomad.zip
Waiting 1 seconds...
Downloading Adventure/Protostar - War on the Frontier to ./games/Adventure/Protostar-War-on-the-Frontier.zip
Waiting 4 seconds...
Downloading Adventure/Quest for Glory - So you want to be a Hero to ./games/Adventure/Quest-for-Glory-So-you-want-to-be-a-Hero.zip
Waiting 3 seconds...
Downloading Adventure/Quest for Glory - So You Want To Be A Hero VGA to ./games/Adventure/Quest-for-Glory-So-You-Want-To-Be-A-Hero-VGA.zip
Waiting 1 seconds...
Downloading Adventure/Quest for Glory II - Trial by Fire to ./games/Adventure/Quest-for-Glory-II-Trial-by-Fire.zip
Waiting 5 seconds...
Downloading Adventure/Quest for Glory III - Wages of War to ./games/Adventure/Quest-for-Glory-III-Wages-of-War.zip
Waiting 1 seconds...
Downloading Adventure/Quest for Glory IV - Shadows of Darkness to ./games/Adventure/Quest-for-Glory-IV-Shadows-of-Darkness.zip
Waiting 3 seconds...
Downloading Adventure/Questprobe Featuring Human Torch And The Thing (Fantastic Four) to ./games/Adventure/Questprobe-Featuring-Human-Torch-And-The-Thing-Fantastic-Four-.zip
Waiting 5 seconds...
Downloading Adventure/Questprobe Featuring Spider-Man to ./games/Adventure/Questprobe-Featuring-Spider-Man.zip
Waiting 3 seconds...
Downloading Adventure/Questprobe Featuring The Hulk to ./games/Adventure/Questprobe-Featuring-The-Hulk.zip
Waiting 2 seconds...
Downloading Adventure/Return Of The Phantom to ./games/Adventure/Return-Of-The-Phantom.zip
Waiting 4 seconds...
Downloading Adventure/Return to Ringworld to ./games/Adventure/Return-to-Ringworld.zip
Waiting 1 seconds...
Downloading Adventure/Rex Nebular and the Cosmic Gender-Bender to ./games/Adventure/Rex-Nebular-and-the-Cosmic-Gender-Bender.zip
Waiting 3 seconds...
Downloading Adventure/Ringworld - Revenge of the Patriarch to ./games/Adventure/Ringworld-Revenge-of-the-Patriarch.zip
Waiting 2 seconds...
Downloading Adventure/Rise of the Dragon to ./games/Adventure/Rise-of-the-Dragon.zip
Waiting 1 seconds...
Downloading Adventure/ShadowCaster to ./games/Adventure/ShadowCaster.zip
Waiting 2 seconds...
Downloading Adventure/Shadowgate to ./games/Adventure/Shadowgate.zip
Waiting 1 seconds...
Downloading Adventure/Shadows of Mordor, The to ./games/Adventure/Shadows-of-Mordor-The.zip
Waiting 3 seconds...
Downloading Adventure/Shannara to ./games/Adventure/Shannara.zip
Waiting 3 seconds...
Downloading Adventure/Shogun to ./games/Adventure/Shogun.zip
Waiting 1 seconds...
Downloading Adventure/Snoopy and Peanuts to ./games/Adventure/Snoopy-and-Peanuts.zip
Waiting 4 seconds...
Downloading Adventure/Softporn Adventure to ./games/Adventure/Softporn-Adventure.zip
Waiting 5 seconds...
Downloading Adventure/Space Quest - The Sarien Encounter to ./games/Adventure/Space-Quest-The-Sarien-Encounter.zip
Waiting 2 seconds...
Downloading Adventure/Spellcasting 101 - Sorcerers get all the Girls to ./games/Adventure/Spellcasting-101-Sorcerers-get-all-the-Girls.zip
Waiting 4 seconds...
Downloading Adventure/Spellcasting 201 - The Sorcerers Appliance to ./games/Adventure/Spellcasting-201-The-Sorcerers-Appliance.zip
Waiting 3 seconds...
Downloading Adventure/Spellcasting 301 - Spring Break to ./games/Adventure/Spellcasting-301-Spring-Break.zip
Waiting 4 seconds...
Downloading Adventure/Star Control II to ./games/Adventure/Star-Control-II.zip
Waiting 3 seconds...
Downloading Adventure/Star Trek - 25th Anniversary to ./games/Adventure/Star-Trek-25th-Anniversary.zip
Waiting 4 seconds...
Downloading Adventure/Star Trek - Judgment Rites to ./games/Adventure/Star-Trek-Judgment-Rites.zip
Waiting 5 seconds...
Downloading Adventure/Star Trek - The Kobayashi Alternative to ./games/Adventure/Star-Trek-The-Kobayashi-Alternative.zip
Waiting 1 seconds...
Downloading Adventure/Star Trek - The Next Generation - The Transinium Challenge to ./games/Adventure/Star-Trek-The-Next-Generation-The-Transinium-Challenge.zip
Waiting 3 seconds...
Downloading Adventure/Star Trek - The Promethean Prophecy to ./games/Adventure/Star-Trek-The-Promethean-Prophecy.zip
Waiting 2 seconds...
Downloading Adventure/Star Trek - The Rebel Universe to ./games/Adventure/Star-Trek-The-Rebel-Universe.zip
Waiting 5 seconds...
Downloading Adventure/Superhero League of Hoboken to ./games/Adventure/Superhero-League-of-Hoboken.zip
Waiting 3 seconds...
Downloading Adventure/Time Paradox to ./games/Adventure/Time-Paradox.zip
Waiting 1 seconds...
Downloading Adventure/Total Eclipse to ./games/Adventure/Total-Eclipse.zip
Waiting 1 seconds...
Downloading Adventure/Touche - The Adventures of the 5th Musketeer to ./games/Adventure/Touche-The-Adventures-of-the-5th-Musketeer.zip
Waiting 4 seconds...
Downloading Adventure/Uninvited (DOS) to ./games/Adventure/Uninvited-DOS-.zip
Waiting 2 seconds...
Downloading Adventure/Uninvited (Windows) to ./games/Adventure/Uninvited-Windows-.zip
Waiting 4 seconds...
Downloading Adventure/Universe to ./games/Adventure/Universe.zip
Waiting 4 seconds...
Downloading Adventure/Veil of Darkness to ./games/Adventure/Veil-of-Darkness.zip
Waiting 1 seconds...
Downloading Adventure/Waynes World to ./games/Adventure/Waynes-World.zip
Waiting 2 seconds...
Downloading Adventure/Ween - The Prophecy to ./games/Adventure/Ween-The-Prophecy.zip
Waiting 5 seconds...
Downloading Adventure/Where in Europe is Carmen Sandiego to ./games/Adventure/Where-in-Europe-is-Carmen-Sandiego.zip
Waiting 3 seconds...
Downloading Adventure/Where in Time is Carmen Sandiego to ./games/Adventure/Where-in-Time-is-Carmen-Sandiego.zip
Waiting 2 seconds...
Downloading Adventure/Where Time Stood Still to ./games/Adventure/Where-Time-Stood-Still.zip
Waiting 3 seconds...
Downloading Adventure/Wishbringer to ./games/Adventure/Wishbringer.zip
Waiting 3 seconds...
Downloading Arcade/Adventures of Tintin - Prisoners of the Sun, The to ./games/Arcade/Adventures-of-Tintin-Prisoners-of-the-Sun-The.zip
Waiting 3 seconds...
Downloading Arcade/All Dogs Go To Heaven to ./games/Arcade/All-Dogs-Go-To-Heaven.zip
Waiting 4 seconds...
Downloading Arcade/Amazing Spider-Man, The to ./games/Arcade/Amazing-Spider-Man-The.zip
Waiting 4 seconds...
Downloading Arcade/Antarctic Adventure to ./games/Arcade/Antarctic-Adventure.zip
Waiting 3 seconds...
Downloading Arcade/Apple Panic to ./games/Arcade/Apple-Panic.zip
Waiting 1 seconds...
Downloading Arcade/Arkanoid to ./games/Arcade/Arkanoid.zip
Waiting 5 seconds...
Downloading Arcade/Arkanoid II - Revenge of Doh to ./games/Arcade/Arkanoid-II-Revenge-of-Doh.zip
Waiting 3 seconds...
Downloading Arcade/Asterix & Obelix to ./games/Arcade/Asterix-Obelix.zip
Waiting 4 seconds...
Downloading Arcade/Attack to ./games/Arcade/Attack.zip
Waiting 1 seconds...
Downloading Arcade/Barbie - A Fun-filled Adventure to ./games/Arcade/Barbie-A-Fun-filled-Adventure.zip
Waiting 5 seconds...
Downloading Arcade/Barbie - Super Model to ./games/Arcade/Barbie-Super-Model.zip
Waiting 3 seconds...
Downloading Arcade/BCs Quest for Tires to ./games/Arcade/BCs-Quest-for-Tires.zip
Waiting 2 seconds...
Downloading Arcade/Beethovens 2nd to ./games/Arcade/Beethovens-2nd.zip
Waiting 2 seconds...
Downloading Arcade/Beetlejuice in - Skeletons in the Closet to ./games/Arcade/Beetlejuice-in-Skeletons-in-the-Closet.zip
Waiting 4 seconds...
Downloading Arcade/Bio Menace to ./games/Arcade/Bio-Menace.zip
Waiting 1 seconds...
Downloading Arcade/Bionic Commando to ./games/Arcade/Bionic-Commando.zip
Waiting 5 seconds...
Downloading Arcade/Blues Brothers - Jukebox Adventure, The to ./games/Arcade/Blues-Brothers-Jukebox-Adventure-The.zip
Waiting 1 seconds...
Downloading Arcade/Blues Brothers, The to ./games/Arcade/Blues-Brothers-The.zip
Waiting 4 seconds...
Downloading Arcade/Boulder Dash to ./games/Arcade/Boulder-Dash.zip
Waiting 1 seconds...
Downloading Arcade/Bouncing Babies to ./games/Arcade/Bouncing-Babies.zip
Waiting 3 seconds...
Downloading Arcade/Brutal - Paws of Fury to ./games/Arcade/Brutal-Paws-of-Fury.zip
Waiting 4 seconds...
Downloading Arcade/Brutal - Paws of Fury Remix to ./games/Arcade/Brutal-Paws-of-Fury-Remix.zip
Waiting 2 seconds...
Downloading Arcade/Bubble Bobble to ./games/Arcade/Bubble-Bobble.zip
Waiting 1 seconds...
Downloading Arcade/Buck Rogers - Planet of Zoom to ./games/Arcade/Buck-Rogers-Planet-of-Zoom.zip
Waiting 1 seconds...
Downloading Arcade/Buggy Ranger to ./games/Arcade/Buggy-Ranger.zip
Waiting 5 seconds...
Downloading Arcade/Bugs Bunny Hare-Brained Adventure, The to ./games/Arcade/Bugs-Bunny-Hare-Brained-Adventure-The.zip
Waiting 5 seconds...
Downloading Arcade/Bumpys Arcade Fantasy to ./games/Arcade/Bumpys-Arcade-Fantasy.zip
Waiting 3 seconds...
Downloading Arcade/BurgerTime to ./games/Arcade/BurgerTime.zip
Waiting 3 seconds...
Downloading Arcade/Bust-A-Move to ./games/Arcade/Bust-A-Move.zip
Waiting 2 seconds...
Downloading Arcade/Captain Dynamo to ./games/Arcade/Captain-Dynamo.zip
Waiting 4 seconds...
Downloading Arcade/Castlevania to ./games/Arcade/Castlevania.zip
Waiting 3 seconds...
Downloading Arcade/CD-Man to ./games/Arcade/CD-Man.zip
Waiting 3 seconds...
Downloading Arcade/Centipede to ./games/Arcade/Centipede.zip
Waiting 5 seconds...
Downloading Arcade/Congo Bongo to ./games/Arcade/Congo-Bongo.zip
Waiting 5 seconds...
Downloading Arcade/Cool Croc Twins to ./games/Arcade/Cool-Croc-Twins.zip
Waiting 5 seconds...
Downloading Arcade/Cool Spot to ./games/Arcade/Cool-Spot.zip
Waiting 3 seconds...
Downloading Arcade/Crossbow - The Legend of William Tell to ./games/Arcade/Crossbow-The-Legend-of-William-Tell.zip
Waiting 3 seconds...
Downloading Arcade/Dangerous Dave to ./games/Arcade/Dangerous-Dave.zip
Waiting 4 seconds...
Downloading Arcade/Deathbringer to ./games/Arcade/Deathbringer.zip
Waiting 2 seconds...
Downloading Arcade/Dig Dug to ./games/Arcade/Dig-Dug.zip
Waiting 4 seconds...
Downloading Arcade/Dig It to ./games/Arcade/Dig-It.zip
Waiting 4 seconds...
Downloading Arcade/Digger (1983) to ./games/Arcade/Digger-1983-.zip
Waiting 3 seconds...
Downloading Arcade/Digger Remastered to ./games/Arcade/Digger-Remastered.zip
Waiting 1 seconds...
Downloading Arcade/Dino - Lost in Bedrock to ./games/Arcade/Dino-Lost-in-Bedrock.zip
Waiting 5 seconds...
Downloading Arcade/Dizzy - Bubble to ./games/Arcade/Dizzy-Bubble.zip
Waiting 2 seconds...
Downloading Arcade/Dizzy - Fantasy World to ./games/Arcade/Dizzy-Fantasy-World.zip
Waiting 1 seconds...
Downloading Arcade/Dizzy - Fast Food to ./games/Arcade/Dizzy-Fast-Food.zip
Waiting 2 seconds...
Downloading Arcade/Dizzy - Magicland to ./games/Arcade/Dizzy-Magicland.zip
Waiting 4 seconds...
Downloading Arcade/Dizzy - Prince of the Yolkfolk to ./games/Arcade/Dizzy-Prince-of-the-Yolkfolk.zip
Waiting 5 seconds...
Downloading Arcade/Dizzy - The Fantastic Adventures of Dizzy to ./games/Arcade/Dizzy-The-Fantastic-Adventures-of-Dizzy.zip
Waiting 2 seconds...
Downloading Arcade/DJ Puffs Volcanic Capers to ./games/Arcade/DJ-Puffs-Volcanic-Capers.zip
Waiting 1 seconds...
Downloading Arcade/Donkey to ./games/Arcade/Donkey.zip
Waiting 4 seconds...
Downloading Arcade/Donkey Kong to ./games/Arcade/Donkey-Kong.zip
Waiting 1 seconds...
Downloading Arcade/Dragons - A Challenge in Chivalry to ./games/Arcade/Dragons-A-Challenge-in-Chivalry.zip
Waiting 4 seconds...
Downloading Arcade/DStroy to ./games/Arcade/DStroy.zip
Waiting 2 seconds...
Downloading Arcade/Dyna Blaster to ./games/Arcade/Dyna-Blaster.zip
Waiting 4 seconds...
Downloading Arcade/Electranoid to ./games/Arcade/Electranoid.zip
Waiting 4 seconds...
Downloading Arcade/Elf to ./games/Arcade/Elf.zip
Waiting 2 seconds...
Downloading Arcade/First Samurai, The to ./games/Arcade/First-Samurai-The.zip
Waiting 4 seconds...
Downloading Arcade/Frogger to ./games/Arcade/Frogger.zip
Waiting 5 seconds...
Downloading Arcade/Frogger II - Three Deep to ./games/Arcade/Frogger-II-Three-Deep.zip
Waiting 5 seconds...
Downloading Arcade/Fury of the Furries to ./games/Arcade/Fury-of-the-Furries.zip
Waiting 2 seconds...
Downloading Arcade/Galaxian to ./games/Arcade/Galaxian.zip
Waiting 1 seconds...
Downloading Arcade/Gargoyle Medieval Pack to ./games/Arcade/Gargoyle-Medieval-Pack.zip
Waiting 4 seconds...
Downloading Arcade/Gauntlet to ./games/Arcade/Gauntlet.zip
Waiting 4 seconds...
Downloading Arcade/Gauntlet II to ./games/Arcade/Gauntlet-II.zip
Waiting 2 seconds...
Downloading Arcade/Geekwad - Games of the Galaxy, The to ./games/Arcade/Geekwad-Games-of-the-Galaxy-The.zip
Waiting 2 seconds...
Downloading Arcade/Ghostbusters to ./games/Arcade/Ghostbusters.zip
Waiting 3 seconds...
Downloading Arcade/Gods to ./games/Arcade/Gods.zip
Waiting 5 seconds...
Downloading Arcade/Golden Axe to ./games/Arcade/Golden-Axe.zip
Waiting 3 seconds...
Downloading Arcade/Hammer Boy to ./games/Arcade/Hammer-Boy.zip
Waiting 5 seconds...
Downloading Arcade/Home Alone to ./games/Arcade/Home-Alone.zip
Waiting 4 seconds...
Downloading Arcade/Home Alone 2 - Lost In New York to ./games/Arcade/Home-Alone-2-Lost-In-New-York.zip
Waiting 2 seconds...
Downloading Arcade/J-Bird to ./games/Arcade/J-Bird.zip
Waiting 1 seconds...
Downloading Arcade/Joe and Mac - Caveman Ninja to ./games/Arcade/Joe-and-Mac-Caveman-Ninja.zip
Waiting 4 seconds...
Downloading Arcade/Joust CGA to ./games/Arcade/Joust-CGA.zip
Waiting 3 seconds...
Downloading Arcade/Joust VGA to ./games/Arcade/Joust-VGA.zip
Waiting 5 seconds...
Downloading Arcade/Jungle Jack to ./games/Arcade/Jungle-Jack.zip
Waiting 1 seconds...
Downloading Arcade/Knight Games to ./games/Arcade/Knight-Games.zip
Waiting 2 seconds...
Downloading Arcade/Krustys Fun House to ./games/Arcade/Krustys-Fun-House.zip
Waiting 4 seconds...
Downloading Arcade/Legends to ./games/Arcade/Legends.zip
Waiting 3 seconds...
Downloading Arcade/Livingstone, I Presume to ./games/Arcade/Livingstone-I-Presume.zip
Waiting 5 seconds...
Downloading Arcade/Lode Runner to ./games/Arcade/Lode-Runner.zip
Waiting 1 seconds...
Downloading Arcade/Lollypop to ./games/Arcade/Lollypop.zip
Waiting 5 seconds...
Downloading Arcade/Magic Pockets to ./games/Arcade/Magic-Pockets.zip
Waiting 3 seconds...
Downloading Arcade/Manhole to ./games/Arcade/Manhole.zip
Waiting 2 seconds...
Downloading Arcade/Mario Brothers VGA to ./games/Arcade/Mario-Brothers-VGA.zip
Waiting 5 seconds...
Downloading Arcade/Mine Bombers to ./games/Arcade/Mine-Bombers.zip
Waiting 4 seconds...
Downloading Arcade/Miner 2049er to ./games/Arcade/Miner-2049er.zip
Waiting 5 seconds...
Downloading Arcade/Montezuma's Revenge to ./games/Arcade/Montezuma-s-Revenge.zip
Waiting 2 seconds...
Downloading Arcade/Monty Pythons Flying Circus to ./games/Arcade/Monty-Pythons-Flying-Circus.zip
Waiting 5 seconds...
Downloading Arcade/Monuments of Mars to ./games/Arcade/Monuments-of-Mars.zip
Waiting 5 seconds...
Downloading Arcade/Mortal Kombat to ./games/Arcade/Mortal-Kombat.zip
Waiting 2 seconds...
Downloading Arcade/Mortal Kombat II to ./games/Arcade/Mortal-Kombat-II.zip
Waiting 5 seconds...
Downloading Arcade/Ms. Pac-Man to ./games/Arcade/Ms-Pac-Man.zip
Waiting 4 seconds...
Downloading Arcade/Mushroom Mania to ./games/Arcade/Mushroom-Mania.zip
Waiting 3 seconds...
Downloading Arcade/Ninja to ./games/Arcade/Ninja.zip
Waiting 4 seconds...
Downloading Arcade/Ninja Gaiden II - The Dark Sword of Chaos to ./games/Arcade/Ninja-Gaiden-II-The-Dark-Sword-of-Chaos.zip
Waiting 3 seconds...
Downloading Arcade/Oliver and Company to ./games/Arcade/Oliver-and-Company.zip
Waiting 1 seconds...
Downloading Arcade/Operation Wolf to ./games/Arcade/Operation-Wolf.zip
Waiting 4 seconds...
Downloading Arcade/Oscar to ./games/Arcade/Oscar.zip
Waiting 1 seconds...
Downloading Arcade/Outer Ridge to ./games/Arcade/Outer-Ridge.zip
Waiting 4 seconds...
Downloading Arcade/OverKill - The Six Planet Mega-Blast to ./games/Arcade/OverKill-The-Six-Planet-Mega-Blast.zip
Waiting 2 seconds...
Downloading Arcade/Pac In Time to ./games/Arcade/Pac-In-Time.zip
Waiting 5 seconds...
Downloading Arcade/Pac-Man to ./games/Arcade/Pac-Man.zip
Waiting 5 seconds...
Downloading Arcade/Pacmania to ./games/Arcade/Pacmania.zip
Waiting 5 seconds...
Downloading Arcade/Pandemonium to ./games/Arcade/Pandemonium.zip
Interruption registered!
Waiting 3 seconds...
Interrupting...
