Skipping Action/007 - Licence to Kill already exists ./games/Action/007-Licence-to-Kill.zip
Skipping Action/A Nightmare On Elm Street already exists ./games/Action/A-Nightmare-On-Elm-Street.zip
Skipping Action/Aaargh! already exists ./games/Action/Aaargh-.zip
Skipping Action/Abuse already exists ./games/Action/Abuse.zip
Skipping Action/Action Fighter already exists ./games/Action/Action-Fighter.zip
Skipping Action/Airborne Ranger already exists ./games/Action/Airborne-Ranger.zip
Skipping Action/Airlift Rescue already exists ./games/Action/Airlift-Rescue.zip
Skipping Action/Alcatraz already exists ./games/Action/Alcatraz.zip
Skipping Action/Alien Carnage - Halloween Harry already exists ./games/Action/Alien-Carnage-Halloween-Harry.zip
Skipping Action/Alien Rampage already exists ./games/Action/Alien-Rampage.zip
Skipping Action/Alien Syndrome already exists ./games/Action/Alien-Syndrome.zip
Skipping Action/Alien Trilogy already exists ./games/Action/Alien-Trilogy.zip
Skipping Action/Alley Cat already exists ./games/Action/Alley-Cat.zip
Skipping Action/Altered Beast already exists ./games/Action/Altered-Beast.zip
Skipping Action/Aquaphobia already exists ./games/Action/Aquaphobia.zip
Skipping Action/Armor Alley already exists ./games/Action/Armor-Alley.zip
Skipping Action/Ashes of Empire already exists ./games/Action/Ashes-of-Empire.zip
Skipping Action/Assault Trooper already exists ./games/Action/Assault-Trooper.zip
Skipping Action/Asterix - Operation Getafix already exists ./games/Action/Asterix-Operation-Getafix.zip
Skipping Action/Baal already exists ./games/Action/Baal.zip
Skipping Action/Baby Jo in Going Home already exists ./games/Action/Baby-Jo-in-Going-Home.zip
Skipping Action/Back to the Future Part II already exists ./games/Action/Back-to-the-Future-Part-II.zip
Skipping Action/Back to the Future Part III already exists ./games/Action/Back-to-the-Future-Part-III.zip
Skipping Action/Bad Street Brawler already exists ./games/Action/Bad-Street-Brawler.zip
Skipping Action/Barbarian already exists ./games/Action/Barbarian.zip
Skipping Action/Barbarian II - Dungeons of Drax already exists ./games/Action/Barbarian-II-Dungeons-of-Drax.zip
Skipping Action/Batman Forever already exists ./games/Action/Batman-Forever.zip
Skipping Action/Battle Wrath already exists ./games/Action/Battle-Wrath.zip
Skipping Action/Battlezone already exists ./games/Action/Battlezone.zip
Skipping Action/Bermuda Syndrome already exists ./games/Action/Bermuda-Syndrome.zip
Downloading Action/Beverly Hills Cop to ./games/Action/Beverly-Hills-Cop.zip
Waiting 1 seconds...
Downloading Action/Blackthorne to ./games/Action/Blackthorne.zip
Waiting 4 seconds...
Downloading Action/Bram Stokers Dracula to ./games/Action/Bram-Stokers-Dracula.zip
Waiting 1 seconds...
Downloading Action/Bruce Lee to ./games/Action/Bruce-Lee.zip
Waiting 4 seconds...
Downloading Action/Cabal to ./games/Action/Cabal.zip
Waiting 1 seconds...
Downloading Action/Cannon Fodder 2 to ./games/Action/Cannon-Fodder-2.zip
Waiting 3 seconds...
Downloading Action/Captain Bible in the Dome of Darkness to ./games/Action/Captain-Bible-in-the-Dome-of-Darkness.zip
Waiting 3 seconds...
Downloading Action/Chaos Engine, The to ./games/Action/Chaos-Engine-The.zip
Waiting 3 seconds...
Downloading Action/Chasm - The Rift to ./games/Action/Chasm-The-Rift.zip
Waiting 3 seconds...
Downloading Action/Cold Dreams to ./games/Action/Cold-Dreams.zip
Waiting 4 seconds...
Downloading Action/Commander Keen 6 - Aliens Ate My Baby Sitter to ./games/Action/Commander-Keen-6-Aliens-Ate-My-Baby-Sitter.zip
Waiting 4 seconds...
Downloading Action/Corridor 7: Alien Invasion to ./games/Action/Corridor-7-Alien-Invasion.zip
Waiting 3 seconds...
Downloading Action/Crime Wave to ./games/Action/Crime-Wave.zip
Waiting 2 seconds...
Downloading Action/Crusader - No Remorse to ./games/Action/Crusader-No-Remorse.zip
Interruption registered!
Waiting 1 seconds...
Interrupting...
