Skipping Action/007 - Licence to Kill already exists ./games/Action/007-Licence-to-Kill.zip
Downloading Action/1-0 Soccer Manager to ./games/Action/1-0-Soccer-Manager.zip
Waiting 3 seconds...
Skipping Action/A Nightmare On Elm Street already exists ./games/Action/A-Nightmare-On-Elm-Street.zip
Skipping Action/Aaargh! already exists ./games/Action/Aaargh-.zip
Skipping Action/Abuse already exists ./games/Action/Abuse.zip
Skipping Action/Action Fighter already exists ./games/Action/Action-Fighter.zip
Skipping Action/Airborne Ranger already exists ./games/Action/Airborne-Ranger.zip
Skipping Action/Airlift Rescue already exists ./games/Action/Airlift-Rescue.zip
Skipping Action/Alcatraz already exists ./games/Action/Alcatraz.zip
Skipping Action/Alien Carnage - Halloween Harry already exists ./games/Action/Alien-Carnage-Halloween-Harry.zip
Skipping Action/Alien Rampage already exists ./games/Action/Alien-Rampage.zip
Skipping Action/Alien Syndrome already exists ./games/Action/Alien-Syndrome.zip
Skipping Action/Alien Trilogy already exists ./games/Action/Alien-Trilogy.zip
Skipping Action/Alley Cat already exists ./games/Action/Alley-Cat.zip
Skipping Action/Altered Beast already exists ./games/Action/Altered-Beast.zip
Skipping Action/Aquaphobia already exists ./games/Action/Aquaphobia.zip
Skipping Action/Armor Alley already exists ./games/Action/Armor-Alley.zip
Skipping Action/Ashes of Empire already exists ./games/Action/Ashes-of-Empire.zip
Skipping Action/Assault Trooper already exists ./games/Action/Assault-Trooper.zip
Skipping Action/Asterix - Operation Getafix already exists ./games/Action/Asterix-Operation-Getafix.zip
Skipping Action/Baal already exists ./games/Action/Baal.zip
Skipping Action/Baby Jo in Going Home already exists ./games/Action/Baby-Jo-in-Going-Home.zip
Skipping Action/Back to the Future Part II already exists ./games/Action/Back-to-the-Future-Part-II.zip
Skipping Action/Back to the Future Part III already exists ./games/Action/Back-to-the-Future-Part-III.zip
Skipping Action/Bad Street Brawler already exists ./games/Action/Bad-Street-Brawler.zip
Skipping Action/Barbarian already exists ./games/Action/Barbarian.zip
Skipping Action/Barbarian II - Dungeons of Drax already exists ./games/Action/Barbarian-II-Dungeons-of-Drax.zip
Skipping Action/Batman Forever already exists ./games/Action/Batman-Forever.zip
Skipping Action/Battle Wrath already exists ./games/Action/Battle-Wrath.zip
Skipping Action/Battlezone already exists ./games/Action/Battlezone.zip
Skipping Action/Bermuda Syndrome already exists ./games/Action/Bermuda-Syndrome.zip
Skipping Action/Beverly Hills Cop already exists ./games/Action/Beverly-Hills-Cop.zip
Downloading Action/Bioforge to ./games/Action/Bioforge.zip
Waiting 5 seconds...
Skipping Action/Blackthorne already exists ./games/Action/Blackthorne.zip
Skipping Action/Bram Stokers Dracula already exists ./games/Action/Bram-Stokers-Dracula.zip
Skipping Action/Bruce Lee already exists ./games/Action/Bruce-Lee.zip
Skipping Action/Cabal already exists ./games/Action/Cabal.zip
Skipping Action/Cannon Fodder 2 already exists ./games/Action/Cannon-Fodder-2.zip
Skipping Action/Captain Bible in the Dome of Darkness already exists ./games/Action/Captain-Bible-in-the-Dome-of-Darkness.zip
Downloading Action/Cardinal of the Kremlin, The to ./games/Action/Cardinal-of-the-Kremlin-The.zip
Waiting 4 seconds...
Skipping Action/Chaos Engine, The already exists ./games/Action/Chaos-Engine-The.zip
Skipping Action/Chasm - The Rift already exists ./games/Action/Chasm-The-Rift.zip
Skipping Action/Cold Dreams already exists ./games/Action/Cold-Dreams.zip
Skipping Action/Commander Keen 6 - Aliens Ate My Baby Sitter already exists ./games/Action/Commander-Keen-6-Aliens-Ate-My-Baby-Sitter.zip
Skipping Action/Corridor 7: Alien Invasion already exists ./games/Action/Corridor-7-Alien-Invasion.zip
Skipping Action/Crime Wave already exists ./games/Action/Crime-Wave.zip
Skipping Action/Crusader - No Remorse already exists ./games/Action/Crusader-No-Remorse.zip
Skipping Action/Cyberlaw already exists ./games/Action/Cyberlaw.zip
Skipping Action/CyberRace already exists ./games/Action/CyberRace.zip
Skipping Action/CyClones already exists ./games/Action/CyClones.zip
Skipping Action/D-Generation already exists ./games/Action/D-Generation.zip
Skipping Action/Dalek Attack already exists ./games/Action/Dalek-Attack.zip
Skipping Action/Dark Ages - Prince of Destiny already exists ./games/Action/Dark-Ages-Prince-of-Destiny.zip
Skipping Action/Death Sword already exists ./games/Action/Death-Sword.zip
Skipping Action/Deer Avenger already exists ./games/Action/Deer-Avenger.zip
Skipping Action/Demon Blue already exists ./games/Action/Demon-Blue.zip
Skipping Action/Desert Strike - Return to the Gulf already exists ./games/Action/Desert-Strike-Return-to-the-Gulf.zip
Skipping Action/Die Hard already exists ./games/Action/Die-Hard.zip
Skipping Action/Double Dragon already exists ./games/Action/Double-Dragon.zip
Skipping Action/Double Dragon II - The Revenge already exists ./games/Action/Double-Dragon-II-The-Revenge.zip
Skipping Action/Double Dragon III - The Rosetta Stone already exists ./games/Action/Double-Dragon-III-The-Rosetta-Stone.zip
Skipping Action/Dragon Force - The Day 3 already exists ./games/Action/Dragon-Force-The-Day-3.zip
Skipping Action/Dragon's Lair - Escape from Singe's Castle already exists ./games/Action/Dragon-s-Lair-Escape-from-Singe-s-Castle.zip
Skipping Action/Dylan Dog - The Murderers already exists ./games/Action/Dylan-Dog-The-Murderers.zip
Skipping Action/Eojjeonji Joheun Il-i Saenggil Geot Gateun Jeonyeok already exists ./games/Action/Eojjeonji-Joheun-Il-i-Saenggil-Geot-Gateun-Jeonyeok.zip
Skipping Action/Epic already exists ./games/Action/Epic.zip
Skipping Action/Eracha already exists ./games/Action/Eracha.zip
Skipping Action/Eye of Horus already exists ./games/Action/Eye-of-Horus.zip
Skipping Action/Feud already exists ./games/Action/Feud.zip
Skipping Action/Fiendish Freddys Big Top O Fun already exists ./games/Action/Fiendish-Freddys-Big-Top-O-Fun.zip
Skipping Action/Flashback (CD) already exists ./games/Action/Flashback-CD-.zip
Skipping Action/Flashback (DOS) already exists ./games/Action/Flashback-DOS-.zip
Skipping Action/Fox Ranger already exists ./games/Action/Fox-Ranger.zip
Skipping Action/Franko - The Crazy Revenge already exists ./games/Action/Franko-The-Crazy-Revenge.zip
Skipping Action/Ghostbusters II already exists ./games/Action/Ghostbusters-II.zip
Skipping Action/Ghosts N Goblins already exists ./games/Action/Ghosts-N-Goblins.zip
Skipping Action/Gladiator already exists ./games/Action/Gladiator.zip
Skipping Action/Godfather, The already exists ./games/Action/Godfather-The.zip
Skipping Action/Goonies, The already exists ./games/Action/Goonies-The.zip
Skipping Action/Guy Spy and the Crystals of Armageddon already exists ./games/Action/Guy-Spy-and-the-Crystals-of-Armageddon.zip
Skipping Action/Highway Hunter already exists ./games/Action/Highway-Hunter.zip
Skipping Action/Horror Zombies from the Crypt already exists ./games/Action/Horror-Zombies-from-the-Crypt.zip
Skipping Action/Hostage - Rescue Mission already exists ./games/Action/Hostage-Rescue-Mission.zip
Skipping Action/I.M. Meen already exists ./games/Action/I-M-Meen.zip
Skipping Action/Impossible Mission II already exists ./games/Action/Impossible-Mission-II.zip
Skipping Action/In Search of Dr. Riptide already exists ./games/Action/In-Search-of-Dr-Riptide.zip
Skipping Action/Inca already exists ./games/Action/Inca.zip
Skipping Action/Indiana Jones and the Temple of Doom already exists ./games/Action/Indiana-Jones-and-the-Temple-of-Doom.zip
Skipping Action/Infiltrator already exists ./games/Action/Infiltrator.zip
Skipping Action/International Karate already exists ./games/Action/International-Karate.zip
Skipping Action/International Ninja Rabbits already exists ./games/Action/International-Ninja-Rabbits.zip
Skipping Action/Into The Eagles Nest already exists ./games/Action/Into-The-Eagles-Nest.zip
Skipping Action/Isle Of The Dead already exists ./games/Action/Isle-Of-The-Dead.zip
Skipping Action/James Pond 2 - Codename RoboCod already exists ./games/Action/James-Pond-2-Codename-RoboCod.zip
Skipping Action/Jazz Jackrabbit 2 already exists ./games/Action/Jazz-Jackrabbit-2.zip
Skipping Action/Jazz Jackrabbit 2 - The Secret Files already exists ./games/Action/Jazz-Jackrabbit-2-The-Secret-Files.zip
Skipping Action/Jazz Jackrabbit Holiday Hare 1995 already exists ./games/Action/Jazz-Jackrabbit-Holiday-Hare-1995.zip
Skipping Action/Jill of the Jungle already exists ./games/Action/Jill-of-the-Jungle.zip
Skipping Action/Jill of the Jungle - Jill Goes Underground already exists ./games/Action/Jill-of-the-Jungle-Jill-Goes-Underground.zip
Skipping Action/Jill of the Jungle - Jill Saves the Prince already exists ./games/Action/Jill-of-the-Jungle-Jill-Saves-the-Prince.zip
Skipping Action/Jim Power in Mutant Planet already exists ./games/Action/Jim-Power-in-Mutant-Planet.zip
Skipping Action/Jonny Quest - Curse of the Mayan Warriors already exists ./games/Action/Jonny-Quest-Curse-of-the-Mayan-Warriors.zip
Skipping Action/Jungle Strike already exists ./games/Action/Jungle-Strike.zip
Skipping Action/Jurassic Park already exists ./games/Action/Jurassic-Park.zip
Skipping Action/Karateka already exists ./games/Action/Karateka.zip
Skipping Action/Krazy Ivan already exists ./games/Action/Krazy-Ivan.zip
Skipping Action/Kwik Snax already exists ./games/Action/Kwik-Snax.zip
Skipping Action/Last Ninja 2: Back with a Vengeance already exists ./games/Action/Last-Ninja-2-Back-with-a-Vengeance.zip
Skipping Action/Last Ninja, The already exists ./games/Action/Last-Ninja-The.zip
Skipping Action/Lion King, The already exists ./games/Action/Lion-King-The.zip
Skipping Action/Lost City of Atlantis, The already exists ./games/Action/Lost-City-of-Atlantis-The.zip
Skipping Action/Lost Vikings, The already exists ./games/Action/Lost-Vikings-The.zip
Skipping Action/Magic Carpet already exists ./games/Action/Magic-Carpet.zip
Skipping Action/Marathon 2 - Durandal already exists ./games/Action/Marathon-2-Durandal.zip
Skipping Action/McDonald Land already exists ./games/Action/McDonald-Land.zip
Skipping Action/Mechwarrior already exists ./games/Action/Mechwarrior.zip
Skipping Action/Metal Gear already exists ./games/Action/Metal-Gear.zip
Skipping Action/Montezuma's Return already exists ./games/Action/Montezuma-s-Return.zip
Skipping Action/Moonwalker already exists ./games/Action/Moonwalker.zip
Downloading Action/Mortal Kombat 3 to ./games/Action/Mortal-Kombat-3.zip
Waiting 5 seconds...
Skipping Action/Mortal Kombat Trilogy already exists ./games/Action/Mortal-Kombat-Trilogy.zip
Skipping Action/Mouser already exists ./games/Action/Mouser.zip
Skipping Action/Mythos already exists ./games/Action/Mythos.zip
Skipping Action/Narco Police already exists ./games/Action/Narco-Police.zip
Downloading Action/Nebulus (aka Tower Toppler) to ./games/Action/Nebulus-aka-Tower-Toppler-.zip
Waiting 1 seconds...
Skipping Action/Nightmare Creatures already exists ./games/Action/Nightmare-Creatures.zip
Skipping Action/Ninja Rabbits already exists ./games/Action/Ninja-Rabbits.zip
Skipping Action/No Respect already exists ./games/Action/No-Respect.zip
Skipping Action/North & South already exists ./games/Action/North-South.zip
Downloading Action/Omega to ./games/Action/Omega.zip
Waiting 4 seconds...
Skipping Action/Operation Body Count already exists ./games/Action/Operation-Body-Count.zip
Skipping Action/Overkill already exists ./games/Action/Overkill.zip
Skipping Action/Paperboy 2 already exists ./games/Action/Paperboy-2.zip
Skipping Action/Platoon already exists ./games/Action/Platoon.zip
Skipping Action/Pocahontas already exists ./games/Action/Pocahontas.zip
Skipping Action/Popeye 2 already exists ./games/Action/Popeye-2.zip
Skipping Action/Powerslave (aka Exhumed) already exists ./games/Action/Powerslave-aka-Exhumed-.zip
Skipping Action/Prince of Persia already exists ./games/Action/Prince-of-Persia.zip
Skipping Action/Prince of Persia 2 - The Shadow & The Flame already exists ./games/Action/Prince-of-Persia-2-The-Shadow-The-Flame.zip
Skipping Action/Prophecy 1 - The Viking Child already exists ./games/Action/Prophecy-1-The-Viking-Child.zip
Skipping Action/Punisher, The already exists ./games/Action/Punisher-The.zip
Skipping Action/Pyrotechnica already exists ./games/Action/Pyrotechnica.zip
Skipping Action/Quatra Command already exists ./games/Action/Quatra-Command.zip
Skipping Action/Radix: Beyond the Void already exists ./games/Action/Radix-Beyond-the-Void.zip
Skipping Action/Raiden already exists ./games/Action/Raiden.zip
Skipping Action/Rambo III already exists ./games/Action/Rambo-III.zip
Skipping Action/Rampart already exists ./games/Action/Rampart.zip
Skipping Action/Robocop already exists ./games/Action/Robocop.zip
Skipping Action/Sand Storm already exists ./games/Action/Sand-Storm.zip
Skipping Action/Shadow Knights already exists ./games/Action/Shadow-Knights.zip
Skipping Action/Shadow Man already exists ./games/Action/Shadow-Man.zip
Skipping Action/Silpheed already exists ./games/Action/Silpheed.zip
Skipping Action/Sinbad and the Throne of the Falcon already exists ./games/Action/Sinbad-and-the-Throne-of-the-Falcon.zip
Skipping Action/Sky Shark already exists ./games/Action/Sky-Shark.zip
Skipping Action/Sleepwalker already exists ./games/Action/Sleepwalker.zip
Skipping Action/Sonic CD already exists ./games/Action/Sonic-CD.zip
Skipping Action/Special Forces already exists ./games/Action/Special-Forces.zip
Skipping Action/Star Lord already exists ./games/Action/Star-Lord.zip
Skipping Action/Star Trek V - The Final Frontier already exists ./games/Action/Star-Trek-V-The-Final-Frontier.zip
Skipping Action/Star Wars - The Arcade Game already exists ./games/Action/Star-Wars-The-Arcade-Game.zip
Skipping Action/Starquake already exists ./games/Action/Starquake.zip
Skipping Action/Still Hunt already exists ./games/Action/Still-Hunt.zip
Skipping Action/Stormlord already exists ./games/Action/Stormlord.zip
Skipping Action/Strife already exists ./games/Action/Strife.zip
Skipping Action/Striker already exists ./games/Action/Striker.zip
Skipping Action/Suburban Commando already exists ./games/Action/Suburban-Commando.zip
Skipping Action/Super Street Fighter II Turbo already exists ./games/Action/Super-Street-Fighter-II-Turbo.zip
Skipping Action/Super Trio already exists ./games/Action/Super-Trio.zip
Skipping Action/System Shock already exists ./games/Action/System-Shock.zip
Skipping Action/Teenage Mutant Ninja Turtles already exists ./games/Action/Teenage-Mutant-Ninja-Turtles.zip
Skipping Action/Teenage Mutant Ninja Turtles - Manhattan Missions already exists ./games/Action/Teenage-Mutant-Ninja-Turtles-Manhattan-Missions.zip
Skipping Action/Terminal Terror already exists ./games/Action/Terminal-Terror.zip
Skipping Action/Terminator 2 - Judgment Day already exists ./games/Action/Terminator-2-Judgment-Day.zip
Skipping Action/Theatre of Death already exists ./games/Action/Theatre-of-Death.zip
Skipping Action/Theatre of Pain already exists ./games/Action/Theatre-of-Pain.zip
Skipping Action/Thexder already exists ./games/Action/Thexder.zip
Skipping Action/Titanic already exists ./games/Action/Titanic.zip
Skipping Action/Tom & Jerry Cat-astrophe already exists ./games/Action/Tom-Jerry-Cat-astrophe.zip
Skipping Action/Tom and Jerry already exists ./games/Action/Tom-and-Jerry.zip
Skipping Action/Tough Guy already exists ./games/Action/Tough-Guy.zip
Skipping Action/Traffic Department 2192 already exists ./games/Action/Traffic-Department-2192.zip
Skipping Action/Troddlers already exists ./games/Action/Troddlers.zip
Skipping Action/Tubular Worlds already exists ./games/Action/Tubular-Worlds.zip
Skipping Action/Turok - Dinosaur Hunter already exists ./games/Action/Turok-Dinosaur-Hunter.zip
Skipping Action/Turrican II - The Final Fight already exists ./games/Action/Turrican-II-The-Final-Fight.zip
Skipping Action/Tyrian 2000 already exists ./games/Action/Tyrian-2000.zip
Skipping Action/Ulises already exists ./games/Action/Ulises.zip
Skipping Action/Untouchables, The already exists ./games/Action/Untouchables-The.zip
Skipping Action/Vigilance on Talos V already exists ./games/Action/Vigilance-on-Talos-V.zip
Skipping Action/Weird Dreams already exists ./games/Action/Weird-Dreams.zip
Skipping Action/West Adventure already exists ./games/Action/West-Adventure.zip
Skipping Action/Whizz already exists ./games/Action/Whizz.zip
Skipping Action/Wing Commander Academy already exists ./games/Action/Wing-Commander-Academy.zip
Skipping Action/Wings of Fury already exists ./games/Action/Wings-of-Fury.zip
Skipping Action/Wrath of Earth already exists ./games/Action/Wrath-of-Earth.zip
Skipping Action/X-Men - Madness in Murderworld already exists ./games/Action/X-Men-Madness-in-Murderworld.zip
Skipping Action/X-Men 2 - The Fall of the Mutants already exists ./games/Action/X-Men-2-The-Fall-of-the-Mutants.zip
Skipping Action/Xatax already exists ./games/Action/Xatax.zip
Skipping Action/Xenocide already exists ./games/Action/Xenocide.zip
Skipping Action/Xenon already exists ./games/Action/Xenon.zip
Skipping Action/Xenophage - Alien BloodSport already exists ./games/Action/Xenophage-Alien-BloodSport.zip
Skipping Action/XQuest already exists ./games/Action/XQuest.zip
Skipping Action/Yogho Yogho spel already exists ./games/Action/Yogho-Yogho-spel.zip
Skipping Action/Zona 0 already exists ./games/Action/Zona-0.zip
Skipping Action/Zone 66 already exists ./games/Action/Zone-66.zip
Skipping Action/Zorro already exists ./games/Action/Zorro.zip
Skipping Adventure/A Mind Forever Voyaging already exists ./games/Adventure/A-Mind-Forever-Voyaging.zip
Skipping Adventure/Abbey of Montglane, The already exists ./games/Adventure/Abbey-of-Montglane-The.zip
Skipping Adventure/Acheton already exists ./games/Adventure/Acheton.zip
Skipping Adventure/Adventure already exists ./games/Adventure/Adventure.zip
Skipping Adventure/Adventure in Serenia already exists ./games/Adventure/Adventure-in-Serenia.zip
Skipping Adventure/Adventures of Robin Hood, The already exists ./games/Adventure/Adventures-of-Robin-Hood-The.zip
Skipping Adventure/Adventures of Willy Beamish, The already exists ./games/Adventure/Adventures-of-Willy-Beamish-The.zip
Skipping Adventure/African Adventure already exists ./games/Adventure/African-Adventure.zip
Skipping Adventure/Alice in Wonderland already exists ./games/Adventure/Alice-in-Wonderland.zip
Skipping Adventure/Alien Incident already exists ./games/Adventure/Alien-Incident.zip
Skipping Adventure/Alien Virus already exists ./games/Adventure/Alien-Virus.zip
Skipping Adventure/Altered Destiny already exists ./games/Adventure/Altered-Destiny.zip
Skipping Adventure/Amazon already exists ./games/Adventure/Amazon.zip
Skipping Adventure/Amazon - Guardians of Eden already exists ./games/Adventure/Amazon-Guardians-of-Eden.zip
Skipping Adventure/Amnesia already exists ./games/Adventure/Amnesia.zip
Skipping Adventure/An American Tail - Fievel Goes West already exists ./games/Adventure/An-American-Tail-Fievel-Goes-West.zip
Skipping Adventure/Armaeth - The Lost Kingdom already exists ./games/Adventure/Armaeth-The-Lost-Kingdom.zip
Skipping Adventure/Arthur - The Quest for Excalibur already exists ./games/Adventure/Arthur-The-Quest-for-Excalibur.zip
Skipping Adventure/B.A.T. already exists ./games/Adventure/B-A-T-.zip
Skipping Adventure/B.A.T. II - The Koshan Conspiracy already exists ./games/Adventure/B-A-T-II-The-Koshan-Conspiracy.zip
Skipping Adventure/Bargon Attack already exists ./games/Adventure/Bargon-Attack.zip
Skipping Adventure/Batman - The Caped Crusader already exists ./games/Adventure/Batman-The-Caped-Crusader.zip
Skipping Adventure/Beverly Hillbillies, The already exists ./games/Adventure/Beverly-Hillbillies-The.zip
Skipping Adventure/Big Red Adventure, The already exists ./games/Adventure/Big-Red-Adventure-The.zip
Skipping Adventure/Bill and Teds Excellent Adventure already exists ./games/Adventure/Bill-and-Teds-Excellent-Adventure.zip
Skipping Adventure/Black Sect already exists ./games/Adventure/Black-Sect.zip
Skipping Adventure/Blackstar - Agent of Justice already exists ./games/Adventure/Blackstar-Agent-of-Justice.zip
Skipping Adventure/Blue Force already exists ./games/Adventure/Blue-Force.zip
Skipping Adventure/Bureau 13 already exists ./games/Adventure/Bureau-13.zip
Skipping Adventure/Cadaver already exists ./games/Adventure/Cadaver.zip
Skipping Adventure/Call of Cthulhu - Shadow of the Comet already exists ./games/Adventure/Call-of-Cthulhu-Shadow-of-the-Comet.zip
Skipping Adventure/Castle Adventure already exists ./games/Adventure/Castle-Adventure.zip
Skipping Adventure/Castle Ralf already exists ./games/Adventure/Castle-Ralf.zip
Skipping Adventure/Codename - ICEMAN already exists ./games/Adventure/Codename-ICEMAN.zip
Skipping Adventure/Companions of Xanth already exists ./games/Adventure/Companions-of-Xanth.zip
Skipping Adventure/Conquests of Camelot - The Search for the Grail already exists ./games/Adventure/Conquests-of-Camelot-The-Search-for-the-Grail.zip
Skipping Adventure/Conquests of the Longbow - The Legend of Robin Hood already exists ./games/Adventure/Conquests-of-the-Longbow-The-Legend-of-Robin-Hood.zip
Skipping Adventure/Countdown already exists ./games/Adventure/Countdown.zip
Skipping Adventure/Crime City already exists ./games/Adventure/Crime-City.zip
Skipping Adventure/Crime Time already exists ./games/Adventure/Crime-Time.zip
Skipping Adventure/Cruise for a Corpse already exists ./games/Adventure/Cruise-for-a-Corpse.zip
Skipping Adventure/Curse of Enchantia already exists ./games/Adventure/Curse-of-Enchantia.zip
Skipping Adventure/Dark Half, The already exists ./games/Adventure/Dark-Half-The.zip
Skipping Adventure/Dark Seed already exists ./games/Adventure/Dark-Seed.zip
Skipping Adventure/Dark Seed II already exists ./games/Adventure/Dark-Seed-II.zip
Skipping Adventure/Daughter of Serpents (a.k.a. The Scroll) already exists ./games/Adventure/Daughter-of-Serpents-a-k-a-The-Scroll-.zip
Skipping Adventure/Death Gate already exists ./games/Adventure/Death-Gate.zip
Skipping Adventure/Deep Space Drifter already exists ./games/Adventure/Deep-Space-Drifter.zip
Skipping Adventure/Defender of Boston - The Rock Island Mystery already exists ./games/Adventure/Defender-of-Boston-The-Rock-Island-Mystery.zip
Skipping Adventure/Deja Vu - A Nightmare Comes True already exists ./games/Adventure/Deja-Vu-A-Nightmare-Comes-True.zip
Skipping Adventure/Denarius Avaricius Sextus already exists ./games/Adventure/Denarius-Avaricius-Sextus.zip
Skipping Adventure/Discworld already exists ./games/Adventure/Discworld.zip
Skipping Adventure/Dragonsphere already exists ./games/Adventure/Dragonsphere.zip
Skipping Adventure/DreamWeb already exists ./games/Adventure/DreamWeb.zip
Skipping Adventure/Dune already exists ./games/Adventure/Dune.zip
Skipping Adventure/Dylan Dog - Through the Looking Glass already exists ./games/Adventure/Dylan-Dog-Through-the-Looking-Glass.zip
Skipping Adventure/Eagle Eye Mysteries already exists ./games/Adventure/Eagle-Eye-Mysteries.zip
Skipping Adventure/EcoQuest - The Search for Cetus already exists ./games/Adventure/EcoQuest-The-Search-for-Cetus.zip
Skipping Adventure/EcoQuest 2 - Lost Secret of the Rainforest already exists ./games/Adventure/EcoQuest-2-Lost-Secret-of-the-Rainforest.zip
Skipping Adventure/Ecstatica already exists ./games/Adventure/Ecstatica.zip
Skipping Adventure/Enchanter already exists ./games/Adventure/Enchanter.zip
Skipping Adventure/Eric the Unready already exists ./games/Adventure/Eric-the-Unready.zip
Skipping Adventure/Escape from Delirium already exists ./games/Adventure/Escape-from-Delirium.zip
Skipping Adventure/Eternam already exists ./games/Adventure/Eternam.zip
Skipping Adventure/Fable already exists ./games/Adventure/Fable.zip
Skipping Adventure/Fatty Bears Birthday Surprise already exists ./games/Adventure/Fatty-Bears-Birthday-Surprise.zip
Skipping Adventure/Fish! already exists ./games/Adventure/Fish-.zip
Skipping Adventure/Freddy Pharkas - Frontier Pharmacist already exists ./games/Adventure/Freddy-Pharkas-Frontier-Pharmacist.zip
Skipping Adventure/Future Wars - Time Travellers already exists ./games/Adventure/Future-Wars-Time-Travellers.zip
Skipping Adventure/Gateway 2 - Homeworld already exists ./games/Adventure/Gateway-2-Homeworld.zip
Skipping Adventure/Gene Machine, The already exists ./games/Adventure/Gene-Machine-The.zip
Skipping Adventure/Gold Rush already exists ./games/Adventure/Gold-Rush.zip
Skipping Adventure/Great Escape, The already exists ./games/Adventure/Great-Escape-The.zip
Skipping Adventure/Guild of Thieves, The already exists ./games/Adventure/Guild-of-Thieves-The.zip
Skipping Adventure/Guilty already exists ./games/Adventure/Guilty.zip
Skipping Adventure/Heart of China already exists ./games/Adventure/Heart-of-China.zip
Skipping Adventure/Hitchhikers Guide to the Galaxy, The already exists ./games/Adventure/Hitchhikers-Guide-to-the-Galaxy-The.zip
Skipping Adventure/Hook already exists ./games/Adventure/Hook.zip
Skipping Adventure/Igor - Objective Uikokahonia already exists ./games/Adventure/Igor-Objective-Uikokahonia.zip
Skipping Adventure/Innocent Until Caught already exists ./games/Adventure/Innocent-Until-Caught.zip
Skipping Adventure/Inspector Gadget - Global Terror! already exists ./games/Adventure/Inspector-Gadget-Global-Terror-.zip
Skipping Adventure/Iron Lord already exists ./games/Adventure/Iron-Lord.zip
Skipping Adventure/Jack The Ripper already exists ./games/Adventure/Jack-The-Ripper.zip
Skipping Adventure/James Clavells Shogun already exists ./games/Adventure/James-Clavells-Shogun.zip
Skipping Adventure/KGB aka Conspiracy already exists ./games/Adventure/KGB-aka-Conspiracy.zip
Skipping Adventure/King of Chicago, The already exists ./games/Adventure/King-of-Chicago-The.zip
Skipping Adventure/Kronolog - The Nazi Paradox already exists ./games/Adventure/Kronolog-The-Nazi-Paradox.zip
Skipping Adventure/Last Half of Darkness already exists ./games/Adventure/Last-Half-of-Darkness.zip
Skipping Adventure/Last Half of Darkness VGA already exists ./games/Adventure/Last-Half-of-Darkness-VGA.zip
Skipping Adventure/Laura Bow 1 - The Colonels Bequest already exists ./games/Adventure/Laura-Bow-1-The-Colonels-Bequest.zip
Skipping Adventure/Laura Bow 2 - The Dagger of Amon-Ra already exists ./games/Adventure/Laura-Bow-2-The-Dagger-of-Amon-Ra.zip
Skipping Adventure/Leather Goddesses of Phobos already exists ./games/Adventure/Leather-Goddesses-of-Phobos.zip
Skipping Adventure/Leather Goddesses of Phobos 2 already exists ./games/Adventure/Leather-Goddesses-of-Phobos-2.zip
Skipping Adventure/Legend of Kyrandia 1, The already exists ./games/Adventure/Legend-of-Kyrandia-1-The.zip
Skipping Adventure/Legend of Kyrandia 2 - Hand of Fate, The already exists ./games/Adventure/Legend-of-Kyrandia-2-Hand-of-Fate-The.zip
Skipping Adventure/Legend of Kyrandia 3 - Malcolms Revenge, The already exists ./games/Adventure/Legend-of-Kyrandia-3-Malcolms-Revenge-The.zip
Skipping Adventure/Leisure Suit Larry 1 - in the Land of the Lounge Lizards already exists ./games/Adventure/Leisure-Suit-Larry-1-in-the-Land-of-the-Lounge-Lizards.zip
Skipping Adventure/Les Manley in - Lost in L.A. already exists ./games/Adventure/Les-Manley-in-Lost-in-L-A-.zip
Skipping Adventure/Les Manley in - Search for The King already exists ./games/Adventure/Les-Manley-in-Search-for-The-King.zip
Skipping Adventure/Litil Divil already exists ./games/Adventure/Litil-Divil.zip
Skipping Adventure/Little Big Adventure - Twinsens Adventure already exists ./games/Adventure/Little-Big-Adventure-Twinsens-Adventure.zip
Skipping Adventure/Lord Avalot already exists ./games/Adventure/Lord-Avalot.zip
Skipping Adventure/Lost Files of Sherlock Holmes - The Case of Serrated Scalpel, The already exists ./games/Adventure/Lost-Files-of-Sherlock-Holmes-The-Case-of-Serrated-Scalpel-The.zip
Skipping Adventure/Lost in Time already exists ./games/Adventure/Lost-in-Time.zip
Skipping Adventure/Lurking Horror, The already exists ./games/Adventure/Lurking-Horror-The.zip
Skipping Adventure/Manhunter - New York already exists ./games/Adventure/Manhunter-New-York.zip
Skipping Adventure/Manhunter 2 - San Francisco already exists ./games/Adventure/Manhunter-2-San-Francisco.zip
Skipping Adventure/Maupiti Island already exists ./games/Adventure/Maupiti-Island.zip
Skipping Adventure/Mixed Up Fairy Tales already exists ./games/Adventure/Mixed-Up-Fairy-Tales.zip
Skipping Adventure/Mixed-Up Mother Goose already exists ./games/Adventure/Mixed-Up-Mother-Goose.zip
Skipping Adventure/Mixed-Up Mother Goose VGA already exists ./games/Adventure/Mixed-Up-Mother-Goose-VGA.zip
Skipping Adventure/Murders in Space already exists ./games/Adventure/Murders-in-Space.zip
Skipping Adventure/Murders in Venice already exists ./games/Adventure/Murders-in-Venice.zip
Skipping Adventure/Neuromancer already exists ./games/Adventure/Neuromancer.zip
Skipping Adventure/Nippon Safes, Inc. already exists ./games/Adventure/Nippon-Safes-Inc-.zip
Skipping Adventure/Peppers Adventures in Time already exists ./games/Adventure/Peppers-Adventures-in-Time.zip
Skipping Adventure/Plan 9 from Outer Space already exists ./games/Adventure/Plan-9-from-Outer-Space.zip
Skipping Adventure/Planets Edge already exists ./games/Adventure/Planets-Edge.zip
Skipping Adventure/Police Quest - In Pursuit of the Death Angel already exists ./games/Adventure/Police-Quest-In-Pursuit-of-the-Death-Angel.zip
Skipping Adventure/Project Nomad already exists ./games/Adventure/Project-Nomad.zip
Skipping Adventure/Protostar - War on the Frontier already exists ./games/Adventure/Protostar-War-on-the-Frontier.zip
Skipping Adventure/Quest for Glory - So you want to be a Hero already exists ./games/Adventure/Quest-for-Glory-So-you-want-to-be-a-Hero.zip
Skipping Adventure/Quest for Glory - So You Want To Be A Hero VGA already exists ./games/Adventure/Quest-for-Glory-So-You-Want-To-Be-A-Hero-VGA.zip
Skipping Adventure/Quest for Glory II - Trial by Fire already exists ./games/Adventure/Quest-for-Glory-II-Trial-by-Fire.zip
Skipping Adventure/Quest for Glory III - Wages of War already exists ./games/Adventure/Quest-for-Glory-III-Wages-of-War.zip
Skipping Adventure/Quest for Glory IV - Shadows of Darkness already exists ./games/Adventure/Quest-for-Glory-IV-Shadows-of-Darkness.zip
Skipping Adventure/Questprobe Featuring Human Torch And The Thing (Fantastic Four) already exists ./games/Adventure/Questprobe-Featuring-Human-Torch-And-The-Thing-Fantastic-Four-.zip
Skipping Adventure/Questprobe Featuring Spider-Man already exists ./games/Adventure/Questprobe-Featuring-Spider-Man.zip
Skipping Adventure/Questprobe Featuring The Hulk already exists ./games/Adventure/Questprobe-Featuring-The-Hulk.zip
Skipping Adventure/Return Of The Phantom already exists ./games/Adventure/Return-Of-The-Phantom.zip
Skipping Adventure/Return to Ringworld already exists ./games/Adventure/Return-to-Ringworld.zip
Skipping Adventure/Rex Nebular and the Cosmic Gender-Bender already exists ./games/Adventure/Rex-Nebular-and-the-Cosmic-Gender-Bender.zip
Skipping Adventure/Ringworld - Revenge of the Patriarch already exists ./games/Adventure/Ringworld-Revenge-of-the-Patriarch.zip
Skipping Adventure/Rise of the Dragon already exists ./games/Adventure/Rise-of-the-Dragon.zip
Skipping Adventure/ShadowCaster already exists ./games/Adventure/ShadowCaster.zip
Skipping Adventure/Shadowgate already exists ./games/Adventure/Shadowgate.zip
Skipping Adventure/Shadows of Mordor, The already exists ./games/Adventure/Shadows-of-Mordor-The.zip
Skipping Adventure/Shannara already exists ./games/Adventure/Shannara.zip
Skipping Adventure/Shogun already exists ./games/Adventure/Shogun.zip
Skipping Adventure/Snoopy and Peanuts already exists ./games/Adventure/Snoopy-and-Peanuts.zip
Skipping Adventure/Softporn Adventure already exists ./games/Adventure/Softporn-Adventure.zip
Skipping Adventure/Space Quest - The Sarien Encounter already exists ./games/Adventure/Space-Quest-The-Sarien-Encounter.zip
Skipping Adventure/Spellcasting 101 - Sorcerers get all the Girls already exists ./games/Adventure/Spellcasting-101-Sorcerers-get-all-the-Girls.zip
Skipping Adventure/Spellcasting 201 - The Sorcerers Appliance already exists ./games/Adventure/Spellcasting-201-The-Sorcerers-Appliance.zip
Skipping Adventure/Spellcasting 301 - Spring Break already exists ./games/Adventure/Spellcasting-301-Spring-Break.zip
Skipping Adventure/Star Control II already exists ./games/Adventure/Star-Control-II.zip
Skipping Adventure/Star Trek - 25th Anniversary already exists ./games/Adventure/Star-Trek-25th-Anniversary.zip
Skipping Adventure/Star Trek - Judgment Rites already exists ./games/Adventure/Star-Trek-Judgment-Rites.zip
Skipping Adventure/Star Trek - The Kobayashi Alternative already exists ./games/Adventure/Star-Trek-The-Kobayashi-Alternative.zip
Skipping Adventure/Star Trek - The Next Generation - The Transinium Challenge already exists ./games/Adventure/Star-Trek-The-Next-Generation-The-Transinium-Challenge.zip
Skipping Adventure/Star Trek - The Promethean Prophecy already exists ./games/Adventure/Star-Trek-The-Promethean-Prophecy.zip
Skipping Adventure/Star Trek - The Rebel Universe already exists ./games/Adventure/Star-Trek-The-Rebel-Universe.zip
Skipping Adventure/Superhero League of Hoboken already exists ./games/Adventure/Superhero-League-of-Hoboken.zip
Skipping Adventure/Time Paradox already exists ./games/Adventure/Time-Paradox.zip
Skipping Adventure/Total Eclipse already exists ./games/Adventure/Total-Eclipse.zip
Skipping Adventure/Touche - The Adventures of the 5th Musketeer already exists ./games/Adventure/Touche-The-Adventures-of-the-5th-Musketeer.zip
Skipping Adventure/Uninvited (DOS) already exists ./games/Adventure/Uninvited-DOS-.zip
Skipping Adventure/Uninvited (Windows) already exists ./games/Adventure/Uninvited-Windows-.zip
Skipping Adventure/Universe already exists ./games/Adventure/Universe.zip
Skipping Adventure/Veil of Darkness already exists ./games/Adventure/Veil-of-Darkness.zip
Skipping Adventure/Waynes World already exists ./games/Adventure/Waynes-World.zip
Skipping Adventure/Ween - The Prophecy already exists ./games/Adventure/Ween-The-Prophecy.zip
Skipping Adventure/Where in Europe is Carmen Sandiego already exists ./games/Adventure/Where-in-Europe-is-Carmen-Sandiego.zip
Skipping Adventure/Where in Time is Carmen Sandiego already exists ./games/Adventure/Where-in-Time-is-Carmen-Sandiego.zip
Skipping Adventure/Where Time Stood Still already exists ./games/Adventure/Where-Time-Stood-Still.zip
Skipping Adventure/Wishbringer already exists ./games/Adventure/Wishbringer.zip
Downloading Arcade/4x4 Off-Road Racing to ./games/Arcade/4x4-Off-Road-Racing.zip
Waiting 2 seconds...
Downloading Arcade/Absolute Pinball to ./games/Arcade/Absolute-Pinball.zip
Waiting 4 seconds...
Downloading Arcade/Action Fighter to ./games/Arcade/Action-Fighter.zip
Waiting 4 seconds...
Downloading Arcade/Agent USA to ./games/Arcade/Agent-USA.zip
Waiting 1 seconds...
Downloading Arcade/Alcatraz to ./games/Arcade/Alcatraz.zip
Waiting 3 seconds...
Downloading Arcade/Alien Syndrome to ./games/Arcade/Alien-Syndrome.zip
Waiting 4 seconds...
Downloading Arcade/Alley Cat to ./games/Arcade/Alley-Cat.zip
Waiting 4 seconds...
Downloading Arcade/Altered Beast to ./games/Arcade/Altered-Beast.zip
Waiting 3 seconds...
Downloading Arcade/Amazing Maze to ./games/Arcade/Amazing-Maze.zip
Waiting 4 seconds...
Downloading Arcade/American Gladiators to ./games/Arcade/American-Gladiators.zip
Waiting 4 seconds...
Skipping Arcade/Antarctic Adventure already exists ./games/Arcade/Antarctic-Adventure.zip
Downloading Arcade/Aquaphobia to ./games/Arcade/Aquaphobia.zip
Waiting 1 seconds...
Downloading Arcade/Arcade Volleyball to ./games/Arcade/Arcade-Volleyball.zip
Waiting 1 seconds...
Downloading Arcade/Barbarian to ./games/Arcade/Barbarian.zip
Waiting 5 seconds...
Skipping Arcade/Barbie - A Fun-filled Adventure already exists ./games/Arcade/Barbie-A-Fun-filled-Adventure.zip
Downloading Arcade/Boppin' to ./games/Arcade/Boppin-.zip
Waiting 1 seconds...
Skipping Arcade/Buggy Ranger already exists ./games/Arcade/Buggy-Ranger.zip
Skipping Arcade/Bugs Bunny Hare-Brained Adventure, The already exists ./games/Arcade/Bugs-Bunny-Hare-Brained-Adventure-The.zip
Downloading Arcade/Cabal to ./games/Arcade/Cabal.zip
Waiting 1 seconds...
Downloading Arcade/Carnage to ./games/Arcade/Carnage.zip
Waiting 3 seconds...
Downloading Arcade/Champion of the Raj to ./games/Arcade/Champion-of-the-Raj.zip
Waiting 5 seconds...
Downloading Arcade/Cisco Heat - All American Police Car Race to ./games/Arcade/Cisco-Heat-All-American-Police-Car-Race.zip
Waiting 2 seconds...
Downloading Arcade/Crazy Cars to ./games/Arcade/Crazy-Cars.zip
Waiting 4 seconds...
Downloading Arcade/Crime Wave to ./games/Arcade/Crime-Wave.zip
Waiting 5 seconds...
Downloading Arcade/Deadly Racer to ./games/Arcade/Deadly-Racer.zip
Waiting 3 seconds...
Downloading Arcade/Deer Avenger to ./games/Arcade/Deer-Avenger.zip
Waiting 1 seconds...
Downloading Arcade/Demon Blue to ./games/Arcade/Demon-Blue.zip
Waiting 3 seconds...
Skipping Arcade/Dig Dug already exists ./games/Arcade/Dig-Dug.zip
Skipping Arcade/Digger Remastered already exists ./games/Arcade/Digger-Remastered.zip
Downloading Arcade/Dive Bomber to ./games/Arcade/Dive-Bomber.zip
Waiting 5 seconds...
Skipping Arcade/Donkey already exists ./games/Arcade/Donkey.zip
Skipping Arcade/Donkey Kong already exists ./games/Arcade/Donkey-Kong.zip
Downloading Arcade/Double Dragon to ./games/Arcade/Double-Dragon.zip
Waiting 5 seconds...
Downloading Arcade/Double Dragon II - The Revenge to ./games/Arcade/Double-Dragon-II-The-Revenge.zip
Waiting 2 seconds...
Downloading Arcade/Double Dragon III - The Rosetta Stone to ./games/Arcade/Double-Dragon-III-The-Rosetta-Stone.zip
Waiting 2 seconds...
Downloading Arcade/Double Dribble to ./games/Arcade/Double-Dribble.zip
Waiting 3 seconds...
Downloading Arcade/Dragon's Lair - Escape from Singe's Castle to ./games/Arcade/Dragon-s-Lair-Escape-from-Singe-s-Castle.zip
Waiting 4 seconds...
Skipping Arcade/Dragons - A Challenge in Chivalry already exists ./games/Arcade/Dragons-A-Challenge-in-Chivalry.zip
Downloading Arcade/Eight Ball Deluxe to ./games/Arcade/Eight-Ball-Deluxe.zip
Waiting 1 seconds...
Downloading Arcade/Eojjeonji Joheun Il-i Saenggil Geot Gateun Jeonyeok to ./games/Arcade/Eojjeonji-Joheun-Il-i-Saenggil-Geot-Gateun-Jeonyeok.zip
Waiting 4 seconds...
Downloading Arcade/Eracha to ./games/Arcade/Eracha.zip
Waiting 4 seconds...
Downloading Arcade/F1 World Championship Edition to ./games/Arcade/F1-World-Championship-Edition.zip
Waiting 5 seconds...
Downloading Arcade/Fire and Forget II - The Death Convoy to ./games/Arcade/Fire-and-Forget-II-The-Death-Convoy.zip
Waiting 5 seconds...
Downloading Arcade/Franko - The Crazy Revenge to ./games/Arcade/Franko-The-Crazy-Revenge.zip
Waiting 4 seconds...
Skipping Arcade/Frogger already exists ./games/Arcade/Frogger.zip
Skipping Arcade/Frogger II - Three Deep already exists ./games/Arcade/Frogger-II-Three-Deep.zip
Skipping Arcade/Galaxian already exists ./games/Arcade/Galaxian.zip
Skipping Arcade/Gargoyle Medieval Pack already exists ./games/Arcade/Gargoyle-Medieval-Pack.zip
Downloading Arcade/Ghosts N Goblins to ./games/Arcade/Ghosts-N-Goblins.zip
Waiting 5 seconds...
Downloading Arcade/Goonies, The to ./games/Arcade/Goonies-The.zip
Waiting 2 seconds...
Downloading Arcade/Guy Spy and the Crystals of Armageddon to ./games/Arcade/Guy-Spy-and-the-Crystals-of-Armageddon.zip
Waiting 4 seconds...
Downloading Arcade/Highway Hunter to ./games/Arcade/Highway-Hunter.zip
Waiting 2 seconds...
Downloading Arcade/Horror Zombies from the Crypt to ./games/Arcade/Horror-Zombies-from-the-Crypt.zip
Waiting 1 seconds...
Downloading Arcade/Ignition to ./games/Arcade/Ignition.zip
