Finding categories
Found Action, Adventure, Arcade, Board, Puzzle, Racing, RPG, Simulation, Sports, Strategy, Unsorted
http://www.abandonia.com/en/game/Action
http://www.abandonia.com/en/game/Action?page=1&edit[keys]=return+to+zork&edit[form_id]=search_abandonia_form
http://www.abandonia.com/en/game/Action?page=2&edit[keys]=return+to+zork&edit[form_id]=search_abandonia_form
http://www.abandonia.com/en/game/Action?page=3&edit[keys]=return+to+zork&edit[form_id]=search_abandonia_form
http://www.abandonia.com/en/game/Action?page=4&edit[keys]=return+to+zork&edit[form_id]=search_abandonia_form
http://www.abandonia.com/en/game/Action?page=5&edit[keys]=return+to+zork&edit[form_id]=search_abandonia_form
http://www.abandonia.com/en/game/Action?page=6&edit[keys]=return+to+zork&edit[form_id]=search_abandonia_form
http://www.abandonia.com/en/game/Action?page=7&edit[keys]=return+to+zork&edit[form_id]=search_abandonia_form
http://www.abandonia.com/en/game/Action?page=8&edit[keys]=return+to+zork&edit[form_id]=search_abandonia_form
http://www.abandonia.com/en/game/Action?page=9&edit[keys]=return+to+zork&edit[form_id]=search_abandonia_form
http://www.abandonia.com/en/game/Action?page=10&edit[keys]=return+to+zork&edit[form_id]=search_abandonia_form
http://www.abandonia.com/en/game/Action?page=11&edit[keys]=return+to+zork&edit[form_id]=search_abandonia_form
http://www.abandonia.com/en/game/Adventure
http://www.abandonia.com/en/game/Adventure?page=1
http://www.abandonia.com/en/game/Adventure?page=2
http://www.abandonia.com/en/game/Adventure?page=3
http://www.abandonia.com/en/game/Adventure?page=4
http://www.abandonia.com/en/game/Adventure?page=5
http://www.abandonia.com/en/game/Adventure?page=6
http://www.abandonia.com/en/game/Adventure?page=7
http://www.abandonia.com/en/game/Adventure?page=8
http://www.abandonia.com/en/game/Adventure?page=9
http://www.abandonia.com/en/game/Adventure?page=10
http://www.abandonia.com/en/game/Adventure?page=11
http://www.abandonia.com/en/game/Arcade
http://www.abandonia.com/en/game/Arcade?page=1
http://www.abandonia.com/en/game/Arcade?page=2
http://www.abandonia.com/en/game/Arcade?page=3
http://www.abandonia.com/en/game/Arcade?page=4
http://www.abandonia.com/en/game/Arcade?page=5
http://www.abandonia.com/en/game/Arcade?page=6
http://www.abandonia.com/en/game/Arcade?page=7
http://www.abandonia.com/en/game/Arcade?page=8
http://www.abandonia.com/en/game/Board
http://www.abandonia.com/en/game/Board?page=1
http://www.abandonia.com/en/game/Puzzle
http://www.abandonia.com/en/game/Puzzle?page=1
http://www.abandonia.com/en/game/Puzzle?page=2
http://www.abandonia.com/en/game/Puzzle?page=3
http://www.abandonia.com/en/game/Puzzle?page=4
http://www.abandonia.com/en/game/Racing
http://www.abandonia.com/en/game/Racing?page=1
http://www.abandonia.com/en/game/Racing?page=2
http://www.abandonia.com/en/game/RPG
http://www.abandonia.com/en/game/RPG?page=1
http://www.abandonia.com/en/game/RPG?page=2
http://www.abandonia.com/en/game/RPG?page=3
http://www.abandonia.com/en/game/RPG?page=4
http://www.abandonia.com/en/game/RPG?page=5
http://www.abandonia.com/en/game/Simulation
http://www.abandonia.com/en/game/Simulation?page=1
http://www.abandonia.com/en/game/Simulation?page=2
http://www.abandonia.com/en/game/Simulation?page=3
http://www.abandonia.com/en/game/Simulation?page=4
http://www.abandonia.com/en/game/Simulation?page=5
http://www.abandonia.com/en/game/Sports
http://www.abandonia.com/en/game/Sports?page=1
http://www.abandonia.com/en/game/Sports?page=2
http://www.abandonia.com/en/game/Sports?page=3
http://www.abandonia.com/en/game/Strategy
http://www.abandonia.com/en/game/Strategy?page=1
http://www.abandonia.com/en/game/Strategy?page=2
http://www.abandonia.com/en/game/Strategy?page=3
http://www.abandonia.com/en/game/Strategy?page=4
http://www.abandonia.com/en/game/Strategy?page=5
http://www.abandonia.com/en/game/Strategy?page=6
http://www.abandonia.com/en/game/Strategy?page=7
http://www.abandonia.com/en/game/Strategy?page=8
http://www.abandonia.com/en/game/Unsorted
http://www.abandonia.com/en/game/Unsorted?page=1
http://www.abandonia.com/en/game/Unsorted?page=2
http://www.abandonia.com/en/games/24163/007+-+Licence+to+Kill.html
http://www.abandonia.com/en/games/485/A+Nightmare+On+Elm+Street.html
http://www.abandonia.com/en/games/624/Aaargh%21.html
http://www.abandonia.com/en/games/97/Abuse.html
http://www.abandonia.com/en/games/795/Action+Fighter.html
http://www.abandonia.com/en/games/156/Airborne+Ranger.html
http://www.abandonia.com/en/games/785/Airlift+Rescue.html
http://www.abandonia.com/en/games/27305/Alcatraz.html
http://www.abandonia.com/en/games/425/Alien+Breed.html
Cannot download Alien Breed
http://www.abandonia.com/en/games/203/Alien+Carnage+-+Halloween+Harry.html
http://www.abandonia.com/en/games/852/Alien+Rampage.html
http://www.abandonia.com/en/games/817/Alien+Syndrome.html
http://www.abandonia.com/en/games/610/Alien+Trilogy.html
http://www.abandonia.com/en/games/24/Alley+Cat.html
http://www.abandonia.com/en/games/313/Altered+Beast.html
http://www.abandonia.com/en/games/30/Another+World.html
Cannot download Another World
http://www.abandonia.com/en/games/27235/Aquaphobia.html
http://www.abandonia.com/en/games/696/Armor+Alley.html
http://www.abandonia.com/en/games/640/Ashes+of+Empire.html
http://www.abandonia.com/en/games/486/Assault+Trooper.html
http://www.abandonia.com/en/games/331/Asterix+-+Operation+Getafix.html
http://www.abandonia.com/en/games/821/Baal.html
http://www.abandonia.com/en/games/567/Baby+Jo+in+Going+Home.html
http://www.abandonia.com/en/games/589/Back+to+the+Future+Part+II.html
http://www.abandonia.com/en/games/925/Back+to+the+Future+Part+III.html
http://www.abandonia.com/en/games/3262/Bad+Street+Brawler.html
http://www.abandonia.com/en/games/859/Barbarian.html
http://www.abandonia.com/en/games/647/Barbarian+II+-+Dungeons+of+Drax.html
http://www.abandonia.com/en/games/599/Batman+Forever.html
http://www.abandonia.com/en/games/899/Battle+Wrath.html
http://www.abandonia.com/en/games/26459/Battlezone.html
http://www.abandonia.com/en/games/24561/Bermuda+Syndrome.html
http://www.abandonia.com/en/games/745/Beverly+Hills+Cop.html
http://www.abandonia.com/en/games/56/Blackthorne.html
http://www.abandonia.com/en/games/103/Blood.html
Cannot download Blood
http://www.abandonia.com/en/games/1004/Bram+Stokers+Dracula.html
http://www.abandonia.com/en/games/617/Bruce+Lee.html
http://www.abandonia.com/en/games/959/Cabal.html
http://www.abandonia.com/en/games/76/Cannon+Fodder.html
Cannot download Cannon Fodder
http://www.abandonia.com/en/games/80/Cannon+Fodder+2.html
http://www.abandonia.com/en/games/26398/Captain+Bible+in+the+Dome+of+Darkness.html
http://www.abandonia.com/en/games/390/Castle+Wolfenstein.html
Cannot download Castle Wolfenstein
http://www.abandonia.com/en/games/162/Chaos+Engine%2C+The.html
http://www.abandonia.com/en/games/26182/Chasm+-+The+Rift.html
http://www.abandonia.com/en/games/24484/Cold+Dreams.html
http://www.abandonia.com/en/games/650/Colorado.html
Cannot download Colorado
http://www.abandonia.com/en/games/956/Commander+Keen+6+-+Aliens+Ate+My+Baby+Sitter.html
http://www.abandonia.com/en/games/3522/Corridor+7%3A+Alien+Invasion.html
http://www.abandonia.com/en/games/535/Crime+Wave.html
http://www.abandonia.com/en/games/205/Crusader+-+No+Regret.html
Cannot download Crusader - No Regret
http://www.abandonia.com/en/games/196/Crusader+-+No+Remorse.html
http://www.abandonia.com/en/games/23421/Cyberlaw.html
http://www.abandonia.com/en/games/932/CyberRace.html
http://www.abandonia.com/en/games/801/CyClones.html
http://www.abandonia.com/en/games/27382/D-Generation.html
http://www.abandonia.com/en/games/1017/Dalek+Attack.html
http://www.abandonia.com/en/games/578/Dark+Ages+-+Prince+of+Destiny.html
http://www.abandonia.com/en/games/614/Death+Sword.html
http://www.abandonia.com/en/games/27528/Deer+Avenger.html
http://www.abandonia.com/en/games/582/Demon+Blue.html
http://www.abandonia.com/en/games/266/Descent.html
Cannot download Descent
http://www.abandonia.com/en/games/84/Desert+Strike+-+Return+to+the+Gulf.html
http://www.abandonia.com/en/games/28692/Die+Hard.html
http://www.abandonia.com/en/games/6/Doom+II+-+Hell+on+Earth.html
Cannot download Doom II - Hell on Earth
http://www.abandonia.com/en/games/330/Double+Dragon.html
http://www.abandonia.com/en/games/575/Double+Dragon+II+-+The+Revenge.html
http://www.abandonia.com/en/games/355/Double+Dragon+III+-+The+Rosetta+Stone.html
http://www.abandonia.com/en/games/27258/Dragon+Force+-+The+Day+3.html
http://www.abandonia.com/en/games/24645/Dragon%27s+Lair+-+Escape+from+Singe%27s+Castle.html
http://www.abandonia.com/en/games/242/Duck+Tales+-+The+Quest+for+Gold.html
Cannot download Duck Tales - The Quest for Gold
http://www.abandonia.com/en/games/726/Dylan+Dog+-+The+Murderers.html
http://www.abandonia.com/en/games/440/Earthworm+Jim.html
Cannot download Earthworm Jim
http://www.abandonia.com/en/games/27369/Eojjeonji+Joheun+Il-i+Saenggil+Geot+Gateun+Jeonyeok.html
http://www.abandonia.com/en/games/986/Epic.html
http://www.abandonia.com/en/games/26466/Eracha.html
http://www.abandonia.com/en/games/947/Eye+of+Horus.html
http://www.abandonia.com/en/games/3775/Feud.html
http://www.abandonia.com/en/games/27958/Fiendish+Freddys+Big+Top+O+Fun.html
http://www.abandonia.com/en/games/293/Final+Fighter.html
Cannot download Final Fighter
http://www.abandonia.com/en/games/823/Flashback+%28CD%29.html
http://www.abandonia.com/en/games/74/Flashback+%28DOS%29.html
http://www.abandonia.com/en/games/703/Fox+Ranger.html
http://www.abandonia.com/en/games/25472/Franko+-+The+Crazy+Revenge.html
http://www.abandonia.com/en/games/326/Ghostbusters+II.html
http://www.abandonia.com/en/games/994/Ghosts+N+Goblins.html
http://www.abandonia.com/en/games/867/Gladiator.html
http://www.abandonia.com/en/games/28331/Godfather%2C+The.html
http://www.abandonia.com/en/games/25148/Goonies%2C+The.html
http://www.abandonia.com/en/games/184/Grand+Theft+Auto.html
Cannot download Grand Theft Auto
http://www.abandonia.com/en/games/613/Guy+Spy+and+the+Crystals+of+Armageddon.html
http://www.abandonia.com/en/games/819/Highway+Hunter.html
http://www.abandonia.com/en/games/623/Horror+Zombies+from+the+Crypt.html
http://www.abandonia.com/en/games/997/Hostage+-+Rescue+Mission.html
http://www.abandonia.com/en/games/25146/I.M.+Meen.html
http://www.abandonia.com/en/games/605/Impossible+Mission+II.html
http://www.abandonia.com/en/games/628/In+Search+of+Dr.+Riptide.html
http://www.abandonia.com/en/games/284/Inca.html
http://www.abandonia.com/en/games/803/Indiana+Jones+and+the+Temple+of+Doom.html
http://www.abandonia.com/en/games/24129/Infiltrator.html
http://www.abandonia.com/en/games/574/International+Karate.html
http://www.abandonia.com/en/games/25938/International+Ninja+Rabbits.html
http://www.abandonia.com/en/games/491/Into+The+Eagles+Nest.html
http://www.abandonia.com/en/games/688/Isle+Of+The+Dead.html
http://www.abandonia.com/en/games/625/James+Pond+2+-+Codename+RoboCod.html
http://www.abandonia.com/en/games/294/Jazz+Jackrabbit+2.html
http://www.abandonia.com/en/games/26379/Jazz+Jackrabbit+2+-+The+Secret+Files.html
http://www.abandonia.com/en/games/26648/Jazz+Jackrabbit+Holiday+Hare+1995.html
http://www.abandonia.com/en/games/26426/Jill+of+the+Jungle.html
http://www.abandonia.com/en/games/26436/Jill+of+the+Jungle+-+Jill+Goes+Underground.html
http://www.abandonia.com/en/games/26439/Jill+of+the+Jungle+-+Jill+Saves+the+Prince.html
http://www.abandonia.com/en/games/784/Jim+Power+in+Mutant+Planet.html
http://www.abandonia.com/en/games/963/Jonny+Quest+-+Curse+of+the+Mayan+Warriors.html
http://www.abandonia.com/en/games/328/Jungle+Strike.html
http://www.abandonia.com/en/games/255/Jurassic+Park.html
http://www.abandonia.com/en/games/804/Karateka.html
http://www.abandonia.com/en/games/414/Kens+Labyrinth.html
Cannot download Kens Labyrinth
http://www.abandonia.com/en/games/27348/Krazy+Ivan.html
http://www.abandonia.com/en/games/806/Kwik+Snax.html
http://www.abandonia.com/en/games/25566/Last+Ninja+2%3A+Back+with+a+Vengeance.html
http://www.abandonia.com/en/games/351/Last+Ninja%2C+The.html
http://www.abandonia.com/en/games/800/Le+Fetiche+Maya.html
Cannot download Le Fetiche Maya
http://www.abandonia.com/en/games/8/Lion+King%2C+The.html
http://www.abandonia.com/en/games/1066/Lost+City+of+Atlantis%2C+The.html
http://www.abandonia.com/en/games/12/Lost+Vikings%2C+The.html
http://www.abandonia.com/en/games/27731/Magic+Carpet.html
http://www.abandonia.com/en/games/24624/Marathon+2+-+Durandal.html
http://www.abandonia.com/en/games/710/McDonald+Land.html
http://www.abandonia.com/en/games/346/MDK+-+Murder+Death+Kill.html
Cannot download MDK - Murder Death Kill
http://www.abandonia.com/en/games/471/Mechwarrior.html
http://www.abandonia.com/en/games/27606/Metal+Gear.html
http://www.abandonia.com/en/games/530/Metal+Mutant.html
Cannot download Metal Mutant
http://www.abandonia.com/en/games/456/Montezuma%27s+Return.html
http://www.abandonia.com/en/games/25371/Moonwalker.html
http://www.abandonia.com/en/games/28511/Mortal+Kombat+Trilogy.html
http://www.abandonia.com/en/games/27193/Mouser.html
http://www.abandonia.com/en/games/661/Narco+Police.html
http://www.abandonia.com/en/games/775/Nebulus.html
http://www.abandonia.com/en/games/26808/Nightmare+Creatures.html
http://www.abandonia.com/en/games/25916/Ninja+Rabbits.html
http://www.abandonia.com/en/games/24211/No+Respect.html
http://www.abandonia.com/en/games/262/North+%2526+South.html
http://www.abandonia.com/en/games/280/Operation+Body+Count.html
http://www.abandonia.com/en/games/23457/Overkill.html
http://www.abandonia.com/en/games/805/Paperboy+2.html
http://www.abandonia.com/en/games/996/Planetfall.html
Cannot download Planetfall
http://www.abandonia.com/en/games/577/Platoon.html
http://www.abandonia.com/en/games/1042/Pocahontas.html
http://www.abandonia.com/en/games/799/Popeye+2.html
http://www.abandonia.com/en/games/26029/Powerslave+%28aka+Exhumed%29.html
http://www.abandonia.com/en/games/10/Prince+of+Persia.html
http://www.abandonia.com/en/games/51/Prince+of+Persia+2+-+The+Shadow+%2526+The+Flame.html
http://www.abandonia.com/en/games/609/Prophecy+1+-+The+Viking+Child.html
http://www.abandonia.com/en/games/23946/Punisher%2C+The.html
http://www.abandonia.com/en/games/4729/Pyrotechnica.html
http://www.abandonia.com/en/games/27510/Quatra+Command.html
http://www.abandonia.com/en/games/4831/Radix%3A+Beyond+the+Void.html
http://www.abandonia.com/en/games/664/Raiden.html
http://www.abandonia.com/en/games/556/Rambo+III.html
http://www.abandonia.com/en/games/488/Rampart.html
http://www.abandonia.com/en/games/15/Raptor+-+Call+of+the+Shadows.html
Cannot download Raptor - Call of the Shadows
http://www.abandonia.com/en/games/915/Sand+Storm.html
http://www.abandonia.com/en/games/793/Shadow+Knights.html
http://www.abandonia.com/en/games/27548/Shadow+Man.html
http://www.abandonia.com/en/games/295/Silpheed.html
http://www.abandonia.com/en/games/445/Sinbad+and+the+Throne+of+the+Falcon.html
http://www.abandonia.com/en/games/727/Sky+Shark.html
http://www.abandonia.com/en/games/604/Sleepwalker.html
http://www.abandonia.com/en/games/24459/Slordax+-+The+Unknown+Enemy.html
Cannot download Slordax - The Unknown Enemy
http://www.abandonia.com/en/games/28051/Sonic+CD.html
http://www.abandonia.com/en/games/25109/Special+Forces.html
http://www.abandonia.com/en/games/671/Star+Lord.html
http://www.abandonia.com/en/games/999/Star+Trek+V+-+The+Final+Frontier.html
http://www.abandonia.com/en/games/25183/Star+Wars+-+The+Arcade+Game.html
http://www.abandonia.com/en/games/28795/Starquake.html
http://www.abandonia.com/en/games/28096/Still+Hunt.html
http://www.abandonia.com/en/games/679/Stormlord.html
http://www.abandonia.com/en/games/418/Strife.html
http://www.abandonia.com/en/games/28668/Striker.html
http://www.abandonia.com/en/games/675/Suburban+Commando.html
http://www.abandonia.com/en/games/28348/Super+Street+Fighter+II+Turbo.html
http://www.abandonia.com/en/games/27301/Super+Trio.html
http://www.abandonia.com/en/games/24684/System+Shock.html
http://www.abandonia.com/en/games/26653/Teenage+Mutant+Ninja+Turtles.html
http://www.abandonia.com/en/games/27004/Teenage+Mutant+Ninja+Turtles+-+Manhattan+Missions.html
http://www.abandonia.com/en/games/643/Terminal+Terror.html
http://www.abandonia.com/en/games/27/Terminal+Velocity.html
Cannot download Terminal Velocity
http://www.abandonia.com/en/games/662/Terminator+2+-+Judgment+Day.html
http://www.abandonia.com/en/games/751/Theatre+of+Death.html
http://www.abandonia.com/en/games/23437/Theatre+of+Pain.html
http://www.abandonia.com/en/games/5350/Thexder.html
http://www.abandonia.com/en/games/28672/Titanic.html
http://www.abandonia.com/en/games/667/Tom+%2526+Jerry+Cat-astrophe.html
http://www.abandonia.com/en/games/705/Tom+and+Jerry.html
http://www.abandonia.com/en/games/711/Tough+Guy.html
http://www.abandonia.com/en/games/344/Traffic+Department+2192.html
http://www.abandonia.com/en/games/741/Troddlers.html
http://www.abandonia.com/en/games/644/Tubular+Worlds.html
http://www.abandonia.com/en/games/658/Turok+-+Dinosaur+Hunter.html
http://www.abandonia.com/en/games/26660/Turrican+II+-+The+Final+Fight.html
http://www.abandonia.com/en/games/296/Tyrian+2000.html
http://www.abandonia.com/en/games/28712/Ulises.html
http://www.abandonia.com/en/games/616/Untouchables%2C+The.html
http://www.abandonia.com/en/games/24009/Vigilance+on+Talos+V.html
http://www.abandonia.com/en/games/325/Weird+Dreams.html
http://www.abandonia.com/en/games/938/West+Adventure.html
http://www.abandonia.com/en/games/25156/Whizz.html
http://www.abandonia.com/en/games/26202/Wing+Commander+Academy.html
http://www.abandonia.com/en/games/160/Wings+of+Fury.html
http://www.abandonia.com/en/games/349/Wings+of+Fury+Remake.html
Cannot download Wings of Fury Remake
http://www.abandonia.com/en/games/16/Wolfenstein+3D.html
Cannot download Wolfenstein 3D
http://www.abandonia.com/en/games/5575/Wrath+of+Earth.html
http://www.abandonia.com/en/games/26879/X-Men+-+Madness+in+Murderworld.html
http://www.abandonia.com/en/games/26058/X-Men+2+-+The+Fall+of+the+Mutants.html
http://www.abandonia.com/en/games/706/Xatax.html
http://www.abandonia.com/en/games/23837/Xenocide.html
http://www.abandonia.com/en/games/846/Xenon.html
http://www.abandonia.com/en/games/27094/Xenophage+-+Alien+BloodSport.html
http://www.abandonia.com/en/games/28346/XQuest.html
http://www.abandonia.com/en/games/732/Yogho+Yogho+spel.html
http://www.abandonia.com/en/games/789/Zona+0.html
http://www.abandonia.com/en/games/387/Zone+66.html
http://www.abandonia.com/en/games/652/Zorro.html
http://www.abandonia.com/en/games/257/5+Days+a+Stranger.html
Cannot download 5 Days a Stranger
http://www.abandonia.com/en/games/271/7+Days+a+Skeptic.html
Cannot download 7 Days a Skeptic
http://www.abandonia.com/en/games/388/A+Mind+Forever+Voyaging.html
http://www.abandonia.com/en/games/25360/Abbey+of+Montglane%2C+The.html
http://www.abandonia.com/en/games/672/Acheton.html
http://www.abandonia.com/en/games/225/Adventure.html
http://www.abandonia.com/en/games/1056/Adventure+in+Serenia.html
http://www.abandonia.com/en/games/28390/Adventures+of+Maddog+Williams+in+the+Dungeons+of+Duridian%2C+The.html
Cannot download Adventures of Maddog Williams in the Dungeons of Duridian, The
http://www.abandonia.com/en/games/517/Adventures+of+Robin+Hood%2C+The.html
http://www.abandonia.com/en/games/179/Adventures+of+Willy+Beamish%2C+The.html
http://www.abandonia.com/en/games/842/African+Adventure.html
http://www.abandonia.com/en/games/408/Alice+in+Wonderland.html
http://www.abandonia.com/en/games/460/Alien+Incident.html
http://www.abandonia.com/en/games/627/Alien+Virus.html
http://www.abandonia.com/en/games/91/Alone+in+the+Dark.html
http://www.abandonia.com/en/games/892/Alone+in+the+Dark+2.html
http://www.abandonia.com/en/games/516/Altered+Destiny.html
http://www.abandonia.com/en/games/24752/Amazon.html
http://www.abandonia.com/en/games/555/Amazon+-+Guardians+of+Eden.html
http://www.abandonia.com/en/games/310/Amnesia.html
http://www.abandonia.com/en/games/570/An+American+Tail+-+Fievel+Goes+West.html
http://www.abandonia.com/en/games/654/Armaeth+-+The+Lost+Kingdom.html
http://www.abandonia.com/en/games/598/Arthur+-+The+Quest+for+Excalibur.html
http://www.abandonia.com/en/games/269/B.A.T..html
http://www.abandonia.com/en/games/364/B.A.T.+II+-+The+Koshan+Conspiracy.html
http://www.abandonia.com/en/games/3277/Bargon+Attack.html
http://www.abandonia.com/en/games/919/Batman+-+The+Caped+Crusader.html
http://www.abandonia.com/en/games/58/Beneath+a+Steel+Sky.html
Cannot download Beneath a Steel Sky
http://www.abandonia.com/en/games/584/Beverly+Hillbillies%2C+The.html
http://www.abandonia.com/en/games/810/Big+Red+Adventure%2C+The.html
http://www.abandonia.com/en/games/587/Bill+and+Teds+Excellent+Adventure.html
http://www.abandonia.com/en/games/1030/Bioforge.html
http://www.abandonia.com/en/games/430/Black+Cauldron%2C+The.html
Cannot download Black Cauldron, The
http://www.abandonia.com/en/games/3322/Black+Sect.html
http://www.abandonia.com/en/games/524/Blackstar+-+Agent+of+Justice.html
http://www.abandonia.com/en/games/319/Blue+Force.html
http://www.abandonia.com/en/games/416/Bureau+13.html
Cannot download Bureau 13
http://www.abandonia.com/en/games/730/Cadaver.html
http://www.abandonia.com/en/games/237/Call+of+Cthulhu+-+Shadow+of+the+Comet.html
http://www.abandonia.com/en/games/297/Callahans+Crosstime+Saloon.html
Cannot download Callahans Crosstime Saloon
http://www.abandonia.com/en/games/226/Castle+Adventure.html
http://www.abandonia.com/en/games/27126/Castle+Ralf.html
http://www.abandonia.com/en/games/187/Cirque+de+Zale.html
Cannot download Cirque de Zale
http://www.abandonia.com/en/games/1032/Codename+-+ICEMAN.html
http://www.abandonia.com/en/games/449/Companions+of+Xanth.html
http://www.abandonia.com/en/games/476/Conquests+of+Camelot+-+The+Search+for+the+Grail.html
http://www.abandonia.com/en/games/173/Conquests+of+the+Longbow+-+The+Legend+of+Robin+Hood.html
http://www.abandonia.com/en/games/298/Countdown.html
http://www.abandonia.com/en/games/890/Crime+City.html
http://www.abandonia.com/en/games/558/Crime+Time.html
http://www.abandonia.com/en/games/285/Cruise+for+a+Corpse.html
http://www.abandonia.com/en/games/261/Curse+of+Enchantia.html
http://www.abandonia.com/en/games/595/Dark+Half%2C+The.html
http://www.abandonia.com/en/games/420/Dark+Seed.html
http://www.abandonia.com/en/games/889/Dark+Seed+II.html
http://www.abandonia.com/en/games/352/Daughter+of+Serpents+%28a.k.a.+The+Scroll%29.html
http://www.abandonia.com/en/games/17/Day+of+the+Tentacle.html
Cannot download Day of the Tentacle
http://www.abandonia.com/en/games/525/Death+Gate.html
http://www.abandonia.com/en/games/26662/Deep+Space+Drifter.html
http://www.abandonia.com/en/games/944/Defender+of+Boston+-+The+Rock+Island+Mystery.html
http://www.abandonia.com/en/games/586/Deja+Vu+-+A+Nightmare+Comes+True.html
http://www.abandonia.com/en/games/1002/Denarius+Avaricius+Sextus.html
http://www.abandonia.com/en/games/878/Discworld.html
http://www.abandonia.com/en/games/942/Dragonsphere.html
http://www.abandonia.com/en/games/363/DreamWeb.html
http://www.abandonia.com/en/games/46/Dune.html
http://www.abandonia.com/en/games/25525/Dylan+Dog+-+Through+the+Looking+Glass.html
http://www.abandonia.com/en/games/27927/Eagle+Eye+Mysteries.html
http://www.abandonia.com/en/games/182/EcoQuest+-+The+Search+for+Cetus.html
http://www.abandonia.com/en/games/215/EcoQuest+2+-+Lost+Secret+of+the+Rainforest.html
http://www.abandonia.com/en/games/204/Ecstatica.html
http://www.abandonia.com/en/games/28767/Enchanter.html
http://www.abandonia.com/en/games/322/Enclosure.html
Cannot download Enclosure
http://www.abandonia.com/en/games/192/Eric+the+Unready.html
http://www.abandonia.com/en/games/366/Escape+from+Delirium.html
http://www.abandonia.com/en/games/161/Eternam.html
http://www.abandonia.com/en/games/631/Fable.html
http://www.abandonia.com/en/games/970/Fatty+Bears+Birthday+Surprise.html
http://www.abandonia.com/en/games/918/Fish%21.html
http://www.abandonia.com/en/games/273/Flight+of+the+Amazon+Queen.html
Cannot download Flight of the Amazon Queen
http://www.abandonia.com/en/games/202/Freddy+Pharkas+-+Frontier+Pharmacist.html
http://www.abandonia.com/en/games/274/Future+Wars+-+Time+Travellers.html
http://www.abandonia.com/en/games/540/Gateway+-+Frederik+Pohls.html
Cannot download Gateway - Frederik Pohls
http://www.abandonia.com/en/games/539/Gateway+2+-+Homeworld.html
http://www.abandonia.com/en/games/611/Gene+Machine%2C+The.html
http://www.abandonia.com/en/games/389/Gold+Rush.html
http://www.abandonia.com/en/games/534/Great+Escape%2C+The.html
http://www.abandonia.com/en/games/973/Guild+of+Thieves%2C+The.html
http://www.abandonia.com/en/games/514/Guilty.html
http://www.abandonia.com/en/games/463/Heart+of+China.html
http://www.abandonia.com/en/games/228/Hitchhikers+Guide+to+the+Galaxy%2C+The.html
http://www.abandonia.com/en/games/521/Hook.html
http://www.abandonia.com/en/games/370/Hugo+Triple+Pack.html
Cannot download Hugo Triple Pack
http://www.abandonia.com/en/games/729/Igor+-+Objective+Uikokahonia.html
http://www.abandonia.com/en/games/3/Indiana+Jones+and+the+Fate+of+Atlantis.html
Cannot download Indiana Jones and the Fate of Atlantis
http://www.abandonia.com/en/games/152/Indiana+Jones+and+the+Last+Crusade.html
Cannot download Indiana Jones and the Last Crusade
http://www.abandonia.com/en/games/299/Innocent+Until+Caught.html
http://www.abandonia.com/en/games/409/Inspector+Gadget+-+Global+Terror%21.html
http://www.abandonia.com/en/games/758/Iron+Lord.html
http://www.abandonia.com/en/games/136/It+Came+From+The+Desert.html
Cannot download It Came From The Desert
http://www.abandonia.com/en/games/372/Jack+in+the+Dark.html
http://www.abandonia.com/en/games/533/Jack+The+Ripper.html
http://www.abandonia.com/en/games/992/James+Clavells+Shogun.html
http://www.abandonia.com/en/games/93/KGB+aka+Conspiracy.html
http://www.abandonia.com/en/games/765/King+of+Chicago%2C+The.html
http://www.abandonia.com/en/games/114/Kings+Quest+-+Quest+for+the+Crown.html
Cannot download Kings Quest - Quest for the Crown
http://www.abandonia.com/en/games/168/Kings+Quest+-+Quest+for+the+Crown+VGA.html
Cannot download Kings Quest - Quest for the Crown VGA
http://www.abandonia.com/en/games/169/Kings+Quest+II+-+Romancing+the+Stones+VGA.html
Cannot download Kings Quest II - Romancing the Stones VGA
http://www.abandonia.com/en/games/115/Kings+Quest+II+-+Romancing+the+Throne.html
Cannot download Kings Quest II - Romancing the Throne
http://www.abandonia.com/en/games/116/Kings+Quest+III+-+To+Heir+is+Human.html
Cannot download Kings Quest III - To Heir is Human
http://www.abandonia.com/en/games/117/Kings+Quest+IV+-+The+Perils+of+Rosella.html
Cannot download Kings Quest IV - The Perils of Rosella
http://www.abandonia.com/en/games/118/Kings+Quest+V+-+Absence+Makes+the+Heart+go+Yonder.html
Cannot download Kings Quest V - Absence Makes the Heart go Yonder
http://www.abandonia.com/en/games/119/Kings+Quest+VI+-+Heir+Today%2C+Gone+Tomorrow.html
Cannot download Kings Quest VI - Heir Today, Gone Tomorrow
http://www.abandonia.com/en/games/606/Kronolog+-+The+Nazi+Paradox.html
http://www.abandonia.com/en/games/24521/Last+Half+of+Darkness.html
http://www.abandonia.com/en/games/24222/Last+Half+of+Darkness+II%2C+The.html
Cannot download Last Half of Darkness II, The
http://www.abandonia.com/en/games/25026/Last+Half+of+Darkness+III.html
Cannot download Last Half of Darkness III
http://www.abandonia.com/en/games/26443/Last+Half+of+Darkness+VGA.html
http://www.abandonia.com/en/games/218/Laura+Bow+1+-+The+Colonels+Bequest.html
http://www.abandonia.com/en/games/186/Laura+Bow+2+-+The+Dagger+of+Amon-Ra.html
http://www.abandonia.com/en/games/763/Leather+Goddesses+of+Phobos.html
http://www.abandonia.com/en/games/764/Leather+Goddesses+of+Phobos+2.html
http://www.abandonia.com/en/games/88/Legend+of+Kyrandia+1%2C+The.html
http://www.abandonia.com/en/games/292/Legend+of+Kyrandia+2+-+Hand+of+Fate%2C+The.html
http://www.abandonia.com/en/games/289/Legend+of+Kyrandia+3+-+Malcolms+Revenge%2C+The.html
http://www.abandonia.com/en/games/120/Leisure+Suit+Larry+1+-+in+the+Land+of+the+Lounge+Lizards.html
http://www.abandonia.com/en/games/170/Leisure+Suit+Larry+1+-+in+the+Land+of+the+Lounge+Lizards+VGA.html
Cannot download Leisure Suit Larry 1 - in the Land of the Lounge Lizards VGA
http://www.abandonia.com/en/games/121/Leisure+Suit+Larry+2+-+Goes+Looking+for+Love+%28In+Several+Wrong+Places%29.html
Cannot download Leisure Suit Larry 2 - Goes Looking for Love (In Several Wrong Places)
http://www.abandonia.com/en/games/122/Leisure+Suit+Larry+3+-+Passionate+Patti+in+Pursuit+of+the+Pulsating+Pectorals%21.html
Cannot download Leisure Suit Larry 3 - Passionate Patti in Pursuit of the Pulsating Pectorals!
http://www.abandonia.com/en/games/123/Leisure+Suit+Larry+5+-+Passionate+Patti+Does+a+Little+Undercover+Work%21.html
Cannot download Leisure Suit Larry 5 - Passionate Patti Does a Little Undercover Work!
http://www.abandonia.com/en/games/124/Leisure+Suit+Larry+6+-+Shape+Up+or+Slip+Out%21.html
Cannot download Leisure Suit Larry 6 - Shape Up or Slip Out!
http://www.abandonia.com/en/games/442/Les+Manley+in+-+Lost+in+L.A..html
http://www.abandonia.com/en/games/548/Les+Manley+in+-+Search+for+The+King.html
http://www.abandonia.com/en/games/340/Litil+Divil.html
http://www.abandonia.com/en/games/149/Little+Big+Adventure+-+Twinsens+Adventure.html
http://www.abandonia.com/en/games/21/Loom.html
Cannot download Loom
http://www.abandonia.com/en/games/1003/Lord+Avalot.html
http://www.abandonia.com/en/games/232/Lost+Files+of+Sherlock+Holmes+-+The+Case+of+Serrated+Scalpel%2C+The.html
http://www.abandonia.com/en/games/847/Lost+in+Time.html
http://www.abandonia.com/en/games/83/Lure+of+the+Temptress.html
Cannot download Lure of the Temptress
http://www.abandonia.com/en/games/434/Lurking+Horror%2C+The.html
http://www.abandonia.com/en/games/983/Manhunter+-+New+York.html
http://www.abandonia.com/en/games/4390/Manhunter+2+-+San+Francisco.html
http://www.abandonia.com/en/games/300/Maniac+Mansion+Deluxe.html
Cannot download Maniac Mansion Deluxe
http://www.abandonia.com/en/games/626/Maupiti+Island.html
http://www.abandonia.com/en/games/368/Mixed+Up+Fairy+Tales.html
http://www.abandonia.com/en/games/365/Mixed-Up+Mother+Goose.html
http://www.abandonia.com/en/games/28078/Mixed-Up+Mother+Goose+VGA.html
http://www.abandonia.com/en/games/19/Monkey+Island+-+The+Secret+of+Monkey+Island.html
Cannot download Monkey Island - The Secret of Monkey Island
http://www.abandonia.com/en/games/20/Monkey+Island+2+-+LeChucks+Revenge.html
Cannot download Monkey Island 2 - LeChucks Revenge
http://www.abandonia.com/en/games/28452/Murders+in+Space.html
http://www.abandonia.com/en/games/27416/Murders+in+Venice.html
http://www.abandonia.com/en/games/1041/Neuromancer.html
http://www.abandonia.com/en/games/809/Nippon+Safes%2C+Inc..html
http://www.abandonia.com/en/games/4633/Peppers+Adventures+in+Time.html
http://www.abandonia.com/en/games/678/Personal+Nightmare.html
Cannot download Personal Nightmare
http://www.abandonia.com/en/games/462/Plan+9+from+Outer+Space.html
http://www.abandonia.com/en/games/651/Planets+Edge.html
http://www.abandonia.com/en/games/125/Police+Quest+-+In+Pursuit+of+the+Death+Angel.html
http://www.abandonia.com/en/games/171/Police+Quest+-+In+Pursuit+of+the+Death+Angel+VGA.html
Cannot download Police Quest - In Pursuit of the Death Angel VGA
http://www.abandonia.com/en/games/126/Police+Quest+2+-+The+Vengeance.html
Cannot download Police Quest 2 - The Vengeance
http://www.abandonia.com/en/games/127/Police+Quest+3+-+The+Kindred.html
Cannot download Police Quest 3 - The Kindred
http://www.abandonia.com/en/games/128/Police+Quest+4+-+Open+Season.html
Cannot download Police Quest 4 - Open Season
http://www.abandonia.com/en/games/383/Project+Nomad.html
http://www.abandonia.com/en/games/536/Protostar+-+War+on+the+Frontier.html
http://www.abandonia.com/en/games/979/Quest+for+Glory+-+So+you+want+to+be+a+Hero.html
http://www.abandonia.com/en/games/174/Quest+for+Glory+-+So+You+Want+To+Be+A+Hero+VGA.html
http://www.abandonia.com/en/games/980/Quest+for+Glory+II+-+Trial+by+Fire.html
http://www.abandonia.com/en/games/178/Quest+for+Glory+III+-+Wages+of+War.html
http://www.abandonia.com/en/games/26923/Quest+for+Glory+IV+-+Shadows+of+Darkness.html
http://www.abandonia.com/en/games/24755/Questprobe+Featuring+Human+Torch+And+The+Thing+%28Fantastic+Four%29.html
http://www.abandonia.com/en/games/24666/Questprobe+Featuring+Spider-Man.html
http://www.abandonia.com/en/games/24652/Questprobe+Featuring+The+Hulk.html
http://www.abandonia.com/en/games/882/Return+Of+The+Phantom.html
http://www.abandonia.com/en/games/519/Return+to+Ringworld.html
http://www.abandonia.com/en/games/403/Return+To+Zork.html
Cannot download Return To Zork
http://www.abandonia.com/en/games/1018/Rex+Nebular+and+the+Cosmic+Gender-Bender.html
http://www.abandonia.com/en/games/518/Ringworld+-+Revenge+of+the+Patriarch.html
http://www.abandonia.com/en/games/376/Rise+of+the+Dragon.html
http://www.abandonia.com/en/games/25979/ShadowCaster.html
http://www.abandonia.com/en/games/608/Shadowgate.html
http://www.abandonia.com/en/games/334/Shadows+of+Mordor%2C+The.html
http://www.abandonia.com/en/games/25046/Shannara.html
http://www.abandonia.com/en/games/699/Shogun.html
http://www.abandonia.com/en/games/356/Simon+the+Sorcerer.html
Cannot download Simon the Sorcerer
http://www.abandonia.com/en/games/768/Snoopy+and+Peanuts.html
http://www.abandonia.com/en/games/259/Softporn+Adventure.html
http://www.abandonia.com/en/games/129/Space+Quest+-+The+Sarien+Encounter.html
http://www.abandonia.com/en/games/172/Space+Quest+-+The+Sarien+Encounter+VGA.html
Cannot download Space Quest - The Sarien Encounter VGA
http://www.abandonia.com/en/games/130/Space+Quest+II+-+Vohauls+Revenge.html
Cannot download Space Quest II - Vohauls Revenge
http://www.abandonia.com/en/games/131/Space+Quest+III+-+The+Pirates+of+Pestulon.html
Cannot download Space Quest III - The Pirates of Pestulon
http://www.abandonia.com/en/games/132/Space+Quest+IV+-+Roger+Wilco+and+the+Time+Rippers.html
Cannot download Space Quest IV - Roger Wilco and the Time Rippers
http://www.abandonia.com/en/games/133/Space+Quest+V+-+The+Next+Mutation.html
Cannot download Space Quest V - The Next Mutation
http://www.abandonia.com/en/games/423/Spellcasting+101+-+Sorcerers+get+all+the+Girls.html
http://www.abandonia.com/en/games/733/Spellcasting+201+-+The+Sorcerers+Appliance.html
http://www.abandonia.com/en/games/737/Spellcasting+301+-+Spring+Break.html
http://www.abandonia.com/en/games/144/Star+Control+II.html
http://www.abandonia.com/en/games/100/Star+Trek+-+25th+Anniversary.html
http://www.abandonia.com/en/games/950/Star+Trek+-+Judgment+Rites.html
http://www.abandonia.com/en/games/277/Star+Trek+-+The+Kobayashi+Alternative.html
http://www.abandonia.com/en/games/907/Star+Trek+-+The+Next+Generation+-+The+Transinium+Challenge.html
http://www.abandonia.com/en/games/207/Star+Trek+-+The+Promethean+Prophecy.html
http://www.abandonia.com/en/games/593/Star+Trek+-+The+Rebel+Universe.html
http://www.abandonia.com/en/games/245/Superhero+League+of+Hoboken.html
http://www.abandonia.com/en/games/5323/Teenagent+%28aka+Teen+Agent%29.html
Cannot download Teenagent (aka Teen Agent)
http://www.abandonia.com/en/games/469/Tex+Murphy+1+-+Mean+Streets.html
Cannot download Tex Murphy 1 - Mean Streets
http://www.abandonia.com/en/games/657/Tex+Murphy+2+-+Martian+Memorandum.html
Cannot download Tex Murphy 2 - Martian Memorandum
http://www.abandonia.com/en/games/26110/Time+Paradox.html
http://www.abandonia.com/en/games/1046/Total+Eclipse.html
http://www.abandonia.com/en/games/415/Touche+-+The+Adventures+of+the+5th+Musketeer.html
http://www.abandonia.com/en/games/27153/Uninvited+%28DOS%29.html
http://www.abandonia.com/en/games/27631/Uninvited+%28Windows%29.html
http://www.abandonia.com/en/games/634/Universe.html
http://www.abandonia.com/en/games/301/Veil+of+Darkness.html
http://www.abandonia.com/en/games/689/Waxworks.html
Cannot download Waxworks
http://www.abandonia.com/en/games/602/Waynes+World.html
http://www.abandonia.com/en/games/243/Ween+-+The+Prophecy.html
http://www.abandonia.com/en/games/1059/Where+in+Europe+is+Carmen+Sandiego.html
http://www.abandonia.com/en/games/26108/Where+in+Time+is+Carmen+Sandiego.html
http://www.abandonia.com/en/games/921/Where+Time+Stood+Still.html
http://www.abandonia.com/en/games/451/Wishbringer.html
http://www.abandonia.com/en/games/315/Zak+McKracken+and+the+Alien+Mindbenders.html
Cannot download Zak McKracken and the Alien Mindbenders
http://www.abandonia.com/en/games/342/Zork+I+-+The+Great+Underground+Empire.html
Cannot download Zork I - The Great Underground Empire
http://www.abandonia.com/en/games/343/Zork+II+-+The+Wizard+of+Frobozz.html
Cannot download Zork II - The Wizard of Frobozz
http://www.abandonia.com/en/games/481/Adventures+of+Tintin+-+Prisoners+of+the+Sun%2C+The.html
http://www.abandonia.com/en/games/2/Aladdin.html
Cannot download Aladdin
http://www.abandonia.com/en/games/1031/All+Dogs+Go+To+Heaven.html
http://www.abandonia.com/en/games/542/Amazing+Spider-Man%2C+The.html
http://www.abandonia.com/en/games/28109/Antarctic+Adventure.html
http://www.abandonia.com/en/games/27408/Apple+Panic.html
http://www.abandonia.com/en/games/265/Arkanoid.html
http://www.abandonia.com/en/games/3228/Arkanoid+II+-+Revenge+of+Doh.html
http://www.abandonia.com/en/games/72/Asterix+%2526+Obelix.html
http://www.abandonia.com/en/games/1049/Attack.html
http://www.abandonia.com/en/games/25107/Barbie+-+A+Fun-filled+Adventure.html
http://www.abandonia.com/en/games/808/Barbie+-+Super+Model.html
http://www.abandonia.com/en/games/875/BCs+Quest+for+Tires.html
http://www.abandonia.com/en/games/685/Beethovens+2nd.html
http://www.abandonia.com/en/games/543/Beetlejuice+in+-+Skeletons+in+the+Closet.html
http://www.abandonia.com/en/games/236/Bio+Menace.html
http://www.abandonia.com/en/games/25679/Bionic+Commando.html
http://www.abandonia.com/en/games/163/Blues+Brothers+-+Jukebox+Adventure%2C+The.html
http://www.abandonia.com/en/games/31/Blues+Brothers%2C+The.html
http://www.abandonia.com/en/games/48/Body+Blows.html
Cannot download Body Blows
http://www.abandonia.com/en/games/24108/Boulder+Dash.html
http://www.abandonia.com/en/games/164/Bouncing+Babies.html
http://www.abandonia.com/en/games/281/Brutal+-+Paws+of+Fury.html
http://www.abandonia.com/en/games/282/Brutal+-+Paws+of+Fury+Remix.html
http://www.abandonia.com/en/games/241/Bubble+Bobble.html
http://www.abandonia.com/en/games/23883/Buck+Rogers+-+Planet+of+Zoom.html
http://www.abandonia.com/en/games/24252/Buggy+Ranger.html
http://www.abandonia.com/en/games/24716/Bugs+Bunny+Hare-Brained+Adventure%2C+The.html
http://www.abandonia.com/en/games/210/Bumpys+Arcade+Fantasy.html
http://www.abandonia.com/en/games/742/BurgerTime.html
http://www.abandonia.com/en/games/336/Bust-A-Move.html
http://www.abandonia.com/en/games/857/Captain+Comic+-+The+Adventures+of.html
Cannot download Captain Comic - The Adventures of
http://www.abandonia.com/en/games/861/Captain+Comic+II+-+Fractured+Reality.html
Cannot download Captain Comic II - Fractured Reality
http://www.abandonia.com/en/games/816/Captain+Dynamo.html
http://www.abandonia.com/en/games/398/Castlevania.html
http://www.abandonia.com/en/games/209/CD-Man.html
http://www.abandonia.com/en/games/995/Centipede.html
http://www.abandonia.com/en/games/1033/Congo+Bongo.html
http://www.abandonia.com/en/games/552/Cool+Croc+Twins.html
http://www.abandonia.com/en/games/159/Cool+Spot.html
http://www.abandonia.com/en/games/712/Crossbow+-+The+Legend+of+William+Tell.html
http://www.abandonia.com/en/games/5/Dangerous+Dave.html
http://www.abandonia.com/en/games/674/Deathbringer.html
http://www.abandonia.com/en/games/750/Dig+Dug.html
http://www.abandonia.com/en/games/686/Dig+It.html
http://www.abandonia.com/en/games/4069/Digger+%281983%29.html
http://www.abandonia.com/en/games/24995/Digger+Remastered.html
http://www.abandonia.com/en/games/949/Dino+-+Lost+in+Bedrock.html
http://www.abandonia.com/en/games/303/Dizzy+-+Bubble.html
http://www.abandonia.com/en/games/707/Dizzy+-+Fantasy+World.html
http://www.abandonia.com/en/games/774/Dizzy+-+Fast+Food.html
http://www.abandonia.com/en/games/213/Dizzy+-+Magicland.html
http://www.abandonia.com/en/games/180/Dizzy+-+Prince+of+the+Yolkfolk.html
http://www.abandonia.com/en/games/641/Dizzy+-+The+Fantastic+Adventures+of+Dizzy.html
http://www.abandonia.com/en/games/948/DJ+Puffs+Volcanic+Capers.html
http://www.abandonia.com/en/games/24714/Donkey.html
http://www.abandonia.com/en/games/23963/Donkey+Kong.html
http://www.abandonia.com/en/games/3661/Dragons+-+A+Challenge+in+Chivalry.html
http://www.abandonia.com/en/games/832/DStroy.html
http://www.abandonia.com/en/games/75/Dyna+Blaster.html
http://www.abandonia.com/en/games/1055/Electranoid.html
http://www.abandonia.com/en/games/927/Elf.html
http://www.abandonia.com/en/games/464/First+Samurai%2C+The.html
http://www.abandonia.com/en/games/756/Frogger.html
http://www.abandonia.com/en/games/757/Frogger+II+-+Three+Deep.html
http://www.abandonia.com/en/games/279/Fury+of+the+Furries.html
http://www.abandonia.com/en/games/820/Galaxian.html
http://www.abandonia.com/en/games/28140/Gargoyle+Medieval+Pack.html
http://www.abandonia.com/en/games/321/Gauntlet.html
http://www.abandonia.com/en/games/323/Gauntlet+II.html
http://www.abandonia.com/en/games/695/Geekwad+-+Games+of+the+Galaxy%2C+The.html
http://www.abandonia.com/en/games/24405/Ghostbusters.html
http://www.abandonia.com/en/games/217/God+of+Thunder.html
Cannot download God of Thunder
http://www.abandonia.com/en/games/290/Gods.html
http://www.abandonia.com/en/games/7/Golden+Axe.html
http://www.abandonia.com/en/games/659/Hammer+Boy.html
http://www.abandonia.com/en/games/435/Home+Alone.html
http://www.abandonia.com/en/games/394/Home+Alone+2+-+Lost+In+New+York.html
http://www.abandonia.com/en/games/680/J-Bird.html
http://www.abandonia.com/en/games/222/Jetpack.html
Cannot download Jetpack
http://www.abandonia.com/en/games/583/Joe+and+Mac+-+Caveman+Ninja.html
http://www.abandonia.com/en/games/24267/Joust+CGA.html
http://www.abandonia.com/en/games/4097/Joust+VGA.html
http://www.abandonia.com/en/games/25021/Jungle+Jack.html
http://www.abandonia.com/en/games/754/Knight+Games.html
http://www.abandonia.com/en/games/824/Krustys+Fun+House.html
http://www.abandonia.com/en/games/1019/Legends.html
http://www.abandonia.com/en/games/1029/Livingstone%2C+I+Presume.html
http://www.abandonia.com/en/games/869/Lode+Runner.html
http://www.abandonia.com/en/games/26633/Lollypop.html
http://www.abandonia.com/en/games/432/Magic+Pockets.html
http://www.abandonia.com/en/games/26267/Manhole.html
http://www.abandonia.com/en/games/880/Mario+Brothers+VGA.html
http://www.abandonia.com/en/games/636/Mine+Bombers.html
http://www.abandonia.com/en/games/906/Miner+2049er.html
http://www.abandonia.com/en/games/954/Montezuma%27s+Revenge.html
http://www.abandonia.com/en/games/249/Monty+Pythons+Flying+Circus.html
http://www.abandonia.com/en/games/25143/Monuments+of+Mars.html
http://www.abandonia.com/en/games/54/Mortal+Kombat.html
http://www.abandonia.com/en/games/316/Mortal+Kombat+II.html
http://www.abandonia.com/en/games/886/Ms.+Pac-Man.html
http://www.abandonia.com/en/games/771/Mushroom+Mania.html
http://www.abandonia.com/en/games/633/Ninja.html
http://www.abandonia.com/en/games/474/Ninja+Gaiden+II+-+The+Dark+Sword+of+Chaos.html
http://www.abandonia.com/en/games/25129/Oliver+and+Company.html
http://www.abandonia.com/en/games/94/One+Must+Fall+2097.html
Cannot download One Must Fall 2097
http://www.abandonia.com/en/games/81/Operation+Wolf.html
http://www.abandonia.com/en/games/392/Oscar.html
http://www.abandonia.com/en/games/566/Outer+Ridge.html
http://www.abandonia.com/en/games/24820/OverKill+-+The+Six+Planet+Mega-Blast.html
http://www.abandonia.com/en/games/473/Pac+In+Time.html
http://www.abandonia.com/en/games/885/Pac-Man.html
http://www.abandonia.com/en/games/940/Pacmania.html
http://www.abandonia.com/en/games/252/Pandemonium.html
http://www.abandonia.com/en/games/64/Pang.html
http://www.abandonia.com/en/games/220/Paperboy.html
http://www.abandonia.com/en/games/607/Paratrooper.html
http://www.abandonia.com/en/games/615/PC-Man.html
http://www.abandonia.com/en/games/981/Perestroika.html
http://www.abandonia.com/en/games/854/Pharaoh%27s+Tomb.html
http://www.abandonia.com/en/games/41/Pinball+Dreams.html
Cannot download Pinball Dreams
http://www.abandonia.com/en/games/89/Pinball+Dreams+2.html
Cannot download Pinball Dreams 2
http://www.abandonia.com/en/games/24614/Pit-Fighter.html
http://www.abandonia.com/en/games/879/Popcorn.html
http://www.abandonia.com/en/games/9/Prehistorik.html
http://www.abandonia.com/en/games/4/Prehistorik+2.html
http://www.abandonia.com/en/games/681/Pyramids+of+Egypt.html
http://www.abandonia.com/en/games/779/Qix.html
http://www.abandonia.com/en/games/26385/Quik+The+Thunder+Rabbit.html
http://www.abandonia.com/en/games/645/Rad+Warrior.html
http://www.abandonia.com/en/games/167/Rampage.html
http://www.abandonia.com/en/games/291/Rick+Dangerous+Pack.html
http://www.abandonia.com/en/games/470/Risky+Woods.html
http://www.abandonia.com/en/games/836/Robocop.html
http://www.abandonia.com/en/games/28231/Rockford+-+The+Arcade+Game.html
Cannot download Rockford - The Arcade Game
http://www.abandonia.com/en/games/230/Sango+Fighter.html
Cannot download Sango Fighter
http://www.abandonia.com/en/games/24056/Secret+Agent.html
http://www.abandonia.com/en/games/1016/Seymour+Goes+To+Hollywood.html
http://www.abandonia.com/en/games/565/Silverball.html
http://www.abandonia.com/en/games/493/Simpsons+-+Bart+vs+the+Space+Mutants%2C+The.html
http://www.abandonia.com/en/games/988/Simpsons+-+Barts+House+of+Weirdness%2C+The.html
http://www.abandonia.com/en/games/24336/Skull+%2526+Crossbones.html
http://www.abandonia.com/en/games/353/Smurfs%2C+The.html
http://www.abandonia.com/en/games/1058/Snipes.html
http://www.abandonia.com/en/games/329/Soccer+Kid.html
http://www.abandonia.com/en/games/637/Sopwith.html
http://www.abandonia.com/en/games/572/Space+Invaders.html
http://www.abandonia.com/en/games/25167/Spy+vs+Spy+III+-+Arctic+Antics.html
http://www.abandonia.com/en/games/246/Star+Goose.html
http://www.abandonia.com/en/games/302/Steg+the+Slug.html
http://www.abandonia.com/en/games/27284/Street+Ball.html
http://www.abandonia.com/en/games/829/Street+Fighter.html
http://www.abandonia.com/en/games/244/Street+Fighter+II.html
http://www.abandonia.com/en/games/767/Styx.html
http://www.abandonia.com/en/games/23985/Super+Stardust.html
http://www.abandonia.com/en/games/1007/Tapper.html
http://www.abandonia.com/en/games/24208/Terminator+2+-+The+Arcade+Game.html
http://www.abandonia.com/en/games/975/Tintin+on+the+Moon.html
http://www.abandonia.com/en/games/53/Titus+the+Fox+-+To+Marrakech+and+Back.html
http://www.abandonia.com/en/games/781/Trog.html
http://www.abandonia.com/en/games/380/Trolls.html
http://www.abandonia.com/en/games/23545/Turoid.html
http://www.abandonia.com/en/games/26/Ugh.html
http://www.abandonia.com/en/games/713/Vlak.html
http://www.abandonia.com/en/games/811/Volfied.html
http://www.abandonia.com/en/games/780/Willy+the+Worm.html
http://www.abandonia.com/en/games/1005/Wrath+of+the+Demon.html
http://www.abandonia.com/en/games/715/WWF+European+Rampage+Tour.html
http://www.abandonia.com/en/games/407/WWF+In+Your+House.html
http://www.abandonia.com/en/games/317/WWF+Wrestlemania+-+The+Arcade+Game.html
http://www.abandonia.com/en/games/42/Xenon+2+Megablast.html
http://www.abandonia.com/en/games/791/Zaxxon.html
http://www.abandonia.com/en/games/957/Zeliard.html
http://www.abandonia.com/en/games/61/Zool.html
http://www.abandonia.com/en/games/67/Zool+2.html
http://www.abandonia.com/en/games/748/221+B+Baker+St..html
http://www.abandonia.com/en/games/551/5th+Fleet%2C+The.html
http://www.abandonia.com/en/games/833/8088+Othello.html
http://www.abandonia.com/en/games/359/Advanced+Civilization.html
http://www.abandonia.com/en/games/807/Archon+-+The+Light+and+the+Dark.html
http://www.abandonia.com/en/games/812/Archon+Ultra.html
http://www.abandonia.com/en/games/23320/Backgammon.html
http://www.abandonia.com/en/games/308/Battle+Chess.html
http://www.abandonia.com/en/games/704/Bicycle+Holiday.html
http://www.abandonia.com/en/games/275/Blood+Bowl.html
http://www.abandonia.com/en/games/1043/Bobby+Fischer+Teaches+Chess.html
http://www.abandonia.com/en/games/868/Bush+Buck+-+Global+Treasure+Hunter.html
http://www.abandonia.com/en/games/24466/Christmas+Matchup%21.html
http://www.abandonia.com/en/games/338/Clue+-+Master+Detective.html
http://www.abandonia.com/en/games/24475/Davidic+Matchup.html
http://www.abandonia.com/en/games/968/Dracula+in+London.html
http://www.abandonia.com/en/games/694/Grandmaster+Chess.html
http://www.abandonia.com/en/games/157/Hero+Quest.html
http://www.abandonia.com/en/games/348/Hexxagon.html
http://www.abandonia.com/en/games/984/Hexxagon+2.html
http://www.abandonia.com/en/games/28625/Hoyle+Official+Book+of+Games+-+Volume+1.html
http://www.abandonia.com/en/games/24478/Jesus+Matchup.html
http://www.abandonia.com/en/games/40/Jones+in+the+Fast+Lane.html
http://www.abandonia.com/en/games/286/Kings+Table+-+The+Legend+of+Ragnarok.html
http://www.abandonia.com/en/games/28652/Mah+Jongg+VGA.html
http://www.abandonia.com/en/games/4384/Maker%27s+Matchup.html
http://www.abandonia.com/en/games/24533/Mario%27s+Game+Gallery.html
http://www.abandonia.com/en/games/895/Monopoly+Deluxe.html
http://www.abandonia.com/en/games/4497/Moses+Matchup.html
http://www.abandonia.com/en/games/23328/National+Lampoons+Chess+Maniac+Five+Billion+and+One.html
http://www.abandonia.com/en/games/27663/Ogre.html
http://www.abandonia.com/en/games/484/Risk+-+The+World+Conquest+Game.html
http://www.abandonia.com/en/games/904/Ruckus+Poker.html
http://www.abandonia.com/en/games/1022/Scrabble+-+Deluxe+Edition.html
http://www.abandonia.com/en/games/24091/Spot.html
http://www.abandonia.com/en/games/5205/Star+Wars+Chess.html
http://www.abandonia.com/en/games/188/Stratego.html
http://www.abandonia.com/en/games/24492/Three+Fold.html
http://www.abandonia.com/en/games/683/Trivial+Pursuit+Deluxe.html
http://www.abandonia.com/en/games/937/Ultimate+Cards.html
http://www.abandonia.com/en/games/888/7+Colors.html
http://www.abandonia.com/en/games/952/Agent+USA.html
http://www.abandonia.com/en/games/25594/Alpha+Waves.html
http://www.abandonia.com/en/games/891/Amazing+Maze.html
http://www.abandonia.com/en/games/708/Atomix.html
http://www.abandonia.com/en/games/571/Avish.html
http://www.abandonia.com/en/games/1051/Black+Hole.html
http://www.abandonia.com/en/games/559/Blockout.html
http://www.abandonia.com/en/games/588/Bombuzal.html
http://www.abandonia.com/en/games/3350/Boppin%27.html
http://www.abandonia.com/en/games/943/Brix.html
http://www.abandonia.com/en/games/573/Bubble+Ghost.html
http://www.abandonia.com/en/games/49/Castle+of+Dr.+Brain.html
http://www.abandonia.com/en/games/410/Chip%27s+Challenge.html
http://www.abandonia.com/en/games/594/Classic+Concentration.html
http://www.abandonia.com/en/games/760/Clockwiser.html
http://www.abandonia.com/en/games/1040/Columbus+Discovery.html
http://www.abandonia.com/en/games/877/Contraption+Zack.html
http://www.abandonia.com/en/games/361/Creepers.html
http://www.abandonia.com/en/games/865/Crystal+Maze%2C+The.html
http://www.abandonia.com/en/games/697/Daffy+Duck%2C+PI+-+The+Case+Of+Missing+Letters.html
http://www.abandonia.com/en/games/773/Dedale.html
http://www.abandonia.com/en/games/692/Diamond+Ball+3.html
http://www.abandonia.com/en/games/335/Discovering+America.html
http://www.abandonia.com/en/games/1045/Elements.html
http://www.abandonia.com/en/games/472/Entombed.html
http://www.abandonia.com/en/games/92/Even+More+Incredible+Machine%2C+The.html
Cannot download Even More Incredible Machine, The
http://www.abandonia.com/en/games/761/Family+Feud.html
http://www.abandonia.com/en/games/815/Flagger.html
http://www.abandonia.com/en/games/487/Fool%27s+Errand%2C+The.html
Cannot download Fool's Errand, The
http://www.abandonia.com/en/games/684/Gear+Works.html
http://www.abandonia.com/en/games/834/Gertrudes+Secrets.html
http://www.abandonia.com/en/games/18/Gobliiins.html
Cannot download Gobliiins
http://www.abandonia.com/en/games/50/Gobliins+2+-+The+Prince+Buffoon.html
Cannot download Gobliins 2 - The Prince Buffoon
http://www.abandonia.com/en/games/52/Goblins+3.html
Cannot download Goblins 3
http://www.abandonia.com/en/games/457/Hare+Raising+Havoc.html
Cannot download Hare Raising Havoc
http://www.abandonia.com/en/games/234/Holiday+Lemmings+Pack.html
http://www.abandonia.com/en/games/337/Humans%2C+The.html
http://www.abandonia.com/en/games/395/Incredible+Machine+2%2C+The.html
http://www.abandonia.com/en/games/25/Incredible+Machine%2C+The.html
http://www.abandonia.com/en/games/863/Ishido+-+The+Way+of+Stones.html
http://www.abandonia.com/en/games/224/Island+of+Dr.+Brain%2C+The.html
http://www.abandonia.com/en/games/490/Klax.html
http://www.abandonia.com/en/games/782/Laser+Light.html
http://www.abandonia.com/en/games/37/Lemmings.html
http://www.abandonia.com/en/games/272/Lemmings+2+-+The+Tribes.html
http://www.abandonia.com/en/games/23098/Lemmings+Chronicles%2C+The.html
http://www.abandonia.com/en/games/1064/Locomotion.html
http://www.abandonia.com/en/games/28437/Lost+Mind+of+Dr.+Brain%2C+The.html
http://www.abandonia.com/en/games/731/Mission+UFO+-+A+Solar+System+Odyssey.html
http://www.abandonia.com/en/games/479/Museum+Madness.html
http://www.abandonia.com/en/games/223/Mystery+at+the+Museums.html
http://www.abandonia.com/en/games/384/Oh+no+-+More+Lemmings.html
http://www.abandonia.com/en/games/856/Oils+Well.html
http://www.abandonia.com/en/games/926/One+Step+Beyond.html
http://www.abandonia.com/en/games/786/Origamo.html
http://www.abandonia.com/en/games/630/Pipe+Mania.html
http://www.abandonia.com/en/games/62/Pushover.html
http://www.abandonia.com/en/games/1023/Quadrel.html
http://www.abandonia.com/en/games/25126/Quarky+%2526+Quaysoo%27s+Turbo+Science.html
http://www.abandonia.com/en/games/25858/Rescue+Rover.html
Cannot download Rescue Rover
http://www.abandonia.com/en/games/828/Robot+Odyssey.html
http://www.abandonia.com/en/games/831/Rockys+Boots.html
http://www.abandonia.com/en/games/728/S.C.Out.html
http://www.abandonia.com/en/games/25131/Scooter%27s+Magic+Castle.html
http://www.abandonia.com/en/games/25123/Secret+Island+of+Dr.+Quandary%2C+The.html
http://www.abandonia.com/en/games/25125/Sesame+Street+-+Letter-Go-Round.html
http://www.abandonia.com/en/games/638/Sink+or+Swim.html
http://www.abandonia.com/en/games/700/Sixx.html
http://www.abandonia.com/en/games/682/Snoopy%27s+Game+Club.html
http://www.abandonia.com/en/games/231/Sokoban.html
http://www.abandonia.com/en/games/1065/Star+Trek+-+The+Next+Generation+-+Trivia.html
http://www.abandonia.com/en/games/753/Stone+Age.html
http://www.abandonia.com/en/games/29/Supaplex.html
http://www.abandonia.com/en/games/419/Super+Solvers+-+Challenge+of+the+Ancient+Empires%21.html
http://www.abandonia.com/en/games/1057/Super+Tetris.html
http://www.abandonia.com/en/games/69/Tetris.html
http://www.abandonia.com/en/games/914/Tetris+Classic.html
http://www.abandonia.com/en/games/5341/Tetris+Gold.html
http://www.abandonia.com/en/games/796/Thomas+The+Tank+Engine+and+Friends.html
http://www.abandonia.com/en/games/991/Time+Riders+in+American+History.html
http://www.abandonia.com/en/games/702/Tiny+Skweeks.html
http://www.abandonia.com/en/games/721/Treasure+Trap.html
http://www.abandonia.com/en/games/28720/Trugg.html
http://www.abandonia.com/en/games/1061/Where+in+Americas+Past+is+Carmen+Sandiego.html
http://www.abandonia.com/en/games/431/Where+in+Space+is+Carmen+Sandiego.html
http://www.abandonia.com/en/games/1060/Where+in+the+USA+is+Carmen+Sandiego.html
http://www.abandonia.com/en/games/13/Where+in+the+World+is+Carmen+Sandiego.html
http://www.abandonia.com/en/games/447/Where+in+the+World+is+Carmen+Sandiego+Deluxe.html
Cannot download Where in the World is Carmen Sandiego Deluxe
http://www.abandonia.com/en/games/25901/1000+Miglia.html
http://www.abandonia.com/en/games/827/4x4+Off-Road+Racing.html
http://www.abandonia.com/en/games/569/BC+Racers.html
http://www.abandonia.com/en/games/28047/Carnage.html
http://www.abandonia.com/en/games/28362/Cisco+Heat+-+All+American+Police+Car+Race.html
http://www.abandonia.com/en/games/23218/Crazy+Cars.html
http://www.abandonia.com/en/games/3529/Crazy+Cars+2.html
http://www.abandonia.com/en/games/23257/Crazy+Cars+3.html
http://www.abandonia.com/en/games/648/Deadly+Racer.html
http://www.abandonia.com/en/games/28518/Death+Rally.html
Cannot download Death Rally
http://www.abandonia.com/en/games/933/Deathtrack.html
http://www.abandonia.com/en/games/896/F1+World+Championship+Edition.html
http://www.abandonia.com/en/games/412/Fire+and+Forget+II+-+The+Death+Convoy.html
http://www.abandonia.com/en/games/550/Ford+Simulator+5.html
http://www.abandonia.com/en/games/400/Formula+1+Grand+Prix.html
http://www.abandonia.com/en/games/382/Grand+Prix+500+2.html
http://www.abandonia.com/en/games/1024/Grand+Prix+Circuit.html
http://www.abandonia.com/en/games/107/Ignition.html
http://www.abandonia.com/en/games/897/Indianapolis+500+-+The+Simulation.html
http://www.abandonia.com/en/games/27622/IndyCar+Racing.html
http://www.abandonia.com/en/games/28/Ivan+Iron+Man+Stewarts+Super+Off+Road.html
http://www.abandonia.com/en/games/79/Lamborghini+American+Challenge.html
http://www.abandonia.com/en/games/898/Lombard+RAC+Rally.html
http://www.abandonia.com/en/games/55/Lotus+-+The+Ultimate+Challenge.html
http://www.abandonia.com/en/games/77/Micro+Machines.html
http://www.abandonia.com/en/games/501/Micro+Machines+2+-+Turbo+Tournament.html
http://www.abandonia.com/en/games/87/Nascar+Racing.html
http://www.abandonia.com/en/games/26978/Need+for+Speed%2C+The.html
http://www.abandonia.com/en/games/870/Network+Q+RAC+Rally.html
http://www.abandonia.com/en/games/813/OutRun.html
http://www.abandonia.com/en/games/736/PC+Rally.html
http://www.abandonia.com/en/games/649/Pitstop+II.html
http://www.abandonia.com/en/games/4668/Pole+Position.html
http://www.abandonia.com/en/games/27566/Power+Drift.html
http://www.abandonia.com/en/games/818/Power+Drive.html
http://www.abandonia.com/en/games/146/Quarantine.html
http://www.abandonia.com/en/games/873/Quarantine+II+-+Road+Warrior.html
http://www.abandonia.com/en/games/908/Re-Volt.html
http://www.abandonia.com/en/games/772/Road+Hog.html
http://www.abandonia.com/en/games/63/Skyroads.html
http://www.abandonia.com/en/games/253/SkyRoads+Xmas+Special.html
http://www.abandonia.com/en/games/961/Space+Racer.html
http://www.abandonia.com/en/games/177/Street+Rod.html
http://www.abandonia.com/en/games/34/Street+Rod+2+-+The+Next+Generation.html
http://www.abandonia.com/en/games/934/Stunt+Car+Racer.html
http://www.abandonia.com/en/games/1050/Stunt+Driver.html
http://www.abandonia.com/en/games/73/Stunts.html
http://www.abandonia.com/en/games/480/SuperKarts.html
http://www.abandonia.com/en/games/478/Superspeed+Deluxe.html
http://www.abandonia.com/en/games/385/Test+Drive+-+Triple+Pack.html
http://www.abandonia.com/en/games/1053/Turbo+Cup.html
http://www.abandonia.com/en/games/23579/Vette.html
http://www.abandonia.com/en/games/11/Wacky+Wheels.html
Cannot download Wacky Wheels
http://www.abandonia.com/en/games/693/Abandoned+Places+-+A+Time+for+Heroes.html
http://www.abandonia.com/en/games/333/Al+Qadim+-+The+Genies+Curse.html
http://www.abandonia.com/en/games/428/Albion.html
http://www.abandonia.com/en/games/391/Aleshar+-+World+of+Ice.html
http://www.abandonia.com/en/games/405/Amberstar.html
http://www.abandonia.com/en/games/966/Amulet+Of+Yendor.html
http://www.abandonia.com/en/games/655/Amulets+and+Armor.html
http://www.abandonia.com/en/games/327/Ancient+Domains+of+Mystery.html
Cannot download Ancient Domains of Mystery
http://www.abandonia.com/en/games/254/Ancient+Evil.html
Cannot download Ancient Evil
http://www.abandonia.com/en/games/860/Ancient+Land+of+Ys.html
http://www.abandonia.com/en/games/304/Anvil+of+Dawn.html
http://www.abandonia.com/en/games/492/Autoduel.html
http://www.abandonia.com/en/games/347/Bad+Blood.html
http://www.abandonia.com/en/games/929/Bards+Tale+-+Tales+of+the+Unknown%2C+The.html
http://www.abandonia.com/en/games/930/Bards+Tale+II+-+The+Destiny+Knight%2C+The.html
http://www.abandonia.com/en/games/931/Bards+Tale+III+-+Thief+of+Fate%2C+The.html
http://www.abandonia.com/en/games/86/BattleTech+-+The+Crescent+Hawks+Inception.html
http://www.abandonia.com/en/games/208/Betrayal+at+Krondor.html
Cannot download Betrayal at Krondor
http://www.abandonia.com/en/games/371/Blood+Omen+-+Legacy+Of+Kain.html
http://www.abandonia.com/en/games/201/BloodNet.html
http://www.abandonia.com/en/games/23884/Buck+Rogers+-+Countdown+to+Doomsday.html
http://www.abandonia.com/en/games/23885/Buck+Rogers+-+Matrix+Cubed.html
http://www.abandonia.com/en/games/619/Champions+of+Krynn.html
http://www.abandonia.com/en/games/1026/Conan+-+The+Cimmerian.html
http://www.abandonia.com/en/games/798/Crystals+of+Arborea.html
Cannot download Crystals of Arborea
http://www.abandonia.com/en/games/802/Daemonsgate.html
http://www.abandonia.com/en/games/23899/Dark+Designs+I+-+Grelminars+Staff.html
http://www.abandonia.com/en/games/475/Dark+Heart+Of+Uukrul%2C+The.html
http://www.abandonia.com/en/games/621/Dark+Queen+of+Krynn%2C+The.html
http://www.abandonia.com/en/games/194/Darklands.html
http://www.abandonia.com/en/games/862/DarkSpyre.html
http://www.abandonia.com/en/games/620/Death+Knights+of+Krynn.html
http://www.abandonia.com/en/games/354/Dink+Smallwood.html
Cannot download Dink Smallwood
http://www.abandonia.com/en/games/814/Disciples+of+Steel.html
http://www.abandonia.com/en/games/3668/Dragon+Wars.html
http://www.abandonia.com/en/games/1048/Drakkhen.html
http://www.abandonia.com/en/games/28552/Dungeon+Hack.html
http://www.abandonia.com/en/games/585/Dungeon+Master.html
http://www.abandonia.com/en/games/433/Dungeon+Master+II+-+The+Legend+of+Skullkeep.html
http://www.abandonia.com/en/games/528/Dusk+of+the+Gods.html
http://www.abandonia.com/en/games/195/Elder+Scrolls+-+Arena%2C+The.html
Cannot download Elder Scrolls - Arena, The
http://www.abandonia.com/en/games/27432/Elder+Scrolls+-+Daggerfall%2C+The.html
http://www.abandonia.com/en/games/98/Eye+of+the+Beholder.html
http://www.abandonia.com/en/games/176/Eye+of+the+Beholder+II+-+The+Legend+of+Darkmoon.html
http://www.abandonia.com/en/games/448/Eye+of+the+Beholder+III+-+Assault+on+Myth+Drannor.html
http://www.abandonia.com/en/games/306/Faery+Tale+Adventure+II+-+Halls+of+the+Dead.html
http://www.abandonia.com/en/games/305/Faery+Tale+Adventure%2C+The.html
http://www.abandonia.com/en/games/332/Final+Fantasy+-+Endless+Nova.html
Cannot download Final Fantasy - Endless Nova
http://www.abandonia.com/en/games/858/Forgotten+Realms+-+Unlimited+Adventures.html
http://www.abandonia.com/en/games/1054/Four+Crystals+Of+Trazere%2C+The.html
http://www.abandonia.com/en/games/25726/Heimdall.html
http://www.abandonia.com/en/games/148/Heimdall+2+-+Into+the+Hall+of+Worlds.html
http://www.abandonia.com/en/games/902/Hexx+-+Heresy+of+The+Wizard.html
http://www.abandonia.com/en/games/399/Immortal%2C+The.html
http://www.abandonia.com/en/games/377/Ishar+-+Legend+of+the+Fortress.html
Cannot download Ishar - Legend of the Fortress
http://www.abandonia.com/en/games/417/Ishar+2+-+Messengers+Of+Doom.html
Cannot download Ishar 2 - Messengers Of Doom
http://www.abandonia.com/en/games/251/Ishar+3+-+The+Seven+Gates+of+Infinity.html
Cannot download Ishar 3 - The Seven Gates of Infinity
http://www.abandonia.com/en/games/27777/Keef+the+Thief+-+A+Boy+and+His+Lockpick.html
http://www.abandonia.com/en/games/379/Keys+to+Maramon%2C+The.html
http://www.abandonia.com/en/games/466/Lands+of+Lore+-+The+Throne+of+Chaos.html
http://www.abandonia.com/en/games/468/Legacy+-+Realm+of+Terror%2C+The.html
http://www.abandonia.com/en/games/4293/Legacy+of+the+Ancients.html
http://www.abandonia.com/en/games/665/Legends+of+Valour.html
http://www.abandonia.com/en/games/145/Lord+of+the+Rings+Vol.+I%2C+The.html
http://www.abandonia.com/en/games/1034/Lord+of+the+Rings+Vol.+II+-+The+Two+Towers%2C+The.html
http://www.abandonia.com/en/games/826/Magic+Candle%2C+The.html
http://www.abandonia.com/en/games/660/MegaTraveller+1+-+The+Zhodani+Conspiracy.html
http://www.abandonia.com/en/games/851/MegaTraveller+2+-+Quest+for+the+Ancients.html
http://www.abandonia.com/en/games/499/Menzoberranzan.html
http://www.abandonia.com/en/games/1062/Might+and+Magic+I+-+Secret+of+the+Inner+Sanctum.html
Cannot download Might and Magic I - Secret of the Inner Sanctum
http://www.abandonia.com/en/games/1063/Might+and+Magic+II+-+Gates+to+Another+World.html
Cannot download Might and Magic II - Gates to Another World
http://www.abandonia.com/en/games/1035/Might+and+Magic+III+-+Isles+of+Terra.html
Cannot download Might and Magic III - Isles of Terra
http://www.abandonia.com/en/games/482/Might+and+Magic+IV+and+V+-+World+Of+Xeen.html
Cannot download Might and Magic IV and V - World Of Xeen
http://www.abandonia.com/en/games/894/Mines+of+Titan.html
http://www.abandonia.com/en/games/4476/Moebius+-+The+Orb+of+Celestial+Harmony.html
http://www.abandonia.com/en/games/153/Moonstone+-+A+Hard+Days+Knight.html
http://www.abandonia.com/en/games/724/NetHack.html
Cannot download NetHack
http://www.abandonia.com/en/games/946/Obitus.html
http://www.abandonia.com/en/games/1015/Phantasie+III+-+The+Wrath+of+Nikademus.html
http://www.abandonia.com/en/games/104/Realms+of+Arkania+-+Blade+of+Destiny.html
Cannot download Realms of Arkania - Blade of Destiny
http://www.abandonia.com/en/games/102/Realms+of+Arkania+II+-+Star+Trail.html
Cannot download Realms of Arkania II - Star Trail
http://www.abandonia.com/en/games/26245/Roadwar+2000.html
http://www.abandonia.com/en/games/568/Robinsons+Requiem.html
Cannot download Robinsons Requiem
http://www.abandonia.com/en/games/982/Rogue+-+The+Adventure+Game.html
http://www.abandonia.com/en/games/561/Spirit+of+Excalibur.html
http://www.abandonia.com/en/games/23478/Starflight.html
http://www.abandonia.com/en/games/26345/Starflight+2+-+Trade+Routes+of+the+Cloud+Nebula.html
http://www.abandonia.com/en/games/23547/Summoning%2C+The.html
http://www.abandonia.com/en/games/489/Times+of+Lore.html
http://www.abandonia.com/en/games/26721/Twilight+-+2000.html
http://www.abandonia.com/en/games/381/Ultima+-+Worlds+of+Adventure+2+-+Martian+Dreams.html
http://www.abandonia.com/en/games/25548/Ultima+IV+-+Quest+of+the+Avatar.html
http://www.abandonia.com/en/games/193/Ultima+Underworld+-+The+Stygian+Abyss.html
http://www.abandonia.com/en/games/360/Ultima+Underworld+II+-+Labyrinth+of+Worlds.html
http://www.abandonia.com/en/games/843/Ultima+V+-+Warriors+of+Destiny.html
http://www.abandonia.com/en/games/95/Ultima+VI+-+The+False+Prophet.html
http://www.abandonia.com/en/games/109/Ultima+VII+-+Part+1+-+The+Black+Gate.html
http://www.abandonia.com/en/games/438/Ultima+VII+-+Part+2+-+Serpent+Isle.html
http://www.abandonia.com/en/games/135/Ultima+VIII+-+Pagan.html
http://www.abandonia.com/en/games/564/Vengeance+of+Excalibur.html
http://www.abandonia.com/en/games/27805/Visions+of+Aftermath+-+The+Boomtown.html
http://www.abandonia.com/en/games/28493/WarWizard.html
http://www.abandonia.com/en/games/436/Wasteland.html
http://www.abandonia.com/en/games/532/Whales+Voyage.html
http://www.abandonia.com/en/games/5525/Windwalker+-+A+Tale+From+Moebius.html
http://www.abandonia.com/en/games/28790/Wizardry+I+-+Proving+Grounds+of+the+Mad+Overlord.html
http://www.abandonia.com/en/games/27576/Wizardry+VI+-+Bane+of+the+Cosmic+Forge.html
http://www.abandonia.com/en/games/247/Wizardry+VII+-+Crusaders+of+the+Dark+Savant.html
http://www.abandonia.com/en/games/26216/Wizards+Castle%2C+The.html
http://www.abandonia.com/en/games/27852/Worlds+of+Legend+-+Son+of+the+Empire.html
http://www.abandonia.com/en/games/23970/Worlds+of+Ultima+-+The+Savage+Empire.html
http://www.abandonia.com/en/games/901/1-0+Soccer+Manager.html
http://www.abandonia.com/en/games/446/1869.html
http://www.abandonia.com/en/games/855/A-Train.html
http://www.abandonia.com/en/games/777/A320+Airbus.html
http://www.abandonia.com/en/games/26657/Aces+of+the+Pacific.html
http://www.abandonia.com/en/games/154/Aces+Over+Europe.html
http://www.abandonia.com/en/games/263/Alter+Ego.html
http://www.abandonia.com/en/games/1039/Apollo+18+-+Mission+to+the+Moon.html
http://www.abandonia.com/en/games/27183/Archimedean+Dynasty.html
http://www.abandonia.com/en/games/28585/Armored+Fist.html
http://www.abandonia.com/en/games/358/B-17+Flying+Fortress.html
http://www.abandonia.com/en/games/909/Begin+2+-+A+Tactical+Starship+Simulation.html
http://www.abandonia.com/en/games/597/Big+Game+Fishing.html
http://www.abandonia.com/en/games/913/Black+Monday.html
http://www.abandonia.com/en/games/958/Blue+Max+-+Aces+of+the+Great+War.html
http://www.abandonia.com/en/games/183/Buzz+Aldrins+Race+into+Space.html
http://www.abandonia.com/en/games/141/Caesar+II.html
http://www.abandonia.com/en/games/864/Championship+Manager.html
http://www.abandonia.com/en/games/769/Charlie+Chaplin.html
http://www.abandonia.com/en/games/369/Constructor.html
Cannot download Constructor
http://www.abandonia.com/en/games/603/Das+Boot+-+German+U-Boat+Simulation.html
http://www.abandonia.com/en/games/840/Dawn+Patrol.html
http://www.abandonia.com/en/games/887/Day+of+the+Pharaoh.html
http://www.abandonia.com/en/games/270/Detroit.html
http://www.abandonia.com/en/games/590/Deus.html
Cannot download Deus
http://www.abandonia.com/en/games/147/Dinopark+Tycoon.html
http://www.abandonia.com/en/games/755/Dive+Bomber.html
http://www.abandonia.com/en/games/113/Elite.html
http://www.abandonia.com/en/games/386/Elite+Plus.html
http://www.abandonia.com/en/games/4553/F-117A+Stealth+Fighter+2.0.html
http://www.abandonia.com/en/games/3750/F-19+Stealth+Fighter.html
http://www.abandonia.com/en/games/3751/F29+Retaliator.html
http://www.abandonia.com/en/games/792/Football+Manager+3.html
http://www.abandonia.com/en/games/538/Free+Enterprise.html
http://www.abandonia.com/en/games/709/Frontier+-+First+Encounters.html
http://www.abandonia.com/en/games/912/Grand+Prix+Manager+2.html
http://www.abandonia.com/en/games/200/Great+Naval+Battles+-+North+Atlantic+1939-1943.html
http://www.abandonia.com/en/games/766/Halls+of+Montezuma.html
http://www.abandonia.com/en/games/27689/Harpoon.html
Cannot download Harpoon
http://www.abandonia.com/en/games/969/Harrier+Jump+Jet.html
http://www.abandonia.com/en/games/497/HIND+-+The+Russian+Combat+Helicopter+Simulation.html
http://www.abandonia.com/en/games/24114/Holiday+Island.html
http://www.abandonia.com/en/games/483/Life+and+Death.html
http://www.abandonia.com/en/games/494/Life+and+Death+2+-+The+Brain.html
http://www.abandonia.com/en/games/1020/Lion.html
http://www.abandonia.com/en/games/740/Lost+Dutchman+Mine.html
http://www.abandonia.com/en/games/922/Lost+Patrol%2C+The.html
http://www.abandonia.com/en/games/945/Lost+Tribe%2C+The.html
http://www.abandonia.com/en/games/28703/Lunar+Command.html
http://www.abandonia.com/en/games/324/Machiavelli+the+Prince+%28Merchant+Prince+remake%29.html
http://www.abandonia.com/en/games/520/Mad+TV.html
http://www.abandonia.com/en/games/496/Motor+City.html
http://www.abandonia.com/en/games/920/Ocean+Ranger.html
http://www.abandonia.com/en/games/553/Ocean+Trader.html
http://www.abandonia.com/en/games/455/Oil+Imperium.html
http://www.abandonia.com/en/games/881/On+the+Ball+-+World+Cup+Edition.html
http://www.abandonia.com/en/games/690/Operation+Frog.html
http://www.abandonia.com/en/games/23786/Oregon+Trail%2C+The.html
http://www.abandonia.com/en/games/526/Patrician%2C+The.html
Cannot download Patrician, The
http://www.abandonia.com/en/games/134/Pirates+Gold.html
http://www.abandonia.com/en/games/835/Pirates+of+the+Barbary+Coast.html
http://www.abandonia.com/en/games/746/Pirates%21.html
http://www.abandonia.com/en/games/105/Pizza+Tycoon.html
http://www.abandonia.com/en/games/941/Player+Manager+2.html
http://www.abandonia.com/en/games/108/Ports+of+Call.html
Cannot download Ports of Call
http://www.abandonia.com/en/games/23590/Premier+Manager+3.html
http://www.abandonia.com/en/games/1036/Rags+to+Riches+-+The+Financial+Market+Simulation.html
http://www.abandonia.com/en/games/406/Railroad+Tycoon.html
http://www.abandonia.com/en/games/427/Railroad+Tycoon+Deluxe.html
http://www.abandonia.com/en/games/309/Red+Baron.html
Cannot download Red Baron
http://www.abandonia.com/en/games/4858/Red+Storm+Rising.html
http://www.abandonia.com/en/games/1001/Sea+Rogue.html
http://www.abandonia.com/en/games/260/SEAL+Team.html
http://www.abandonia.com/en/games/318/Seven+Cities+of+Gold.html
http://www.abandonia.com/en/games/579/Shadow+President.html
http://www.abandonia.com/en/games/547/Shuttle.html
http://www.abandonia.com/en/games/28317/Silent+Service.html
http://www.abandonia.com/en/games/24882/Silent+Service+II.html
http://www.abandonia.com/en/games/250/SimAnt+-+The+Electronic+Ant+Colony.html
http://www.abandonia.com/en/games/82/SimCity+2000.html
http://www.abandonia.com/en/games/393/SimCity+Classic.html
http://www.abandonia.com/en/games/185/SimEarth+-+The+Living+Planet.html
http://www.abandonia.com/en/games/45/SimFarm.html
http://www.abandonia.com/en/games/4996/SimLife.html
http://www.abandonia.com/en/games/341/SimTower+-+The+Vertical+Empire.html
http://www.abandonia.com/en/games/25004/Space+Rogue.html
http://www.abandonia.com/en/games/375/Star+Wars+-+X-Wing+Collectors+Edition.html
Cannot download Star Wars - X-Wing Collectors Edition
http://www.abandonia.com/en/games/788/Starglider.html
http://www.abandonia.com/en/games/441/Stickybear+Town+Builder.html
http://www.abandonia.com/en/games/287/Stunt+Island.html
Cannot download Stunt Island
http://www.abandonia.com/en/games/264/Sword+of+the+Samurai.html
http://www.abandonia.com/en/games/752/TFX+-+Tactical+Fighter+eXperiment.html
http://www.abandonia.com/en/games/776/Thunderhawk+AH-73M.html
http://www.abandonia.com/en/games/924/Top+Gun.html
http://www.abandonia.com/en/games/527/Train+-+Escape+to+Normandy%2C+The.html
http://www.abandonia.com/en/games/44/Transport+Tycoon.html
http://www.abandonia.com/en/games/240/Transport+Tycoon+Deluxe.html
http://www.abandonia.com/en/games/734/Ultimate+Domain.html
http://www.abandonia.com/en/games/278/Ultimate+Soccer+Manager+2.html
http://www.abandonia.com/en/games/663/UMS+-+The+Universal+Military+Simulator.html
http://www.abandonia.com/en/games/137/Wing+Commander.html
http://www.abandonia.com/en/games/25373/Wing+Commander+II+-+Vengeance+of+the+Kilrathi.html
http://www.abandonia.com/en/games/531/Wolf.html
http://www.abandonia.com/en/games/698/Yes+Prime+Minister.html
http://www.abandonia.com/en/games/612/Zeppelin+-+Giants+of+the+Sky.html
http://www.abandonia.com/en/games/978/10th+Frame.html
http://www.abandonia.com/en/games/459/3D+World+Boxing.html
http://www.abandonia.com/en/games/39/4-D+Sports+Boxing.html
http://www.abandonia.com/en/games/993/Alex+Higgins+World+Snooker.html
http://www.abandonia.com/en/games/23168/American+Gladiators.html
http://www.abandonia.com/en/games/239/Arcade+Pool.html
Cannot download Arcade Pool
http://www.abandonia.com/en/games/666/Arcade+Volleyball.html
http://www.abandonia.com/en/games/839/Basket+Manager.html
http://www.abandonia.com/en/games/1067/Blades+of+Steel.html
http://www.abandonia.com/en/games/985/Brett+Hull+Hockey+95.html
http://www.abandonia.com/en/games/523/Brutal+Sports+Football.html
http://www.abandonia.com/en/games/1/Budokan+-+The+Martial+Spirit.html
http://www.abandonia.com/en/games/591/Buffalo+Bills+Rodeo+Games.html
http://www.abandonia.com/en/games/677/Bullys+Sporting+Darts.html
http://www.abandonia.com/en/games/580/California+Games.html
http://www.abandonia.com/en/games/158/California+Games+II.html
http://www.abandonia.com/en/games/219/Caveman+Ugh-Lympics.html
http://www.abandonia.com/en/games/3651/Double+Dribble.html
http://www.abandonia.com/en/games/876/Dream+Team+-+3+on+3+Challenge%2C+The.html
http://www.abandonia.com/en/games/744/Empire+Soccer+94.html
http://www.abandonia.com/en/games/965/Euro+Soccer.html
http://www.abandonia.com/en/games/960/European+Championship+1992.html
http://www.abandonia.com/en/games/3752/Face+Off%21.html
http://www.abandonia.com/en/games/951/Five-a-Side+Indoor+Soccer.html
http://www.abandonia.com/en/games/787/Football+Limited.html
http://www.abandonia.com/en/games/546/Fuzzys+World+of+Miniature+Space+Golf.html
http://www.abandonia.com/en/games/66/Games+-+Summer+Challenge%2C+The.html
http://www.abandonia.com/en/games/714/Games+-+Summer+Edition%2C+The.html
http://www.abandonia.com/en/games/78/Games+-+Winter+Challenge%2C+The.html
http://www.abandonia.com/en/games/717/Games+-+Winter+Edition%2C+The.html
http://www.abandonia.com/en/games/722/Games+92+-+Espana%2C+The.html
http://www.abandonia.com/en/games/537/Grand+Monster+Slam.html
http://www.abandonia.com/en/games/850/Great+Courts.html
http://www.abandonia.com/en/games/884/Great+Courts+2.html
http://www.abandonia.com/en/games/1006/Hat+Trick.html
http://www.abandonia.com/en/games/413/International+Tennis+Open.html
http://www.abandonia.com/en/games/676/Jimmy+Whites+Whirlwind+Snooker.html
http://www.abandonia.com/en/games/837/Kick+Off+3.html
http://www.abandonia.com/en/games/515/Kingpin+-+Arcade+Sports+Bowling.html
Cannot download Kingpin - Arcade Sports Bowling
http://www.abandonia.com/en/games/32/Kings+of+the+Beach.html
http://www.abandonia.com/en/games/33/Lakers+vs+Celtics+and+the+NBA+Playoffs.html
http://www.abandonia.com/en/games/25459/Links+386+Pro.html
http://www.abandonia.com/en/games/458/M.U.D.S.+-+Mean+Ugly+Dirty+Sport.html
http://www.abandonia.com/en/games/656/Manager%2C+The.html
http://www.abandonia.com/en/games/238/Manchester+United+-+The+Double.html
http://www.abandonia.com/en/games/68/Michael+Jordan+in+Flight.html
http://www.abandonia.com/en/games/718/Micro+League+Wrestling+2.html
http://www.abandonia.com/en/games/953/MicroProse+Soccer.html
http://www.abandonia.com/en/games/701/Mini+Putt.html
http://www.abandonia.com/en/games/4500/Motocross+%28aka+Suzuki%27s+RM250+Motocross%29.html
http://www.abandonia.com/en/games/28398/NBA+Hang+Time.html
http://www.abandonia.com/en/games/235/NHL+Hockey+94.html
http://www.abandonia.com/en/games/601/Panza+Kick+Boxing.html
http://www.abandonia.com/en/games/1021/PGA+Tour+Golf.html
http://www.abandonia.com/en/games/916/Reach+Out+For+Gold.html
http://www.abandonia.com/en/games/23250/Rich+Taubers+Bass+Champ.html
http://www.abandonia.com/en/games/47/Sensible+Soccer+-+European+Champions+92-93+Edition.html
http://www.abandonia.com/en/games/910/Sensible+World+of+Soccer.html
http://www.abandonia.com/en/games/872/Shufflepuck+Cafe.html
http://www.abandonia.com/en/games/233/Skate+or+Die.html
http://www.abandonia.com/en/games/22/Ski+or+Die.html
http://www.abandonia.com/en/games/24468/SkiFree.html
http://www.abandonia.com/en/games/26248/Speedball.html
http://www.abandonia.com/en/games/592/Speedball+2+-+Brutal+Deluxe.html
http://www.abandonia.com/en/games/976/Striker+95.html
http://www.abandonia.com/en/games/23998/Summer+Games+II.html
http://www.abandonia.com/en/games/900/Super+Ski+III.html
http://www.abandonia.com/en/games/917/Superstar+Indoor+Sports.html
http://www.abandonia.com/en/games/85/Tennis+Cup.html
http://www.abandonia.com/en/games/24409/TKO.html
http://www.abandonia.com/en/games/27494/UEFA+Champions+League.html
http://www.abandonia.com/en/games/838/Ultimate+NFL+Coaches+Club+Football.html
http://www.abandonia.com/en/games/841/VR+Soccer+%2796.html
Cannot download VR Soccer '96
http://www.abandonia.com/en/games/725/Winter+Games.html
http://www.abandonia.com/en/games/770/Winter+Olympics+-+Lillehammer+94.html
http://www.abandonia.com/en/games/670/World+Class+Leader+Board.html
http://www.abandonia.com/en/games/935/World+Class+Rugby.html
http://www.abandonia.com/en/games/853/World+Class+Soccer.html
http://www.abandonia.com/en/games/581/World+Games.html
http://www.abandonia.com/en/games/498/WWF+Wrestlemania.html
http://www.abandonia.com/en/games/357/1830+Railroads+%2526+Robber+Barons.html
http://www.abandonia.com/en/games/26170/7th+Legion.html
http://www.abandonia.com/en/games/27116/Alien+Legacy.html
http://www.abandonia.com/en/games/404/Ancient+Art+of+War.html
http://www.abandonia.com/en/games/221/Ascendancy.html
Cannot download Ascendancy
http://www.abandonia.com/en/games/24370/Balance+of+Power+1990.html
http://www.abandonia.com/en/games/622/Baldies.html
http://www.abandonia.com/en/games/502/Bandit+Kings+of+Ancient+China.html
http://www.abandonia.com/en/games/43/Battle+Bugs.html
http://www.abandonia.com/en/games/268/Battle+Isle.html
http://www.abandonia.com/en/games/452/Battle+Isle+2.html
http://www.abandonia.com/en/games/25833/Battle+Isle+2+Scenery+CD+-+Titan%27s+Legacy.html
http://www.abandonia.com/en/games/362/Battle+Isle+93+-+The+Moon+of+Chromos.html
http://www.abandonia.com/en/games/26685/Battle+on+the+Black+Sea%2C+The.html
http://www.abandonia.com/en/games/977/BattleTech+-+The+Crescent+Hawks+Revenge.html
http://www.abandonia.com/en/games/28817/Blood+and+Magic.html
http://www.abandonia.com/en/games/450/Burntime.html
http://www.abandonia.com/en/games/738/Caesar.html
http://www.abandonia.com/en/games/267/Campaign.html
http://www.abandonia.com/en/games/596/Cardinal+of+the+Kremlin%2C+The.html
http://www.abandonia.com/en/games/1027/Carrier+Command.html
http://www.abandonia.com/en/games/402/Castles.html
Cannot download Castles
http://www.abandonia.com/en/games/190/Castles+II+-+Siege+and+Conquest.html
Cannot download Castles II - Siege and Conquest
http://www.abandonia.com/en/games/367/Celtic+Tales+-+Balor+of+the+Evil+Eye.html
http://www.abandonia.com/en/games/28425/Central+Intelligence.html
http://www.abandonia.com/en/games/23/Centurion+-+Defender+of+Rome.html
http://www.abandonia.com/en/games/576/Champion+of+the+Raj.html
http://www.abandonia.com/en/games/339/Chaos+Overlords.html
http://www.abandonia.com/en/games/544/Civil+War%2C+The.html
http://www.abandonia.com/en/games/14/Civilization.html
http://www.abandonia.com/en/games/99/Civilization+II.html
Cannot download Civilization II
http://www.abandonia.com/en/games/401/Clou+2+-+The+Sting%21%2C+The.html
Cannot download Clou 2 - The Sting!, The
http://www.abandonia.com/en/games/429/Clue%21%2C+The.html
http://www.abandonia.com/en/games/59/Colonization.html
http://www.abandonia.com/en/games/378/Command+%2526+Conquer.html
http://www.abandonia.com/en/games/26723/Command+H.Q..html
http://www.abandonia.com/en/games/24764/Conflict+-+Middle+East+Political+Simulator.html
http://www.abandonia.com/en/games/139/Covert+Action.html
http://www.abandonia.com/en/games/25660/Crisis+in+the+Kremlin.html
http://www.abandonia.com/en/games/206/Cyber+Empires.html
http://www.abandonia.com/en/games/1000/D-Day+-+The+Beginning+of+the+End.html
http://www.abandonia.com/en/games/3579/Dark+Legions.html
http://www.abandonia.com/en/games/522/Deadline.html
http://www.abandonia.com/en/games/27399/Decisive+Battles+of+the+American+Civil+War.html
http://www.abandonia.com/en/games/142/Defender+of+the+Crown.html
Cannot download Defender of the Crown
http://www.abandonia.com/en/games/23286/Diggers.html
http://www.abandonia.com/en/games/23844/Diggers+2+-+Extractors.html
http://www.abandonia.com/en/games/747/Dominus.html
http://www.abandonia.com/en/games/27329/Dune+2000.html
http://www.abandonia.com/en/games/36/Dune+II+-+The+Building+of+a+Dynasty.html
http://www.abandonia.com/en/games/28165/Empire+-+Wargame+of+the+Century.html
http://www.abandonia.com/en/games/545/Empire+Deluxe.html
http://www.abandonia.com/en/games/990/Empire+II+-+The+Art+of+War.html
http://www.abandonia.com/en/games/825/Fantasy+Empires.html
http://www.abandonia.com/en/games/345/Fantasy+General.html
http://www.abandonia.com/en/games/106/Fields+of+Glory.html
http://www.abandonia.com/en/games/830/Final+Frontier.html
http://www.abandonia.com/en/games/140/Floor+13.html
http://www.abandonia.com/en/games/24546/Fragile+Allegiance.html
http://www.abandonia.com/en/games/500/Front+Lines.html
http://www.abandonia.com/en/games/503/Gemfire.html
http://www.abandonia.com/en/games/504/Genghis+Khan.html
http://www.abandonia.com/en/games/505/Genghis+Khan+II+-+Clan+of+the+Gray+Wolf.html
http://www.abandonia.com/en/games/26688/Global+Domination.html
http://www.abandonia.com/en/games/972/Gloriana.html
http://www.abandonia.com/en/games/874/Gold+of+the+Americas+-+The+Conquest+of+the+New+World.html
http://www.abandonia.com/en/games/437/Hammer+of+the+Gods.html
http://www.abandonia.com/en/games/762/Hannibal.html
http://www.abandonia.com/en/games/735/Heirs+to+the+Throne.html
http://www.abandonia.com/en/games/191/Heroes+of+Might+and+Magic+%28DOS%29.html
Cannot download Heroes of Might and Magic (DOS)
http://www.abandonia.com/en/games/797/Heroes+of+Might+and+Magic+%28Windows%29.html
Cannot download Heroes of Might and Magic (Windows)
http://www.abandonia.com/en/games/138/Hidden+Agenda.html
http://www.abandonia.com/en/games/214/High+Seas+Trader.html
http://www.abandonia.com/en/games/24938/History+Line+1914-1918+%28aka+The+Great+War+1914-1918%29.html
http://www.abandonia.com/en/games/454/Horde%2C+The.html
http://www.abandonia.com/en/games/26747/Imperialism.html
http://www.abandonia.com/en/games/27642/Incubation+-+Time+is+Running+Out.html
http://www.abandonia.com/en/games/23201/Iron+Cross.html
http://www.abandonia.com/en/games/212/Jagged+Alliance.html
Cannot download Jagged Alliance
http://www.abandonia.com/en/games/71/Jagged+Alliance+-+Deadly+Games.html
Cannot download Jagged Alliance - Deadly Games
http://www.abandonia.com/en/games/27890/Jurassic+War.html
http://www.abandonia.com/en/games/439/Kingdom+At+War.html
http://www.abandonia.com/en/games/151/Kings+Bounty.html
http://www.abandonia.com/en/games/506/L%27Empereur.html
http://www.abandonia.com/en/games/632/Laser+Squad.html
http://www.abandonia.com/en/games/507/Liberty+or+Death.html
http://www.abandonia.com/en/games/549/Lords+of+the+Realm.html
Cannot download Lords of the Realm
http://www.abandonia.com/en/games/759/Lost+Admiral%2C+The.html
http://www.abandonia.com/en/games/964/M.A.X.+-+Mechanized+Assault+and+Exploration.html
Cannot download M.A.X. - Mechanized Assault and Exploration
http://www.abandonia.com/en/games/541/Maelstrom.html
http://www.abandonia.com/en/games/26088/Magic+%2526+Mayhem.html
Cannot download Magic & Mayhem
http://www.abandonia.com/en/games/189/Master+of+Magic.html
Cannot download Master of Magic
http://www.abandonia.com/en/games/101/Master+of+Orion.html
Cannot download Master of Orion
http://www.abandonia.com/en/games/155/Mega+Lo+Mania.html
http://www.abandonia.com/en/games/871/Millenium+-+Return+to+Earth.html
http://www.abandonia.com/en/games/24489/Moonbase.html
http://www.abandonia.com/en/games/962/Nectaris.html
http://www.abandonia.com/en/games/216/NetStorm+-+Islands+at+War.html
http://www.abandonia.com/en/games/845/Night+Raid.html
http://www.abandonia.com/en/games/508/Nobunaga%27s+Ambition.html
http://www.abandonia.com/en/games/509/Nobunaga%27s+Ambition+II.html
http://www.abandonia.com/en/games/923/Offensive.html
http://www.abandonia.com/en/games/510/Operation+Europe+-+Path+to+Victory+1939-45.html
http://www.abandonia.com/en/games/25212/Pacific+General.html
http://www.abandonia.com/en/games/258/Panzer+General.html
http://www.abandonia.com/en/games/27995/Perfect+General+II.html
http://www.abandonia.com/en/games/905/Pilgrim+Quest.html
http://www.abandonia.com/en/games/465/Populous.html
http://www.abandonia.com/en/games/443/Populous+II+-+Trials+of+the+Olympian+Gods.html
http://www.abandonia.com/en/games/669/Power+Dolls.html
http://www.abandonia.com/en/games/444/Powermonger.html
http://www.abandonia.com/en/games/618/Realms.html
http://www.abandonia.com/en/games/150/Reunion.html
http://www.abandonia.com/en/games/211/Riders+of+Rohan.html
http://www.abandonia.com/en/games/227/Rockstar.html
http://www.abandonia.com/en/games/512/Romance+of+the+Three+Kingdoms.html
http://www.abandonia.com/en/games/511/Romance+of+the+Three+Kingdoms+II.html
http://www.abandonia.com/en/games/320/Romance+of+The+Three+Kingdoms+III+-+Dragon+of+Destiny.html
http://www.abandonia.com/en/games/749/Rules+of+Engagement.html
http://www.abandonia.com/en/games/229/Sabre+Team.html
http://www.abandonia.com/en/games/70/Scorched+Earth.html
http://www.abandonia.com/en/games/57/Settlers+II%2C+The+-+Gold+Edition.html
Cannot download Settlers II, The - Gold Edition
http://www.abandonia.com/en/games/288/Settlers%2C+The.html
http://www.abandonia.com/en/games/928/Space+Crusade.html
http://www.abandonia.com/en/games/421/Space+Hulk.html
http://www.abandonia.com/en/games/5066/SpellCraft+-+Aspects+of+Valor.html
http://www.abandonia.com/en/games/143/Star+Control.html
http://www.abandonia.com/en/games/822/Star+Control+3.html
http://www.abandonia.com/en/games/557/Star+Legions.html
http://www.abandonia.com/en/games/936/Star+Reach.html
http://www.abandonia.com/en/games/24629/Starlord.html
http://www.abandonia.com/en/games/27002/Stars%21.html
http://www.abandonia.com/en/games/350/Steel+Panthers.html
http://www.abandonia.com/en/games/27462/Steel+Panthers+II+-+Modern+Battles.html
http://www.abandonia.com/en/games/27765/Steel+Panthers+III+-+Brigade+Command+%281939-1999%29.html
http://www.abandonia.com/en/games/426/Storm+Master.html
Cannot download Storm Master
http://www.abandonia.com/en/games/642/Stronghold.html
http://www.abandonia.com/en/games/283/Supremacy+-+Your+Will+Be+Done.html
http://www.abandonia.com/en/games/90/Syndicate.html
http://www.abandonia.com/en/games/374/Syndicate+Wars.html
Cannot download Syndicate Wars
http://www.abandonia.com/en/games/4753/Theme+Park.html
http://www.abandonia.com/en/games/477/Traders+-+The+Intergalactic+Trading+Game.html
http://www.abandonia.com/en/games/635/Transarctica.html
Cannot download Transarctica
http://www.abandonia.com/en/games/96/UFO+2000.html
Cannot download UFO 2000
http://www.abandonia.com/en/games/668/UMS+II+-+Nations+at+War.html
http://www.abandonia.com/en/games/513/Uncharted+Waters.html
http://www.abandonia.com/en/games/276/Uncharted+Waters+2+-+New+Horizons.html
http://www.abandonia.com/en/games/314/Utopia+-+The+Creation+of+a+Nation.html
http://www.abandonia.com/en/games/646/V+for+Victory.html
http://www.abandonia.com/en/games/844/Walls+of+Rome.html
http://www.abandonia.com/en/games/24066/War+Diary.html
http://www.abandonia.com/en/games/27538/War+Wind.html
http://www.abandonia.com/en/games/422/Warcraft+-+Orcs+and+Humans.html
http://www.abandonia.com/en/games/26140/Warhammer+-+Shadow+of+the+Horned+Rat.html
http://www.abandonia.com/en/games/24976/Warlords.html
http://www.abandonia.com/en/games/554/Warlords+II.html
Cannot download Warlords II
http://www.abandonia.com/en/games/903/World+at+War+-+D-Day+America+Invades.html
http://www.abandonia.com/en/games/848/World+at+War+-+Stalingrad.html
http://www.abandonia.com/en/games/38/X-Com+1+-+UFO+-+Enemy+Unknown.html
Cannot download X-Com 1 - UFO - Enemy Unknown
http://www.abandonia.com/en/games/60/X-Com+2+-+Terror+From+The+Deep.html
Cannot download X-Com 2 - Terror From The Deep
http://www.abandonia.com/en/games/307/X-Com+3+-+Apocalypse.html
Cannot download X-Com 3 - Apocalypse
http://www.abandonia.com/en/games/967/Absolute+Pinball.html
http://www.abandonia.com/en/games/27111/Adventures+in+Math.html
http://www.abandonia.com/en/games/25142/Animal+Math.html
http://www.abandonia.com/en/games/27106/Astronomy+Quiz%2C+The.html
http://www.abandonia.com/en/games/1037/Chadwick+and+the+Sneaky+Egg+Thief.html
http://www.abandonia.com/en/games/939/Dinosaur+Safari.html
http://www.abandonia.com/en/games/743/Donald+Ducks+Playground.html
http://www.abandonia.com/en/games/866/Eight+Ball+Deluxe.html
http://www.abandonia.com/en/games/311/Head+over+Heels.html
Cannot download Head over Heels
http://www.abandonia.com/en/games/28645/Hoyle+Official+Book+of+Games+-+Volume+2.html
http://www.abandonia.com/en/games/27568/ImagiNation+Network%2C+The.html
Cannot download ImagiNation Network, The
http://www.abandonia.com/en/games/27100/Learn+to+Add.html
http://www.abandonia.com/en/games/691/Little+People+Farm.html
http://www.abandonia.com/en/games/723/Little+People+Main+Street.html
http://www.abandonia.com/en/games/987/Mario+Teaches+Typing.html
http://www.abandonia.com/en/games/24486/Nickelodeon+Directors+Lab.html
http://www.abandonia.com/en/games/6484/Objection%21.html
Cannot download Objection!
http://www.abandonia.com/en/games/312/Odentodo.html
http://www.abandonia.com/en/games/25119/Peter+Pan+-+A+Story+Painting+Adventure.html
http://www.abandonia.com/en/games/911/Peter+Pan+and+Robin+Hood+Fairy+Tale+Factory.html
http://www.abandonia.com/en/games/424/Pinball+Fantasies.html
Cannot download Pinball Fantasies
http://www.abandonia.com/en/games/495/Pinball+Illusions.html
Cannot download Pinball Illusions
http://www.abandonia.com/en/games/794/Pinball+World.html
http://www.abandonia.com/en/games/25139/Ping+%2526+Kooky%27s+Cuckoo+Zoo.html
http://www.abandonia.com/en/games/411/Playroom%2C+The.html
http://www.abandonia.com/en/games/181/Princess+Maker+2.html
http://www.abandonia.com/en/games/1038/Psycho+Pinball.html
http://www.abandonia.com/en/games/639/Race+the+Nags.html
http://www.abandonia.com/en/games/25137/School+Bus+Driver.html
http://www.abandonia.com/en/games/1014/Silverball+1995.html
http://www.abandonia.com/en/games/719/Super+Nibbly.html
http://www.abandonia.com/en/games/1008/Super+Solvers+-+Midnight+Rescue.html
http://www.abandonia.com/en/games/1013/Super+Solvers+-+Operation+Neptune.html
http://www.abandonia.com/en/games/1009/Super+Solvers+-+OutNumbered%21.html
http://www.abandonia.com/en/games/1012/Super+Solvers+-+Treasure+Cove.html
Cannot download Super Solvers - Treasure Cove
http://www.abandonia.com/en/games/1011/Super+Solvers+-+Treasure+MathStorm.html
http://www.abandonia.com/en/games/1010/Super+Solvers+-+Treasure+Mountain.html
Cannot download Super Solvers - Treasure Mountain
http://www.abandonia.com/en/games/1044/Tristan+Pinball.html
http://www.abandonia.com/en/games/26766/Trivia+Whiz.html
http://www.abandonia.com/en/games/955/Wacky+Funsters%21+The+Geekwads+Guide+To+Gaming.html
http://www.abandonia.com/en/games/1028/Wild+Science+Arcade%2C+The.html
http://www.abandonia.com/en/games/26908/Word+Whiz.html
http://www.abandonia.com/en/games/1047/Xixit.html
Saved to ./indexes/index_20110228005550.json
